This file contains any messages produced by compilers while
running configure, to aid debugging if configure makes a mistake.

It was created by configure, which was
generated by GNU Autoconf 2.68.  Invocation command line was

  $ ./configure --target=mips-rlx5281-linux --host=mips-rlx5281-linux --build=x86_64-linux-gnu --program-prefix= --program-suffix= --prefix=/usr --exec-prefix=/usr --bindir=/usr/bin --sbindir=/usr/sbin --libexecdir=/usr/lib --sysconfdir=/etc --datadir=/usr/share --localstatedir=/var --mandir=/usr/man --infodir=/usr/info --disable-nls --disable-ipv6 --with-mp4v2 --without-xmms

## --------- ##
## Platform. ##
## --------- ##

hostname = ubuntu
uname -m = x86_64
uname -r = 4.15.0-208-generic
uname -s = Linux
uname -v = #220-Ubuntu SMP Mon Mar 20 14:27:01 UTC 2023

/usr/bin/uname -p = unknown
/bin/uname -X     = unknown

/bin/arch              = unknown
/usr/bin/arch -k       = unknown
/usr/convex/getsysinfo = unknown
/usr/bin/hostinfo      = unknown
/bin/machine           = unknown
/usr/bin/oslevel       = unknown
/bin/universe          = unknown

PATH: /home/svm/openwrt_rtk/rtk_openwrt_sdk/staging_dir/target-mips-rlx5281-linux/host/bin
PATH: /home/svm/openwrt_rtk/rtk_openwrt_sdk/staging_dir/toolchain-mips-rlx5281-linux/bin
PATH: /home/svm/openwrt_rtk/rtk_openwrt_sdk/staging_dir/rsdk-4.6.4-5281-EB-3.10-0.9.33-m32ub-20141001//bin
PATH: /home/svm/openwrt_rtk/rtk_openwrt_sdk/staging_dir/host/bin
PATH: /home/svm/openwrt_rtk/rtk_openwrt_sdk/staging_dir/toolchain-mips-rlx5281-linux/bin
PATH: /home/svm/openwrt_rtk/rtk_openwrt_sdk/staging_dir/rsdk-4.6.4-5281-EB-3.10-0.9.33-m32ub-20141001//bin
PATH: /home/svm/openwrt_rtk/rtk_openwrt_sdk/staging_dir/host/bin
PATH: /usr/local/sbin
PATH: /usr/local/bin
PATH: /usr/sbin
PATH: /usr/bin
PATH: /sbin
PATH: /bin
PATH: /usr/games
PATH: /usr/local/games
PATH: /snap/bin


## ----------- ##
## Core tests. ##
## ----------- ##

configure:2277: loading site script /home/svm/openwrt_rtk/rtk_openwrt_sdk/include/site/mips-rlx5281-linux
| #!/bin/sh
| 
| . $TOPDIR/include/site/mips-linux
| . $TOPDIR/include/site/linux-uclibc
| 
configure:2418: checking for a BSD-compatible install
configure:2486: result: /usr/bin/install -c
configure:2497: checking whether build environment is sane
configure:2547: result: yes
configure:2596: checking for mips-rlx5281-linux-strip
configure:2623: result: rsdk-linux-strip
configure:2688: checking for a thread-safe mkdir -p
configure:2727: result: /bin/mkdir -p
configure:2740: checking for gawk
configure:2756: found /usr/bin/gawk
configure:2767: result: gawk
configure:2778: checking whether make sets $(MAKE)
configure:2800: result: yes
configure:2910: checking build system type
configure:2924: result: x86_64-pc-linux-gnu
configure:2944: checking host system type
configure:2957: result: mips-rlx5281-linux-gnu
configure:2998: checking how to print strings
configure:3025: result: printf
configure:3058: checking for style of include used by make
configure:3086: result: GNU
configure:3117: checking for mips-rlx5281-linux-gcc
configure:3144: result: rsdk-linux-gcc
configure:3413: checking for C compiler version
configure:3422: rsdk-linux-gcc --version >&5
mips-linux-xgcc (Realtek RSDK-4.6.4 Build 2002) 4.6.4
Copyright (C) 2011 Free Software Foundation, Inc.
This is free software; see the source for copying conditions.  There is NO
warranty; not even for MERCHANTABILITY or FITNESS FOR A PARTICULAR PURPOSE.

configure:3433: $? = 0
configure:3422: rsdk-linux-gcc -v >&5
Reading specs from /home/svm/openwrt_rtk/rtk_openwrt_sdk/staging_dir/rsdk-4.6.4-5281-EB-3.10-0.9.33-m32ub-20141001/bin/../lib/gcc/mips-linux-uclibc/4.6.4/specs
COLLECT_GCC=/home/svm/openwrt_rtk/rtk_openwrt_sdk/staging_dir/rsdk-4.6.4-5281-EB-3.10-0.9.33-m32ub-20141001/bin/mips-linux-xgcc
COLLECT_LTO_WRAPPER=/home/svm/openwrt_rtk/rtk_openwrt_sdk/staging_dir/rsdk-4.6.4-5281-EB-3.10-0.9.33-m32ub-20141001/bin/../libexec/gcc/mips-linux-uclibc/4.6.4/lto-wrapper
Target: mips-linux-uclibc
Configured with: Realtek SDK Builder release 4.6
Thread model: posix
gcc version 4.6.4 (Realtek RSDK-4.6.4 Build 2002) 
configure:3433: $? = 0
configure:3422: rsdk-linux-gcc -V >&5
mips-linux-xgcc: fatal error: no input files
compilation terminated.
configure:3433: $? = 1
configure:3422: rsdk-linux-gcc -qversion >&5
mips-linux-xgcc: fatal error: no input files
compilation terminated.
configure:3433: $? = 1
configure:3453: checking whether the C compiler works
configure:3475: rsdk-linux-gcc -Os -pipe -march=5281 -fno-caller-saves -fpic  -I/home/svm/openwrt_rtk/rtk_openwrt_sdk/staging_dir/target-mips-rlx5281-linux/usr/include -I/home/svm/openwrt_rtk/rtk_openwrt_sdk/staging_dir/target-mips-rlx5281-linux/include -I/home/svm/openwrt_rtk/rtk_openwrt_sdk/staging_dir/rsdk-4.6.4-5281-EB-3.10-0.9.33-m32ub-20141001//include  -L/home/svm/openwrt_rtk/rtk_openwrt_sdk/staging_dir/target-mips-rlx5281-linux/usr/lib -L/home/svm/openwrt_rtk/rtk_openwrt_sdk/staging_dir/target-mips-rlx5281-linux/lib -L/home/svm/openwrt_rtk/rtk_openwrt_sdk/staging_dir/rsdk-4.6.4-5281-EB-3.10-0.9.33-m32ub-20141001//lib  conftest.c  >&5
configure:3479: $? = 0
configure:3527: result: yes
configure:3530: checking for C compiler default output file name
configure:3532: result: a.out
configure:3538: checking for suffix of executables
configure:3545: rsdk-linux-gcc -o conftest -Os -pipe -march=5281 -fno-caller-saves -fpic  -I/home/svm/openwrt_rtk/rtk_openwrt_sdk/staging_dir/target-mips-rlx5281-linux/usr/include -I/home/svm/openwrt_rtk/rtk_openwrt_sdk/staging_dir/target-mips-rlx5281-linux/include -I/home/svm/openwrt_rtk/rtk_openwrt_sdk/staging_dir/rsdk-4.6.4-5281-EB-3.10-0.9.33-m32ub-20141001//include  -L/home/svm/openwrt_rtk/rtk_openwrt_sdk/staging_dir/target-mips-rlx5281-linux/usr/lib -L/home/svm/openwrt_rtk/rtk_openwrt_sdk/staging_dir/target-mips-rlx5281-linux/lib -L/home/svm/openwrt_rtk/rtk_openwrt_sdk/staging_dir/rsdk-4.6.4-5281-EB-3.10-0.9.33-m32ub-20141001//lib  conftest.c  >&5
configure:3549: $? = 0
configure:3571: result: 
configure:3593: checking whether we are cross compiling
configure:3631: result: yes
configure:3636: checking for suffix of object files
configure:3658: rsdk-linux-gcc -c -Os -pipe -march=5281 -fno-caller-saves -fpic  -I/home/svm/openwrt_rtk/rtk_openwrt_sdk/staging_dir/target-mips-rlx5281-linux/usr/include -I/home/svm/openwrt_rtk/rtk_openwrt_sdk/staging_dir/target-mips-rlx5281-linux/include -I/home/svm/openwrt_rtk/rtk_openwrt_sdk/staging_dir/rsdk-4.6.4-5281-EB-3.10-0.9.33-m32ub-20141001//include  conftest.c >&5
configure:3662: $? = 0
configure:3683: result: o
configure:3687: checking whether we are using the GNU C compiler
configure:3706: rsdk-linux-gcc -c -Os -pipe -march=5281 -fno-caller-saves -fpic  -I/home/svm/openwrt_rtk/rtk_openwrt_sdk/staging_dir/target-mips-rlx5281-linux/usr/include -I/home/svm/openwrt_rtk/rtk_openwrt_sdk/staging_dir/target-mips-rlx5281-linux/include -I/home/svm/openwrt_rtk/rtk_openwrt_sdk/staging_dir/rsdk-4.6.4-5281-EB-3.10-0.9.33-m32ub-20141001//include  conftest.c >&5
configure:3706: $? = 0
configure:3715: result: yes
configure:3724: checking whether rsdk-linux-gcc accepts -g
configure:3744: rsdk-linux-gcc -c -g -I/home/svm/openwrt_rtk/rtk_openwrt_sdk/staging_dir/target-mips-rlx5281-linux/usr/include -I/home/svm/openwrt_rtk/rtk_openwrt_sdk/staging_dir/target-mips-rlx5281-linux/include -I/home/svm/openwrt_rtk/rtk_openwrt_sdk/staging_dir/rsdk-4.6.4-5281-EB-3.10-0.9.33-m32ub-20141001//include  conftest.c >&5
configure:3744: $? = 0
configure:3785: result: yes
configure:3802: checking for rsdk-linux-gcc option to accept ISO C89
configure:3866: rsdk-linux-gcc  -c -Os -pipe -march=5281 -fno-caller-saves -fpic  -I/home/svm/openwrt_rtk/rtk_openwrt_sdk/staging_dir/target-mips-rlx5281-linux/usr/include -I/home/svm/openwrt_rtk/rtk_openwrt_sdk/staging_dir/target-mips-rlx5281-linux/include -I/home/svm/openwrt_rtk/rtk_openwrt_sdk/staging_dir/rsdk-4.6.4-5281-EB-3.10-0.9.33-m32ub-20141001//include  conftest.c >&5
configure:3866: $? = 0
configure:3879: result: none needed
configure:3901: checking dependency style of rsdk-linux-gcc
configure:4012: result: gcc3
configure:4027: checking for a sed that does not truncate output
configure:4091: result: /home/svm/openwrt_rtk/rtk_openwrt_sdk/staging_dir/host/bin/sed
configure:4109: checking for grep that handles long lines and -e
configure:4167: result: /home/svm/openwrt_rtk/rtk_openwrt_sdk/staging_dir/host/bin/grep
configure:4172: checking for egrep
configure:4234: result: /home/svm/openwrt_rtk/rtk_openwrt_sdk/staging_dir/host/bin/grep -E
configure:4239: checking for fgrep
configure:4301: result: /home/svm/openwrt_rtk/rtk_openwrt_sdk/staging_dir/host/bin/grep -F
configure:4336: checking for ld used by rsdk-linux-gcc
configure:4403: result: rsdk-linux-ld
configure:4410: checking if the linker (rsdk-linux-ld) is GNU ld
configure:4425: result: yes
configure:4437: checking for BSD- or MS-compatible name lister (nm)
configure:4486: result: rsdk-linux-nm
configure:4616: checking the name lister (rsdk-linux-nm) interface
configure:4623: rsdk-linux-gcc -c -Os -pipe -march=5281 -fno-caller-saves -fpic  -I/home/svm/openwrt_rtk/rtk_openwrt_sdk/staging_dir/target-mips-rlx5281-linux/usr/include -I/home/svm/openwrt_rtk/rtk_openwrt_sdk/staging_dir/target-mips-rlx5281-linux/include -I/home/svm/openwrt_rtk/rtk_openwrt_sdk/staging_dir/rsdk-4.6.4-5281-EB-3.10-0.9.33-m32ub-20141001//include  conftest.c >&5
configure:4626: rsdk-linux-nm "conftest.o"
configure:4629: output
00000000 B some_variable
configure:4636: result: BSD nm
configure:4639: checking whether ln -s works
configure:4643: result: yes
configure:4651: checking the maximum length of command line arguments
configure:4776: result: 1572864
configure:4793: checking whether the shell understands some XSI constructs
configure:4803: result: yes
configure:4807: checking whether the shell understands "+="
configure:4813: result: yes
configure:4848: checking how to convert x86_64-pc-linux-gnu file names to mips-rlx5281-linux-gnu format
configure:4888: result: func_convert_file_noop
configure:4895: checking how to convert x86_64-pc-linux-gnu file names to toolchain format
configure:4915: result: func_convert_file_noop
configure:4922: checking for rsdk-linux-ld option to reload object files
configure:4929: result: -r
configure:4963: checking for mips-rlx5281-linux-objdump
configure:4990: result: rsdk-linux-objdump
configure:5062: checking how to recognize dependent libraries
configure:5264: result: pass_all
configure:5309: checking for mips-rlx5281-linux-dlltool
configure:5339: result: no
configure:5349: checking for dlltool
configure:5379: result: no
configure:5409: checking how to associate runtime and link libraries
configure:5436: result: printf %s\n
configure:5453: checking for mips-rlx5281-linux-ar
configure:5480: result: rsdk-linux-ar
configure:5561: checking for archiver @FILE support
configure:5578: rsdk-linux-gcc -c -Os -pipe -march=5281 -fno-caller-saves -fpic  -I/home/svm/openwrt_rtk/rtk_openwrt_sdk/staging_dir/target-mips-rlx5281-linux/usr/include -I/home/svm/openwrt_rtk/rtk_openwrt_sdk/staging_dir/target-mips-rlx5281-linux/include -I/home/svm/openwrt_rtk/rtk_openwrt_sdk/staging_dir/rsdk-4.6.4-5281-EB-3.10-0.9.33-m32ub-20141001//include  conftest.c >&5
configure:5578: $? = 0
configure:5581: rsdk-linux-ar cru libconftest.a @conftest.lst >&5
configure:5584: $? = 0
configure:5589: rsdk-linux-ar cru libconftest.a @conftest.lst >&5
rsdk-linux-ar: conftest.o: No such file or directory
configure:5592: $? = 1
configure:5604: result: @
configure:5622: checking for mips-rlx5281-linux-strip
configure:5649: result: rsdk-linux-strip
configure:5721: checking for mips-rlx5281-linux-ranlib
configure:5748: result: rsdk-linux-ranlib
configure:5890: checking command to parse rsdk-linux-nm output from rsdk-linux-gcc object
configure:6009: rsdk-linux-gcc -c -Os -pipe -march=5281 -fno-caller-saves -fpic  -I/home/svm/openwrt_rtk/rtk_openwrt_sdk/staging_dir/target-mips-rlx5281-linux/usr/include -I/home/svm/openwrt_rtk/rtk_openwrt_sdk/staging_dir/target-mips-rlx5281-linux/include -I/home/svm/openwrt_rtk/rtk_openwrt_sdk/staging_dir/rsdk-4.6.4-5281-EB-3.10-0.9.33-m32ub-20141001//include  conftest.c >&5
configure:6012: $? = 0
configure:6016: rsdk-linux-nm conftest.o \| sed -n -e 's/^.*[ ]\([ABCDGIRSTW][ABCDGIRSTW]*\)[ ][ ]*\([_A-Za-z][_A-Za-z0-9]*\)$/\1 \2 \2/p' | sed '/ __gnu_lto/d' \> conftest.nm
configure:6019: $? = 0
configure:6085: rsdk-linux-gcc -o conftest -Os -pipe -march=5281 -fno-caller-saves -fpic  -I/home/svm/openwrt_rtk/rtk_openwrt_sdk/staging_dir/target-mips-rlx5281-linux/usr/include -I/home/svm/openwrt_rtk/rtk_openwrt_sdk/staging_dir/target-mips-rlx5281-linux/include -I/home/svm/openwrt_rtk/rtk_openwrt_sdk/staging_dir/rsdk-4.6.4-5281-EB-3.10-0.9.33-m32ub-20141001//include  -L/home/svm/openwrt_rtk/rtk_openwrt_sdk/staging_dir/target-mips-rlx5281-linux/usr/lib -L/home/svm/openwrt_rtk/rtk_openwrt_sdk/staging_dir/target-mips-rlx5281-linux/lib -L/home/svm/openwrt_rtk/rtk_openwrt_sdk/staging_dir/rsdk-4.6.4-5281-EB-3.10-0.9.33-m32ub-20141001//lib  conftest.c conftstm.o >&5
configure:6088: $? = 0
configure:6126: result: ok
configure:6163: checking for sysroot
configure:6193: result: no
configure:6396: checking for mips-rlx5281-linux-mt
configure:6426: result: no
configure:6436: checking for mt
configure:6452: found /bin/mt
configure:6463: result: mt
configure:6475: WARNING: using cross tools not prefixed with host triplet
configure:6486: checking if mt is a manifest tool
configure:6492: mt '-?'
configure:6500: result: no
configure:7132: checking how to run the C preprocessor
configure:7163: rsdk-linux-gcc -E -I/home/svm/openwrt_rtk/rtk_openwrt_sdk/staging_dir/target-mips-rlx5281-linux/usr/include -I/home/svm/openwrt_rtk/rtk_openwrt_sdk/staging_dir/target-mips-rlx5281-linux/include -I/home/svm/openwrt_rtk/rtk_openwrt_sdk/staging_dir/rsdk-4.6.4-5281-EB-3.10-0.9.33-m32ub-20141001//include  conftest.c
configure:7163: $? = 0
configure:7177: rsdk-linux-gcc -E -I/home/svm/openwrt_rtk/rtk_openwrt_sdk/staging_dir/target-mips-rlx5281-linux/usr/include -I/home/svm/openwrt_rtk/rtk_openwrt_sdk/staging_dir/target-mips-rlx5281-linux/include -I/home/svm/openwrt_rtk/rtk_openwrt_sdk/staging_dir/rsdk-4.6.4-5281-EB-3.10-0.9.33-m32ub-20141001//include  conftest.c
conftest.c:11:28: fatal error: ac_nonexistent.h: No such file or directory
compilation terminated.
configure:7177: $? = 1
configure: failed program was:
| /* confdefs.h */
| #define PACKAGE_NAME ""
| #define PACKAGE_TARNAME ""
| #define PACKAGE_VERSION ""
| #define PACKAGE_STRING ""
| #define PACKAGE_BUGREPORT ""
| #define PACKAGE_URL ""
| #define PACKAGE "faad2"
| #define VERSION "2.7.0"
| /* end confdefs.h.  */
| #include <ac_nonexistent.h>
configure:7202: result: rsdk-linux-gcc -E
configure:7222: rsdk-linux-gcc -E -I/home/svm/openwrt_rtk/rtk_openwrt_sdk/staging_dir/target-mips-rlx5281-linux/usr/include -I/home/svm/openwrt_rtk/rtk_openwrt_sdk/staging_dir/target-mips-rlx5281-linux/include -I/home/svm/openwrt_rtk/rtk_openwrt_sdk/staging_dir/rsdk-4.6.4-5281-EB-3.10-0.9.33-m32ub-20141001//include  conftest.c
configure:7222: $? = 0
configure:7236: rsdk-linux-gcc -E -I/home/svm/openwrt_rtk/rtk_openwrt_sdk/staging_dir/target-mips-rlx5281-linux/usr/include -I/home/svm/openwrt_rtk/rtk_openwrt_sdk/staging_dir/target-mips-rlx5281-linux/include -I/home/svm/openwrt_rtk/rtk_openwrt_sdk/staging_dir/rsdk-4.6.4-5281-EB-3.10-0.9.33-m32ub-20141001//include  conftest.c
conftest.c:11:28: fatal error: ac_nonexistent.h: No such file or directory
compilation terminated.
configure:7236: $? = 1
configure: failed program was:
| /* confdefs.h */
| #define PACKAGE_NAME ""
| #define PACKAGE_TARNAME ""
| #define PACKAGE_VERSION ""
| #define PACKAGE_STRING ""
| #define PACKAGE_BUGREPORT ""
| #define PACKAGE_URL ""
| #define PACKAGE "faad2"
| #define VERSION "2.7.0"
| /* end confdefs.h.  */
| #include <ac_nonexistent.h>
configure:7265: checking for ANSI C header files
configure:7285: rsdk-linux-gcc -c -Os -pipe -march=5281 -fno-caller-saves -fpic  -I/home/svm/openwrt_rtk/rtk_openwrt_sdk/staging_dir/target-mips-rlx5281-linux/usr/include -I/home/svm/openwrt_rtk/rtk_openwrt_sdk/staging_dir/target-mips-rlx5281-linux/include -I/home/svm/openwrt_rtk/rtk_openwrt_sdk/staging_dir/rsdk-4.6.4-5281-EB-3.10-0.9.33-m32ub-20141001//include  conftest.c >&5
configure:7285: $? = 0
configure:7369: result: yes
configure:7382: checking for sys/types.h
configure:7382: rsdk-linux-gcc -c -Os -pipe -march=5281 -fno-caller-saves -fpic  -I/home/svm/openwrt_rtk/rtk_openwrt_sdk/staging_dir/target-mips-rlx5281-linux/usr/include -I/home/svm/openwrt_rtk/rtk_openwrt_sdk/staging_dir/target-mips-rlx5281-linux/include -I/home/svm/openwrt_rtk/rtk_openwrt_sdk/staging_dir/rsdk-4.6.4-5281-EB-3.10-0.9.33-m32ub-20141001//include  conftest.c >&5
configure:7382: $? = 0
configure:7382: result: yes
configure:7382: checking for sys/stat.h
configure:7382: rsdk-linux-gcc -c -Os -pipe -march=5281 -fno-caller-saves -fpic  -I/home/svm/openwrt_rtk/rtk_openwrt_sdk/staging_dir/target-mips-rlx5281-linux/usr/include -I/home/svm/openwrt_rtk/rtk_openwrt_sdk/staging_dir/target-mips-rlx5281-linux/include -I/home/svm/openwrt_rtk/rtk_openwrt_sdk/staging_dir/rsdk-4.6.4-5281-EB-3.10-0.9.33-m32ub-20141001//include  conftest.c >&5
configure:7382: $? = 0
configure:7382: result: yes
configure:7382: checking for stdlib.h
configure:7382: rsdk-linux-gcc -c -Os -pipe -march=5281 -fno-caller-saves -fpic  -I/home/svm/openwrt_rtk/rtk_openwrt_sdk/staging_dir/target-mips-rlx5281-linux/usr/include -I/home/svm/openwrt_rtk/rtk_openwrt_sdk/staging_dir/target-mips-rlx5281-linux/include -I/home/svm/openwrt_rtk/rtk_openwrt_sdk/staging_dir/rsdk-4.6.4-5281-EB-3.10-0.9.33-m32ub-20141001//include  conftest.c >&5
configure:7382: $? = 0
configure:7382: result: yes
configure:7382: checking for string.h
configure:7382: rsdk-linux-gcc -c -Os -pipe -march=5281 -fno-caller-saves -fpic  -I/home/svm/openwrt_rtk/rtk_openwrt_sdk/staging_dir/target-mips-rlx5281-linux/usr/include -I/home/svm/openwrt_rtk/rtk_openwrt_sdk/staging_dir/target-mips-rlx5281-linux/include -I/home/svm/openwrt_rtk/rtk_openwrt_sdk/staging_dir/rsdk-4.6.4-5281-EB-3.10-0.9.33-m32ub-20141001//include  conftest.c >&5
configure:7382: $? = 0
configure:7382: result: yes
configure:7382: checking for memory.h
configure:7382: rsdk-linux-gcc -c -Os -pipe -march=5281 -fno-caller-saves -fpic  -I/home/svm/openwrt_rtk/rtk_openwrt_sdk/staging_dir/target-mips-rlx5281-linux/usr/include -I/home/svm/openwrt_rtk/rtk_openwrt_sdk/staging_dir/target-mips-rlx5281-linux/include -I/home/svm/openwrt_rtk/rtk_openwrt_sdk/staging_dir/rsdk-4.6.4-5281-EB-3.10-0.9.33-m32ub-20141001//include  conftest.c >&5
configure:7382: $? = 0
configure:7382: result: yes
configure:7382: checking for strings.h
configure:7382: rsdk-linux-gcc -c -Os -pipe -march=5281 -fno-caller-saves -fpic  -I/home/svm/openwrt_rtk/rtk_openwrt_sdk/staging_dir/target-mips-rlx5281-linux/usr/include -I/home/svm/openwrt_rtk/rtk_openwrt_sdk/staging_dir/target-mips-rlx5281-linux/include -I/home/svm/openwrt_rtk/rtk_openwrt_sdk/staging_dir/rsdk-4.6.4-5281-EB-3.10-0.9.33-m32ub-20141001//include  conftest.c >&5
configure:7382: $? = 0
configure:7382: result: yes
configure:7382: checking for inttypes.h
configure:7382: rsdk-linux-gcc -c -Os -pipe -march=5281 -fno-caller-saves -fpic  -I/home/svm/openwrt_rtk/rtk_openwrt_sdk/staging_dir/target-mips-rlx5281-linux/usr/include -I/home/svm/openwrt_rtk/rtk_openwrt_sdk/staging_dir/target-mips-rlx5281-linux/include -I/home/svm/openwrt_rtk/rtk_openwrt_sdk/staging_dir/rsdk-4.6.4-5281-EB-3.10-0.9.33-m32ub-20141001//include  conftest.c >&5
configure:7382: $? = 0
configure:7382: result: yes
configure:7382: checking for stdint.h
configure:7382: rsdk-linux-gcc -c -Os -pipe -march=5281 -fno-caller-saves -fpic  -I/home/svm/openwrt_rtk/rtk_openwrt_sdk/staging_dir/target-mips-rlx5281-linux/usr/include -I/home/svm/openwrt_rtk/rtk_openwrt_sdk/staging_dir/target-mips-rlx5281-linux/include -I/home/svm/openwrt_rtk/rtk_openwrt_sdk/staging_dir/rsdk-4.6.4-5281-EB-3.10-0.9.33-m32ub-20141001//include  conftest.c >&5
configure:7382: $? = 0
configure:7382: result: yes
configure:7382: checking for unistd.h
configure:7382: rsdk-linux-gcc -c -Os -pipe -march=5281 -fno-caller-saves -fpic  -I/home/svm/openwrt_rtk/rtk_openwrt_sdk/staging_dir/target-mips-rlx5281-linux/usr/include -I/home/svm/openwrt_rtk/rtk_openwrt_sdk/staging_dir/target-mips-rlx5281-linux/include -I/home/svm/openwrt_rtk/rtk_openwrt_sdk/staging_dir/rsdk-4.6.4-5281-EB-3.10-0.9.33-m32ub-20141001//include  conftest.c >&5
configure:7382: $? = 0
configure:7382: result: yes
configure:7396: checking for dlfcn.h
configure:7396: rsdk-linux-gcc -c -Os -pipe -march=5281 -fno-caller-saves -fpic  -I/home/svm/openwrt_rtk/rtk_openwrt_sdk/staging_dir/target-mips-rlx5281-linux/usr/include -I/home/svm/openwrt_rtk/rtk_openwrt_sdk/staging_dir/target-mips-rlx5281-linux/include -I/home/svm/openwrt_rtk/rtk_openwrt_sdk/staging_dir/rsdk-4.6.4-5281-EB-3.10-0.9.33-m32ub-20141001//include  conftest.c >&5
configure:7396: $? = 0
configure:7396: result: yes
configure:7583: checking for objdir
configure:7598: result: .libs
configure:7865: checking if rsdk-linux-gcc supports -fno-rtti -fno-exceptions
configure:7883: rsdk-linux-gcc -c -Os -pipe -march=5281 -fno-caller-saves -fpic  -I/home/svm/openwrt_rtk/rtk_openwrt_sdk/staging_dir/target-mips-rlx5281-linux/usr/include -I/home/svm/openwrt_rtk/rtk_openwrt_sdk/staging_dir/target-mips-rlx5281-linux/include -I/home/svm/openwrt_rtk/rtk_openwrt_sdk/staging_dir/rsdk-4.6.4-5281-EB-3.10-0.9.33-m32ub-20141001//include  -fno-rtti -fno-exceptions conftest.c >&5
cc1: warning: command line option '-fno-rtti' is valid for C++/ObjC++ but not for C [enabled by default]
configure:7887: $? = 0
configure:7900: result: no
configure:8210: checking for rsdk-linux-gcc option to produce PIC
configure:8217: result: -fPIC -DPIC
configure:8225: checking if rsdk-linux-gcc PIC flag -fPIC -DPIC works
configure:8243: rsdk-linux-gcc -c -Os -pipe -march=5281 -fno-caller-saves -fpic  -I/home/svm/openwrt_rtk/rtk_openwrt_sdk/staging_dir/target-mips-rlx5281-linux/usr/include -I/home/svm/openwrt_rtk/rtk_openwrt_sdk/staging_dir/target-mips-rlx5281-linux/include -I/home/svm/openwrt_rtk/rtk_openwrt_sdk/staging_dir/rsdk-4.6.4-5281-EB-3.10-0.9.33-m32ub-20141001//include  -fPIC -DPIC -DPIC conftest.c >&5
configure:8247: $? = 0
configure:8260: result: yes
configure:8289: checking if rsdk-linux-gcc static flag -static works
configure:8317: result: yes
configure:8332: checking if rsdk-linux-gcc supports -c -o file.o
configure:8353: rsdk-linux-gcc -c -Os -pipe -march=5281 -fno-caller-saves -fpic  -I/home/svm/openwrt_rtk/rtk_openwrt_sdk/staging_dir/target-mips-rlx5281-linux/usr/include -I/home/svm/openwrt_rtk/rtk_openwrt_sdk/staging_dir/target-mips-rlx5281-linux/include -I/home/svm/openwrt_rtk/rtk_openwrt_sdk/staging_dir/rsdk-4.6.4-5281-EB-3.10-0.9.33-m32ub-20141001//include  -o out/conftest2.o conftest.c >&5
configure:8357: $? = 0
configure:8379: result: yes
configure:8387: checking if rsdk-linux-gcc supports -c -o file.o
configure:8434: result: yes
configure:8467: checking whether the rsdk-linux-gcc linker (rsdk-linux-ld) supports shared libraries
configure:9625: result: yes
configure:9662: checking whether -lc should be explicitly linked in
configure:9670: rsdk-linux-gcc -c -Os -pipe -march=5281 -fno-caller-saves -fpic  -I/home/svm/openwrt_rtk/rtk_openwrt_sdk/staging_dir/target-mips-rlx5281-linux/usr/include -I/home/svm/openwrt_rtk/rtk_openwrt_sdk/staging_dir/target-mips-rlx5281-linux/include -I/home/svm/openwrt_rtk/rtk_openwrt_sdk/staging_dir/rsdk-4.6.4-5281-EB-3.10-0.9.33-m32ub-20141001//include  conftest.c >&5
configure:9673: $? = 0
configure:9688: rsdk-linux-gcc -shared  -fPIC -DPIC conftest.o  -v -Wl,-soname -Wl,conftest -o conftest 2\>\&1 \| /home/svm/openwrt_rtk/rtk_openwrt_sdk/staging_dir/host/bin/grep  -lc  \>/dev/null 2\>\&1
configure:9691: $? = 0
configure:9705: result: no
configure:9870: checking dynamic linker characteristics
configure:10384: rsdk-linux-gcc -o conftest -Os -pipe -march=5281 -fno-caller-saves -fpic  -I/home/svm/openwrt_rtk/rtk_openwrt_sdk/staging_dir/target-mips-rlx5281-linux/usr/include -I/home/svm/openwrt_rtk/rtk_openwrt_sdk/staging_dir/target-mips-rlx5281-linux/include -I/home/svm/openwrt_rtk/rtk_openwrt_sdk/staging_dir/rsdk-4.6.4-5281-EB-3.10-0.9.33-m32ub-20141001//include  -L/home/svm/openwrt_rtk/rtk_openwrt_sdk/staging_dir/target-mips-rlx5281-linux/usr/lib -L/home/svm/openwrt_rtk/rtk_openwrt_sdk/staging_dir/target-mips-rlx5281-linux/lib -L/home/svm/openwrt_rtk/rtk_openwrt_sdk/staging_dir/rsdk-4.6.4-5281-EB-3.10-0.9.33-m32ub-20141001//lib  -Wl,-rpath -Wl,/foo conftest.c  >&5
configure:10384: $? = 0
configure:10606: result: GNU/Linux ld.so
configure:10713: checking how to hardcode library paths into programs
configure:10738: result: immediate
configure:11278: checking whether stripping libraries is possible
configure:11283: result: yes
configure:11318: checking if libtool supports shared libraries
configure:11320: result: yes
configure:11323: checking whether to build shared libraries
configure:11344: result: yes
configure:11347: checking whether to build static libraries
configure:11351: result: yes
configure:11396: checking for mips-rlx5281-linux-gcc
configure:11423: result: rsdk-linux-gcc
configure:11692: checking for C compiler version
configure:11701: rsdk-linux-gcc --version >&5
mips-linux-xgcc (Realtek RSDK-4.6.4 Build 2002) 4.6.4
Copyright (C) 2011 Free Software Foundation, Inc.
This is free software; see the source for copying conditions.  There is NO
warranty; not even for MERCHANTABILITY or FITNESS FOR A PARTICULAR PURPOSE.

configure:11712: $? = 0
configure:11701: rsdk-linux-gcc -v >&5
Reading specs from /home/svm/openwrt_rtk/rtk_openwrt_sdk/staging_dir/rsdk-4.6.4-5281-EB-3.10-0.9.33-m32ub-20141001/bin/../lib/gcc/mips-linux-uclibc/4.6.4/specs
COLLECT_GCC=/home/svm/openwrt_rtk/rtk_openwrt_sdk/staging_dir/rsdk-4.6.4-5281-EB-3.10-0.9.33-m32ub-20141001/bin/mips-linux-xgcc
COLLECT_LTO_WRAPPER=/home/svm/openwrt_rtk/rtk_openwrt_sdk/staging_dir/rsdk-4.6.4-5281-EB-3.10-0.9.33-m32ub-20141001/bin/../libexec/gcc/mips-linux-uclibc/4.6.4/lto-wrapper
Target: mips-linux-uclibc
Configured with: Realtek SDK Builder release 4.6
Thread model: posix
gcc version 4.6.4 (Realtek RSDK-4.6.4 Build 2002) 
configure:11712: $? = 0
configure:11701: rsdk-linux-gcc -V >&5
mips-linux-xgcc: fatal error: no input files
compilation terminated.
configure:11712: $? = 1
configure:11701: rsdk-linux-gcc -qversion >&5
mips-linux-xgcc: fatal error: no input files
compilation terminated.
configure:11712: $? = 1
configure:11716: checking whether we are using the GNU C compiler
configure:11744: result: yes
configure:11753: checking whether rsdk-linux-gcc accepts -g
configure:11814: result: yes
configure:11831: checking for rsdk-linux-gcc option to accept ISO C89
configure:11908: result: none needed
configure:11930: checking dependency style of rsdk-linux-gcc
configure:12041: result: gcc3
configure:12057: checking whether rsdk-linux-gcc and cc understand -c and -o together
configure:12088: rsdk-linux-gcc -c conftest.c -o conftest2.o >&5
configure:12092: $? = 0
configure:12098: rsdk-linux-gcc -c conftest.c -o conftest2.o >&5
configure:12102: $? = 0
configure:12113: cc -c conftest.c >&5
configure:12117: $? = 0
configure:12125: cc -c conftest.c -o conftest2.o >&5
configure:12129: $? = 0
configure:12135: cc -c conftest.c -o conftest2.o >&5
configure:12139: $? = 0
configure:12157: result: yes
configure:12187: checking how to run the C preprocessor
configure:12257: result: rsdk-linux-gcc -E
configure:12277: rsdk-linux-gcc -E -I/home/svm/openwrt_rtk/rtk_openwrt_sdk/staging_dir/target-mips-rlx5281-linux/usr/include -I/home/svm/openwrt_rtk/rtk_openwrt_sdk/staging_dir/target-mips-rlx5281-linux/include -I/home/svm/openwrt_rtk/rtk_openwrt_sdk/staging_dir/rsdk-4.6.4-5281-EB-3.10-0.9.33-m32ub-20141001//include  conftest.c
configure:12277: $? = 0
configure:12291: rsdk-linux-gcc -E -I/home/svm/openwrt_rtk/rtk_openwrt_sdk/staging_dir/target-mips-rlx5281-linux/usr/include -I/home/svm/openwrt_rtk/rtk_openwrt_sdk/staging_dir/target-mips-rlx5281-linux/include -I/home/svm/openwrt_rtk/rtk_openwrt_sdk/staging_dir/rsdk-4.6.4-5281-EB-3.10-0.9.33-m32ub-20141001//include  conftest.c
conftest.c:23:28: fatal error: ac_nonexistent.h: No such file or directory
compilation terminated.
configure:12291: $? = 1
configure: failed program was:
| /* confdefs.h */
| #define PACKAGE_NAME ""
| #define PACKAGE_TARNAME ""
| #define PACKAGE_VERSION ""
| #define PACKAGE_STRING ""
| #define PACKAGE_BUGREPORT ""
| #define PACKAGE_URL ""
| #define PACKAGE "faad2"
| #define VERSION "2.7.0"
| #define STDC_HEADERS 1
| #define HAVE_SYS_TYPES_H 1
| #define HAVE_SYS_STAT_H 1
| #define HAVE_STDLIB_H 1
| #define HAVE_STRING_H 1
| #define HAVE_MEMORY_H 1
| #define HAVE_STRINGS_H 1
| #define HAVE_INTTYPES_H 1
| #define HAVE_STDINT_H 1
| #define HAVE_UNISTD_H 1
| #define HAVE_DLFCN_H 1
| #define LT_OBJDIR ".libs/"
| /* end confdefs.h.  */
| #include <ac_nonexistent.h>
configure:12431: checking for C++ compiler version
configure:12440: rsdk-linux-g++ --version >&5
mips-linux-xg++ (Realtek RSDK-4.6.4 Build 2002) 4.6.4
Copyright (C) 2011 Free Software Foundation, Inc.
This is free software; see the source for copying conditions.  There is NO
warranty; not even for MERCHANTABILITY or FITNESS FOR A PARTICULAR PURPOSE.

configure:12451: $? = 0
configure:12440: rsdk-linux-g++ -v >&5
Reading specs from /home/svm/openwrt_rtk/rtk_openwrt_sdk/staging_dir/rsdk-4.6.4-5281-EB-3.10-0.9.33-m32ub-20141001/bin/../lib/gcc/mips-linux-uclibc/4.6.4/specs
COLLECT_GCC=/home/svm/openwrt_rtk/rtk_openwrt_sdk/staging_dir/rsdk-4.6.4-5281-EB-3.10-0.9.33-m32ub-20141001/bin/mips-linux-xg++
COLLECT_LTO_WRAPPER=/home/svm/openwrt_rtk/rtk_openwrt_sdk/staging_dir/rsdk-4.6.4-5281-EB-3.10-0.9.33-m32ub-20141001/bin/../libexec/gcc/mips-linux-uclibc/4.6.4/lto-wrapper
Target: mips-linux-uclibc
Configured with: Realtek SDK Builder release 4.6
Thread model: posix
gcc version 4.6.4 (Realtek RSDK-4.6.4 Build 2002) 
configure:12451: $? = 0
configure:12440: rsdk-linux-g++ -V >&5
mips-linux-xg++: fatal error: no input files
compilation terminated.
configure:12451: $? = 1
configure:12440: rsdk-linux-g++ -qversion >&5
mips-linux-xg++: fatal error: no input files
compilation terminated.
configure:12451: $? = 1
configure:12455: checking whether we are using the GNU C++ compiler
configure:12474: rsdk-linux-g++ -c -Os -pipe -march=5281 -fno-caller-saves -fpic  -I/home/svm/openwrt_rtk/rtk_openwrt_sdk/staging_dir/target-mips-rlx5281-linux/usr/include -I/home/svm/openwrt_rtk/rtk_openwrt_sdk/staging_dir/target-mips-rlx5281-linux/include -I/home/svm/openwrt_rtk/rtk_openwrt_sdk/staging_dir/rsdk-4.6.4-5281-EB-3.10-0.9.33-m32ub-20141001//include  conftest.cpp >&5
configure:12474: $? = 0
configure:12483: result: yes
configure:12492: checking whether rsdk-linux-g++ accepts -g
configure:12512: rsdk-linux-g++ -c -g -I/home/svm/openwrt_rtk/rtk_openwrt_sdk/staging_dir/target-mips-rlx5281-linux/usr/include -I/home/svm/openwrt_rtk/rtk_openwrt_sdk/staging_dir/target-mips-rlx5281-linux/include -I/home/svm/openwrt_rtk/rtk_openwrt_sdk/staging_dir/rsdk-4.6.4-5281-EB-3.10-0.9.33-m32ub-20141001//include  conftest.cpp >&5
configure:12512: $? = 0
configure:12553: result: yes
configure:12578: checking dependency style of rsdk-linux-g++
configure:12689: result: gcc3
configure:12722: checking how to run the C++ preprocessor
configure:12749: rsdk-linux-g++ -E -I/home/svm/openwrt_rtk/rtk_openwrt_sdk/staging_dir/target-mips-rlx5281-linux/usr/include -I/home/svm/openwrt_rtk/rtk_openwrt_sdk/staging_dir/target-mips-rlx5281-linux/include -I/home/svm/openwrt_rtk/rtk_openwrt_sdk/staging_dir/rsdk-4.6.4-5281-EB-3.10-0.9.33-m32ub-20141001//include  conftest.cpp
configure:12749: $? = 0
configure:12763: rsdk-linux-g++ -E -I/home/svm/openwrt_rtk/rtk_openwrt_sdk/staging_dir/target-mips-rlx5281-linux/usr/include -I/home/svm/openwrt_rtk/rtk_openwrt_sdk/staging_dir/target-mips-rlx5281-linux/include -I/home/svm/openwrt_rtk/rtk_openwrt_sdk/staging_dir/rsdk-4.6.4-5281-EB-3.10-0.9.33-m32ub-20141001//include  conftest.cpp
conftest.cpp:23:28: fatal error: ac_nonexistent.h: No such file or directory
compilation terminated.
configure:12763: $? = 1
configure: failed program was:
| /* confdefs.h */
| #define PACKAGE_NAME ""
| #define PACKAGE_TARNAME ""
| #define PACKAGE_VERSION ""
| #define PACKAGE_STRING ""
| #define PACKAGE_BUGREPORT ""
| #define PACKAGE_URL ""
| #define PACKAGE "faad2"
| #define VERSION "2.7.0"
| #define STDC_HEADERS 1
| #define HAVE_SYS_TYPES_H 1
| #define HAVE_SYS_STAT_H 1
| #define HAVE_STDLIB_H 1
| #define HAVE_STRING_H 1
| #define HAVE_MEMORY_H 1
| #define HAVE_STRINGS_H 1
| #define HAVE_INTTYPES_H 1
| #define HAVE_STDINT_H 1
| #define HAVE_UNISTD_H 1
| #define HAVE_DLFCN_H 1
| #define LT_OBJDIR ".libs/"
| /* end confdefs.h.  */
| #include <ac_nonexistent.h>
configure:12788: result: rsdk-linux-g++ -E
configure:12808: rsdk-linux-g++ -E -I/home/svm/openwrt_rtk/rtk_openwrt_sdk/staging_dir/target-mips-rlx5281-linux/usr/include -I/home/svm/openwrt_rtk/rtk_openwrt_sdk/staging_dir/target-mips-rlx5281-linux/include -I/home/svm/openwrt_rtk/rtk_openwrt_sdk/staging_dir/rsdk-4.6.4-5281-EB-3.10-0.9.33-m32ub-20141001//include  conftest.cpp
configure:12808: $? = 0
configure:12822: rsdk-linux-g++ -E -I/home/svm/openwrt_rtk/rtk_openwrt_sdk/staging_dir/target-mips-rlx5281-linux/usr/include -I/home/svm/openwrt_rtk/rtk_openwrt_sdk/staging_dir/target-mips-rlx5281-linux/include -I/home/svm/openwrt_rtk/rtk_openwrt_sdk/staging_dir/rsdk-4.6.4-5281-EB-3.10-0.9.33-m32ub-20141001//include  conftest.cpp
conftest.cpp:23:28: fatal error: ac_nonexistent.h: No such file or directory
compilation terminated.
configure:12822: $? = 1
configure: failed program was:
| /* confdefs.h */
| #define PACKAGE_NAME ""
| #define PACKAGE_TARNAME ""
| #define PACKAGE_VERSION ""
| #define PACKAGE_STRING ""
| #define PACKAGE_BUGREPORT ""
| #define PACKAGE_URL ""
| #define PACKAGE "faad2"
| #define VERSION "2.7.0"
| #define STDC_HEADERS 1
| #define HAVE_SYS_TYPES_H 1
| #define HAVE_SYS_STAT_H 1
| #define HAVE_STDLIB_H 1
| #define HAVE_STRING_H 1
| #define HAVE_MEMORY_H 1
| #define HAVE_STRINGS_H 1
| #define HAVE_INTTYPES_H 1
| #define HAVE_STDINT_H 1
| #define HAVE_UNISTD_H 1
| #define HAVE_DLFCN_H 1
| #define LT_OBJDIR ".libs/"
| /* end confdefs.h.  */
| #include <ac_nonexistent.h>
configure:12992: checking for ld used by rsdk-linux-g++
configure:13059: result: rsdk-linux-ld
configure:13066: checking if the linker (rsdk-linux-ld) is GNU ld
configure:13081: result: yes
configure:13136: checking whether the rsdk-linux-g++ linker (rsdk-linux-ld) supports shared libraries
configure:14140: result: yes
configure:14175: rsdk-linux-g++ -c -Os -pipe -march=5281 -fno-caller-saves -fpic  -I/home/svm/openwrt_rtk/rtk_openwrt_sdk/staging_dir/target-mips-rlx5281-linux/usr/include -I/home/svm/openwrt_rtk/rtk_openwrt_sdk/staging_dir/target-mips-rlx5281-linux/include -I/home/svm/openwrt_rtk/rtk_openwrt_sdk/staging_dir/rsdk-4.6.4-5281-EB-3.10-0.9.33-m32ub-20141001//include  conftest.cpp >&5
configure:14178: $? = 0
configure:14698: checking for rsdk-linux-g++ option to produce PIC
configure:14705: result: -fPIC -DPIC
configure:14713: checking if rsdk-linux-g++ PIC flag -fPIC -DPIC works
configure:14731: rsdk-linux-g++ -c -Os -pipe -march=5281 -fno-caller-saves -fpic  -I/home/svm/openwrt_rtk/rtk_openwrt_sdk/staging_dir/target-mips-rlx5281-linux/usr/include -I/home/svm/openwrt_rtk/rtk_openwrt_sdk/staging_dir/target-mips-rlx5281-linux/include -I/home/svm/openwrt_rtk/rtk_openwrt_sdk/staging_dir/rsdk-4.6.4-5281-EB-3.10-0.9.33-m32ub-20141001//include  -fPIC -DPIC -DPIC conftest.cpp >&5
configure:14735: $? = 0
configure:14748: result: yes
configure:14771: checking if rsdk-linux-g++ static flag -static works
configure:14799: result: yes
configure:14811: checking if rsdk-linux-g++ supports -c -o file.o
configure:14832: rsdk-linux-g++ -c -Os -pipe -march=5281 -fno-caller-saves -fpic  -I/home/svm/openwrt_rtk/rtk_openwrt_sdk/staging_dir/target-mips-rlx5281-linux/usr/include -I/home/svm/openwrt_rtk/rtk_openwrt_sdk/staging_dir/target-mips-rlx5281-linux/include -I/home/svm/openwrt_rtk/rtk_openwrt_sdk/staging_dir/rsdk-4.6.4-5281-EB-3.10-0.9.33-m32ub-20141001//include  -o out/conftest2.o conftest.cpp >&5
configure:14836: $? = 0
configure:14858: result: yes
configure:14863: checking if rsdk-linux-g++ supports -c -o file.o
configure:14910: result: yes
configure:14940: checking whether the rsdk-linux-g++ linker (rsdk-linux-ld) supports shared libraries
configure:14974: result: yes
configure:15117: checking dynamic linker characteristics
configure:15787: result: GNU/Linux ld.so
configure:15840: checking how to hardcode library paths into programs
configure:15865: result: immediate
configure:15906: checking whether ln -s works
configure:15910: result: yes
configure:15917: checking whether make sets $(MAKE)
configure:15939: result: yes
configure:15952: checking for rpmbuild
configure:15982: result: no
configure:16022: checking for ANSI C header files
configure:16126: result: yes
configure:16137: checking for stdint.h
configure:16137: result: yes
configure:16137: checking for inttypes.h
configure:16137: result: yes
configure:16149: checking mathf.h usability
configure:16149: rsdk-linux-gcc -c -Os -pipe -march=5281 -fno-caller-saves -fpic  -I/home/svm/openwrt_rtk/rtk_openwrt_sdk/staging_dir/target-mips-rlx5281-linux/usr/include -I/home/svm/openwrt_rtk/rtk_openwrt_sdk/staging_dir/target-mips-rlx5281-linux/include -I/home/svm/openwrt_rtk/rtk_openwrt_sdk/staging_dir/rsdk-4.6.4-5281-EB-3.10-0.9.33-m32ub-20141001//include  conftest.c >&5
conftest.c:59:19: fatal error: mathf.h: No such file or directory
compilation terminated.
configure:16149: $? = 1
configure: failed program was:
| /* confdefs.h */
| #define PACKAGE_NAME ""
| #define PACKAGE_TARNAME ""
| #define PACKAGE_VERSION ""
| #define PACKAGE_STRING ""
| #define PACKAGE_BUGREPORT ""
| #define PACKAGE_URL ""
| #define PACKAGE "faad2"
| #define VERSION "2.7.0"
| #define STDC_HEADERS 1
| #define HAVE_SYS_TYPES_H 1
| #define HAVE_SYS_STAT_H 1
| #define HAVE_STDLIB_H 1
| #define HAVE_STRING_H 1
| #define HAVE_MEMORY_H 1
| #define HAVE_STRINGS_H 1
| #define HAVE_INTTYPES_H 1
| #define HAVE_STDINT_H 1
| #define HAVE_UNISTD_H 1
| #define HAVE_DLFCN_H 1
| #define LT_OBJDIR ".libs/"
| #define STDC_HEADERS 1
| #define HAVE_STDINT_H 1
| #define HAVE_INTTYPES_H 1
| /* end confdefs.h.  */
| #include <stdio.h>
| #ifdef HAVE_SYS_TYPES_H
| # include <sys/types.h>
| #endif
| #ifdef HAVE_SYS_STAT_H
| # include <sys/stat.h>
| #endif
| #ifdef STDC_HEADERS
| # include <stdlib.h>
| # include <stddef.h>
| #else
| # ifdef HAVE_STDLIB_H
| #  include <stdlib.h>
| # endif
| #endif
| #ifdef HAVE_STRING_H
| # if !defined STDC_HEADERS && defined HAVE_MEMORY_H
| #  include <memory.h>
| # endif
| # include <string.h>
| #endif
| #ifdef HAVE_STRINGS_H
| # include <strings.h>
| #endif
| #ifdef HAVE_INTTYPES_H
| # include <inttypes.h>
| #endif
| #ifdef HAVE_STDINT_H
| # include <stdint.h>
| #endif
| #ifdef HAVE_UNISTD_H
| # include <unistd.h>
| #endif
| #include <mathf.h>
configure:16149: result: no
configure:16149: checking mathf.h presence
configure:16149: rsdk-linux-gcc -E -I/home/svm/openwrt_rtk/rtk_openwrt_sdk/staging_dir/target-mips-rlx5281-linux/usr/include -I/home/svm/openwrt_rtk/rtk_openwrt_sdk/staging_dir/target-mips-rlx5281-linux/include -I/home/svm/openwrt_rtk/rtk_openwrt_sdk/staging_dir/rsdk-4.6.4-5281-EB-3.10-0.9.33-m32ub-20141001//include  conftest.c
conftest.c:26:19: fatal error: mathf.h: No such file or directory
compilation terminated.
configure:16149: $? = 1
configure: failed program was:
| /* confdefs.h */
| #define PACKAGE_NAME ""
| #define PACKAGE_TARNAME ""
| #define PACKAGE_VERSION ""
| #define PACKAGE_STRING ""
| #define PACKAGE_BUGREPORT ""
| #define PACKAGE_URL ""
| #define PACKAGE "faad2"
| #define VERSION "2.7.0"
| #define STDC_HEADERS 1
| #define HAVE_SYS_TYPES_H 1
| #define HAVE_SYS_STAT_H 1
| #define HAVE_STDLIB_H 1
| #define HAVE_STRING_H 1
| #define HAVE_MEMORY_H 1
| #define HAVE_STRINGS_H 1
| #define HAVE_INTTYPES_H 1
| #define HAVE_STDINT_H 1
| #define HAVE_UNISTD_H 1
| #define HAVE_DLFCN_H 1
| #define LT_OBJDIR ".libs/"
| #define STDC_HEADERS 1
| #define HAVE_STDINT_H 1
| #define HAVE_INTTYPES_H 1
| /* end confdefs.h.  */
| #include <mathf.h>
configure:16149: result: no
configure:16149: checking for mathf.h
configure:16149: result: no
configure:16161: checking float.h usability
configure:16161: rsdk-linux-gcc -c -Os -pipe -march=5281 -fno-caller-saves -fpic  -I/home/svm/openwrt_rtk/rtk_openwrt_sdk/staging_dir/target-mips-rlx5281-linux/usr/include -I/home/svm/openwrt_rtk/rtk_openwrt_sdk/staging_dir/target-mips-rlx5281-linux/include -I/home/svm/openwrt_rtk/rtk_openwrt_sdk/staging_dir/rsdk-4.6.4-5281-EB-3.10-0.9.33-m32ub-20141001//include  conftest.c >&5
configure:16161: $? = 0
configure:16161: result: yes
configure:16161: checking float.h presence
configure:16161: rsdk-linux-gcc -E -I/home/svm/openwrt_rtk/rtk_openwrt_sdk/staging_dir/target-mips-rlx5281-linux/usr/include -I/home/svm/openwrt_rtk/rtk_openwrt_sdk/staging_dir/target-mips-rlx5281-linux/include -I/home/svm/openwrt_rtk/rtk_openwrt_sdk/staging_dir/rsdk-4.6.4-5281-EB-3.10-0.9.33-m32ub-20141001//include  conftest.c
configure:16161: $? = 0
configure:16161: result: yes
configure:16161: checking for float.h
configure:16161: result: yes
configure:16174: checking for strchr
configure:16174: rsdk-linux-gcc -o conftest -Os -pipe -march=5281 -fno-caller-saves -fpic  -I/home/svm/openwrt_rtk/rtk_openwrt_sdk/staging_dir/target-mips-rlx5281-linux/usr/include -I/home/svm/openwrt_rtk/rtk_openwrt_sdk/staging_dir/target-mips-rlx5281-linux/include -I/home/svm/openwrt_rtk/rtk_openwrt_sdk/staging_dir/rsdk-4.6.4-5281-EB-3.10-0.9.33-m32ub-20141001//include  -L/home/svm/openwrt_rtk/rtk_openwrt_sdk/staging_dir/target-mips-rlx5281-linux/usr/lib -L/home/svm/openwrt_rtk/rtk_openwrt_sdk/staging_dir/target-mips-rlx5281-linux/lib -L/home/svm/openwrt_rtk/rtk_openwrt_sdk/staging_dir/rsdk-4.6.4-5281-EB-3.10-0.9.33-m32ub-20141001//lib  conftest.c  >&5
conftest.c:50:6: warning: conflicting types for built-in function 'strchr' [enabled by default]
configure:16174: $? = 0
configure:16174: result: yes
configure:16174: checking for memcpy
configure:16174: rsdk-linux-gcc -o conftest -Os -pipe -march=5281 -fno-caller-saves -fpic  -I/home/svm/openwrt_rtk/rtk_openwrt_sdk/staging_dir/target-mips-rlx5281-linux/usr/include -I/home/svm/openwrt_rtk/rtk_openwrt_sdk/staging_dir/target-mips-rlx5281-linux/include -I/home/svm/openwrt_rtk/rtk_openwrt_sdk/staging_dir/rsdk-4.6.4-5281-EB-3.10-0.9.33-m32ub-20141001//include  -L/home/svm/openwrt_rtk/rtk_openwrt_sdk/staging_dir/target-mips-rlx5281-linux/usr/lib -L/home/svm/openwrt_rtk/rtk_openwrt_sdk/staging_dir/target-mips-rlx5281-linux/lib -L/home/svm/openwrt_rtk/rtk_openwrt_sdk/staging_dir/rsdk-4.6.4-5281-EB-3.10-0.9.33-m32ub-20141001//lib  conftest.c  >&5
conftest.c:51:6: warning: conflicting types for built-in function 'memcpy' [enabled by default]
configure:16174: $? = 0
configure:16174: result: yes
configure:16185: checking sys/time.h usability
configure:16185: rsdk-linux-gcc -c -Os -pipe -march=5281 -fno-caller-saves -fpic  -I/home/svm/openwrt_rtk/rtk_openwrt_sdk/staging_dir/target-mips-rlx5281-linux/usr/include -I/home/svm/openwrt_rtk/rtk_openwrt_sdk/staging_dir/target-mips-rlx5281-linux/include -I/home/svm/openwrt_rtk/rtk_openwrt_sdk/staging_dir/rsdk-4.6.4-5281-EB-3.10-0.9.33-m32ub-20141001//include  conftest.c >&5
configure:16185: $? = 0
configure:16185: result: yes
configure:16185: checking sys/time.h presence
configure:16185: rsdk-linux-gcc -E -I/home/svm/openwrt_rtk/rtk_openwrt_sdk/staging_dir/target-mips-rlx5281-linux/usr/include -I/home/svm/openwrt_rtk/rtk_openwrt_sdk/staging_dir/target-mips-rlx5281-linux/include -I/home/svm/openwrt_rtk/rtk_openwrt_sdk/staging_dir/rsdk-4.6.4-5281-EB-3.10-0.9.33-m32ub-20141001//include  conftest.c
configure:16185: $? = 0
configure:16185: result: yes
configure:16185: checking for sys/time.h
configure:16185: result: yes
configure:16195: checking whether time.h and sys/time.h may both be included
configure:16215: rsdk-linux-gcc -c -Os -pipe -march=5281 -fno-caller-saves -fpic  -I/home/svm/openwrt_rtk/rtk_openwrt_sdk/staging_dir/target-mips-rlx5281-linux/usr/include -I/home/svm/openwrt_rtk/rtk_openwrt_sdk/staging_dir/target-mips-rlx5281-linux/include -I/home/svm/openwrt_rtk/rtk_openwrt_sdk/staging_dir/rsdk-4.6.4-5281-EB-3.10-0.9.33-m32ub-20141001//include  conftest.c >&5
configure:16215: $? = 0
configure:16222: result: yes
configure:16234: checking errno.h usability
configure:16234: rsdk-linux-gcc -c -Os -pipe -march=5281 -fno-caller-saves -fpic  -I/home/svm/openwrt_rtk/rtk_openwrt_sdk/staging_dir/target-mips-rlx5281-linux/usr/include -I/home/svm/openwrt_rtk/rtk_openwrt_sdk/staging_dir/target-mips-rlx5281-linux/include -I/home/svm/openwrt_rtk/rtk_openwrt_sdk/staging_dir/rsdk-4.6.4-5281-EB-3.10-0.9.33-m32ub-20141001//include  conftest.c >&5
configure:16234: $? = 0
configure:16234: result: yes
configure:16234: checking errno.h presence
configure:16234: rsdk-linux-gcc -E -I/home/svm/openwrt_rtk/rtk_openwrt_sdk/staging_dir/target-mips-rlx5281-linux/usr/include -I/home/svm/openwrt_rtk/rtk_openwrt_sdk/staging_dir/target-mips-rlx5281-linux/include -I/home/svm/openwrt_rtk/rtk_openwrt_sdk/staging_dir/rsdk-4.6.4-5281-EB-3.10-0.9.33-m32ub-20141001//include  conftest.c
configure:16234: $? = 0
configure:16234: result: yes
configure:16234: checking for errno.h
configure:16234: result: yes
configure:16234: checking for sys/stat.h
configure:16234: result: yes
configure:16234: checking for sys/types.h
configure:16234: result: yes
configure:16234: checking limits.h usability
configure:16234: rsdk-linux-gcc -c -Os -pipe -march=5281 -fno-caller-saves -fpic  -I/home/svm/openwrt_rtk/rtk_openwrt_sdk/staging_dir/target-mips-rlx5281-linux/usr/include -I/home/svm/openwrt_rtk/rtk_openwrt_sdk/staging_dir/target-mips-rlx5281-linux/include -I/home/svm/openwrt_rtk/rtk_openwrt_sdk/staging_dir/rsdk-4.6.4-5281-EB-3.10-0.9.33-m32ub-20141001//include  conftest.c >&5
configure:16234: $? = 0
configure:16234: result: yes
configure:16234: checking limits.h presence
configure:16234: rsdk-linux-gcc -E -I/home/svm/openwrt_rtk/rtk_openwrt_sdk/staging_dir/target-mips-rlx5281-linux/usr/include -I/home/svm/openwrt_rtk/rtk_openwrt_sdk/staging_dir/target-mips-rlx5281-linux/include -I/home/svm/openwrt_rtk/rtk_openwrt_sdk/staging_dir/rsdk-4.6.4-5281-EB-3.10-0.9.33-m32ub-20141001//include  conftest.c
configure:16234: $? = 0
configure:16234: result: yes
configure:16234: checking for limits.h
configure:16234: result: yes
configure:16246: checking sysfs/libsysfs.h usability
configure:16246: rsdk-linux-gcc -c -Os -pipe -march=5281 -fno-caller-saves -fpic  -I/home/svm/openwrt_rtk/rtk_openwrt_sdk/staging_dir/target-mips-rlx5281-linux/usr/include -I/home/svm/openwrt_rtk/rtk_openwrt_sdk/staging_dir/target-mips-rlx5281-linux/include -I/home/svm/openwrt_rtk/rtk_openwrt_sdk/staging_dir/rsdk-4.6.4-5281-EB-3.10-0.9.33-m32ub-20141001//include  conftest.c >&5
conftest.c:68:28: fatal error: sysfs/libsysfs.h: No such file or directory
compilation terminated.
configure:16246: $? = 1
configure: failed program was:
| /* confdefs.h */
| #define PACKAGE_NAME ""
| #define PACKAGE_TARNAME ""
| #define PACKAGE_VERSION ""
| #define PACKAGE_STRING ""
| #define PACKAGE_BUGREPORT ""
| #define PACKAGE_URL ""
| #define PACKAGE "faad2"
| #define VERSION "2.7.0"
| #define STDC_HEADERS 1
| #define HAVE_SYS_TYPES_H 1
| #define HAVE_SYS_STAT_H 1
| #define HAVE_STDLIB_H 1
| #define HAVE_STRING_H 1
| #define HAVE_MEMORY_H 1
| #define HAVE_STRINGS_H 1
| #define HAVE_INTTYPES_H 1
| #define HAVE_STDINT_H 1
| #define HAVE_UNISTD_H 1
| #define HAVE_DLFCN_H 1
| #define LT_OBJDIR ".libs/"
| #define STDC_HEADERS 1
| #define HAVE_STDINT_H 1
| #define HAVE_INTTYPES_H 1
| #define HAVE_FLOAT_H 1
| #define HAVE_STRCHR 1
| #define HAVE_MEMCPY 1
| #define HAVE_SYS_TIME_H 1
| #define TIME_WITH_SYS_TIME 1
| #define HAVE_ERRNO_H 1
| #define HAVE_SYS_STAT_H 1
| #define HAVE_SYS_TYPES_H 1
| #define HAVE_LIMITS_H 1
| /* end confdefs.h.  */
| #include <stdio.h>
| #ifdef HAVE_SYS_TYPES_H
| # include <sys/types.h>
| #endif
| #ifdef HAVE_SYS_STAT_H
| # include <sys/stat.h>
| #endif
| #ifdef STDC_HEADERS
| # include <stdlib.h>
| # include <stddef.h>
| #else
| # ifdef HAVE_STDLIB_H
| #  include <stdlib.h>
| # endif
| #endif
| #ifdef HAVE_STRING_H
| # if !defined STDC_HEADERS && defined HAVE_MEMORY_H
| #  include <memory.h>
| # endif
| # include <string.h>
| #endif
| #ifdef HAVE_STRINGS_H
| # include <strings.h>
| #endif
| #ifdef HAVE_INTTYPES_H
| # include <inttypes.h>
| #endif
| #ifdef HAVE_STDINT_H
| # include <stdint.h>
| #endif
| #ifdef HAVE_UNISTD_H
| # include <unistd.h>
| #endif
| #include <sysfs/libsysfs.h>
configure:16246: result: no
configure:16246: checking sysfs/libsysfs.h presence
configure:16246: rsdk-linux-gcc -E -I/home/svm/openwrt_rtk/rtk_openwrt_sdk/staging_dir/target-mips-rlx5281-linux/usr/include -I/home/svm/openwrt_rtk/rtk_openwrt_sdk/staging_dir/target-mips-rlx5281-linux/include -I/home/svm/openwrt_rtk/rtk_openwrt_sdk/staging_dir/rsdk-4.6.4-5281-EB-3.10-0.9.33-m32ub-20141001//include  conftest.c
conftest.c:35:28: fatal error: sysfs/libsysfs.h: No such file or directory
compilation terminated.
configure:16246: $? = 1
configure: failed program was:
| /* confdefs.h */
| #define PACKAGE_NAME ""
| #define PACKAGE_TARNAME ""
| #define PACKAGE_VERSION ""
| #define PACKAGE_STRING ""
| #define PACKAGE_BUGREPORT ""
| #define PACKAGE_URL ""
| #define PACKAGE "faad2"
| #define VERSION "2.7.0"
| #define STDC_HEADERS 1
| #define HAVE_SYS_TYPES_H 1
| #define HAVE_SYS_STAT_H 1
| #define HAVE_STDLIB_H 1
| #define HAVE_STRING_H 1
| #define HAVE_MEMORY_H 1
| #define HAVE_STRINGS_H 1
| #define HAVE_INTTYPES_H 1
| #define HAVE_STDINT_H 1
| #define HAVE_UNISTD_H 1
| #define HAVE_DLFCN_H 1
| #define LT_OBJDIR ".libs/"
| #define STDC_HEADERS 1
| #define HAVE_STDINT_H 1
| #define HAVE_INTTYPES_H 1
| #define HAVE_FLOAT_H 1
| #define HAVE_STRCHR 1
| #define HAVE_MEMCPY 1
| #define HAVE_SYS_TIME_H 1
| #define TIME_WITH_SYS_TIME 1
| #define HAVE_ERRNO_H 1
| #define HAVE_SYS_STAT_H 1
| #define HAVE_SYS_TYPES_H 1
| #define HAVE_LIMITS_H 1
| /* end confdefs.h.  */
| #include <sysfs/libsysfs.h>
configure:16246: result: no
configure:16246: checking for sysfs/libsysfs.h
configure:16246: result: no
configure:16258: checking IOKit/IOKitLib.h usability
configure:16258: rsdk-linux-gcc -c -Os -pipe -march=5281 -fno-caller-saves -fpic  -I/home/svm/openwrt_rtk/rtk_openwrt_sdk/staging_dir/target-mips-rlx5281-linux/usr/include -I/home/svm/openwrt_rtk/rtk_openwrt_sdk/staging_dir/target-mips-rlx5281-linux/include -I/home/svm/openwrt_rtk/rtk_openwrt_sdk/staging_dir/rsdk-4.6.4-5281-EB-3.10-0.9.33-m32ub-20141001//include  conftest.c >&5
conftest.c:68:28: fatal error: IOKit/IOKitLib.h: No such file or directory
compilation terminated.
configure:16258: $? = 1
configure: failed program was:
| /* confdefs.h */
| #define PACKAGE_NAME ""
| #define PACKAGE_TARNAME ""
| #define PACKAGE_VERSION ""
| #define PACKAGE_STRING ""
| #define PACKAGE_BUGREPORT ""
| #define PACKAGE_URL ""
| #define PACKAGE "faad2"
| #define VERSION "2.7.0"
| #define STDC_HEADERS 1
| #define HAVE_SYS_TYPES_H 1
| #define HAVE_SYS_STAT_H 1
| #define HAVE_STDLIB_H 1
| #define HAVE_STRING_H 1
| #define HAVE_MEMORY_H 1
| #define HAVE_STRINGS_H 1
| #define HAVE_INTTYPES_H 1
| #define HAVE_STDINT_H 1
| #define HAVE_UNISTD_H 1
| #define HAVE_DLFCN_H 1
| #define LT_OBJDIR ".libs/"
| #define STDC_HEADERS 1
| #define HAVE_STDINT_H 1
| #define HAVE_INTTYPES_H 1
| #define HAVE_FLOAT_H 1
| #define HAVE_STRCHR 1
| #define HAVE_MEMCPY 1
| #define HAVE_SYS_TIME_H 1
| #define TIME_WITH_SYS_TIME 1
| #define HAVE_ERRNO_H 1
| #define HAVE_SYS_STAT_H 1
| #define HAVE_SYS_TYPES_H 1
| #define HAVE_LIMITS_H 1
| /* end confdefs.h.  */
| #include <stdio.h>
| #ifdef HAVE_SYS_TYPES_H
| # include <sys/types.h>
| #endif
| #ifdef HAVE_SYS_STAT_H
| # include <sys/stat.h>
| #endif
| #ifdef STDC_HEADERS
| # include <stdlib.h>
| # include <stddef.h>
| #else
| # ifdef HAVE_STDLIB_H
| #  include <stdlib.h>
| # endif
| #endif
| #ifdef HAVE_STRING_H
| # if !defined STDC_HEADERS && defined HAVE_MEMORY_H
| #  include <memory.h>
| # endif
| # include <string.h>
| #endif
| #ifdef HAVE_STRINGS_H
| # include <strings.h>
| #endif
| #ifdef HAVE_INTTYPES_H
| # include <inttypes.h>
| #endif
| #ifdef HAVE_STDINT_H
| # include <stdint.h>
| #endif
| #ifdef HAVE_UNISTD_H
| # include <unistd.h>
| #endif
| #include <IOKit/IOKitLib.h>
configure:16258: result: no
configure:16258: checking IOKit/IOKitLib.h presence
configure:16258: rsdk-linux-gcc -E -I/home/svm/openwrt_rtk/rtk_openwrt_sdk/staging_dir/target-mips-rlx5281-linux/usr/include -I/home/svm/openwrt_rtk/rtk_openwrt_sdk/staging_dir/target-mips-rlx5281-linux/include -I/home/svm/openwrt_rtk/rtk_openwrt_sdk/staging_dir/rsdk-4.6.4-5281-EB-3.10-0.9.33-m32ub-20141001//include  conftest.c
conftest.c:35:28: fatal error: IOKit/IOKitLib.h: No such file or directory
compilation terminated.
configure:16258: $? = 1
configure: failed program was:
| /* confdefs.h */
| #define PACKAGE_NAME ""
| #define PACKAGE_TARNAME ""
| #define PACKAGE_VERSION ""
| #define PACKAGE_STRING ""
| #define PACKAGE_BUGREPORT ""
| #define PACKAGE_URL ""
| #define PACKAGE "faad2"
| #define VERSION "2.7.0"
| #define STDC_HEADERS 1
| #define HAVE_SYS_TYPES_H 1
| #define HAVE_SYS_STAT_H 1
| #define HAVE_STDLIB_H 1
| #define HAVE_STRING_H 1
| #define HAVE_MEMORY_H 1
| #define HAVE_STRINGS_H 1
| #define HAVE_INTTYPES_H 1
| #define HAVE_STDINT_H 1
| #define HAVE_UNISTD_H 1
| #define HAVE_DLFCN_H 1
| #define LT_OBJDIR ".libs/"
| #define STDC_HEADERS 1
| #define HAVE_STDINT_H 1
| #define HAVE_INTTYPES_H 1
| #define HAVE_FLOAT_H 1
| #define HAVE_STRCHR 1
| #define HAVE_MEMCPY 1
| #define HAVE_SYS_TIME_H 1
| #define TIME_WITH_SYS_TIME 1
| #define HAVE_ERRNO_H 1
| #define HAVE_SYS_STAT_H 1
| #define HAVE_SYS_TYPES_H 1
| #define HAVE_LIMITS_H 1
| /* end confdefs.h.  */
| #include <IOKit/IOKitLib.h>
configure:16258: result: no
configure:16258: checking for IOKit/IOKitLib.h
configure:16258: result: no
configure:16307: checking for getpwuid
configure:16307: rsdk-linux-gcc -o conftest -Os -pipe -march=5281 -fno-caller-saves -fpic  -I/home/svm/openwrt_rtk/rtk_openwrt_sdk/staging_dir/target-mips-rlx5281-linux/usr/include -I/home/svm/openwrt_rtk/rtk_openwrt_sdk/staging_dir/target-mips-rlx5281-linux/include -I/home/svm/openwrt_rtk/rtk_openwrt_sdk/staging_dir/rsdk-4.6.4-5281-EB-3.10-0.9.33-m32ub-20141001//include  -L/home/svm/openwrt_rtk/rtk_openwrt_sdk/staging_dir/target-mips-rlx5281-linux/usr/lib -L/home/svm/openwrt_rtk/rtk_openwrt_sdk/staging_dir/target-mips-rlx5281-linux/lib -L/home/svm/openwrt_rtk/rtk_openwrt_sdk/staging_dir/rsdk-4.6.4-5281-EB-3.10-0.9.33-m32ub-20141001//lib  conftest.c  >&5
configure:16307: $? = 0
configure:16307: result: yes
configure:16317: checking for inline
configure:16333: rsdk-linux-gcc -c -Os -pipe -march=5281 -fno-caller-saves -fpic  -I/home/svm/openwrt_rtk/rtk_openwrt_sdk/staging_dir/target-mips-rlx5281-linux/usr/include -I/home/svm/openwrt_rtk/rtk_openwrt_sdk/staging_dir/target-mips-rlx5281-linux/include -I/home/svm/openwrt_rtk/rtk_openwrt_sdk/staging_dir/rsdk-4.6.4-5281-EB-3.10-0.9.33-m32ub-20141001//include  conftest.c >&5
configure:16333: $? = 0
configure:16341: result: inline
configure:16359: checking whether byte ordering is bigendian
configure:16565: result: yes
configure:16584: checking for off_t
configure:16584: rsdk-linux-gcc -c -Os -pipe -march=5281 -fno-caller-saves -fpic  -I/home/svm/openwrt_rtk/rtk_openwrt_sdk/staging_dir/target-mips-rlx5281-linux/usr/include -I/home/svm/openwrt_rtk/rtk_openwrt_sdk/staging_dir/target-mips-rlx5281-linux/include -I/home/svm/openwrt_rtk/rtk_openwrt_sdk/staging_dir/rsdk-4.6.4-5281-EB-3.10-0.9.33-m32ub-20141001//include  conftest.c >&5
configure:16584: $? = 0
configure:16584: rsdk-linux-gcc -c -Os -pipe -march=5281 -fno-caller-saves -fpic  -I/home/svm/openwrt_rtk/rtk_openwrt_sdk/staging_dir/target-mips-rlx5281-linux/usr/include -I/home/svm/openwrt_rtk/rtk_openwrt_sdk/staging_dir/target-mips-rlx5281-linux/include -I/home/svm/openwrt_rtk/rtk_openwrt_sdk/staging_dir/rsdk-4.6.4-5281-EB-3.10-0.9.33-m32ub-20141001//include  conftest.c >&5
conftest.c: In function 'main':
conftest.c:73:20: error: expected expression before ')' token
configure:16584: $? = 1
configure: failed program was:
| /* confdefs.h */
| #define PACKAGE_NAME ""
| #define PACKAGE_TARNAME ""
| #define PACKAGE_VERSION ""
| #define PACKAGE_STRING ""
| #define PACKAGE_BUGREPORT ""
| #define PACKAGE_URL ""
| #define PACKAGE "faad2"
| #define VERSION "2.7.0"
| #define STDC_HEADERS 1
| #define HAVE_SYS_TYPES_H 1
| #define HAVE_SYS_STAT_H 1
| #define HAVE_STDLIB_H 1
| #define HAVE_STRING_H 1
| #define HAVE_MEMORY_H 1
| #define HAVE_STRINGS_H 1
| #define HAVE_INTTYPES_H 1
| #define HAVE_STDINT_H 1
| #define HAVE_UNISTD_H 1
| #define HAVE_DLFCN_H 1
| #define LT_OBJDIR ".libs/"
| #define STDC_HEADERS 1
| #define HAVE_STDINT_H 1
| #define HAVE_INTTYPES_H 1
| #define HAVE_FLOAT_H 1
| #define HAVE_STRCHR 1
| #define HAVE_MEMCPY 1
| #define HAVE_SYS_TIME_H 1
| #define TIME_WITH_SYS_TIME 1
| #define HAVE_ERRNO_H 1
| #define HAVE_SYS_STAT_H 1
| #define HAVE_SYS_TYPES_H 1
| #define HAVE_LIMITS_H 1
| #define HAVE_GETPWUID 1
| #define WORDS_BIGENDIAN 1
| /* end confdefs.h.  */
| #include <stdio.h>
| #ifdef HAVE_SYS_TYPES_H
| # include <sys/types.h>
| #endif
| #ifdef HAVE_SYS_STAT_H
| # include <sys/stat.h>
| #endif
| #ifdef STDC_HEADERS
| # include <stdlib.h>
| # include <stddef.h>
| #else
| # ifdef HAVE_STDLIB_H
| #  include <stdlib.h>
| # endif
| #endif
| #ifdef HAVE_STRING_H
| # if !defined STDC_HEADERS && defined HAVE_MEMORY_H
| #  include <memory.h>
| # endif
| # include <string.h>
| #endif
| #ifdef HAVE_STRINGS_H
| # include <strings.h>
| #endif
| #ifdef HAVE_INTTYPES_H
| # include <inttypes.h>
| #endif
| #ifdef HAVE_STDINT_H
| # include <stdint.h>
| #endif
| #ifdef HAVE_UNISTD_H
| # include <unistd.h>
| #endif
| int
| main ()
| {
| if (sizeof ((off_t)))
| 	    return 0;
|   ;
|   return 0;
| }
configure:16584: result: yes
configure:16599: checking for lrintf
configure:16625: rsdk-linux-gcc -o conftest -O -lm -I/home/svm/openwrt_rtk/rtk_openwrt_sdk/staging_dir/target-mips-rlx5281-linux/usr/include -I/home/svm/openwrt_rtk/rtk_openwrt_sdk/staging_dir/target-mips-rlx5281-linux/include -I/home/svm/openwrt_rtk/rtk_openwrt_sdk/staging_dir/rsdk-4.6.4-5281-EB-3.10-0.9.33-m32ub-20141001//include  -L/home/svm/openwrt_rtk/rtk_openwrt_sdk/staging_dir/target-mips-rlx5281-linux/usr/lib -L/home/svm/openwrt_rtk/rtk_openwrt_sdk/staging_dir/target-mips-rlx5281-linux/lib -L/home/svm/openwrt_rtk/rtk_openwrt_sdk/staging_dir/rsdk-4.6.4-5281-EB-3.10-0.9.33-m32ub-20141001//lib  conftest.c  >&5
configure:16625: $? = 0
configure:16637: result: yes
configure:16648: checking for float32_t temp
configure:16662: rsdk-linux-gcc -c -Os -pipe -march=5281 -fno-caller-saves -fpic  -I/home/svm/openwrt_rtk/rtk_openwrt_sdk/staging_dir/target-mips-rlx5281-linux/usr/include -I/home/svm/openwrt_rtk/rtk_openwrt_sdk/staging_dir/target-mips-rlx5281-linux/include -I/home/svm/openwrt_rtk/rtk_openwrt_sdk/staging_dir/rsdk-4.6.4-5281-EB-3.10-0.9.33-m32ub-20141001//include  conftest.c >&5
conftest.c:38:23: warning: extra tokens at end of #include directive [enabled by default]
conftest.c:39:31: fatal error: sys/float.h: No such file or directory
compilation terminated.
configure:16662: $? = 1
configure: failed program was:
| /* confdefs.h */
| #define PACKAGE_NAME ""
| #define PACKAGE_TARNAME ""
| #define PACKAGE_VERSION ""
| #define PACKAGE_STRING ""
| #define PACKAGE_BUGREPORT ""
| #define PACKAGE_URL ""
| #define PACKAGE "faad2"
| #define VERSION "2.7.0"
| #define STDC_HEADERS 1
| #define HAVE_SYS_TYPES_H 1
| #define HAVE_SYS_STAT_H 1
| #define HAVE_STDLIB_H 1
| #define HAVE_STRING_H 1
| #define HAVE_MEMORY_H 1
| #define HAVE_STRINGS_H 1
| #define HAVE_INTTYPES_H 1
| #define HAVE_STDINT_H 1
| #define HAVE_UNISTD_H 1
| #define HAVE_DLFCN_H 1
| #define LT_OBJDIR ".libs/"
| #define STDC_HEADERS 1
| #define HAVE_STDINT_H 1
| #define HAVE_INTTYPES_H 1
| #define HAVE_FLOAT_H 1
| #define HAVE_STRCHR 1
| #define HAVE_MEMCPY 1
| #define HAVE_SYS_TIME_H 1
| #define TIME_WITH_SYS_TIME 1
| #define HAVE_ERRNO_H 1
| #define HAVE_SYS_STAT_H 1
| #define HAVE_SYS_TYPES_H 1
| #define HAVE_LIMITS_H 1
| #define HAVE_GETPWUID 1
| #define WORDS_BIGENDIAN 1
| #define HAVE_LRINTF 1
| /* end confdefs.h.  */
| #include <sys/types.h>,
|         #include <sys/float.h>
| int
| main ()
| {
| float32_t temp;
|   ;
|   return 0;
| }
configure:16675: result: no
configure:16682: checking for strsep
configure:16682: rsdk-linux-gcc -o conftest -Os -pipe -march=5281 -fno-caller-saves -fpic  -I/home/svm/openwrt_rtk/rtk_openwrt_sdk/staging_dir/target-mips-rlx5281-linux/usr/include -I/home/svm/openwrt_rtk/rtk_openwrt_sdk/staging_dir/target-mips-rlx5281-linux/include -I/home/svm/openwrt_rtk/rtk_openwrt_sdk/staging_dir/rsdk-4.6.4-5281-EB-3.10-0.9.33-m32ub-20141001//include  -L/home/svm/openwrt_rtk/rtk_openwrt_sdk/staging_dir/target-mips-rlx5281-linux/usr/lib -L/home/svm/openwrt_rtk/rtk_openwrt_sdk/staging_dir/target-mips-rlx5281-linux/lib -L/home/svm/openwrt_rtk/rtk_openwrt_sdk/staging_dir/rsdk-4.6.4-5281-EB-3.10-0.9.33-m32ub-20141001//lib  conftest.c  >&5
configure:16682: $? = 0
configure:16682: result: yes
configure:16694: checking for mpeg4ip-config
configure:16722: result: no
configure:16875: no xmms build configured
configure:17072: creating ./config.status

## ---------------------- ##
## Running config.status. ##
## ---------------------- ##

This file was extended by config.status, which was
generated by GNU Autoconf 2.68.  Invocation command line was

  CONFIG_FILES    = 
  CONFIG_HEADERS  = 
  CONFIG_LINKS    = 
  CONFIG_COMMANDS = 
  $ ./config.status 

on ubuntu

config.status:1189: creating libfaad/Makefile
config.status:1189: creating common/Makefile
config.status:1189: creating common/mp4ff/Makefile
config.status:1189: creating plugins/Makefile
config.status:1189: creating plugins/xmms/Makefile
config.status:1189: creating plugins/xmms/src/Makefile
config.status:1189: creating plugins/mpeg4ip/Makefile
config.status:1189: creating faad2.spec
config.status:1189: creating frontend/Makefile
config.status:1189: creating Makefile
config.status:1189: creating config.h
config.status:1418: executing depfiles commands
config.status:1418: executing libtool commands
configure:19587: WARNING: unrecognized options: --disable-nls, --disable-ipv6, --with-mp4v2

## ---------------- ##
## Cache variables. ##
## ---------------- ##

ac_cv_build=x86_64-pc-linux-gnu
ac_cv_c99_lrintf=yes
ac_cv_c_bigendian=yes
ac_cv_c_compiler_gnu=yes
ac_cv_c_gettext_without_libintl=yes
ac_cv_c_inline=inline
ac_cv_c_littleendian=no
ac_cv_c_long_double=no
ac_cv_conv_longlong_to_float=yes
ac_cv_cxx_compiler_gnu=yes
ac_cv_env_CCC_set=
ac_cv_env_CCC_value=
ac_cv_env_CC_set=set
ac_cv_env_CC_value=rsdk-linux-gcc
ac_cv_env_CFLAGS_set=set
ac_cv_env_CFLAGS_value='-Os -pipe -march=5281 -fno-caller-saves -fpic '
ac_cv_env_CPPFLAGS_set=set
ac_cv_env_CPPFLAGS_value='-I/home/svm/openwrt_rtk/rtk_openwrt_sdk/staging_dir/target-mips-rlx5281-linux/usr/include -I/home/svm/openwrt_rtk/rtk_openwrt_sdk/staging_dir/target-mips-rlx5281-linux/include -I/home/svm/openwrt_rtk/rtk_openwrt_sdk/staging_dir/rsdk-4.6.4-5281-EB-3.10-0.9.33-m32ub-20141001//include '
ac_cv_env_CPP_set=
ac_cv_env_CPP_value=
ac_cv_env_CXXCPP_set=
ac_cv_env_CXXCPP_value=
ac_cv_env_CXXFLAGS_set=set
ac_cv_env_CXXFLAGS_value='-Os -pipe -march=5281 -fno-caller-saves -fpic '
ac_cv_env_CXX_set=set
ac_cv_env_CXX_value=rsdk-linux-g++
ac_cv_env_LDFLAGS_set=set
ac_cv_env_LDFLAGS_value='-L/home/svm/openwrt_rtk/rtk_openwrt_sdk/staging_dir/target-mips-rlx5281-linux/usr/lib -L/home/svm/openwrt_rtk/rtk_openwrt_sdk/staging_dir/target-mips-rlx5281-linux/lib -L/home/svm/openwrt_rtk/rtk_openwrt_sdk/staging_dir/rsdk-4.6.4-5281-EB-3.10-0.9.33-m32ub-20141001//lib '
ac_cv_env_LIBS_set=
ac_cv_env_LIBS_value=
ac_cv_env_build_alias_set=set
ac_cv_env_build_alias_value=x86_64-linux-gnu
ac_cv_env_host_alias_set=set
ac_cv_env_host_alias_value=mips-rlx5281-linux
ac_cv_env_target_alias_set=set
ac_cv_env_target_alias_value=mips-rlx5281-linux
ac_cv_file__dev_zero=yes
ac_cv_func___adjtimex=yes
ac_cv_func___va_copy=no
ac_cv_func__exit=yes
ac_cv_func_bcmp=yes
ac_cv_func_bcopy=yes
ac_cv_func_bzero=yes
ac_cv_func_cimag=yes
ac_cv_func_creal=yes
ac_cv_func_fchmod=yes
ac_cv_func_getaddrinfo=yes
ac_cv_func_getcwd=yes
ac_cv_func_getdomainname=yes
ac_cv_func_getpgrp_void=yes
ac_cv_func_getpwuid=yes
ac_cv_func_getpwuid_r=yes
ac_cv_func_gettimeofday=yes
ac_cv_func_index=yes
ac_cv_func_lstat=yes
ac_cv_func_lstat_dereferences_slashed_symlink=yes
ac_cv_func_lstat_empty_string_bug=no
ac_cv_func_malloc_0_nonnull=yes
ac_cv_func_malloc_works=yes
ac_cv_func_memcmp_clean=yes
ac_cv_func_memcmp_working=yes
ac_cv_func_memcpy=yes
ac_cv_func_posix_getgrgid_r=yes
ac_cv_func_posix_getpwuid_r=yes
ac_cv_func_psignal=yes
ac_cv_func_pthread_key_delete=yes
ac_cv_func_realloc_0_nonnull=yes
ac_cv_func_realloc_works=yes
ac_cv_func_rename=yes
ac_cv_func_rindex=yes
ac_cv_func_setgrent_void=yes
ac_cv_func_setlocale=yes
ac_cv_func_setpgrp_void=yes
ac_cv_func_setresuid=no
ac_cv_func_setvbuf_reversed=no
ac_cv_func_stat_empty_string_bug=no
ac_cv_func_stat_ignores_trailing_slash=no
ac_cv_func_strchr=yes
ac_cv_func_strerror=yes
ac_cv_func_strftime=yes
ac_cv_func_strsep=yes
ac_cv_func_utimes=yes
ac_cv_func_va_copy=no
ac_cv_func_vsnprintf=yes
ac_cv_have_accrights_in_msghdr=no
ac_cv_have_broken_snprintf=no
ac_cv_have_control_in_msghdr=yes
ac_cv_have_decl_sys_siglist=no
ac_cv_have_openpty_ctty_bug=yes
ac_cv_have_space_d_name_in_struct_dirent=yes
ac_cv_header_IOKit_IOKitLib_h=no
ac_cv_header_dlfcn_h=yes
ac_cv_header_errno_h=yes
ac_cv_header_float_h=yes
ac_cv_header_inttypes_h=yes
ac_cv_header_limits_h=yes
ac_cv_header_mathf_h=no
ac_cv_header_memory_h=yes
ac_cv_header_netinet_sctp_h=no
ac_cv_header_netinet_sctp_uio_h=no
ac_cv_header_stdc=yes
ac_cv_header_stdint_h=yes
ac_cv_header_stdlib_h=yes
ac_cv_header_string_h=yes
ac_cv_header_strings_h=yes
ac_cv_header_sys_stat_h=yes
ac_cv_header_sys_time_h=yes
ac_cv_header_sys_types_h=yes
ac_cv_header_sysfs_libsysfs_h=no
ac_cv_header_time=yes
ac_cv_header_unistd_h=yes
ac_cv_host=mips-rlx5281-linux-gnu
ac_cv_int64_t=yes
ac_cv_lbl_unaligned_fail=no
ac_cv_linux_kernel_pppoe=yes
ac_cv_linux_vers=2
ac_cv_objext=o
ac_cv_pack_bitfields_reversed=yes
ac_cv_path_EGREP='/home/svm/openwrt_rtk/rtk_openwrt_sdk/staging_dir/host/bin/grep -E'
ac_cv_path_FGREP='/home/svm/openwrt_rtk/rtk_openwrt_sdk/staging_dir/host/bin/grep -F'
ac_cv_path_GREP=/home/svm/openwrt_rtk/rtk_openwrt_sdk/staging_dir/host/bin/grep
ac_cv_path_LDCONFIG=
ac_cv_path_SED=/home/svm/openwrt_rtk/rtk_openwrt_sdk/staging_dir/host/bin/sed
ac_cv_path_install='/usr/bin/install -c'
ac_cv_path_mkdir=/bin/mkdir
ac_cv_prog_AR=rsdk-linux-ar
ac_cv_prog_AWK=gawk
ac_cv_prog_CC=rsdk-linux-gcc
ac_cv_prog_CPP='rsdk-linux-gcc -E'
ac_cv_prog_CXXCPP='rsdk-linux-g++ -E'
ac_cv_prog_OBJDUMP=rsdk-linux-objdump
ac_cv_prog_RANLIB=rsdk-linux-ranlib
ac_cv_prog_STRIP=rsdk-linux-strip
ac_cv_prog_ac_ct_MANIFEST_TOOL=mt
ac_cv_prog_cc_c89=
ac_cv_prog_cc_g=yes
ac_cv_prog_cc_rsdk_linux_gcc_c_o=yes
ac_cv_prog_cxx_g=yes
ac_cv_prog_external_mp4v2=no
ac_cv_prog_make_make_set=yes
ac_cv_regexec_segfault_emptystr=no
ac_cv_sctp=no
ac_cv_sizeof___int64=0
ac_cv_sizeof_char=1
ac_cv_sizeof_int16_t=2
ac_cv_sizeof_int32_t=4
ac_cv_sizeof_int64_t=8
ac_cv_sizeof_int=4
ac_cv_sizeof_long=4
ac_cv_sizeof_long_int=4
ac_cv_sizeof_long_long=8
ac_cv_sizeof_off_t=8
ac_cv_sizeof_short=2
ac_cv_sizeof_short_int=2
ac_cv_sizeof_size_t=4
ac_cv_sizeof_ssize_t=4
ac_cv_sizeof_u_int16_t=2
ac_cv_sizeof_u_int32_t=4
ac_cv_sizeof_u_int64_t=8
ac_cv_sizeof_uint16_t=2
ac_cv_sizeof_uint32_t=4
ac_cv_sizeof_uint64_t=8
ac_cv_sizeof_unsigned_int=4
ac_cv_sizeof_unsigned_long=4
ac_cv_sizeof_unsigned_long_long=8
ac_cv_sizeof_unsigned_short=2
ac_cv_sizeof_void_p=4
ac_cv_sys_restartable_syscalls=yes
ac_cv_time_r_type=POSIX
ac_cv_type_off_t=yes
ac_cv_type_suseconds_t=yes
ac_cv_uchar=no
ac_cv_uint64_t=yes
ac_cv_uint=yes
ac_cv_ulong=yes
ac_cv_ushort=yes
ac_cv_va_copy=C99
ac_cv_va_val_copy=yes
am_cv_CC_dependencies_compiler_type=gcc3
am_cv_CXX_dependencies_compiler_type=gcc3
as_cv_unaligned_access=yes
lt_cv_ar_at_file=@
lt_cv_archive_cmds_need_lc=no
lt_cv_deplibs_check_method=pass_all
lt_cv_file_magic_cmd='$MAGIC_CMD'
lt_cv_file_magic_test_file=
lt_cv_ld_reload_flag=-r
lt_cv_nm_interface='BSD nm'
lt_cv_objdir=.libs
lt_cv_path_LD=rsdk-linux-ld
lt_cv_path_LDCXX=rsdk-linux-ld
lt_cv_path_NM=rsdk-linux-nm
lt_cv_path_mainfest_tool=no
lt_cv_prog_compiler_c_o=yes
lt_cv_prog_compiler_c_o_CXX=yes
lt_cv_prog_compiler_pic='-fPIC -DPIC'
lt_cv_prog_compiler_pic_CXX='-fPIC -DPIC'
lt_cv_prog_compiler_pic_works=yes
lt_cv_prog_compiler_pic_works_CXX=yes
lt_cv_prog_compiler_rtti_exceptions=no
lt_cv_prog_compiler_static_works=yes
lt_cv_prog_compiler_static_works_CXX=yes
lt_cv_prog_gnu_ld=yes
lt_cv_prog_gnu_ldcxx=yes
lt_cv_sharedlib_from_linklib_cmd='printf %s\n'
lt_cv_shlibpath_overrides_runpath=no
lt_cv_sys_global_symbol_pipe='sed -n -e '\''s/^.*[	 ]\([ABCDGIRSTW][ABCDGIRSTW]*\)[	 ][	 ]*\([_A-Za-z][_A-Za-z0-9]*\)$/\1 \2 \2/p'\'' | sed '\''/ __gnu_lto/d'\'''
lt_cv_sys_global_symbol_to_c_name_address='sed -n -e '\''s/^: \([^ ]*\)[ ]*$/  {\"\1\", (void *) 0},/p'\'' -e '\''s/^[ABCDGIRSTW]* \([^ ]*\) \([^ ]*\)$/  {"\2", (void *) \&\2},/p'\'''
lt_cv_sys_global_symbol_to_c_name_address_lib_prefix='sed -n -e '\''s/^: \([^ ]*\)[ ]*$/  {\"\1\", (void *) 0},/p'\'' -e '\''s/^[ABCDGIRSTW]* \([^ ]*\) \(lib[^ ]*\)$/  {"\2", (void *) \&\2},/p'\'' -e '\''s/^[ABCDGIRSTW]* \([^ ]*\) \([^ ]*\)$/  {"lib\2", (void *) \&\2},/p'\'''
lt_cv_sys_global_symbol_to_cdecl='sed -n -e '\''s/^T .* \(.*\)$/extern int \1();/p'\'' -e '\''s/^[ABCDGIRSTW]* .* \(.*\)$/extern char \1;/p'\'''
lt_cv_sys_max_cmd_len=1572864
lt_cv_to_host_file_cmd=func_convert_file_noop
lt_cv_to_tool_file_cmd=func_convert_file_noop

## ----------------- ##
## Output variables. ##
## ----------------- ##

ACLOCAL='${SHELL} /home/svm/openwrt_rtk/rtk_openwrt_sdk/build_dir/target-mips-rlx5281-linux/faad2-2.7/missing --run aclocal-1.11'
AMDEPBACKSLASH='\'
AMDEP_FALSE='#'
AMDEP_TRUE=''
AMTAR='$${TAR-tar}'
AR='rsdk-linux-ar'
AUTOCONF='${SHELL} /home/svm/openwrt_rtk/rtk_openwrt_sdk/build_dir/target-mips-rlx5281-linux/faad2-2.7/missing --run autoconf'
AUTOHEADER='${SHELL} /home/svm/openwrt_rtk/rtk_openwrt_sdk/build_dir/target-mips-rlx5281-linux/faad2-2.7/missing --run autoheader'
AUTOMAKE='${SHELL} /home/svm/openwrt_rtk/rtk_openwrt_sdk/build_dir/target-mips-rlx5281-linux/faad2-2.7/missing --run automake-1.11'
AWK='gawk'
CC='rsdk-linux-gcc'
CCDEPMODE='depmode=gcc3'
CFLAGS='-Os -pipe -march=5281 -fno-caller-saves -fpic '
CPP='rsdk-linux-gcc -E'
CPPFLAGS='-I/home/svm/openwrt_rtk/rtk_openwrt_sdk/staging_dir/target-mips-rlx5281-linux/usr/include -I/home/svm/openwrt_rtk/rtk_openwrt_sdk/staging_dir/target-mips-rlx5281-linux/include -I/home/svm/openwrt_rtk/rtk_openwrt_sdk/staging_dir/rsdk-4.6.4-5281-EB-3.10-0.9.33-m32ub-20141001//include '
CXX='rsdk-linux-g++'
CXXCPP='rsdk-linux-g++ -E'
CXXDEPMODE='depmode=gcc3'
CXXFLAGS='-Os -pipe -march=5281 -fno-caller-saves -fpic '
CYGPATH_W='echo'
DEFS='-DHAVE_CONFIG_H'
DEPDIR='.deps'
DLLTOOL='false'
DSYMUTIL=''
DUMPBIN=''
ECHO_C=''
ECHO_N='-n'
ECHO_T=''
EGREP='/home/svm/openwrt_rtk/rtk_openwrt_sdk/staging_dir/host/bin/grep -E'
EXEEXT=''
FGREP='/home/svm/openwrt_rtk/rtk_openwrt_sdk/staging_dir/host/bin/grep -F'
GREP='/home/svm/openwrt_rtk/rtk_openwrt_sdk/staging_dir/host/bin/grep'
GTK_CONFIG=''
HAVE_MPEG4IP_PLUG_FALSE=''
HAVE_MPEG4IP_PLUG_TRUE='#'
HAVE_XMMS_FALSE=''
HAVE_XMMS_TRUE='#'
INSTALL_DATA='${INSTALL} -m 644'
INSTALL_PROGRAM='${INSTALL}'
INSTALL_SCRIPT='${INSTALL}'
INSTALL_STRIP_PROGRAM='$(install_sh) -c -s'
LD='rsdk-linux-ld'
LDFLAGS='-L/home/svm/openwrt_rtk/rtk_openwrt_sdk/staging_dir/target-mips-rlx5281-linux/usr/lib -L/home/svm/openwrt_rtk/rtk_openwrt_sdk/staging_dir/target-mips-rlx5281-linux/lib -L/home/svm/openwrt_rtk/rtk_openwrt_sdk/staging_dir/rsdk-4.6.4-5281-EB-3.10-0.9.33-m32ub-20141001//lib '
LIBOBJS=''
LIBS=''
LIBTOOL='$(SHELL) $(top_builddir)/libtool'
LIBTOOL_DEPS='./ltmain.sh'
LIPO=''
LN_S='ln -s'
LTLIBOBJS=''
MAKEINFO='${SHELL} /home/svm/openwrt_rtk/rtk_openwrt_sdk/build_dir/target-mips-rlx5281-linux/faad2-2.7/missing --run makeinfo'
MANIFEST_TOOL=':'
MKDIR_P='/bin/mkdir -p'
MP4FF_LIBS=''
NM='rsdk-linux-nm'
NMEDIT=''
OBJDUMP='rsdk-linux-objdump'
OBJEXT='o'
OTOOL64=''
OTOOL=''
PACKAGE='faad2'
PACKAGE_BUGREPORT=''
PACKAGE_NAME=''
PACKAGE_STRING=''
PACKAGE_TARNAME=''
PACKAGE_URL=''
PACKAGE_VERSION=''
PATH_SEPARATOR=':'
RANLIB='rsdk-linux-ranlib'
RPMBUILD='rpm'
SED='/home/svm/openwrt_rtk/rtk_openwrt_sdk/staging_dir/host/bin/sed'
SET_MAKE=''
SHELL='/bin/bash'
STRIP='rsdk-linux-strip'
VERSION='2.7.0'
XMMS_CONFIG=''
ac_ct_AR=''
ac_ct_CC=''
ac_ct_CXX=''
ac_ct_DUMPBIN=''
am__EXEEXT_FALSE=''
am__EXEEXT_TRUE='#'
am__fastdepCC_FALSE='#'
am__fastdepCC_TRUE=''
am__fastdepCXX_FALSE='#'
am__fastdepCXX_TRUE=''
am__include='include'
am__isrc=''
am__leading_dot='.'
am__nodep='_no'
am__quote=''
am__tar='$${TAR-tar} chof - "$$tardir"'
am__untar='$${TAR-tar} xf -'
bindir='/usr/bin'
build='x86_64-pc-linux-gnu'
build_alias='x86_64-linux-gnu'
build_cpu='x86_64'
build_os='linux-gnu'
build_vendor='pc'
datadir='/usr/share'
datarootdir='${prefix}/share'
docdir='${datarootdir}/doc/${PACKAGE}'
dvidir='${docdir}'
exec_prefix='/usr'
external_mp4v2='no'
host='mips-rlx5281-linux-gnu'
host_alias='mips-rlx5281-linux'
host_cpu='mips'
host_os='linux-gnu'
host_vendor='rlx5281'
htmldir='${docdir}'
includedir='${prefix}/include'
infodir='/usr/info'
install_sh='${SHELL} /home/svm/openwrt_rtk/rtk_openwrt_sdk/build_dir/target-mips-rlx5281-linux/faad2-2.7/install-sh'
libdir='${exec_prefix}/lib'
libexecdir='/usr/lib'
localedir='${datarootdir}/locale'
localstatedir='/var'
mandir='/usr/man'
mkdir_p='/bin/mkdir -p'
oldincludedir='/usr/include'
pdfdir='${docdir}'
prefix='/usr'
program_transform_name='s&$$&&;s&^&&'
psdir='${docdir}'
sbindir='/usr/sbin'
sharedstatedir='${prefix}/com'
sysconfdir='/etc'
target_alias='mips-rlx5281-linux'

## ----------- ##
## confdefs.h. ##
## ----------- ##

/* confdefs.h */
#define PACKAGE_NAME ""
#define PACKAGE_TARNAME ""
#define PACKAGE_VERSION ""
#define PACKAGE_STRING ""
#define PACKAGE_BUGREPORT ""
#define PACKAGE_URL ""
#define PACKAGE "faad2"
#define VERSION "2.7.0"
#define STDC_HEADERS 1
#define HAVE_SYS_TYPES_H 1
#define HAVE_SYS_STAT_H 1
#define HAVE_STDLIB_H 1
#define HAVE_STRING_H 1
#define HAVE_MEMORY_H 1
#define HAVE_STRINGS_H 1
#define HAVE_INTTYPES_H 1
#define HAVE_STDINT_H 1
#define HAVE_UNISTD_H 1
#define HAVE_DLFCN_H 1
#define LT_OBJDIR ".libs/"
#define STDC_HEADERS 1
#define HAVE_STDINT_H 1
#define HAVE_INTTYPES_H 1
#define HAVE_FLOAT_H 1
#define HAVE_STRCHR 1
#define HAVE_MEMCPY 1
#define HAVE_SYS_TIME_H 1
#define TIME_WITH_SYS_TIME 1
#define HAVE_ERRNO_H 1
#define HAVE_SYS_STAT_H 1
#define HAVE_SYS_TYPES_H 1
#define HAVE_LIMITS_H 1
#define HAVE_GETPWUID 1
#define WORDS_BIGENDIAN 1
#define HAVE_LRINTF 1
#define HAVE_STRSEP 1

configure: exit 0
