This file contains any messages produced by compilers while
running configure, to aid debugging if configure makes a mistake.

It was created by libvorbis configure 1.3.4, which was
generated by GNU Autoconf 2.68.  Invocation command line was

  $ ./configure --target=mips-rlx5281-linux --host=mips-rlx5281-linux --build=x86_64-linux-gnu --program-prefix= --program-suffix= --prefix=/usr --exec-prefix=/usr --bindir=/usr/bin --sbindir=/usr/sbin --libexecdir=/usr/lib --sysconfdir=/etc --datadir=/usr/share --localstatedir=/var --mandir=/usr/man --infodir=/usr/info --disable-nls --disable-ipv6 --disable-oggtest

## --------- ##
## Platform. ##
## --------- ##

hostname = ubuntu
uname -m = x86_64
uname -r = 4.15.0-208-generic
uname -s = Linux
uname -v = #220-Ubuntu SMP Mon Mar 20 14:27:01 UTC 2023

/usr/bin/uname -p = unknown
/bin/uname -X     = unknown

/bin/arch              = unknown
/usr/bin/arch -k       = unknown
/usr/convex/getsysinfo = unknown
/usr/bin/hostinfo      = unknown
/bin/machine           = unknown
/usr/bin/oslevel       = unknown
/bin/universe          = unknown

PATH: /home/svm/openwrt_rtk/rtk_openwrt_sdk/staging_dir/target-mips-rlx5281-linux/host/bin
PATH: /home/svm/openwrt_rtk/rtk_openwrt_sdk/staging_dir/toolchain-mips-rlx5281-linux/bin
PATH: /home/svm/openwrt_rtk/rtk_openwrt_sdk/staging_dir/rsdk-4.6.4-5281-EB-3.10-0.9.33-m32ub-20141001//bin
PATH: /home/svm/openwrt_rtk/rtk_openwrt_sdk/staging_dir/host/bin
PATH: /home/svm/openwrt_rtk/rtk_openwrt_sdk/staging_dir/toolchain-mips-rlx5281-linux/bin
PATH: /home/svm/openwrt_rtk/rtk_openwrt_sdk/staging_dir/rsdk-4.6.4-5281-EB-3.10-0.9.33-m32ub-20141001//bin
PATH: /home/svm/openwrt_rtk/rtk_openwrt_sdk/staging_dir/host/bin
PATH: /usr/local/sbin
PATH: /usr/local/bin
PATH: /usr/sbin
PATH: /usr/bin
PATH: /sbin
PATH: /bin
PATH: /usr/games
PATH: /usr/local/games
PATH: /snap/bin


## ----------- ##
## Core tests. ##
## ----------- ##

configure:2197: loading site script /home/svm/openwrt_rtk/rtk_openwrt_sdk/include/site/mips-rlx5281-linux
| #!/bin/sh
| 
| . $TOPDIR/include/site/mips-linux
| . $TOPDIR/include/site/linux-uclibc
| 
configure:2329: checking build system type
configure:2343: result: x86_64-pc-linux-gnu
configure:2363: checking host system type
configure:2376: result: mips-rlx5281-linux-gnu
configure:2396: checking target system type
configure:2409: result: mips-rlx5281-linux-gnu
configure:2452: checking for a BSD-compatible install
configure:2520: result: /usr/bin/install -c
configure:2531: checking whether build environment is sane
configure:2581: result: yes
configure:2630: checking for mips-rlx5281-linux-strip
configure:2657: result: rsdk-linux-strip
configure:2722: checking for a thread-safe mkdir -p
configure:2761: result: /bin/mkdir -p
configure:2774: checking for gawk
configure:2790: found /usr/bin/gawk
configure:2801: result: gawk
configure:2812: checking whether make sets $(MAKE)
configure:2834: result: yes
configure:2915: checking whether to enable maintainer-specific portions of Makefiles
configure:2924: result: no
configure:2974: checking for mips-rlx5281-linux-gcc
configure:3001: result: rsdk-linux-gcc
configure:3270: checking for C compiler version
configure:3279: rsdk-linux-gcc --version >&5
mips-linux-xgcc (Realtek RSDK-4.6.4 Build 2002) 4.6.4
Copyright (C) 2011 Free Software Foundation, Inc.
This is free software; see the source for copying conditions.  There is NO
warranty; not even for MERCHANTABILITY or FITNESS FOR A PARTICULAR PURPOSE.

configure:3290: $? = 0
configure:3279: rsdk-linux-gcc -v >&5
Reading specs from /home/svm/openwrt_rtk/rtk_openwrt_sdk/staging_dir/rsdk-4.6.4-5281-EB-3.10-0.9.33-m32ub-20141001/bin/../lib/gcc/mips-linux-uclibc/4.6.4/specs
COLLECT_GCC=/home/svm/openwrt_rtk/rtk_openwrt_sdk/staging_dir/rsdk-4.6.4-5281-EB-3.10-0.9.33-m32ub-20141001/bin/mips-linux-xgcc
COLLECT_LTO_WRAPPER=/home/svm/openwrt_rtk/rtk_openwrt_sdk/staging_dir/rsdk-4.6.4-5281-EB-3.10-0.9.33-m32ub-20141001/bin/../libexec/gcc/mips-linux-uclibc/4.6.4/lto-wrapper
Target: mips-linux-uclibc
Configured with: Realtek SDK Builder release 4.6
Thread model: posix
gcc version 4.6.4 (Realtek RSDK-4.6.4 Build 2002) 
configure:3290: $? = 0
configure:3279: rsdk-linux-gcc -V >&5
mips-linux-xgcc: fatal error: no input files
compilation terminated.
configure:3290: $? = 1
configure:3279: rsdk-linux-gcc -qversion >&5
mips-linux-xgcc: fatal error: no input files
compilation terminated.
configure:3290: $? = 1
configure:3310: checking whether the C compiler works
configure:3332: rsdk-linux-gcc -Os -pipe -march=5281 -fno-caller-saves  -I/home/svm/openwrt_rtk/rtk_openwrt_sdk/staging_dir/target-mips-rlx5281-linux/usr/include -I/home/svm/openwrt_rtk/rtk_openwrt_sdk/staging_dir/target-mips-rlx5281-linux/include -I/home/svm/openwrt_rtk/rtk_openwrt_sdk/staging_dir/rsdk-4.6.4-5281-EB-3.10-0.9.33-m32ub-20141001//include  -L/home/svm/openwrt_rtk/rtk_openwrt_sdk/staging_dir/target-mips-rlx5281-linux/usr/lib -L/home/svm/openwrt_rtk/rtk_openwrt_sdk/staging_dir/target-mips-rlx5281-linux/lib -L/home/svm/openwrt_rtk/rtk_openwrt_sdk/staging_dir/rsdk-4.6.4-5281-EB-3.10-0.9.33-m32ub-20141001//lib  conftest.c  >&5
configure:3336: $? = 0
configure:3384: result: yes
configure:3387: checking for C compiler default output file name
configure:3389: result: a.out
configure:3395: checking for suffix of executables
configure:3402: rsdk-linux-gcc -o conftest -Os -pipe -march=5281 -fno-caller-saves  -I/home/svm/openwrt_rtk/rtk_openwrt_sdk/staging_dir/target-mips-rlx5281-linux/usr/include -I/home/svm/openwrt_rtk/rtk_openwrt_sdk/staging_dir/target-mips-rlx5281-linux/include -I/home/svm/openwrt_rtk/rtk_openwrt_sdk/staging_dir/rsdk-4.6.4-5281-EB-3.10-0.9.33-m32ub-20141001//include  -L/home/svm/openwrt_rtk/rtk_openwrt_sdk/staging_dir/target-mips-rlx5281-linux/usr/lib -L/home/svm/openwrt_rtk/rtk_openwrt_sdk/staging_dir/target-mips-rlx5281-linux/lib -L/home/svm/openwrt_rtk/rtk_openwrt_sdk/staging_dir/rsdk-4.6.4-5281-EB-3.10-0.9.33-m32ub-20141001//lib  conftest.c  >&5
configure:3406: $? = 0
configure:3428: result: 
configure:3450: checking whether we are cross compiling
configure:3488: result: yes
configure:3493: checking for suffix of object files
configure:3515: rsdk-linux-gcc -c -Os -pipe -march=5281 -fno-caller-saves  -I/home/svm/openwrt_rtk/rtk_openwrt_sdk/staging_dir/target-mips-rlx5281-linux/usr/include -I/home/svm/openwrt_rtk/rtk_openwrt_sdk/staging_dir/target-mips-rlx5281-linux/include -I/home/svm/openwrt_rtk/rtk_openwrt_sdk/staging_dir/rsdk-4.6.4-5281-EB-3.10-0.9.33-m32ub-20141001//include  conftest.c >&5
configure:3519: $? = 0
configure:3540: result: o
configure:3544: checking whether we are using the GNU C compiler
configure:3563: rsdk-linux-gcc -c -Os -pipe -march=5281 -fno-caller-saves  -I/home/svm/openwrt_rtk/rtk_openwrt_sdk/staging_dir/target-mips-rlx5281-linux/usr/include -I/home/svm/openwrt_rtk/rtk_openwrt_sdk/staging_dir/target-mips-rlx5281-linux/include -I/home/svm/openwrt_rtk/rtk_openwrt_sdk/staging_dir/rsdk-4.6.4-5281-EB-3.10-0.9.33-m32ub-20141001//include  conftest.c >&5
configure:3563: $? = 0
configure:3572: result: yes
configure:3581: checking whether rsdk-linux-gcc accepts -g
configure:3601: rsdk-linux-gcc -c -g -I/home/svm/openwrt_rtk/rtk_openwrt_sdk/staging_dir/target-mips-rlx5281-linux/usr/include -I/home/svm/openwrt_rtk/rtk_openwrt_sdk/staging_dir/target-mips-rlx5281-linux/include -I/home/svm/openwrt_rtk/rtk_openwrt_sdk/staging_dir/rsdk-4.6.4-5281-EB-3.10-0.9.33-m32ub-20141001//include  conftest.c >&5
configure:3601: $? = 0
configure:3642: result: yes
configure:3659: checking for rsdk-linux-gcc option to accept ISO C89
configure:3723: rsdk-linux-gcc  -c -Os -pipe -march=5281 -fno-caller-saves  -I/home/svm/openwrt_rtk/rtk_openwrt_sdk/staging_dir/target-mips-rlx5281-linux/usr/include -I/home/svm/openwrt_rtk/rtk_openwrt_sdk/staging_dir/target-mips-rlx5281-linux/include -I/home/svm/openwrt_rtk/rtk_openwrt_sdk/staging_dir/rsdk-4.6.4-5281-EB-3.10-0.9.33-m32ub-20141001//include  conftest.c >&5
configure:3723: $? = 0
configure:3736: result: none needed
configure:3767: checking for style of include used by make
configure:3795: result: GNU
configure:3821: checking dependency style of rsdk-linux-gcc
configure:3932: result: gcc3
configure:3952: checking how to run the C preprocessor
configure:3983: rsdk-linux-gcc -E -I/home/svm/openwrt_rtk/rtk_openwrt_sdk/staging_dir/target-mips-rlx5281-linux/usr/include -I/home/svm/openwrt_rtk/rtk_openwrt_sdk/staging_dir/target-mips-rlx5281-linux/include -I/home/svm/openwrt_rtk/rtk_openwrt_sdk/staging_dir/rsdk-4.6.4-5281-EB-3.10-0.9.33-m32ub-20141001//include  conftest.c
configure:3983: $? = 0
configure:3997: rsdk-linux-gcc -E -I/home/svm/openwrt_rtk/rtk_openwrt_sdk/staging_dir/target-mips-rlx5281-linux/usr/include -I/home/svm/openwrt_rtk/rtk_openwrt_sdk/staging_dir/target-mips-rlx5281-linux/include -I/home/svm/openwrt_rtk/rtk_openwrt_sdk/staging_dir/rsdk-4.6.4-5281-EB-3.10-0.9.33-m32ub-20141001//include  conftest.c
conftest.c:11:28: fatal error: ac_nonexistent.h: No such file or directory
compilation terminated.
configure:3997: $? = 1
configure: failed program was:
| /* confdefs.h */
| #define PACKAGE_NAME "libvorbis"
| #define PACKAGE_TARNAME "libvorbis"
| #define PACKAGE_VERSION "1.3.4"
| #define PACKAGE_STRING "libvorbis 1.3.4"
| #define PACKAGE_BUGREPORT "vorbis-dev@xiph.org"
| #define PACKAGE_URL ""
| #define PACKAGE "libvorbis"
| #define VERSION "1.3.4"
| /* end confdefs.h.  */
| #include <ac_nonexistent.h>
configure:4022: result: rsdk-linux-gcc -E
configure:4042: rsdk-linux-gcc -E -I/home/svm/openwrt_rtk/rtk_openwrt_sdk/staging_dir/target-mips-rlx5281-linux/usr/include -I/home/svm/openwrt_rtk/rtk_openwrt_sdk/staging_dir/target-mips-rlx5281-linux/include -I/home/svm/openwrt_rtk/rtk_openwrt_sdk/staging_dir/rsdk-4.6.4-5281-EB-3.10-0.9.33-m32ub-20141001//include  conftest.c
configure:4042: $? = 0
configure:4056: rsdk-linux-gcc -E -I/home/svm/openwrt_rtk/rtk_openwrt_sdk/staging_dir/target-mips-rlx5281-linux/usr/include -I/home/svm/openwrt_rtk/rtk_openwrt_sdk/staging_dir/target-mips-rlx5281-linux/include -I/home/svm/openwrt_rtk/rtk_openwrt_sdk/staging_dir/rsdk-4.6.4-5281-EB-3.10-0.9.33-m32ub-20141001//include  conftest.c
conftest.c:11:28: fatal error: ac_nonexistent.h: No such file or directory
compilation terminated.
configure:4056: $? = 1
configure: failed program was:
| /* confdefs.h */
| #define PACKAGE_NAME "libvorbis"
| #define PACKAGE_TARNAME "libvorbis"
| #define PACKAGE_VERSION "1.3.4"
| #define PACKAGE_STRING "libvorbis 1.3.4"
| #define PACKAGE_BUGREPORT "vorbis-dev@xiph.org"
| #define PACKAGE_URL ""
| #define PACKAGE "libvorbis"
| #define VERSION "1.3.4"
| /* end confdefs.h.  */
| #include <ac_nonexistent.h>
configure:4087: checking for inline
configure:4103: rsdk-linux-gcc -c -Os -pipe -march=5281 -fno-caller-saves  -I/home/svm/openwrt_rtk/rtk_openwrt_sdk/staging_dir/target-mips-rlx5281-linux/usr/include -I/home/svm/openwrt_rtk/rtk_openwrt_sdk/staging_dir/target-mips-rlx5281-linux/include -I/home/svm/openwrt_rtk/rtk_openwrt_sdk/staging_dir/rsdk-4.6.4-5281-EB-3.10-0.9.33-m32ub-20141001//include  conftest.c >&5
configure:4103: $? = 0
configure:4111: result: inline
configure:4479: checking how to print strings
configure:4506: result: printf
configure:4527: checking for a sed that does not truncate output
configure:4591: result: /home/svm/openwrt_rtk/rtk_openwrt_sdk/staging_dir/host/bin/sed
configure:4609: checking for grep that handles long lines and -e
configure:4667: result: /home/svm/openwrt_rtk/rtk_openwrt_sdk/staging_dir/host/bin/grep
configure:4672: checking for egrep
configure:4734: result: /home/svm/openwrt_rtk/rtk_openwrt_sdk/staging_dir/host/bin/grep -E
configure:4739: checking for fgrep
configure:4801: result: /home/svm/openwrt_rtk/rtk_openwrt_sdk/staging_dir/host/bin/grep -F
configure:4836: checking for ld used by rsdk-linux-gcc
configure:4903: result: rsdk-linux-ld
configure:4910: checking if the linker (rsdk-linux-ld) is GNU ld
configure:4925: result: yes
configure:4937: checking for BSD- or MS-compatible name lister (nm)
configure:4986: result: rsdk-linux-nm
configure:5116: checking the name lister (rsdk-linux-nm) interface
configure:5123: rsdk-linux-gcc -c -Os -pipe -march=5281 -fno-caller-saves  -I/home/svm/openwrt_rtk/rtk_openwrt_sdk/staging_dir/target-mips-rlx5281-linux/usr/include -I/home/svm/openwrt_rtk/rtk_openwrt_sdk/staging_dir/target-mips-rlx5281-linux/include -I/home/svm/openwrt_rtk/rtk_openwrt_sdk/staging_dir/rsdk-4.6.4-5281-EB-3.10-0.9.33-m32ub-20141001//include  conftest.c >&5
configure:5126: rsdk-linux-nm "conftest.o"
configure:5129: output
00000000 B some_variable
configure:5136: result: BSD nm
configure:5139: checking whether ln -s works
configure:5143: result: yes
configure:5151: checking the maximum length of command line arguments
configure:5276: result: 1572864
configure:5293: checking whether the shell understands some XSI constructs
configure:5303: result: yes
configure:5307: checking whether the shell understands "+="
configure:5313: result: yes
configure:5348: checking how to convert x86_64-pc-linux-gnu file names to mips-rlx5281-linux-gnu format
configure:5388: result: func_convert_file_noop
configure:5395: checking how to convert x86_64-pc-linux-gnu file names to toolchain format
configure:5415: result: func_convert_file_noop
configure:5422: checking for rsdk-linux-ld option to reload object files
configure:5429: result: -r
configure:5463: checking for mips-rlx5281-linux-objdump
configure:5490: result: rsdk-linux-objdump
configure:5559: checking how to recognize dependent libraries
configure:5761: result: pass_all
configure:5806: checking for mips-rlx5281-linux-dlltool
configure:5833: result: dlltool
configure:5903: checking how to associate runtime and link libraries
configure:5930: result: printf %s\n
configure:5946: checking for mips-rlx5281-linux-ar
configure:5973: result: rsdk-linux-ar
configure:6054: checking for archiver @FILE support
configure:6071: rsdk-linux-gcc -c -Os -pipe -march=5281 -fno-caller-saves  -I/home/svm/openwrt_rtk/rtk_openwrt_sdk/staging_dir/target-mips-rlx5281-linux/usr/include -I/home/svm/openwrt_rtk/rtk_openwrt_sdk/staging_dir/target-mips-rlx5281-linux/include -I/home/svm/openwrt_rtk/rtk_openwrt_sdk/staging_dir/rsdk-4.6.4-5281-EB-3.10-0.9.33-m32ub-20141001//include  conftest.c >&5
configure:6071: $? = 0
configure:6074: rsdk-linux-ar cru libconftest.a @conftest.lst >&5
configure:6077: $? = 0
configure:6082: rsdk-linux-ar cru libconftest.a @conftest.lst >&5
rsdk-linux-ar: conftest.o: No such file or directory
configure:6085: $? = 1
configure:6097: result: @
configure:6115: checking for mips-rlx5281-linux-strip
configure:6142: result: rsdk-linux-strip
configure:6214: checking for mips-rlx5281-linux-ranlib
configure:6241: result: rsdk-linux-ranlib
configure:6383: checking command to parse rsdk-linux-nm output from rsdk-linux-gcc object
configure:6502: rsdk-linux-gcc -c -Os -pipe -march=5281 -fno-caller-saves  -I/home/svm/openwrt_rtk/rtk_openwrt_sdk/staging_dir/target-mips-rlx5281-linux/usr/include -I/home/svm/openwrt_rtk/rtk_openwrt_sdk/staging_dir/target-mips-rlx5281-linux/include -I/home/svm/openwrt_rtk/rtk_openwrt_sdk/staging_dir/rsdk-4.6.4-5281-EB-3.10-0.9.33-m32ub-20141001//include  conftest.c >&5
configure:6505: $? = 0
configure:6509: rsdk-linux-nm conftest.o \| sed -n -e 's/^.*[ ]\([ABCDGIRSTW][ABCDGIRSTW]*\)[ ][ ]*\([_A-Za-z][_A-Za-z0-9]*\)$/\1 \2 \2/p' | sed '/ __gnu_lto/d' \> conftest.nm
configure:6512: $? = 0
configure:6578: rsdk-linux-gcc -o conftest -Os -pipe -march=5281 -fno-caller-saves  -I/home/svm/openwrt_rtk/rtk_openwrt_sdk/staging_dir/target-mips-rlx5281-linux/usr/include -I/home/svm/openwrt_rtk/rtk_openwrt_sdk/staging_dir/target-mips-rlx5281-linux/include -I/home/svm/openwrt_rtk/rtk_openwrt_sdk/staging_dir/rsdk-4.6.4-5281-EB-3.10-0.9.33-m32ub-20141001//include  -L/home/svm/openwrt_rtk/rtk_openwrt_sdk/staging_dir/target-mips-rlx5281-linux/usr/lib -L/home/svm/openwrt_rtk/rtk_openwrt_sdk/staging_dir/target-mips-rlx5281-linux/lib -L/home/svm/openwrt_rtk/rtk_openwrt_sdk/staging_dir/rsdk-4.6.4-5281-EB-3.10-0.9.33-m32ub-20141001//lib  conftest.c conftstm.o >&5
configure:6581: $? = 0
configure:6619: result: ok
configure:6656: checking for sysroot
configure:6686: result: no
configure:6889: checking for mips-rlx5281-linux-mt
configure:6919: result: no
configure:6929: checking for mt
configure:6945: found /bin/mt
configure:6956: result: mt
configure:6968: WARNING: using cross tools not prefixed with host triplet
configure:6979: checking if mt is a manifest tool
configure:6985: mt '-?'
configure:6993: result: no
configure:7621: checking for ANSI C header files
configure:7641: rsdk-linux-gcc -c -Os -pipe -march=5281 -fno-caller-saves  -I/home/svm/openwrt_rtk/rtk_openwrt_sdk/staging_dir/target-mips-rlx5281-linux/usr/include -I/home/svm/openwrt_rtk/rtk_openwrt_sdk/staging_dir/target-mips-rlx5281-linux/include -I/home/svm/openwrt_rtk/rtk_openwrt_sdk/staging_dir/rsdk-4.6.4-5281-EB-3.10-0.9.33-m32ub-20141001//include  conftest.c >&5
configure:7641: $? = 0
configure:7725: result: yes
configure:7738: checking for sys/types.h
configure:7738: rsdk-linux-gcc -c -Os -pipe -march=5281 -fno-caller-saves  -I/home/svm/openwrt_rtk/rtk_openwrt_sdk/staging_dir/target-mips-rlx5281-linux/usr/include -I/home/svm/openwrt_rtk/rtk_openwrt_sdk/staging_dir/target-mips-rlx5281-linux/include -I/home/svm/openwrt_rtk/rtk_openwrt_sdk/staging_dir/rsdk-4.6.4-5281-EB-3.10-0.9.33-m32ub-20141001//include  conftest.c >&5
configure:7738: $? = 0
configure:7738: result: yes
configure:7738: checking for sys/stat.h
configure:7738: rsdk-linux-gcc -c -Os -pipe -march=5281 -fno-caller-saves  -I/home/svm/openwrt_rtk/rtk_openwrt_sdk/staging_dir/target-mips-rlx5281-linux/usr/include -I/home/svm/openwrt_rtk/rtk_openwrt_sdk/staging_dir/target-mips-rlx5281-linux/include -I/home/svm/openwrt_rtk/rtk_openwrt_sdk/staging_dir/rsdk-4.6.4-5281-EB-3.10-0.9.33-m32ub-20141001//include  conftest.c >&5
configure:7738: $? = 0
configure:7738: result: yes
configure:7738: checking for stdlib.h
configure:7738: rsdk-linux-gcc -c -Os -pipe -march=5281 -fno-caller-saves  -I/home/svm/openwrt_rtk/rtk_openwrt_sdk/staging_dir/target-mips-rlx5281-linux/usr/include -I/home/svm/openwrt_rtk/rtk_openwrt_sdk/staging_dir/target-mips-rlx5281-linux/include -I/home/svm/openwrt_rtk/rtk_openwrt_sdk/staging_dir/rsdk-4.6.4-5281-EB-3.10-0.9.33-m32ub-20141001//include  conftest.c >&5
configure:7738: $? = 0
configure:7738: result: yes
configure:7738: checking for string.h
configure:7738: rsdk-linux-gcc -c -Os -pipe -march=5281 -fno-caller-saves  -I/home/svm/openwrt_rtk/rtk_openwrt_sdk/staging_dir/target-mips-rlx5281-linux/usr/include -I/home/svm/openwrt_rtk/rtk_openwrt_sdk/staging_dir/target-mips-rlx5281-linux/include -I/home/svm/openwrt_rtk/rtk_openwrt_sdk/staging_dir/rsdk-4.6.4-5281-EB-3.10-0.9.33-m32ub-20141001//include  conftest.c >&5
configure:7738: $? = 0
configure:7738: result: yes
configure:7738: checking for memory.h
configure:7738: rsdk-linux-gcc -c -Os -pipe -march=5281 -fno-caller-saves  -I/home/svm/openwrt_rtk/rtk_openwrt_sdk/staging_dir/target-mips-rlx5281-linux/usr/include -I/home/svm/openwrt_rtk/rtk_openwrt_sdk/staging_dir/target-mips-rlx5281-linux/include -I/home/svm/openwrt_rtk/rtk_openwrt_sdk/staging_dir/rsdk-4.6.4-5281-EB-3.10-0.9.33-m32ub-20141001//include  conftest.c >&5
configure:7738: $? = 0
configure:7738: result: yes
configure:7738: checking for strings.h
configure:7738: rsdk-linux-gcc -c -Os -pipe -march=5281 -fno-caller-saves  -I/home/svm/openwrt_rtk/rtk_openwrt_sdk/staging_dir/target-mips-rlx5281-linux/usr/include -I/home/svm/openwrt_rtk/rtk_openwrt_sdk/staging_dir/target-mips-rlx5281-linux/include -I/home/svm/openwrt_rtk/rtk_openwrt_sdk/staging_dir/rsdk-4.6.4-5281-EB-3.10-0.9.33-m32ub-20141001//include  conftest.c >&5
configure:7738: $? = 0
configure:7738: result: yes
configure:7738: checking for inttypes.h
configure:7738: rsdk-linux-gcc -c -Os -pipe -march=5281 -fno-caller-saves  -I/home/svm/openwrt_rtk/rtk_openwrt_sdk/staging_dir/target-mips-rlx5281-linux/usr/include -I/home/svm/openwrt_rtk/rtk_openwrt_sdk/staging_dir/target-mips-rlx5281-linux/include -I/home/svm/openwrt_rtk/rtk_openwrt_sdk/staging_dir/rsdk-4.6.4-5281-EB-3.10-0.9.33-m32ub-20141001//include  conftest.c >&5
configure:7738: $? = 0
configure:7738: result: yes
configure:7738: checking for stdint.h
configure:7738: rsdk-linux-gcc -c -Os -pipe -march=5281 -fno-caller-saves  -I/home/svm/openwrt_rtk/rtk_openwrt_sdk/staging_dir/target-mips-rlx5281-linux/usr/include -I/home/svm/openwrt_rtk/rtk_openwrt_sdk/staging_dir/target-mips-rlx5281-linux/include -I/home/svm/openwrt_rtk/rtk_openwrt_sdk/staging_dir/rsdk-4.6.4-5281-EB-3.10-0.9.33-m32ub-20141001//include  conftest.c >&5
configure:7738: $? = 0
configure:7738: result: yes
configure:7738: checking for unistd.h
configure:7738: rsdk-linux-gcc -c -Os -pipe -march=5281 -fno-caller-saves  -I/home/svm/openwrt_rtk/rtk_openwrt_sdk/staging_dir/target-mips-rlx5281-linux/usr/include -I/home/svm/openwrt_rtk/rtk_openwrt_sdk/staging_dir/target-mips-rlx5281-linux/include -I/home/svm/openwrt_rtk/rtk_openwrt_sdk/staging_dir/rsdk-4.6.4-5281-EB-3.10-0.9.33-m32ub-20141001//include  conftest.c >&5
configure:7738: $? = 0
configure:7738: result: yes
configure:7752: checking for dlfcn.h
configure:7752: rsdk-linux-gcc -c -Os -pipe -march=5281 -fno-caller-saves  -I/home/svm/openwrt_rtk/rtk_openwrt_sdk/staging_dir/target-mips-rlx5281-linux/usr/include -I/home/svm/openwrt_rtk/rtk_openwrt_sdk/staging_dir/target-mips-rlx5281-linux/include -I/home/svm/openwrt_rtk/rtk_openwrt_sdk/staging_dir/rsdk-4.6.4-5281-EB-3.10-0.9.33-m32ub-20141001//include  conftest.c >&5
configure:7752: $? = 0
configure:7752: result: yes
configure:7937: checking for objdir
configure:7952: result: .libs
configure:8219: checking if rsdk-linux-gcc supports -fno-rtti -fno-exceptions
configure:8237: rsdk-linux-gcc -c -Os -pipe -march=5281 -fno-caller-saves  -I/home/svm/openwrt_rtk/rtk_openwrt_sdk/staging_dir/target-mips-rlx5281-linux/usr/include -I/home/svm/openwrt_rtk/rtk_openwrt_sdk/staging_dir/target-mips-rlx5281-linux/include -I/home/svm/openwrt_rtk/rtk_openwrt_sdk/staging_dir/rsdk-4.6.4-5281-EB-3.10-0.9.33-m32ub-20141001//include  -fno-rtti -fno-exceptions conftest.c >&5
cc1: warning: command line option '-fno-rtti' is valid for C++/ObjC++ but not for C [enabled by default]
configure:8241: $? = 0
configure:8254: result: no
configure:8564: checking for rsdk-linux-gcc option to produce PIC
configure:8571: result: -fPIC -DPIC
configure:8579: checking if rsdk-linux-gcc PIC flag -fPIC -DPIC works
configure:8597: rsdk-linux-gcc -c -Os -pipe -march=5281 -fno-caller-saves  -I/home/svm/openwrt_rtk/rtk_openwrt_sdk/staging_dir/target-mips-rlx5281-linux/usr/include -I/home/svm/openwrt_rtk/rtk_openwrt_sdk/staging_dir/target-mips-rlx5281-linux/include -I/home/svm/openwrt_rtk/rtk_openwrt_sdk/staging_dir/rsdk-4.6.4-5281-EB-3.10-0.9.33-m32ub-20141001//include  -fPIC -DPIC -DPIC conftest.c >&5
configure:8601: $? = 0
configure:8614: result: yes
configure:8643: checking if rsdk-linux-gcc static flag -static works
configure:8671: result: yes
configure:8686: checking if rsdk-linux-gcc supports -c -o file.o
configure:8707: rsdk-linux-gcc -c -Os -pipe -march=5281 -fno-caller-saves  -I/home/svm/openwrt_rtk/rtk_openwrt_sdk/staging_dir/target-mips-rlx5281-linux/usr/include -I/home/svm/openwrt_rtk/rtk_openwrt_sdk/staging_dir/target-mips-rlx5281-linux/include -I/home/svm/openwrt_rtk/rtk_openwrt_sdk/staging_dir/rsdk-4.6.4-5281-EB-3.10-0.9.33-m32ub-20141001//include  -o out/conftest2.o conftest.c >&5
configure:8711: $? = 0
configure:8733: result: yes
configure:8741: checking if rsdk-linux-gcc supports -c -o file.o
configure:8788: result: yes
configure:8821: checking whether the rsdk-linux-gcc linker (rsdk-linux-ld) supports shared libraries
configure:9979: result: yes
configure:10016: checking whether -lc should be explicitly linked in
configure:10024: rsdk-linux-gcc -c -Os -pipe -march=5281 -fno-caller-saves  -I/home/svm/openwrt_rtk/rtk_openwrt_sdk/staging_dir/target-mips-rlx5281-linux/usr/include -I/home/svm/openwrt_rtk/rtk_openwrt_sdk/staging_dir/target-mips-rlx5281-linux/include -I/home/svm/openwrt_rtk/rtk_openwrt_sdk/staging_dir/rsdk-4.6.4-5281-EB-3.10-0.9.33-m32ub-20141001//include  conftest.c >&5
configure:10027: $? = 0
configure:10042: rsdk-linux-gcc -shared  -fPIC -DPIC conftest.o  -v -Wl,-soname -Wl,conftest -o conftest 2\>\&1 \| /home/svm/openwrt_rtk/rtk_openwrt_sdk/staging_dir/host/bin/grep  -lc  \>/dev/null 2\>\&1
configure:10045: $? = 0
configure:10059: result: no
configure:10224: checking dynamic linker characteristics
configure:10738: rsdk-linux-gcc -o conftest -Os -pipe -march=5281 -fno-caller-saves  -I/home/svm/openwrt_rtk/rtk_openwrt_sdk/staging_dir/target-mips-rlx5281-linux/usr/include -I/home/svm/openwrt_rtk/rtk_openwrt_sdk/staging_dir/target-mips-rlx5281-linux/include -I/home/svm/openwrt_rtk/rtk_openwrt_sdk/staging_dir/rsdk-4.6.4-5281-EB-3.10-0.9.33-m32ub-20141001//include  -L/home/svm/openwrt_rtk/rtk_openwrt_sdk/staging_dir/target-mips-rlx5281-linux/usr/lib -L/home/svm/openwrt_rtk/rtk_openwrt_sdk/staging_dir/target-mips-rlx5281-linux/lib -L/home/svm/openwrt_rtk/rtk_openwrt_sdk/staging_dir/rsdk-4.6.4-5281-EB-3.10-0.9.33-m32ub-20141001//lib  -Wl,-rpath -Wl,/foo conftest.c  >&5
configure:10738: $? = 0
configure:10960: result: GNU/Linux ld.so
configure:11067: checking how to hardcode library paths into programs
configure:11092: result: immediate
configure:11632: checking whether stripping libraries is possible
configure:11637: result: yes
configure:11672: checking if libtool supports shared libraries
configure:11674: result: yes
configure:11677: checking whether to build shared libraries
configure:11698: result: yes
configure:11701: checking whether to build static libraries
configure:11705: result: yes
configure:11741: checking whether rsdk-linux-gcc and cc understand -c and -o together
configure:11772: rsdk-linux-gcc -c conftest.c -o conftest2.o >&5
configure:11776: $? = 0
configure:11782: rsdk-linux-gcc -c conftest.c -o conftest2.o >&5
configure:11786: $? = 0
configure:11797: cc -c conftest.c >&5
configure:11801: $? = 0
configure:11809: cc -c conftest.c -o conftest2.o >&5
configure:11813: $? = 0
configure:11819: cc -c conftest.c -o conftest2.o >&5
configure:11823: $? = 0
configure:11841: result: yes
configure:12069: checking GCC version
configure:12072: result: 4.6.4
configure:12213: checking if rsdk-linux-gcc accepts -Wdeclaration-after-statement
configure:12228: rsdk-linux-gcc -o conftest -O20 -Wall -Wextra -ffast-math -D_REENTRANT -fsigned-char -Wdeclaration-after-statement -I/home/svm/openwrt_rtk/rtk_openwrt_sdk/staging_dir/target-mips-rlx5281-linux/usr/include -I/home/svm/openwrt_rtk/rtk_openwrt_sdk/staging_dir/target-mips-rlx5281-linux/include -I/home/svm/openwrt_rtk/rtk_openwrt_sdk/staging_dir/rsdk-4.6.4-5281-EB-3.10-0.9.33-m32ub-20141001//include  -L/home/svm/openwrt_rtk/rtk_openwrt_sdk/staging_dir/target-mips-rlx5281-linux/usr/lib -L/home/svm/openwrt_rtk/rtk_openwrt_sdk/staging_dir/target-mips-rlx5281-linux/lib -L/home/svm/openwrt_rtk/rtk_openwrt_sdk/staging_dir/rsdk-4.6.4-5281-EB-3.10-0.9.33-m32ub-20141001//lib  conftest.c  >&5
configure:12228: $? = 0
configure:12229: result: yes
configure:12243: checking for memory.h
configure:12243: result: yes
configure:12255: checking for cos in -lm
configure:12280: rsdk-linux-gcc -o conftest -O20 -Wall -Wextra -ffast-math -D_REENTRANT -fsigned-char -Wdeclaration-after-statement -Os -pipe -march=5281 -fno-caller-saves  -DUSE_MEMORY_H -I/home/svm/openwrt_rtk/rtk_openwrt_sdk/staging_dir/target-mips-rlx5281-linux/usr/include -I/home/svm/openwrt_rtk/rtk_openwrt_sdk/staging_dir/target-mips-rlx5281-linux/include -I/home/svm/openwrt_rtk/rtk_openwrt_sdk/staging_dir/rsdk-4.6.4-5281-EB-3.10-0.9.33-m32ub-20141001//include  -L/home/svm/openwrt_rtk/rtk_openwrt_sdk/staging_dir/target-mips-rlx5281-linux/usr/lib -L/home/svm/openwrt_rtk/rtk_openwrt_sdk/staging_dir/target-mips-rlx5281-linux/lib -L/home/svm/openwrt_rtk/rtk_openwrt_sdk/staging_dir/rsdk-4.6.4-5281-EB-3.10-0.9.33-m32ub-20141001//lib  conftest.c -lm   >&5
conftest.c:30:6: warning: conflicting types for built-in function 'cos' [enabled by default]
configure:12280: $? = 0
configure:12289: result: yes
configure:12297: checking for pthread_create in -lpthread
configure:12322: rsdk-linux-gcc -o conftest -O20 -Wall -Wextra -ffast-math -D_REENTRANT -fsigned-char -Wdeclaration-after-statement -Os -pipe -march=5281 -fno-caller-saves  -DUSE_MEMORY_H -I/home/svm/openwrt_rtk/rtk_openwrt_sdk/staging_dir/target-mips-rlx5281-linux/usr/include -I/home/svm/openwrt_rtk/rtk_openwrt_sdk/staging_dir/target-mips-rlx5281-linux/include -I/home/svm/openwrt_rtk/rtk_openwrt_sdk/staging_dir/rsdk-4.6.4-5281-EB-3.10-0.9.33-m32ub-20141001//include  -L/home/svm/openwrt_rtk/rtk_openwrt_sdk/staging_dir/target-mips-rlx5281-linux/usr/lib -L/home/svm/openwrt_rtk/rtk_openwrt_sdk/staging_dir/target-mips-rlx5281-linux/lib -L/home/svm/openwrt_rtk/rtk_openwrt_sdk/staging_dir/rsdk-4.6.4-5281-EB-3.10-0.9.33-m32ub-20141001//lib  conftest.c -lpthread   >&5
configure:12322: $? = 0
configure:12331: result: yes
configure:12444: checking pkg-config is at least version 0.9.0
configure:12447: result: yes
configure:12462: checking for OGG
configure:12470: $PKG_CONFIG --exists --print-errors "ogg >= 1.0"
configure:12473: $? = 0
configure:12488: $PKG_CONFIG --exists --print-errors "ogg >= 1.0"
configure:12491: $? = 0
configure:12527: result: yes
configure:12710: checking for size_t
configure:12710: rsdk-linux-gcc -c -O20 -Wall -Wextra -ffast-math -D_REENTRANT -fsigned-char -Wdeclaration-after-statement -Os -pipe -march=5281 -fno-caller-saves  -DUSE_MEMORY_H -I/home/svm/openwrt_rtk/rtk_openwrt_sdk/staging_dir/target-mips-rlx5281-linux/usr/include -I/home/svm/openwrt_rtk/rtk_openwrt_sdk/staging_dir/target-mips-rlx5281-linux/include -I/home/svm/openwrt_rtk/rtk_openwrt_sdk/staging_dir/rsdk-4.6.4-5281-EB-3.10-0.9.33-m32ub-20141001//include  conftest.c >&5
configure:12710: $? = 0
configure:12710: rsdk-linux-gcc -c -O20 -Wall -Wextra -ffast-math -D_REENTRANT -fsigned-char -Wdeclaration-after-statement -Os -pipe -march=5281 -fno-caller-saves  -DUSE_MEMORY_H -I/home/svm/openwrt_rtk/rtk_openwrt_sdk/staging_dir/target-mips-rlx5281-linux/usr/include -I/home/svm/openwrt_rtk/rtk_openwrt_sdk/staging_dir/target-mips-rlx5281-linux/include -I/home/svm/openwrt_rtk/rtk_openwrt_sdk/staging_dir/rsdk-4.6.4-5281-EB-3.10-0.9.33-m32ub-20141001//include  conftest.c >&5
conftest.c: In function 'main':
conftest.c:59:21: error: expected expression before ')' token
configure:12710: $? = 1
configure: failed program was:
| /* confdefs.h */
| #define PACKAGE_NAME "libvorbis"
| #define PACKAGE_TARNAME "libvorbis"
| #define PACKAGE_VERSION "1.3.4"
| #define PACKAGE_STRING "libvorbis 1.3.4"
| #define PACKAGE_BUGREPORT "vorbis-dev@xiph.org"
| #define PACKAGE_URL ""
| #define PACKAGE "libvorbis"
| #define VERSION "1.3.4"
| #define STDC_HEADERS 1
| #define HAVE_SYS_TYPES_H 1
| #define HAVE_SYS_STAT_H 1
| #define HAVE_STDLIB_H 1
| #define HAVE_STRING_H 1
| #define HAVE_MEMORY_H 1
| #define HAVE_STRINGS_H 1
| #define HAVE_INTTYPES_H 1
| #define HAVE_STDINT_H 1
| #define HAVE_UNISTD_H 1
| #define HAVE_DLFCN_H 1
| #define LT_OBJDIR ".libs/"
| /* end confdefs.h.  */
| #include <stdio.h>
| #ifdef HAVE_SYS_TYPES_H
| # include <sys/types.h>
| #endif
| #ifdef HAVE_SYS_STAT_H
| # include <sys/stat.h>
| #endif
| #ifdef STDC_HEADERS
| # include <stdlib.h>
| # include <stddef.h>
| #else
| # ifdef HAVE_STDLIB_H
| #  include <stdlib.h>
| # endif
| #endif
| #ifdef HAVE_STRING_H
| # if !defined STDC_HEADERS && defined HAVE_MEMORY_H
| #  include <memory.h>
| # endif
| # include <string.h>
| #endif
| #ifdef HAVE_STRINGS_H
| # include <strings.h>
| #endif
| #ifdef HAVE_INTTYPES_H
| # include <inttypes.h>
| #endif
| #ifdef HAVE_STDINT_H
| # include <stdint.h>
| #endif
| #ifdef HAVE_UNISTD_H
| # include <unistd.h>
| #endif
| int
| main ()
| {
| if (sizeof ((size_t)))
| 	    return 0;
|   ;
|   return 0;
| }
configure:12710: result: yes
configure:12723: checking for working alloca.h
configure:12740: rsdk-linux-gcc -o conftest -O20 -Wall -Wextra -ffast-math -D_REENTRANT -fsigned-char -Wdeclaration-after-statement -Os -pipe -march=5281 -fno-caller-saves  -DUSE_MEMORY_H -I/home/svm/openwrt_rtk/rtk_openwrt_sdk/staging_dir/target-mips-rlx5281-linux/usr/include -I/home/svm/openwrt_rtk/rtk_openwrt_sdk/staging_dir/target-mips-rlx5281-linux/include -I/home/svm/openwrt_rtk/rtk_openwrt_sdk/staging_dir/rsdk-4.6.4-5281-EB-3.10-0.9.33-m32ub-20141001//include  -L/home/svm/openwrt_rtk/rtk_openwrt_sdk/staging_dir/target-mips-rlx5281-linux/usr/lib -L/home/svm/openwrt_rtk/rtk_openwrt_sdk/staging_dir/target-mips-rlx5281-linux/lib -L/home/svm/openwrt_rtk/rtk_openwrt_sdk/staging_dir/rsdk-4.6.4-5281-EB-3.10-0.9.33-m32ub-20141001//lib  conftest.c  >&5
configure:12740: $? = 0
configure:12748: result: yes
configure:12756: checking for alloca
configure:12793: rsdk-linux-gcc -o conftest -O20 -Wall -Wextra -ffast-math -D_REENTRANT -fsigned-char -Wdeclaration-after-statement -Os -pipe -march=5281 -fno-caller-saves  -DUSE_MEMORY_H -I/home/svm/openwrt_rtk/rtk_openwrt_sdk/staging_dir/target-mips-rlx5281-linux/usr/include -I/home/svm/openwrt_rtk/rtk_openwrt_sdk/staging_dir/target-mips-rlx5281-linux/include -I/home/svm/openwrt_rtk/rtk_openwrt_sdk/staging_dir/rsdk-4.6.4-5281-EB-3.10-0.9.33-m32ub-20141001//include  -L/home/svm/openwrt_rtk/rtk_openwrt_sdk/staging_dir/target-mips-rlx5281-linux/usr/lib -L/home/svm/openwrt_rtk/rtk_openwrt_sdk/staging_dir/target-mips-rlx5281-linux/lib -L/home/svm/openwrt_rtk/rtk_openwrt_sdk/staging_dir/rsdk-4.6.4-5281-EB-3.10-0.9.33-m32ub-20141001//lib  conftest.c  >&5
configure:12793: $? = 0
configure:12801: result: yes
configure:12910: checking for working memcmp
configure:12963: result: yes
configure:13132: creating ./config.status

## ---------------------- ##
## Running config.status. ##
## ---------------------- ##

This file was extended by libvorbis config.status 1.3.4, which was
generated by GNU Autoconf 2.68.  Invocation command line was

  CONFIG_FILES    = 
  CONFIG_HEADERS  = 
  CONFIG_LINKS    = 
  CONFIG_COMMANDS = 
  $ ./config.status 

on ubuntu

config.status:1153: creating Makefile
config.status:1153: creating m4/Makefile
config.status:1153: creating lib/Makefile
config.status:1153: creating lib/modes/Makefile
config.status:1153: creating lib/books/Makefile
config.status:1153: creating lib/books/coupled/Makefile
config.status:1153: creating lib/books/uncoupled/Makefile
config.status:1153: creating lib/books/floor/Makefile
config.status:1153: creating doc/Makefile
config.status:1153: creating doc/vorbisfile/Makefile
config.status:1153: creating doc/vorbisenc/Makefile
config.status:1153: creating doc/libvorbis/Makefile
config.status:1153: creating doc/Doxyfile
config.status:1153: creating include/Makefile
config.status:1153: creating include/vorbis/Makefile
config.status:1153: creating examples/Makefile
config.status:1153: creating test/Makefile
config.status:1153: creating vq/Makefile
config.status:1153: creating libvorbis.spec
config.status:1153: creating vorbis.pc
config.status:1153: creating vorbisenc.pc
config.status:1153: creating vorbisfile.pc
config.status:1153: creating vorbis-uninstalled.pc
config.status:1153: creating vorbisenc-uninstalled.pc
config.status:1153: creating vorbisfile-uninstalled.pc
config.status:1153: creating config.h
config.status:1382: executing depfiles commands
config.status:1382: executing libtool commands
configure:15396: WARNING: unrecognized options: --disable-nls, --disable-ipv6

## ---------------- ##
## Cache variables. ##
## ---------------- ##

ac_cv_build=x86_64-pc-linux-gnu
ac_cv_c_bigendian=yes
ac_cv_c_compiler_gnu=yes
ac_cv_c_gettext_without_libintl=yes
ac_cv_c_inline=inline
ac_cv_c_littleendian=no
ac_cv_c_long_double=no
ac_cv_conv_longlong_to_float=yes
ac_cv_env_CC_set=set
ac_cv_env_CC_value=rsdk-linux-gcc
ac_cv_env_CFLAGS_set=set
ac_cv_env_CFLAGS_value='-Os -pipe -march=5281 -fno-caller-saves '
ac_cv_env_CPPFLAGS_set=set
ac_cv_env_CPPFLAGS_value='-I/home/svm/openwrt_rtk/rtk_openwrt_sdk/staging_dir/target-mips-rlx5281-linux/usr/include -I/home/svm/openwrt_rtk/rtk_openwrt_sdk/staging_dir/target-mips-rlx5281-linux/include -I/home/svm/openwrt_rtk/rtk_openwrt_sdk/staging_dir/rsdk-4.6.4-5281-EB-3.10-0.9.33-m32ub-20141001//include '
ac_cv_env_CPP_set=
ac_cv_env_CPP_value=
ac_cv_env_LDFLAGS_set=set
ac_cv_env_LDFLAGS_value='-L/home/svm/openwrt_rtk/rtk_openwrt_sdk/staging_dir/target-mips-rlx5281-linux/usr/lib -L/home/svm/openwrt_rtk/rtk_openwrt_sdk/staging_dir/target-mips-rlx5281-linux/lib -L/home/svm/openwrt_rtk/rtk_openwrt_sdk/staging_dir/rsdk-4.6.4-5281-EB-3.10-0.9.33-m32ub-20141001//lib '
ac_cv_env_LIBS_set=
ac_cv_env_LIBS_value=
ac_cv_env_OGG_CFLAGS_set=
ac_cv_env_OGG_CFLAGS_value=
ac_cv_env_OGG_LIBS_set=
ac_cv_env_OGG_LIBS_value=
ac_cv_env_PKG_CONFIG_set=set
ac_cv_env_PKG_CONFIG_value=/home/svm/openwrt_rtk/rtk_openwrt_sdk/staging_dir/host/bin/pkg-config
ac_cv_env_build_alias_set=set
ac_cv_env_build_alias_value=x86_64-linux-gnu
ac_cv_env_host_alias_set=set
ac_cv_env_host_alias_value=mips-rlx5281-linux
ac_cv_env_target_alias_set=set
ac_cv_env_target_alias_value=mips-rlx5281-linux
ac_cv_file__dev_zero=yes
ac_cv_func___adjtimex=yes
ac_cv_func___va_copy=no
ac_cv_func__exit=yes
ac_cv_func_alloca_works=yes
ac_cv_func_bcmp=yes
ac_cv_func_bcopy=yes
ac_cv_func_bzero=yes
ac_cv_func_cimag=yes
ac_cv_func_creal=yes
ac_cv_func_fchmod=yes
ac_cv_func_getaddrinfo=yes
ac_cv_func_getcwd=yes
ac_cv_func_getdomainname=yes
ac_cv_func_getpgrp_void=yes
ac_cv_func_getpwuid_r=yes
ac_cv_func_gettimeofday=yes
ac_cv_func_index=yes
ac_cv_func_lstat=yes
ac_cv_func_lstat_dereferences_slashed_symlink=yes
ac_cv_func_lstat_empty_string_bug=no
ac_cv_func_malloc_0_nonnull=yes
ac_cv_func_malloc_works=yes
ac_cv_func_memcmp_clean=yes
ac_cv_func_memcmp_working=yes
ac_cv_func_posix_getgrgid_r=yes
ac_cv_func_posix_getpwuid_r=yes
ac_cv_func_psignal=yes
ac_cv_func_pthread_key_delete=yes
ac_cv_func_realloc_0_nonnull=yes
ac_cv_func_realloc_works=yes
ac_cv_func_rename=yes
ac_cv_func_rindex=yes
ac_cv_func_setgrent_void=yes
ac_cv_func_setlocale=yes
ac_cv_func_setpgrp_void=yes
ac_cv_func_setresuid=no
ac_cv_func_setvbuf_reversed=no
ac_cv_func_stat_empty_string_bug=no
ac_cv_func_stat_ignores_trailing_slash=no
ac_cv_func_strerror=yes
ac_cv_func_strftime=yes
ac_cv_func_utimes=yes
ac_cv_func_va_copy=no
ac_cv_func_vsnprintf=yes
ac_cv_have_accrights_in_msghdr=no
ac_cv_have_broken_snprintf=no
ac_cv_have_control_in_msghdr=yes
ac_cv_have_decl_sys_siglist=no
ac_cv_have_openpty_ctty_bug=yes
ac_cv_have_space_d_name_in_struct_dirent=yes
ac_cv_header_dlfcn_h=yes
ac_cv_header_inttypes_h=yes
ac_cv_header_memory_h=yes
ac_cv_header_netinet_sctp_h=no
ac_cv_header_netinet_sctp_uio_h=no
ac_cv_header_stdc=yes
ac_cv_header_stdint_h=yes
ac_cv_header_stdlib_h=yes
ac_cv_header_string_h=yes
ac_cv_header_strings_h=yes
ac_cv_header_sys_stat_h=yes
ac_cv_header_sys_types_h=yes
ac_cv_header_unistd_h=yes
ac_cv_host=mips-rlx5281-linux-gnu
ac_cv_int64_t=yes
ac_cv_lbl_unaligned_fail=no
ac_cv_lib_m_cos=yes
ac_cv_lib_pthread_pthread_create=yes
ac_cv_linux_kernel_pppoe=yes
ac_cv_linux_vers=2
ac_cv_objext=o
ac_cv_pack_bitfields_reversed=yes
ac_cv_path_EGREP='/home/svm/openwrt_rtk/rtk_openwrt_sdk/staging_dir/host/bin/grep -E'
ac_cv_path_FGREP='/home/svm/openwrt_rtk/rtk_openwrt_sdk/staging_dir/host/bin/grep -F'
ac_cv_path_GREP=/home/svm/openwrt_rtk/rtk_openwrt_sdk/staging_dir/host/bin/grep
ac_cv_path_LDCONFIG=
ac_cv_path_SED=/home/svm/openwrt_rtk/rtk_openwrt_sdk/staging_dir/host/bin/sed
ac_cv_path_install='/usr/bin/install -c'
ac_cv_path_mkdir=/bin/mkdir
ac_cv_prog_AR=rsdk-linux-ar
ac_cv_prog_AWK=gawk
ac_cv_prog_CC=rsdk-linux-gcc
ac_cv_prog_CPP='rsdk-linux-gcc -E'
ac_cv_prog_DLLTOOL=dlltool
ac_cv_prog_OBJDUMP=rsdk-linux-objdump
ac_cv_prog_RANLIB=rsdk-linux-ranlib
ac_cv_prog_STRIP=rsdk-linux-strip
ac_cv_prog_ac_ct_MANIFEST_TOOL=mt
ac_cv_prog_cc_c89=
ac_cv_prog_cc_g=yes
ac_cv_prog_cc_rsdk_linux_gcc_c_o=yes
ac_cv_prog_make_make_set=yes
ac_cv_regexec_segfault_emptystr=no
ac_cv_sctp=no
ac_cv_sizeof___int64=0
ac_cv_sizeof_char=1
ac_cv_sizeof_int16_t=2
ac_cv_sizeof_int32_t=4
ac_cv_sizeof_int64_t=8
ac_cv_sizeof_int=4
ac_cv_sizeof_long=4
ac_cv_sizeof_long_int=4
ac_cv_sizeof_long_long=8
ac_cv_sizeof_off_t=8
ac_cv_sizeof_short=2
ac_cv_sizeof_short_int=2
ac_cv_sizeof_size_t=4
ac_cv_sizeof_ssize_t=4
ac_cv_sizeof_u_int16_t=2
ac_cv_sizeof_u_int32_t=4
ac_cv_sizeof_u_int64_t=8
ac_cv_sizeof_uint16_t=2
ac_cv_sizeof_uint32_t=4
ac_cv_sizeof_uint64_t=8
ac_cv_sizeof_unsigned_int=4
ac_cv_sizeof_unsigned_long=4
ac_cv_sizeof_unsigned_long_long=8
ac_cv_sizeof_unsigned_short=2
ac_cv_sizeof_void_p=4
ac_cv_sys_restartable_syscalls=yes
ac_cv_target=mips-rlx5281-linux-gnu
ac_cv_time_r_type=POSIX
ac_cv_type_size_t=yes
ac_cv_type_suseconds_t=yes
ac_cv_uchar=no
ac_cv_uint64_t=yes
ac_cv_uint=yes
ac_cv_ulong=yes
ac_cv_ushort=yes
ac_cv_va_copy=C99
ac_cv_va_val_copy=yes
ac_cv_working_alloca_h=yes
am_cv_CC_dependencies_compiler_type=gcc3
as_cv_unaligned_access=yes
lt_cv_ar_at_file=@
lt_cv_archive_cmds_need_lc=no
lt_cv_deplibs_check_method=pass_all
lt_cv_file_magic_cmd='$MAGIC_CMD'
lt_cv_file_magic_test_file=
lt_cv_ld_reload_flag=-r
lt_cv_nm_interface='BSD nm'
lt_cv_objdir=.libs
lt_cv_path_LD=rsdk-linux-ld
lt_cv_path_NM=rsdk-linux-nm
lt_cv_path_mainfest_tool=no
lt_cv_prog_compiler_c_o=yes
lt_cv_prog_compiler_pic='-fPIC -DPIC'
lt_cv_prog_compiler_pic_works=yes
lt_cv_prog_compiler_rtti_exceptions=no
lt_cv_prog_compiler_static_works=yes
lt_cv_prog_gnu_ld=yes
lt_cv_sharedlib_from_linklib_cmd='printf %s\n'
lt_cv_shlibpath_overrides_runpath=no
lt_cv_sys_global_symbol_pipe='sed -n -e '\''s/^.*[	 ]\([ABCDGIRSTW][ABCDGIRSTW]*\)[	 ][	 ]*\([_A-Za-z][_A-Za-z0-9]*\)$/\1 \2 \2/p'\'' | sed '\''/ __gnu_lto/d'\'''
lt_cv_sys_global_symbol_to_c_name_address='sed -n -e '\''s/^: \([^ ]*\)[ ]*$/  {\"\1\", (void *) 0},/p'\'' -e '\''s/^[ABCDGIRSTW]* \([^ ]*\) \([^ ]*\)$/  {"\2", (void *) \&\2},/p'\'''
lt_cv_sys_global_symbol_to_c_name_address_lib_prefix='sed -n -e '\''s/^: \([^ ]*\)[ ]*$/  {\"\1\", (void *) 0},/p'\'' -e '\''s/^[ABCDGIRSTW]* \([^ ]*\) \(lib[^ ]*\)$/  {"\2", (void *) \&\2},/p'\'' -e '\''s/^[ABCDGIRSTW]* \([^ ]*\) \([^ ]*\)$/  {"lib\2", (void *) \&\2},/p'\'''
lt_cv_sys_global_symbol_to_cdecl='sed -n -e '\''s/^T .* \(.*\)$/extern int \1();/p'\'' -e '\''s/^[ABCDGIRSTW]* .* \(.*\)$/extern char \1;/p'\'''
lt_cv_sys_max_cmd_len=1572864
lt_cv_to_host_file_cmd=func_convert_file_noop
lt_cv_to_tool_file_cmd=func_convert_file_noop
pkg_cv_OGG_CFLAGS='-I/home/svm/openwrt_rtk/rtk_openwrt_sdk/staging_dir/target-mips-rlx5281-linux/usr/include '
pkg_cv_OGG_LIBS='-L/home/svm/openwrt_rtk/rtk_openwrt_sdk/staging_dir/target-mips-rlx5281-linux/usr/lib -logg '

## ----------------- ##
## Output variables. ##
## ----------------- ##

ACLOCAL='${SHELL} /home/svm/openwrt_rtk/rtk_openwrt_sdk/build_dir/target-mips-rlx5281-linux/libvorbis-1.3.4/missing --run aclocal-1.11'
ACLOCAL_AMFLAGS='-I m4'
ALLOCA=''
AMDEPBACKSLASH='\'
AMDEP_FALSE='#'
AMDEP_TRUE=''
AMTAR='$${TAR-tar}'
AR='rsdk-linux-ar'
AS='rsdk-linux-gcc -c -Os -pipe -march=5281 -fno-caller-saves'
AUTOCONF='${SHELL} /home/svm/openwrt_rtk/rtk_openwrt_sdk/build_dir/target-mips-rlx5281-linux/libvorbis-1.3.4/missing --run autoconf'
AUTOHEADER='${SHELL} /home/svm/openwrt_rtk/rtk_openwrt_sdk/build_dir/target-mips-rlx5281-linux/libvorbis-1.3.4/missing --run autoheader'
AUTOMAKE='${SHELL} /home/svm/openwrt_rtk/rtk_openwrt_sdk/build_dir/target-mips-rlx5281-linux/libvorbis-1.3.4/missing --run automake-1.11'
AWK='gawk'
BUILD_DOCS_FALSE=''
BUILD_DOCS_TRUE='#'
BUILD_EXAMPLES_FALSE=''
BUILD_EXAMPLES_TRUE='#'
CC='rsdk-linux-gcc'
CCDEPMODE='depmode=gcc3'
CFLAGS='-O20 -Wall -Wextra -ffast-math -D_REENTRANT -fsigned-char -Wdeclaration-after-statement -Os -pipe -march=5281 -fno-caller-saves  -DUSE_MEMORY_H'
CPP='rsdk-linux-gcc -E'
CPPFLAGS='-I/home/svm/openwrt_rtk/rtk_openwrt_sdk/staging_dir/target-mips-rlx5281-linux/usr/include -I/home/svm/openwrt_rtk/rtk_openwrt_sdk/staging_dir/target-mips-rlx5281-linux/include -I/home/svm/openwrt_rtk/rtk_openwrt_sdk/staging_dir/rsdk-4.6.4-5281-EB-3.10-0.9.33-m32ub-20141001//include '
CYGPATH_W='echo'
DEBUG='-g -Wall -Wextra -D_REENTRANT -D__NO_MATH_INLINES -fsigned-char'
DEFS='-DHAVE_CONFIG_H'
DEPDIR='.deps'
DLLTOOL='dlltool'
DSYMUTIL=''
DUMPBIN=''
ECHO_C=''
ECHO_N='-n'
ECHO_T=''
EGREP='/home/svm/openwrt_rtk/rtk_openwrt_sdk/staging_dir/host/bin/grep -E'
EXEEXT=''
FGREP='/home/svm/openwrt_rtk/rtk_openwrt_sdk/staging_dir/host/bin/grep -F'
GREP='/home/svm/openwrt_rtk/rtk_openwrt_sdk/staging_dir/host/bin/grep'
HAVE_DOXYGEN='false'
HAVE_DOXYGEN_FALSE=''
HAVE_DOXYGEN_TRUE='#'
HTLATEX=''
INSTALL_DATA='${INSTALL} -m 644'
INSTALL_PROGRAM='${INSTALL}'
INSTALL_SCRIPT='${INSTALL}'
INSTALL_STRIP_PROGRAM='$(install_sh) -c -s'
LD='rsdk-linux-ld'
LDFLAGS='-L/home/svm/openwrt_rtk/rtk_openwrt_sdk/staging_dir/target-mips-rlx5281-linux/usr/lib -L/home/svm/openwrt_rtk/rtk_openwrt_sdk/staging_dir/target-mips-rlx5281-linux/lib -L/home/svm/openwrt_rtk/rtk_openwrt_sdk/staging_dir/rsdk-4.6.4-5281-EB-3.10-0.9.33-m32ub-20141001//lib '
LIBOBJS=''
LIBS=''
LIBTOOL='$(SHELL) $(top_builddir)/libtool'
LIBTOOL_DEPS='./ltmain.sh'
LIPO=''
LN_S='ln -s'
LTLIBOBJS=''
MAINT='#'
MAINTAINER_MODE_FALSE=''
MAINTAINER_MODE_TRUE='#'
MAKEINFO='${SHELL} /home/svm/openwrt_rtk/rtk_openwrt_sdk/build_dir/target-mips-rlx5281-linux/libvorbis-1.3.4/missing --run makeinfo'
MANIFEST_TOOL=':'
MKDIR_P='/bin/mkdir -p'
NM='rsdk-linux-nm'
NMEDIT=''
OBJDUMP='rsdk-linux-objdump'
OBJEXT='o'
OGG_CFLAGS='-I/home/svm/openwrt_rtk/rtk_openwrt_sdk/staging_dir/target-mips-rlx5281-linux/usr/include '
OGG_LIBS='-L/home/svm/openwrt_rtk/rtk_openwrt_sdk/staging_dir/target-mips-rlx5281-linux/usr/lib -logg '
OTOOL64=''
OTOOL=''
PACKAGE='libvorbis'
PACKAGE_BUGREPORT='vorbis-dev@xiph.org'
PACKAGE_NAME='libvorbis'
PACKAGE_STRING='libvorbis 1.3.4'
PACKAGE_TARNAME='libvorbis'
PACKAGE_URL=''
PACKAGE_VERSION='1.3.4'
PATH_SEPARATOR=':'
PDFLATEX=''
PKG_CONFIG='/home/svm/openwrt_rtk/rtk_openwrt_sdk/staging_dir/host/bin/pkg-config'
PROFILE='-pg -g -O20 -ffast-math -D_REENTRANT -fsigned-char'
RANLIB='rsdk-linux-ranlib'
SED='/home/svm/openwrt_rtk/rtk_openwrt_sdk/staging_dir/host/bin/sed'
SET_MAKE=''
SHELL='/bin/bash'
STRIP='rsdk-linux-strip'
VERSION='1.3.4'
VE_LIB_AGE='0'
VE_LIB_CURRENT='2'
VE_LIB_REVISION='10'
VF_LIB_AGE='3'
VF_LIB_CURRENT='6'
VF_LIB_REVISION='6'
VORBIS_LIBS='-lm'
V_LIB_AGE='4'
V_LIB_CURRENT='4'
V_LIB_REVISION='7'
ac_ct_AR=''
ac_ct_CC=''
ac_ct_DUMPBIN=''
am__EXEEXT_FALSE=''
am__EXEEXT_TRUE='#'
am__fastdepCC_FALSE='#'
am__fastdepCC_TRUE=''
am__include='include'
am__isrc=''
am__leading_dot='.'
am__nodep='_no'
am__quote=''
am__tar='$${TAR-tar} chof - "$$tardir"'
am__untar='$${TAR-tar} xf -'
bindir='/usr/bin'
build='x86_64-pc-linux-gnu'
build_alias='x86_64-linux-gnu'
build_cpu='x86_64'
build_os='linux-gnu'
build_vendor='pc'
datadir='/usr/share'
datarootdir='${prefix}/share'
docdir='${datarootdir}/doc/${PACKAGE_TARNAME}'
dvidir='${docdir}'
exec_prefix='/usr'
host='mips-rlx5281-linux-gnu'
host_alias='mips-rlx5281-linux'
host_cpu='mips'
host_os='linux-gnu'
host_vendor='rlx5281'
htmldir='${docdir}'
includedir='${prefix}/include'
infodir='/usr/info'
install_sh='${SHELL} /home/svm/openwrt_rtk/rtk_openwrt_sdk/build_dir/target-mips-rlx5281-linux/libvorbis-1.3.4/install-sh'
libdir='${exec_prefix}/lib'
libexecdir='/usr/lib'
localedir='${datarootdir}/locale'
localstatedir='/var'
mandir='/usr/man'
mkdir_p='/bin/mkdir -p'
oldincludedir='/usr/include'
pdfdir='${docdir}'
prefix='/usr'
program_transform_name='s&$$&&;s&^&&'
psdir='${docdir}'
pthread_lib='-lpthread'
sbindir='/usr/sbin'
sharedstatedir='${prefix}/com'
sysconfdir='/etc'
target='mips-rlx5281-linux-gnu'
target_alias='mips-rlx5281-linux'
target_cpu='mips'
target_os='linux-gnu'
target_vendor='rlx5281'

## ----------- ##
## confdefs.h. ##
## ----------- ##

/* confdefs.h */
#define PACKAGE_NAME "libvorbis"
#define PACKAGE_TARNAME "libvorbis"
#define PACKAGE_VERSION "1.3.4"
#define PACKAGE_STRING "libvorbis 1.3.4"
#define PACKAGE_BUGREPORT "vorbis-dev@xiph.org"
#define PACKAGE_URL ""
#define PACKAGE "libvorbis"
#define VERSION "1.3.4"
#define STDC_HEADERS 1
#define HAVE_SYS_TYPES_H 1
#define HAVE_SYS_STAT_H 1
#define HAVE_STDLIB_H 1
#define HAVE_STRING_H 1
#define HAVE_MEMORY_H 1
#define HAVE_STRINGS_H 1
#define HAVE_INTTYPES_H 1
#define HAVE_STDINT_H 1
#define HAVE_UNISTD_H 1
#define HAVE_DLFCN_H 1
#define LT_OBJDIR ".libs/"
#define HAVE_ALLOCA_H 1
#define HAVE_ALLOCA 1

configure: exit 0
