This file contains any messages produced by compilers while
running configure, to aid debugging if configure makes a mistake.

It was created by libnfnetlink configure 1.0.1, which was
generated by GNU Autoconf 2.68.  Invocation command line was

  $ ./configure --target=mips-rlx5281-linux --host=mips-rlx5281-linux --build=x86_64-linux-gnu --program-prefix= --program-suffix= --prefix=/usr --exec-prefix=/usr --bindir=/usr/bin --sbindir=/usr/sbin --libexecdir=/usr/lib --sysconfdir=/etc --datadir=/usr/share --localstatedir=/var --mandir=/usr/man --infodir=/usr/info --disable-nls --disable-ipv6 --enable-static --enable-shared

## --------- ##
## Platform. ##
## --------- ##

hostname = ubuntu
uname -m = x86_64
uname -r = 4.15.0-208-generic
uname -s = Linux
uname -v = #220-Ubuntu SMP Mon Mar 20 14:27:01 UTC 2023

/usr/bin/uname -p = unknown
/bin/uname -X     = unknown

/bin/arch              = unknown
/usr/bin/arch -k       = unknown
/usr/convex/getsysinfo = unknown
/usr/bin/hostinfo      = unknown
/bin/machine           = unknown
/usr/bin/oslevel       = unknown
/bin/universe          = unknown

PATH: /home/svm/openwrt_rtk/rtk_openwrt_sdk/staging_dir/target-mips-rlx5281-linux/host/bin
PATH: /home/svm/openwrt_rtk/rtk_openwrt_sdk/staging_dir/toolchain-mips-rlx5281-linux/bin
PATH: /home/svm/openwrt_rtk/rtk_openwrt_sdk/staging_dir/rsdk-4.6.4-5281-EB-3.10-0.9.33-m32ub-20141001//bin
PATH: /home/svm/openwrt_rtk/rtk_openwrt_sdk/staging_dir/host/bin
PATH: /home/svm/openwrt_rtk/rtk_openwrt_sdk/staging_dir/toolchain-mips-rlx5281-linux/bin
PATH: /home/svm/openwrt_rtk/rtk_openwrt_sdk/staging_dir/rsdk-4.6.4-5281-EB-3.10-0.9.33-m32ub-20141001//bin
PATH: /home/svm/openwrt_rtk/rtk_openwrt_sdk/staging_dir/host/bin
PATH: /home/svm/openwrt_rtk/rtk_openwrt_sdk/staging_dir/toolchain-mips-rlx5281-linux/bin
PATH: /home/svm/openwrt_rtk/rtk_openwrt_sdk/staging_dir/rsdk-4.6.4-5281-EB-3.10-0.9.33-m32ub-20141001//bin
PATH: /home/svm/openwrt_rtk/rtk_openwrt_sdk/staging_dir/host/bin
PATH: /usr/local/sbin
PATH: /usr/local/bin
PATH: /usr/sbin
PATH: /usr/bin
PATH: /sbin
PATH: /bin
PATH: /usr/games
PATH: /usr/local/games
PATH: /snap/bin


## ----------- ##
## Core tests. ##
## ----------- ##

configure:1994: loading site script /home/svm/openwrt_rtk/rtk_openwrt_sdk/include/site/mips-rlx5281-linux
| #!/bin/sh
| 
| . $TOPDIR/include/site/mips-linux
| . $TOPDIR/include/site/linux-uclibc
| 
configure:2124: checking build system type
configure:2138: result: x86_64-pc-linux-gnu
configure:2158: checking host system type
configure:2171: result: mips-rlx5281-linux-gnu
configure:2208: checking for a BSD-compatible install
configure:2276: result: /usr/bin/install -c
configure:2287: checking whether build environment is sane
configure:2337: result: yes
configure:2386: checking for mips-rlx5281-linux-strip
configure:2413: result: rsdk-linux-strip
configure:2478: checking for a thread-safe mkdir -p
configure:2517: result: /bin/mkdir -p
configure:2530: checking for gawk
configure:2546: found /usr/bin/gawk
configure:2557: result: gawk
configure:2568: checking whether make sets $(MAKE)
configure:2590: result: yes
configure:2665: checking how to create a pax tar archive
configure:2678: tar --version
tar (GNU tar) 1.29
Copyright (C) 2015 Free Software Foundation, Inc.
License GPLv3+: GNU GPL version 3 or later <http://gnu.org/licenses/gpl.html>.
This is free software: you are free to change and redistribute it.
There is NO WARRANTY, to the extent permitted by law.

Written by John Gilmore and Jay Fenlason.
configure:2681: $? = 0
configure:2721: tardir=conftest.dir && eval tar --format=posix -chf - "$tardir" >conftest.tar
configure:2724: $? = 0
configure:2728: tar -xf - <conftest.tar
configure:2731: $? = 0
configure:2744: result: gnutar
configure:2763: checking whether make supports nested variables
configure:2780: result: yes
configure:2800: checking for mips-rlx5281-linux-gcc
configure:2827: result: rsdk-linux-gcc
configure:3096: checking for C compiler version
configure:3105: rsdk-linux-gcc --version >&5
mips-linux-xgcc (Realtek RSDK-4.6.4 Build 2002) 4.6.4
Copyright (C) 2011 Free Software Foundation, Inc.
This is free software; see the source for copying conditions.  There is NO
warranty; not even for MERCHANTABILITY or FITNESS FOR A PARTICULAR PURPOSE.

configure:3116: $? = 0
configure:3105: rsdk-linux-gcc -v >&5
Reading specs from /home/svm/openwrt_rtk/rtk_openwrt_sdk/staging_dir/rsdk-4.6.4-5281-EB-3.10-0.9.33-m32ub-20141001/bin/../lib/gcc/mips-linux-uclibc/4.6.4/specs
COLLECT_GCC=/home/svm/openwrt_rtk/rtk_openwrt_sdk/staging_dir/rsdk-4.6.4-5281-EB-3.10-0.9.33-m32ub-20141001/bin/mips-linux-xgcc
COLLECT_LTO_WRAPPER=/home/svm/openwrt_rtk/rtk_openwrt_sdk/staging_dir/rsdk-4.6.4-5281-EB-3.10-0.9.33-m32ub-20141001/bin/../libexec/gcc/mips-linux-uclibc/4.6.4/lto-wrapper
Target: mips-linux-uclibc
Configured with: Realtek SDK Builder release 4.6
Thread model: posix
gcc version 4.6.4 (Realtek RSDK-4.6.4 Build 2002) 
configure:3116: $? = 0
configure:3105: rsdk-linux-gcc -V >&5
mips-linux-xgcc: fatal error: no input files
compilation terminated.
configure:3116: $? = 1
configure:3105: rsdk-linux-gcc -qversion >&5
mips-linux-xgcc: fatal error: no input files
compilation terminated.
configure:3116: $? = 1
configure:3136: checking whether the C compiler works
configure:3158: rsdk-linux-gcc -Os -pipe -march=5281 -fno-caller-saves -fpic  -I/home/svm/openwrt_rtk/rtk_openwrt_sdk/staging_dir/target-mips-rlx5281-linux/usr/include -I/home/svm/openwrt_rtk/rtk_openwrt_sdk/staging_dir/target-mips-rlx5281-linux/include -I/home/svm/openwrt_rtk/rtk_openwrt_sdk/staging_dir/rsdk-4.6.4-5281-EB-3.10-0.9.33-m32ub-20141001//include  -L/home/svm/openwrt_rtk/rtk_openwrt_sdk/staging_dir/target-mips-rlx5281-linux/usr/lib -L/home/svm/openwrt_rtk/rtk_openwrt_sdk/staging_dir/target-mips-rlx5281-linux/lib -L/home/svm/openwrt_rtk/rtk_openwrt_sdk/staging_dir/rsdk-4.6.4-5281-EB-3.10-0.9.33-m32ub-20141001//lib  conftest.c  >&5
configure:3162: $? = 0
configure:3210: result: yes
configure:3213: checking for C compiler default output file name
configure:3215: result: a.out
configure:3221: checking for suffix of executables
configure:3228: rsdk-linux-gcc -o conftest -Os -pipe -march=5281 -fno-caller-saves -fpic  -I/home/svm/openwrt_rtk/rtk_openwrt_sdk/staging_dir/target-mips-rlx5281-linux/usr/include -I/home/svm/openwrt_rtk/rtk_openwrt_sdk/staging_dir/target-mips-rlx5281-linux/include -I/home/svm/openwrt_rtk/rtk_openwrt_sdk/staging_dir/rsdk-4.6.4-5281-EB-3.10-0.9.33-m32ub-20141001//include  -L/home/svm/openwrt_rtk/rtk_openwrt_sdk/staging_dir/target-mips-rlx5281-linux/usr/lib -L/home/svm/openwrt_rtk/rtk_openwrt_sdk/staging_dir/target-mips-rlx5281-linux/lib -L/home/svm/openwrt_rtk/rtk_openwrt_sdk/staging_dir/rsdk-4.6.4-5281-EB-3.10-0.9.33-m32ub-20141001//lib  conftest.c  >&5
configure:3232: $? = 0
configure:3254: result: 
configure:3276: checking whether we are cross compiling
configure:3314: result: yes
configure:3319: checking for suffix of object files
configure:3341: rsdk-linux-gcc -c -Os -pipe -march=5281 -fno-caller-saves -fpic  -I/home/svm/openwrt_rtk/rtk_openwrt_sdk/staging_dir/target-mips-rlx5281-linux/usr/include -I/home/svm/openwrt_rtk/rtk_openwrt_sdk/staging_dir/target-mips-rlx5281-linux/include -I/home/svm/openwrt_rtk/rtk_openwrt_sdk/staging_dir/rsdk-4.6.4-5281-EB-3.10-0.9.33-m32ub-20141001//include  conftest.c >&5
configure:3345: $? = 0
configure:3366: result: o
configure:3370: checking whether we are using the GNU C compiler
configure:3389: rsdk-linux-gcc -c -Os -pipe -march=5281 -fno-caller-saves -fpic  -I/home/svm/openwrt_rtk/rtk_openwrt_sdk/staging_dir/target-mips-rlx5281-linux/usr/include -I/home/svm/openwrt_rtk/rtk_openwrt_sdk/staging_dir/target-mips-rlx5281-linux/include -I/home/svm/openwrt_rtk/rtk_openwrt_sdk/staging_dir/rsdk-4.6.4-5281-EB-3.10-0.9.33-m32ub-20141001//include  conftest.c >&5
configure:3389: $? = 0
configure:3398: result: yes
configure:3407: checking whether rsdk-linux-gcc accepts -g
configure:3427: rsdk-linux-gcc -c -g -I/home/svm/openwrt_rtk/rtk_openwrt_sdk/staging_dir/target-mips-rlx5281-linux/usr/include -I/home/svm/openwrt_rtk/rtk_openwrt_sdk/staging_dir/target-mips-rlx5281-linux/include -I/home/svm/openwrt_rtk/rtk_openwrt_sdk/staging_dir/rsdk-4.6.4-5281-EB-3.10-0.9.33-m32ub-20141001//include  conftest.c >&5
configure:3427: $? = 0
configure:3468: result: yes
configure:3485: checking for rsdk-linux-gcc option to accept ISO C89
configure:3549: rsdk-linux-gcc  -c -Os -pipe -march=5281 -fno-caller-saves -fpic  -I/home/svm/openwrt_rtk/rtk_openwrt_sdk/staging_dir/target-mips-rlx5281-linux/usr/include -I/home/svm/openwrt_rtk/rtk_openwrt_sdk/staging_dir/target-mips-rlx5281-linux/include -I/home/svm/openwrt_rtk/rtk_openwrt_sdk/staging_dir/rsdk-4.6.4-5281-EB-3.10-0.9.33-m32ub-20141001//include  conftest.c >&5
configure:3549: $? = 0
configure:3562: result: none needed
configure:3593: checking for style of include used by make
configure:3621: result: GNU
configure:3647: checking dependency style of rsdk-linux-gcc
configure:3758: result: gcc3
configure:3774: checking whether rsdk-linux-gcc and cc understand -c and -o together
configure:3805: rsdk-linux-gcc -c conftest.c -o conftest2.o >&5
configure:3809: $? = 0
configure:3815: rsdk-linux-gcc -c conftest.c -o conftest2.o >&5
configure:3819: $? = 0
configure:3830: cc -c conftest.c >&5
configure:3834: $? = 0
configure:3842: cc -c conftest.c -o conftest2.o >&5
configure:3846: $? = 0
configure:3852: cc -c conftest.c -o conftest2.o >&5
configure:3856: $? = 0
configure:3874: result: yes
configure:3976: checking how to print strings
configure:4003: result: printf
configure:4024: checking for a sed that does not truncate output
configure:4088: result: /home/svm/openwrt_rtk/rtk_openwrt_sdk/staging_dir/host/bin/sed
configure:4106: checking for grep that handles long lines and -e
configure:4164: result: /home/svm/openwrt_rtk/rtk_openwrt_sdk/staging_dir/host/bin/grep
configure:4169: checking for egrep
configure:4231: result: /home/svm/openwrt_rtk/rtk_openwrt_sdk/staging_dir/host/bin/grep -E
configure:4236: checking for fgrep
configure:4298: result: /home/svm/openwrt_rtk/rtk_openwrt_sdk/staging_dir/host/bin/grep -F
configure:4333: checking for ld used by rsdk-linux-gcc
configure:4400: result: rsdk-linux-ld
configure:4407: checking if the linker (rsdk-linux-ld) is GNU ld
configure:4422: result: yes
configure:4434: checking for BSD- or MS-compatible name lister (nm)
configure:4483: result: rsdk-linux-nm
configure:4613: checking the name lister (rsdk-linux-nm) interface
configure:4620: rsdk-linux-gcc -c -Os -pipe -march=5281 -fno-caller-saves -fpic  -I/home/svm/openwrt_rtk/rtk_openwrt_sdk/staging_dir/target-mips-rlx5281-linux/usr/include -I/home/svm/openwrt_rtk/rtk_openwrt_sdk/staging_dir/target-mips-rlx5281-linux/include -I/home/svm/openwrt_rtk/rtk_openwrt_sdk/staging_dir/rsdk-4.6.4-5281-EB-3.10-0.9.33-m32ub-20141001//include  conftest.c >&5
configure:4623: rsdk-linux-nm "conftest.o"
configure:4626: output
00000000 B some_variable
configure:4633: result: BSD nm
configure:4636: checking whether ln -s works
configure:4640: result: yes
configure:4648: checking the maximum length of command line arguments
configure:4773: result: 1572864
configure:4790: checking whether the shell understands some XSI constructs
configure:4800: result: yes
configure:4804: checking whether the shell understands "+="
configure:4810: result: yes
configure:4845: checking how to convert x86_64-pc-linux-gnu file names to mips-rlx5281-linux-gnu format
configure:4885: result: func_convert_file_noop
configure:4892: checking how to convert x86_64-pc-linux-gnu file names to toolchain format
configure:4912: result: func_convert_file_noop
configure:4919: checking for rsdk-linux-ld option to reload object files
configure:4926: result: -r
configure:4960: checking for mips-rlx5281-linux-objdump
configure:4987: result: rsdk-linux-objdump
configure:5059: checking how to recognize dependent libraries
configure:5261: result: pass_all
configure:5306: checking for mips-rlx5281-linux-dlltool
configure:5336: result: no
configure:5346: checking for dlltool
configure:5376: result: no
configure:5406: checking how to associate runtime and link libraries
configure:5433: result: printf %s\n
configure:5450: checking for mips-rlx5281-linux-ar
configure:5477: result: rsdk-linux-ar
configure:5558: checking for archiver @FILE support
configure:5575: rsdk-linux-gcc -c -Os -pipe -march=5281 -fno-caller-saves -fpic  -I/home/svm/openwrt_rtk/rtk_openwrt_sdk/staging_dir/target-mips-rlx5281-linux/usr/include -I/home/svm/openwrt_rtk/rtk_openwrt_sdk/staging_dir/target-mips-rlx5281-linux/include -I/home/svm/openwrt_rtk/rtk_openwrt_sdk/staging_dir/rsdk-4.6.4-5281-EB-3.10-0.9.33-m32ub-20141001//include  conftest.c >&5
configure:5575: $? = 0
configure:5578: rsdk-linux-ar cru libconftest.a @conftest.lst >&5
configure:5581: $? = 0
configure:5586: rsdk-linux-ar cru libconftest.a @conftest.lst >&5
rsdk-linux-ar: conftest.o: No such file or directory
configure:5589: $? = 1
configure:5601: result: @
configure:5619: checking for mips-rlx5281-linux-strip
configure:5646: result: rsdk-linux-strip
configure:5718: checking for mips-rlx5281-linux-ranlib
configure:5745: result: rsdk-linux-ranlib
configure:5887: checking command to parse rsdk-linux-nm output from rsdk-linux-gcc object
configure:6006: rsdk-linux-gcc -c -Os -pipe -march=5281 -fno-caller-saves -fpic  -I/home/svm/openwrt_rtk/rtk_openwrt_sdk/staging_dir/target-mips-rlx5281-linux/usr/include -I/home/svm/openwrt_rtk/rtk_openwrt_sdk/staging_dir/target-mips-rlx5281-linux/include -I/home/svm/openwrt_rtk/rtk_openwrt_sdk/staging_dir/rsdk-4.6.4-5281-EB-3.10-0.9.33-m32ub-20141001//include  conftest.c >&5
configure:6009: $? = 0
configure:6013: rsdk-linux-nm conftest.o \| sed -n -e 's/^.*[ ]\([ABCDGIRSTW][ABCDGIRSTW]*\)[ ][ ]*\([_A-Za-z][_A-Za-z0-9]*\)$/\1 \2 \2/p' | sed '/ __gnu_lto/d' \> conftest.nm
configure:6016: $? = 0
configure:6082: rsdk-linux-gcc -o conftest -Os -pipe -march=5281 -fno-caller-saves -fpic  -I/home/svm/openwrt_rtk/rtk_openwrt_sdk/staging_dir/target-mips-rlx5281-linux/usr/include -I/home/svm/openwrt_rtk/rtk_openwrt_sdk/staging_dir/target-mips-rlx5281-linux/include -I/home/svm/openwrt_rtk/rtk_openwrt_sdk/staging_dir/rsdk-4.6.4-5281-EB-3.10-0.9.33-m32ub-20141001//include  -L/home/svm/openwrt_rtk/rtk_openwrt_sdk/staging_dir/target-mips-rlx5281-linux/usr/lib -L/home/svm/openwrt_rtk/rtk_openwrt_sdk/staging_dir/target-mips-rlx5281-linux/lib -L/home/svm/openwrt_rtk/rtk_openwrt_sdk/staging_dir/rsdk-4.6.4-5281-EB-3.10-0.9.33-m32ub-20141001//lib  conftest.c conftstm.o >&5
configure:6085: $? = 0
configure:6123: result: ok
configure:6160: checking for sysroot
configure:6190: result: no
configure:6393: checking for mips-rlx5281-linux-mt
configure:6423: result: no
configure:6433: checking for mt
configure:6449: found /bin/mt
configure:6460: result: mt
configure:6472: WARNING: using cross tools not prefixed with host triplet
configure:6483: checking if mt is a manifest tool
configure:6489: mt '-?'
configure:6497: result: no
configure:7129: checking how to run the C preprocessor
configure:7160: rsdk-linux-gcc -E -I/home/svm/openwrt_rtk/rtk_openwrt_sdk/staging_dir/target-mips-rlx5281-linux/usr/include -I/home/svm/openwrt_rtk/rtk_openwrt_sdk/staging_dir/target-mips-rlx5281-linux/include -I/home/svm/openwrt_rtk/rtk_openwrt_sdk/staging_dir/rsdk-4.6.4-5281-EB-3.10-0.9.33-m32ub-20141001//include  conftest.c
configure:7160: $? = 0
configure:7174: rsdk-linux-gcc -E -I/home/svm/openwrt_rtk/rtk_openwrt_sdk/staging_dir/target-mips-rlx5281-linux/usr/include -I/home/svm/openwrt_rtk/rtk_openwrt_sdk/staging_dir/target-mips-rlx5281-linux/include -I/home/svm/openwrt_rtk/rtk_openwrt_sdk/staging_dir/rsdk-4.6.4-5281-EB-3.10-0.9.33-m32ub-20141001//include  conftest.c
conftest.c:11:28: fatal error: ac_nonexistent.h: No such file or directory
compilation terminated.
configure:7174: $? = 1
configure: failed program was:
| /* confdefs.h */
| #define PACKAGE_NAME "libnfnetlink"
| #define PACKAGE_TARNAME "libnfnetlink"
| #define PACKAGE_VERSION "1.0.1"
| #define PACKAGE_STRING "libnfnetlink 1.0.1"
| #define PACKAGE_BUGREPORT ""
| #define PACKAGE_URL ""
| #define PACKAGE "libnfnetlink"
| #define VERSION "1.0.1"
| /* end confdefs.h.  */
| #include <ac_nonexistent.h>
configure:7199: result: rsdk-linux-gcc -E
configure:7219: rsdk-linux-gcc -E -I/home/svm/openwrt_rtk/rtk_openwrt_sdk/staging_dir/target-mips-rlx5281-linux/usr/include -I/home/svm/openwrt_rtk/rtk_openwrt_sdk/staging_dir/target-mips-rlx5281-linux/include -I/home/svm/openwrt_rtk/rtk_openwrt_sdk/staging_dir/rsdk-4.6.4-5281-EB-3.10-0.9.33-m32ub-20141001//include  conftest.c
configure:7219: $? = 0
configure:7233: rsdk-linux-gcc -E -I/home/svm/openwrt_rtk/rtk_openwrt_sdk/staging_dir/target-mips-rlx5281-linux/usr/include -I/home/svm/openwrt_rtk/rtk_openwrt_sdk/staging_dir/target-mips-rlx5281-linux/include -I/home/svm/openwrt_rtk/rtk_openwrt_sdk/staging_dir/rsdk-4.6.4-5281-EB-3.10-0.9.33-m32ub-20141001//include  conftest.c
conftest.c:11:28: fatal error: ac_nonexistent.h: No such file or directory
compilation terminated.
configure:7233: $? = 1
configure: failed program was:
| /* confdefs.h */
| #define PACKAGE_NAME "libnfnetlink"
| #define PACKAGE_TARNAME "libnfnetlink"
| #define PACKAGE_VERSION "1.0.1"
| #define PACKAGE_STRING "libnfnetlink 1.0.1"
| #define PACKAGE_BUGREPORT ""
| #define PACKAGE_URL ""
| #define PACKAGE "libnfnetlink"
| #define VERSION "1.0.1"
| /* end confdefs.h.  */
| #include <ac_nonexistent.h>
configure:7262: checking for ANSI C header files
configure:7282: rsdk-linux-gcc -c -Os -pipe -march=5281 -fno-caller-saves -fpic  -I/home/svm/openwrt_rtk/rtk_openwrt_sdk/staging_dir/target-mips-rlx5281-linux/usr/include -I/home/svm/openwrt_rtk/rtk_openwrt_sdk/staging_dir/target-mips-rlx5281-linux/include -I/home/svm/openwrt_rtk/rtk_openwrt_sdk/staging_dir/rsdk-4.6.4-5281-EB-3.10-0.9.33-m32ub-20141001//include  conftest.c >&5
configure:7282: $? = 0
configure:7366: result: yes
configure:7379: checking for sys/types.h
configure:7379: rsdk-linux-gcc -c -Os -pipe -march=5281 -fno-caller-saves -fpic  -I/home/svm/openwrt_rtk/rtk_openwrt_sdk/staging_dir/target-mips-rlx5281-linux/usr/include -I/home/svm/openwrt_rtk/rtk_openwrt_sdk/staging_dir/target-mips-rlx5281-linux/include -I/home/svm/openwrt_rtk/rtk_openwrt_sdk/staging_dir/rsdk-4.6.4-5281-EB-3.10-0.9.33-m32ub-20141001//include  conftest.c >&5
configure:7379: $? = 0
configure:7379: result: yes
configure:7379: checking for sys/stat.h
configure:7379: rsdk-linux-gcc -c -Os -pipe -march=5281 -fno-caller-saves -fpic  -I/home/svm/openwrt_rtk/rtk_openwrt_sdk/staging_dir/target-mips-rlx5281-linux/usr/include -I/home/svm/openwrt_rtk/rtk_openwrt_sdk/staging_dir/target-mips-rlx5281-linux/include -I/home/svm/openwrt_rtk/rtk_openwrt_sdk/staging_dir/rsdk-4.6.4-5281-EB-3.10-0.9.33-m32ub-20141001//include  conftest.c >&5
configure:7379: $? = 0
configure:7379: result: yes
configure:7379: checking for stdlib.h
configure:7379: rsdk-linux-gcc -c -Os -pipe -march=5281 -fno-caller-saves -fpic  -I/home/svm/openwrt_rtk/rtk_openwrt_sdk/staging_dir/target-mips-rlx5281-linux/usr/include -I/home/svm/openwrt_rtk/rtk_openwrt_sdk/staging_dir/target-mips-rlx5281-linux/include -I/home/svm/openwrt_rtk/rtk_openwrt_sdk/staging_dir/rsdk-4.6.4-5281-EB-3.10-0.9.33-m32ub-20141001//include  conftest.c >&5
configure:7379: $? = 0
configure:7379: result: yes
configure:7379: checking for string.h
configure:7379: rsdk-linux-gcc -c -Os -pipe -march=5281 -fno-caller-saves -fpic  -I/home/svm/openwrt_rtk/rtk_openwrt_sdk/staging_dir/target-mips-rlx5281-linux/usr/include -I/home/svm/openwrt_rtk/rtk_openwrt_sdk/staging_dir/target-mips-rlx5281-linux/include -I/home/svm/openwrt_rtk/rtk_openwrt_sdk/staging_dir/rsdk-4.6.4-5281-EB-3.10-0.9.33-m32ub-20141001//include  conftest.c >&5
configure:7379: $? = 0
configure:7379: result: yes
configure:7379: checking for memory.h
configure:7379: rsdk-linux-gcc -c -Os -pipe -march=5281 -fno-caller-saves -fpic  -I/home/svm/openwrt_rtk/rtk_openwrt_sdk/staging_dir/target-mips-rlx5281-linux/usr/include -I/home/svm/openwrt_rtk/rtk_openwrt_sdk/staging_dir/target-mips-rlx5281-linux/include -I/home/svm/openwrt_rtk/rtk_openwrt_sdk/staging_dir/rsdk-4.6.4-5281-EB-3.10-0.9.33-m32ub-20141001//include  conftest.c >&5
configure:7379: $? = 0
configure:7379: result: yes
configure:7379: checking for strings.h
configure:7379: rsdk-linux-gcc -c -Os -pipe -march=5281 -fno-caller-saves -fpic  -I/home/svm/openwrt_rtk/rtk_openwrt_sdk/staging_dir/target-mips-rlx5281-linux/usr/include -I/home/svm/openwrt_rtk/rtk_openwrt_sdk/staging_dir/target-mips-rlx5281-linux/include -I/home/svm/openwrt_rtk/rtk_openwrt_sdk/staging_dir/rsdk-4.6.4-5281-EB-3.10-0.9.33-m32ub-20141001//include  conftest.c >&5
configure:7379: $? = 0
configure:7379: result: yes
configure:7379: checking for inttypes.h
configure:7379: rsdk-linux-gcc -c -Os -pipe -march=5281 -fno-caller-saves -fpic  -I/home/svm/openwrt_rtk/rtk_openwrt_sdk/staging_dir/target-mips-rlx5281-linux/usr/include -I/home/svm/openwrt_rtk/rtk_openwrt_sdk/staging_dir/target-mips-rlx5281-linux/include -I/home/svm/openwrt_rtk/rtk_openwrt_sdk/staging_dir/rsdk-4.6.4-5281-EB-3.10-0.9.33-m32ub-20141001//include  conftest.c >&5
configure:7379: $? = 0
configure:7379: result: yes
configure:7379: checking for stdint.h
configure:7379: rsdk-linux-gcc -c -Os -pipe -march=5281 -fno-caller-saves -fpic  -I/home/svm/openwrt_rtk/rtk_openwrt_sdk/staging_dir/target-mips-rlx5281-linux/usr/include -I/home/svm/openwrt_rtk/rtk_openwrt_sdk/staging_dir/target-mips-rlx5281-linux/include -I/home/svm/openwrt_rtk/rtk_openwrt_sdk/staging_dir/rsdk-4.6.4-5281-EB-3.10-0.9.33-m32ub-20141001//include  conftest.c >&5
configure:7379: $? = 0
configure:7379: result: yes
configure:7379: checking for unistd.h
configure:7379: rsdk-linux-gcc -c -Os -pipe -march=5281 -fno-caller-saves -fpic  -I/home/svm/openwrt_rtk/rtk_openwrt_sdk/staging_dir/target-mips-rlx5281-linux/usr/include -I/home/svm/openwrt_rtk/rtk_openwrt_sdk/staging_dir/target-mips-rlx5281-linux/include -I/home/svm/openwrt_rtk/rtk_openwrt_sdk/staging_dir/rsdk-4.6.4-5281-EB-3.10-0.9.33-m32ub-20141001//include  conftest.c >&5
configure:7379: $? = 0
configure:7379: result: yes
configure:7393: checking for dlfcn.h
configure:7393: rsdk-linux-gcc -c -Os -pipe -march=5281 -fno-caller-saves -fpic  -I/home/svm/openwrt_rtk/rtk_openwrt_sdk/staging_dir/target-mips-rlx5281-linux/usr/include -I/home/svm/openwrt_rtk/rtk_openwrt_sdk/staging_dir/target-mips-rlx5281-linux/include -I/home/svm/openwrt_rtk/rtk_openwrt_sdk/staging_dir/rsdk-4.6.4-5281-EB-3.10-0.9.33-m32ub-20141001//include  conftest.c >&5
configure:7393: $? = 0
configure:7393: result: yes
configure:7550: checking for objdir
configure:7565: result: .libs
configure:7832: checking if rsdk-linux-gcc supports -fno-rtti -fno-exceptions
configure:7850: rsdk-linux-gcc -c -Os -pipe -march=5281 -fno-caller-saves -fpic  -I/home/svm/openwrt_rtk/rtk_openwrt_sdk/staging_dir/target-mips-rlx5281-linux/usr/include -I/home/svm/openwrt_rtk/rtk_openwrt_sdk/staging_dir/target-mips-rlx5281-linux/include -I/home/svm/openwrt_rtk/rtk_openwrt_sdk/staging_dir/rsdk-4.6.4-5281-EB-3.10-0.9.33-m32ub-20141001//include  -fno-rtti -fno-exceptions conftest.c >&5
cc1: warning: command line option '-fno-rtti' is valid for C++/ObjC++ but not for C [enabled by default]
configure:7854: $? = 0
configure:7867: result: no
configure:8177: checking for rsdk-linux-gcc option to produce PIC
configure:8184: result: -fPIC -DPIC
configure:8192: checking if rsdk-linux-gcc PIC flag -fPIC -DPIC works
configure:8210: rsdk-linux-gcc -c -Os -pipe -march=5281 -fno-caller-saves -fpic  -I/home/svm/openwrt_rtk/rtk_openwrt_sdk/staging_dir/target-mips-rlx5281-linux/usr/include -I/home/svm/openwrt_rtk/rtk_openwrt_sdk/staging_dir/target-mips-rlx5281-linux/include -I/home/svm/openwrt_rtk/rtk_openwrt_sdk/staging_dir/rsdk-4.6.4-5281-EB-3.10-0.9.33-m32ub-20141001//include  -fPIC -DPIC -DPIC conftest.c >&5
configure:8214: $? = 0
configure:8227: result: yes
configure:8256: checking if rsdk-linux-gcc static flag -static works
configure:8284: result: yes
configure:8299: checking if rsdk-linux-gcc supports -c -o file.o
configure:8320: rsdk-linux-gcc -c -Os -pipe -march=5281 -fno-caller-saves -fpic  -I/home/svm/openwrt_rtk/rtk_openwrt_sdk/staging_dir/target-mips-rlx5281-linux/usr/include -I/home/svm/openwrt_rtk/rtk_openwrt_sdk/staging_dir/target-mips-rlx5281-linux/include -I/home/svm/openwrt_rtk/rtk_openwrt_sdk/staging_dir/rsdk-4.6.4-5281-EB-3.10-0.9.33-m32ub-20141001//include  -o out/conftest2.o conftest.c >&5
configure:8324: $? = 0
configure:8346: result: yes
configure:8354: checking if rsdk-linux-gcc supports -c -o file.o
configure:8401: result: yes
configure:8434: checking whether the rsdk-linux-gcc linker (rsdk-linux-ld) supports shared libraries
configure:9592: result: yes
configure:9629: checking whether -lc should be explicitly linked in
configure:9637: rsdk-linux-gcc -c -Os -pipe -march=5281 -fno-caller-saves -fpic  -I/home/svm/openwrt_rtk/rtk_openwrt_sdk/staging_dir/target-mips-rlx5281-linux/usr/include -I/home/svm/openwrt_rtk/rtk_openwrt_sdk/staging_dir/target-mips-rlx5281-linux/include -I/home/svm/openwrt_rtk/rtk_openwrt_sdk/staging_dir/rsdk-4.6.4-5281-EB-3.10-0.9.33-m32ub-20141001//include  conftest.c >&5
configure:9640: $? = 0
configure:9655: rsdk-linux-gcc -shared  -fPIC -DPIC conftest.o  -v -Wl,-soname -Wl,conftest -o conftest 2\>\&1 \| /home/svm/openwrt_rtk/rtk_openwrt_sdk/staging_dir/host/bin/grep  -lc  \>/dev/null 2\>\&1
configure:9658: $? = 0
configure:9672: result: no
configure:9837: checking dynamic linker characteristics
configure:10351: rsdk-linux-gcc -o conftest -Os -pipe -march=5281 -fno-caller-saves -fpic  -I/home/svm/openwrt_rtk/rtk_openwrt_sdk/staging_dir/target-mips-rlx5281-linux/usr/include -I/home/svm/openwrt_rtk/rtk_openwrt_sdk/staging_dir/target-mips-rlx5281-linux/include -I/home/svm/openwrt_rtk/rtk_openwrt_sdk/staging_dir/rsdk-4.6.4-5281-EB-3.10-0.9.33-m32ub-20141001//include  -L/home/svm/openwrt_rtk/rtk_openwrt_sdk/staging_dir/target-mips-rlx5281-linux/usr/lib -L/home/svm/openwrt_rtk/rtk_openwrt_sdk/staging_dir/target-mips-rlx5281-linux/lib -L/home/svm/openwrt_rtk/rtk_openwrt_sdk/staging_dir/rsdk-4.6.4-5281-EB-3.10-0.9.33-m32ub-20141001//lib  -Wl,-rpath -Wl,/foo conftest.c  >&5
configure:10351: $? = 0
configure:10573: result: GNU/Linux ld.so
configure:10680: checking how to hardcode library paths into programs
configure:10705: result: immediate
configure:11245: checking whether stripping libraries is possible
configure:11250: result: yes
configure:11285: checking if libtool supports shared libraries
configure:11287: result: yes
configure:11290: checking whether to build shared libraries
configure:11311: result: yes
configure:11314: checking whether to build static libraries
configure:11318: result: yes
configure:11530: creating ./config.status

## ---------------------- ##
## Running config.status. ##
## ---------------------- ##

This file was extended by libnfnetlink config.status 1.0.1, which was
generated by GNU Autoconf 2.68.  Invocation command line was

  CONFIG_FILES    = 
  CONFIG_HEADERS  = 
  CONFIG_LINKS    = 
  CONFIG_COMMANDS = 
  $ ./config.status 

on ubuntu

config.status:1022: creating Makefile
config.status:1022: creating src/Makefile
config.status:1022: creating include/Makefile
config.status:1022: creating include/libnfnetlink/Makefile
config.status:1022: creating utils/Makefile
config.status:1022: creating libnfnetlink.pc
config.status:1194: executing depfiles commands
config.status:1194: executing libtool commands
configure:13583: WARNING: unrecognized options: --disable-nls, --disable-ipv6

## ---------------- ##
## Cache variables. ##
## ---------------- ##

ac_cv_build=x86_64-pc-linux-gnu
ac_cv_c_bigendian=yes
ac_cv_c_compiler_gnu=yes
ac_cv_c_gettext_without_libintl=yes
ac_cv_c_littleendian=no
ac_cv_c_long_double=no
ac_cv_conv_longlong_to_float=yes
ac_cv_env_CC_set=set
ac_cv_env_CC_value=rsdk-linux-gcc
ac_cv_env_CFLAGS_set=set
ac_cv_env_CFLAGS_value='-Os -pipe -march=5281 -fno-caller-saves -fpic '
ac_cv_env_CPPFLAGS_set=set
ac_cv_env_CPPFLAGS_value='-I/home/svm/openwrt_rtk/rtk_openwrt_sdk/staging_dir/target-mips-rlx5281-linux/usr/include -I/home/svm/openwrt_rtk/rtk_openwrt_sdk/staging_dir/target-mips-rlx5281-linux/include -I/home/svm/openwrt_rtk/rtk_openwrt_sdk/staging_dir/rsdk-4.6.4-5281-EB-3.10-0.9.33-m32ub-20141001//include '
ac_cv_env_CPP_set=
ac_cv_env_CPP_value=
ac_cv_env_LDFLAGS_set=set
ac_cv_env_LDFLAGS_value='-L/home/svm/openwrt_rtk/rtk_openwrt_sdk/staging_dir/target-mips-rlx5281-linux/usr/lib -L/home/svm/openwrt_rtk/rtk_openwrt_sdk/staging_dir/target-mips-rlx5281-linux/lib -L/home/svm/openwrt_rtk/rtk_openwrt_sdk/staging_dir/rsdk-4.6.4-5281-EB-3.10-0.9.33-m32ub-20141001//lib '
ac_cv_env_LIBS_set=
ac_cv_env_LIBS_value=
ac_cv_env_build_alias_set=set
ac_cv_env_build_alias_value=x86_64-linux-gnu
ac_cv_env_host_alias_set=set
ac_cv_env_host_alias_value=mips-rlx5281-linux
ac_cv_env_target_alias_set=set
ac_cv_env_target_alias_value=mips-rlx5281-linux
ac_cv_file__dev_zero=yes
ac_cv_func___adjtimex=yes
ac_cv_func___va_copy=no
ac_cv_func__exit=yes
ac_cv_func_bcmp=yes
ac_cv_func_bcopy=yes
ac_cv_func_bzero=yes
ac_cv_func_cimag=yes
ac_cv_func_creal=yes
ac_cv_func_fchmod=yes
ac_cv_func_getaddrinfo=yes
ac_cv_func_getcwd=yes
ac_cv_func_getdomainname=yes
ac_cv_func_getpgrp_void=yes
ac_cv_func_getpwuid_r=yes
ac_cv_func_gettimeofday=yes
ac_cv_func_index=yes
ac_cv_func_lstat=yes
ac_cv_func_lstat_dereferences_slashed_symlink=yes
ac_cv_func_lstat_empty_string_bug=no
ac_cv_func_malloc_0_nonnull=yes
ac_cv_func_malloc_works=yes
ac_cv_func_memcmp_clean=yes
ac_cv_func_memcmp_working=yes
ac_cv_func_posix_getgrgid_r=yes
ac_cv_func_posix_getpwuid_r=yes
ac_cv_func_psignal=yes
ac_cv_func_pthread_key_delete=yes
ac_cv_func_realloc_0_nonnull=yes
ac_cv_func_realloc_works=yes
ac_cv_func_rename=yes
ac_cv_func_rindex=yes
ac_cv_func_setgrent_void=yes
ac_cv_func_setlocale=yes
ac_cv_func_setpgrp_void=yes
ac_cv_func_setresuid=no
ac_cv_func_setvbuf_reversed=no
ac_cv_func_stat_empty_string_bug=no
ac_cv_func_stat_ignores_trailing_slash=no
ac_cv_func_strerror=yes
ac_cv_func_strftime=yes
ac_cv_func_utimes=yes
ac_cv_func_va_copy=no
ac_cv_func_vsnprintf=yes
ac_cv_have_accrights_in_msghdr=no
ac_cv_have_broken_snprintf=no
ac_cv_have_control_in_msghdr=yes
ac_cv_have_decl_sys_siglist=no
ac_cv_have_openpty_ctty_bug=yes
ac_cv_have_space_d_name_in_struct_dirent=yes
ac_cv_header_dlfcn_h=yes
ac_cv_header_inttypes_h=yes
ac_cv_header_memory_h=yes
ac_cv_header_netinet_sctp_h=no
ac_cv_header_netinet_sctp_uio_h=no
ac_cv_header_stdc=yes
ac_cv_header_stdint_h=yes
ac_cv_header_stdlib_h=yes
ac_cv_header_string_h=yes
ac_cv_header_strings_h=yes
ac_cv_header_sys_stat_h=yes
ac_cv_header_sys_types_h=yes
ac_cv_header_unistd_h=yes
ac_cv_host=mips-rlx5281-linux-gnu
ac_cv_int64_t=yes
ac_cv_lbl_unaligned_fail=no
ac_cv_linux_kernel_pppoe=yes
ac_cv_linux_vers=2
ac_cv_objext=o
ac_cv_pack_bitfields_reversed=yes
ac_cv_path_EGREP='/home/svm/openwrt_rtk/rtk_openwrt_sdk/staging_dir/host/bin/grep -E'
ac_cv_path_FGREP='/home/svm/openwrt_rtk/rtk_openwrt_sdk/staging_dir/host/bin/grep -F'
ac_cv_path_GREP=/home/svm/openwrt_rtk/rtk_openwrt_sdk/staging_dir/host/bin/grep
ac_cv_path_LDCONFIG=
ac_cv_path_SED=/home/svm/openwrt_rtk/rtk_openwrt_sdk/staging_dir/host/bin/sed
ac_cv_path_install='/usr/bin/install -c'
ac_cv_path_mkdir=/bin/mkdir
ac_cv_prog_AR=rsdk-linux-ar
ac_cv_prog_AWK=gawk
ac_cv_prog_CC=rsdk-linux-gcc
ac_cv_prog_CPP='rsdk-linux-gcc -E'
ac_cv_prog_OBJDUMP=rsdk-linux-objdump
ac_cv_prog_RANLIB=rsdk-linux-ranlib
ac_cv_prog_STRIP=rsdk-linux-strip
ac_cv_prog_ac_ct_MANIFEST_TOOL=mt
ac_cv_prog_cc_c89=
ac_cv_prog_cc_g=yes
ac_cv_prog_cc_rsdk_linux_gcc_c_o=yes
ac_cv_prog_make_make_set=yes
ac_cv_regexec_segfault_emptystr=no
ac_cv_sctp=no
ac_cv_sizeof___int64=0
ac_cv_sizeof_char=1
ac_cv_sizeof_int16_t=2
ac_cv_sizeof_int32_t=4
ac_cv_sizeof_int64_t=8
ac_cv_sizeof_int=4
ac_cv_sizeof_long=4
ac_cv_sizeof_long_int=4
ac_cv_sizeof_long_long=8
ac_cv_sizeof_off_t=8
ac_cv_sizeof_short=2
ac_cv_sizeof_short_int=2
ac_cv_sizeof_size_t=4
ac_cv_sizeof_ssize_t=4
ac_cv_sizeof_u_int16_t=2
ac_cv_sizeof_u_int32_t=4
ac_cv_sizeof_u_int64_t=8
ac_cv_sizeof_uint16_t=2
ac_cv_sizeof_uint32_t=4
ac_cv_sizeof_uint64_t=8
ac_cv_sizeof_unsigned_int=4
ac_cv_sizeof_unsigned_long=4
ac_cv_sizeof_unsigned_long_long=8
ac_cv_sizeof_unsigned_short=2
ac_cv_sizeof_void_p=4
ac_cv_sys_restartable_syscalls=yes
ac_cv_time_r_type=POSIX
ac_cv_type_suseconds_t=yes
ac_cv_uchar=no
ac_cv_uint64_t=yes
ac_cv_uint=yes
ac_cv_ulong=yes
ac_cv_ushort=yes
ac_cv_va_copy=C99
ac_cv_va_val_copy=yes
am_cv_CC_dependencies_compiler_type=gcc3
am_cv_make_support_nested_variables=yes
am_cv_prog_tar_pax=gnutar
as_cv_unaligned_access=yes
lt_cv_ar_at_file=@
lt_cv_archive_cmds_need_lc=no
lt_cv_deplibs_check_method=pass_all
lt_cv_file_magic_cmd='$MAGIC_CMD'
lt_cv_file_magic_test_file=
lt_cv_ld_reload_flag=-r
lt_cv_nm_interface='BSD nm'
lt_cv_objdir=.libs
lt_cv_path_LD=rsdk-linux-ld
lt_cv_path_NM=rsdk-linux-nm
lt_cv_path_mainfest_tool=no
lt_cv_prog_compiler_c_o=yes
lt_cv_prog_compiler_pic='-fPIC -DPIC'
lt_cv_prog_compiler_pic_works=yes
lt_cv_prog_compiler_rtti_exceptions=no
lt_cv_prog_compiler_static_works=yes
lt_cv_prog_gnu_ld=yes
lt_cv_sharedlib_from_linklib_cmd='printf %s\n'
lt_cv_shlibpath_overrides_runpath=no
lt_cv_sys_global_symbol_pipe='sed -n -e '\''s/^.*[	 ]\([ABCDGIRSTW][ABCDGIRSTW]*\)[	 ][	 ]*\([_A-Za-z][_A-Za-z0-9]*\)$/\1 \2 \2/p'\'' | sed '\''/ __gnu_lto/d'\'''
lt_cv_sys_global_symbol_to_c_name_address='sed -n -e '\''s/^: \([^ ]*\)[ ]*$/  {\"\1\", (void *) 0},/p'\'' -e '\''s/^[ABCDGIRSTW]* \([^ ]*\) \([^ ]*\)$/  {"\2", (void *) \&\2},/p'\'''
lt_cv_sys_global_symbol_to_c_name_address_lib_prefix='sed -n -e '\''s/^: \([^ ]*\)[ ]*$/  {\"\1\", (void *) 0},/p'\'' -e '\''s/^[ABCDGIRSTW]* \([^ ]*\) \(lib[^ ]*\)$/  {"\2", (void *) \&\2},/p'\'' -e '\''s/^[ABCDGIRSTW]* \([^ ]*\) \([^ ]*\)$/  {"lib\2", (void *) \&\2},/p'\'''
lt_cv_sys_global_symbol_to_cdecl='sed -n -e '\''s/^T .* \(.*\)$/extern int \1();/p'\'' -e '\''s/^[ABCDGIRSTW]* .* \(.*\)$/extern char \1;/p'\'''
lt_cv_sys_max_cmd_len=1572864
lt_cv_to_host_file_cmd=func_convert_file_noop
lt_cv_to_tool_file_cmd=func_convert_file_noop

## ----------------- ##
## Output variables. ##
## ----------------- ##

ACLOCAL='${SHELL} /home/svm/openwrt_rtk/rtk_openwrt_sdk/build_dir/target-mips-rlx5281-linux/libnfnetlink-1.0.1/build-aux/missing --run aclocal-1.11'
AMDEPBACKSLASH='\'
AMDEP_FALSE='#'
AMDEP_TRUE=''
AMTAR='$${TAR-tar}'
AM_BACKSLASH='\'
AM_DEFAULT_V='$(AM_DEFAULT_VERBOSITY)'
AM_DEFAULT_VERBOSITY='0'
AM_V='$(V)'
AR='rsdk-linux-ar'
AUTOCONF='${SHELL} /home/svm/openwrt_rtk/rtk_openwrt_sdk/build_dir/target-mips-rlx5281-linux/libnfnetlink-1.0.1/build-aux/missing --run autoconf'
AUTOHEADER='${SHELL} /home/svm/openwrt_rtk/rtk_openwrt_sdk/build_dir/target-mips-rlx5281-linux/libnfnetlink-1.0.1/build-aux/missing --run autoheader'
AUTOMAKE='${SHELL} /home/svm/openwrt_rtk/rtk_openwrt_sdk/build_dir/target-mips-rlx5281-linux/libnfnetlink-1.0.1/build-aux/missing --run automake-1.11'
AWK='gawk'
CC='rsdk-linux-gcc'
CCDEPMODE='depmode=gcc3'
CFLAGS='-Os -pipe -march=5281 -fno-caller-saves -fpic '
CPP='rsdk-linux-gcc -E'
CPPFLAGS='-I/home/svm/openwrt_rtk/rtk_openwrt_sdk/staging_dir/target-mips-rlx5281-linux/usr/include -I/home/svm/openwrt_rtk/rtk_openwrt_sdk/staging_dir/target-mips-rlx5281-linux/include -I/home/svm/openwrt_rtk/rtk_openwrt_sdk/staging_dir/rsdk-4.6.4-5281-EB-3.10-0.9.33-m32ub-20141001//include '
CYGPATH_W='echo'
DEFS='-DPACKAGE_NAME=\"libnfnetlink\" -DPACKAGE_TARNAME=\"libnfnetlink\" -DPACKAGE_VERSION=\"1.0.1\" -DPACKAGE_STRING=\"libnfnetlink\ 1.0.1\" -DPACKAGE_BUGREPORT=\"\" -DPACKAGE_URL=\"\" -DPACKAGE=\"libnfnetlink\" -DVERSION=\"1.0.1\" -DSTDC_HEADERS=1 -DHAVE_SYS_TYPES_H=1 -DHAVE_SYS_STAT_H=1 -DHAVE_STDLIB_H=1 -DHAVE_STRING_H=1 -DHAVE_MEMORY_H=1 -DHAVE_STRINGS_H=1 -DHAVE_INTTYPES_H=1 -DHAVE_STDINT_H=1 -DHAVE_UNISTD_H=1 -DHAVE_DLFCN_H=1 -DLT_OBJDIR=\".libs/\"'
DEPDIR='.deps'
DLLTOOL='false'
DSYMUTIL=''
DUMPBIN=''
ECHO_C=''
ECHO_N='-n'
ECHO_T=''
EGREP='/home/svm/openwrt_rtk/rtk_openwrt_sdk/staging_dir/host/bin/grep -E'
EXEEXT=''
FGREP='/home/svm/openwrt_rtk/rtk_openwrt_sdk/staging_dir/host/bin/grep -F'
GREP='/home/svm/openwrt_rtk/rtk_openwrt_sdk/staging_dir/host/bin/grep'
INSTALL_DATA='${INSTALL} -m 644'
INSTALL_PROGRAM='${INSTALL}'
INSTALL_SCRIPT='${INSTALL}'
INSTALL_STRIP_PROGRAM='$(install_sh) -c -s'
LD='rsdk-linux-ld'
LDFLAGS='-L/home/svm/openwrt_rtk/rtk_openwrt_sdk/staging_dir/target-mips-rlx5281-linux/usr/lib -L/home/svm/openwrt_rtk/rtk_openwrt_sdk/staging_dir/target-mips-rlx5281-linux/lib -L/home/svm/openwrt_rtk/rtk_openwrt_sdk/staging_dir/rsdk-4.6.4-5281-EB-3.10-0.9.33-m32ub-20141001//lib '
LIBOBJS=''
LIBS=''
LIBTOOL='$(SHELL) $(top_builddir)/libtool'
LIPO=''
LN_S='ln -s'
LTLIBOBJS=''
MAKEINFO='${SHELL} /home/svm/openwrt_rtk/rtk_openwrt_sdk/build_dir/target-mips-rlx5281-linux/libnfnetlink-1.0.1/build-aux/missing --run makeinfo'
MANIFEST_TOOL=':'
MKDIR_P='/bin/mkdir -p'
NM='rsdk-linux-nm'
NMEDIT=''
OBJDUMP='rsdk-linux-objdump'
OBJEXT='o'
OTOOL64=''
OTOOL=''
PACKAGE='libnfnetlink'
PACKAGE_BUGREPORT=''
PACKAGE_NAME='libnfnetlink'
PACKAGE_STRING='libnfnetlink 1.0.1'
PACKAGE_TARNAME='libnfnetlink'
PACKAGE_URL=''
PACKAGE_VERSION='1.0.1'
PATH_SEPARATOR=':'
RANLIB='rsdk-linux-ranlib'
SED='/home/svm/openwrt_rtk/rtk_openwrt_sdk/staging_dir/host/bin/sed'
SET_MAKE=''
SHELL='/bin/bash'
STRIP='rsdk-linux-strip'
VERSION='1.0.1'
ac_ct_AR=''
ac_ct_CC=''
ac_ct_DUMPBIN=''
am__EXEEXT_FALSE=''
am__EXEEXT_TRUE='#'
am__fastdepCC_FALSE='#'
am__fastdepCC_TRUE=''
am__include='include'
am__isrc=''
am__leading_dot='.'
am__nodep='_no'
am__quote=''
am__tar='tar --format=posix -chf - "$$tardir"'
am__untar='tar -xf -'
bindir='/usr/bin'
build='x86_64-pc-linux-gnu'
build_alias='x86_64-linux-gnu'
build_cpu='x86_64'
build_os='linux-gnu'
build_vendor='pc'
datadir='/usr/share'
datarootdir='${prefix}/share'
docdir='${datarootdir}/doc/${PACKAGE_TARNAME}'
dvidir='${docdir}'
exec_prefix='/usr'
host='mips-rlx5281-linux-gnu'
host_alias='mips-rlx5281-linux'
host_cpu='mips'
host_os='linux-gnu'
host_vendor='rlx5281'
htmldir='${docdir}'
includedir='${prefix}/include'
infodir='/usr/info'
install_sh='${SHELL} /home/svm/openwrt_rtk/rtk_openwrt_sdk/build_dir/target-mips-rlx5281-linux/libnfnetlink-1.0.1/build-aux/install-sh'
libdir='${exec_prefix}/lib'
libexecdir='/usr/lib'
localedir='${datarootdir}/locale'
localstatedir='/var'
mandir='/usr/man'
mkdir_p='/bin/mkdir -p'
oldincludedir='/usr/include'
pdfdir='${docdir}'
prefix='/usr'
program_transform_name='s&$$&&;s&^&&'
psdir='${docdir}'
sbindir='/usr/sbin'
sharedstatedir='${prefix}/com'
sysconfdir='/etc'
target_alias='mips-rlx5281-linux'

## ----------- ##
## confdefs.h. ##
## ----------- ##

/* confdefs.h */
#define PACKAGE_NAME "libnfnetlink"
#define PACKAGE_TARNAME "libnfnetlink"
#define PACKAGE_VERSION "1.0.1"
#define PACKAGE_STRING "libnfnetlink 1.0.1"
#define PACKAGE_BUGREPORT ""
#define PACKAGE_URL ""
#define PACKAGE "libnfnetlink"
#define VERSION "1.0.1"
#define STDC_HEADERS 1
#define HAVE_SYS_TYPES_H 1
#define HAVE_SYS_STAT_H 1
#define HAVE_STDLIB_H 1
#define HAVE_STRING_H 1
#define HAVE_MEMORY_H 1
#define HAVE_STRINGS_H 1
#define HAVE_INTTYPES_H 1
#define HAVE_STDINT_H 1
#define HAVE_UNISTD_H 1
#define HAVE_DLFCN_H 1
#define LT_OBJDIR ".libs/"

configure: exit 0
