This file contains any messages produced by compilers while
running configure, to aid debugging if configure makes a mistake.

It was created by alsa-utils configure 1.0.28, which was
generated by GNU Autoconf 2.69.  Invocation command line was

  $ ./configure --target=mips-rlx5281-linux --host=mips-rlx5281-linux --build=x86_64-linux-gnu --program-prefix= --program-suffix= --prefix=/usr --exec-prefix=/usr --bindir=/usr/bin --sbindir=/usr/sbin --libexecdir=/usr/lib --sysconfdir=/etc --datadir=/usr/share --localstatedir=/var --mandir=/usr/man --infodir=/usr/info --disable-nls --disable-ipv6 --disable-rpath --disable-alsatest --disable-xmlto

## --------- ##
## Platform. ##
## --------- ##

hostname = ubuntu
uname -m = x86_64
uname -r = 4.15.0-208-generic
uname -s = Linux
uname -v = #220-Ubuntu SMP Mon Mar 20 14:27:01 UTC 2023

/usr/bin/uname -p = unknown
/bin/uname -X     = unknown

/bin/arch              = unknown
/usr/bin/arch -k       = unknown
/usr/convex/getsysinfo = unknown
/usr/bin/hostinfo      = unknown
/bin/machine           = unknown
/usr/bin/oslevel       = unknown
/bin/universe          = unknown

PATH: /home/svm/openwrt_rtk/rtk_openwrt_sdk/staging_dir/target-mips-rlx5281-linux/host/bin
PATH: /home/svm/openwrt_rtk/rtk_openwrt_sdk/staging_dir/toolchain-mips-rlx5281-linux/bin
PATH: /home/svm/openwrt_rtk/rtk_openwrt_sdk/staging_dir/rsdk-4.6.4-5281-EB-3.10-0.9.33-m32ub-20141001//bin
PATH: /home/svm/openwrt_rtk/rtk_openwrt_sdk/staging_dir/host/bin
PATH: /home/svm/openwrt_rtk/rtk_openwrt_sdk/staging_dir/toolchain-mips-rlx5281-linux/bin
PATH: /home/svm/openwrt_rtk/rtk_openwrt_sdk/staging_dir/rsdk-4.6.4-5281-EB-3.10-0.9.33-m32ub-20141001//bin
PATH: /home/svm/openwrt_rtk/rtk_openwrt_sdk/staging_dir/host/bin
PATH: /home/svm/openwrt_rtk/rtk_openwrt_sdk/staging_dir/toolchain-mips-rlx5281-linux/bin
PATH: /home/svm/openwrt_rtk/rtk_openwrt_sdk/staging_dir/rsdk-4.6.4-5281-EB-3.10-0.9.33-m32ub-20141001//bin
PATH: /home/svm/openwrt_rtk/rtk_openwrt_sdk/staging_dir/host/bin
PATH: /usr/local/sbin
PATH: /usr/local/bin
PATH: /usr/sbin
PATH: /usr/bin
PATH: /sbin
PATH: /bin
PATH: /usr/games
PATH: /usr/local/games
PATH: /snap/bin


## ----------- ##
## Core tests. ##
## ----------- ##

configure:2198: loading site script /home/svm/openwrt_rtk/rtk_openwrt_sdk/include/site/mips-rlx5281-linux
| #!/bin/sh
| 
| . $TOPDIR/include/site/mips-linux
| . $TOPDIR/include/site/linux-uclibc
| 
configure:2342: checking for a BSD-compatible install
configure:2410: result: /usr/bin/install -c
configure:2421: checking whether build environment is sane
configure:2476: result: yes
configure:2535: checking for mips-rlx5281-linux-strip
configure:2562: result: rsdk-linux-strip
configure:2627: checking for a thread-safe mkdir -p
configure:2666: result: /bin/mkdir -p
configure:2673: checking for gawk
configure:2689: found /usr/bin/gawk
configure:2700: result: gawk
configure:2711: checking whether make sets $(MAKE)
configure:2733: result: yes
configure:2821: checking whether to enable maintainer-specific portions of Makefiles
configure:2830: result: yes
configure:2852: checking whether NLS is requested
configure:2861: result: no
configure:2902: checking for msgfmt
configure: trying /usr/bin/msgfmt...
0 translated messages.
configure:2934: result: /usr/bin/msgfmt
configure:2943: checking for gmsgfmt
configure:2974: result: /usr/bin/msgfmt
configure:3025: checking for xgettext
configure: trying /usr/bin/xgettext...
/usr/bin/xgettext: warning: file '/dev/null' extension '' is unknown; will try C
configure:3057: result: /usr/bin/xgettext
configure:3103: checking for msgmerge
configure: trying /usr/bin/msgmerge...
configure:3134: result: /usr/bin/msgmerge
configure:3179: checking for style of include used by make
configure:3207: result: GNU
configure:3238: checking for mips-rlx5281-linux-gcc
configure:3265: result: rsdk-linux-gcc
configure:3534: checking for C compiler version
configure:3543: rsdk-linux-gcc --version >&5
mips-linux-xgcc (Realtek RSDK-4.6.4 Build 2002) 4.6.4
Copyright (C) 2011 Free Software Foundation, Inc.
This is free software; see the source for copying conditions.  There is NO
warranty; not even for MERCHANTABILITY or FITNESS FOR A PARTICULAR PURPOSE.

configure:3554: $? = 0
configure:3543: rsdk-linux-gcc -v >&5
Reading specs from /home/svm/openwrt_rtk/rtk_openwrt_sdk/staging_dir/rsdk-4.6.4-5281-EB-3.10-0.9.33-m32ub-20141001/bin/../lib/gcc/mips-linux-uclibc/4.6.4/specs
COLLECT_GCC=/home/svm/openwrt_rtk/rtk_openwrt_sdk/staging_dir/rsdk-4.6.4-5281-EB-3.10-0.9.33-m32ub-20141001/bin/mips-linux-xgcc
COLLECT_LTO_WRAPPER=/home/svm/openwrt_rtk/rtk_openwrt_sdk/staging_dir/rsdk-4.6.4-5281-EB-3.10-0.9.33-m32ub-20141001/bin/../libexec/gcc/mips-linux-uclibc/4.6.4/lto-wrapper
Target: mips-linux-uclibc
Configured with: Realtek SDK Builder release 4.6
Thread model: posix
gcc version 4.6.4 (Realtek RSDK-4.6.4 Build 2002) 
configure:3554: $? = 0
configure:3543: rsdk-linux-gcc -V >&5
mips-linux-xgcc: fatal error: no input files
compilation terminated.
configure:3554: $? = 1
configure:3543: rsdk-linux-gcc -qversion >&5
mips-linux-xgcc: fatal error: no input files
compilation terminated.
configure:3554: $? = 1
configure:3574: checking whether the C compiler works
configure:3596: rsdk-linux-gcc -Os -pipe -march=5281 -fno-caller-saves  -I/home/svm/openwrt_rtk/rtk_openwrt_sdk/staging_dir/target-mips-rlx5281-linux/usr/include -I/home/svm/openwrt_rtk/rtk_openwrt_sdk/staging_dir/target-mips-rlx5281-linux/include -I/home/svm/openwrt_rtk/rtk_openwrt_sdk/staging_dir/rsdk-4.6.4-5281-EB-3.10-0.9.33-m32ub-20141001//include  -L/home/svm/openwrt_rtk/rtk_openwrt_sdk/staging_dir/target-mips-rlx5281-linux/usr/lib -L/home/svm/openwrt_rtk/rtk_openwrt_sdk/staging_dir/target-mips-rlx5281-linux/lib -L/home/svm/openwrt_rtk/rtk_openwrt_sdk/staging_dir/rsdk-4.6.4-5281-EB-3.10-0.9.33-m32ub-20141001//lib  conftest.c  >&5
configure:3600: $? = 0
configure:3648: result: yes
configure:3651: checking for C compiler default output file name
configure:3653: result: a.out
configure:3659: checking for suffix of executables
configure:3666: rsdk-linux-gcc -o conftest -Os -pipe -march=5281 -fno-caller-saves  -I/home/svm/openwrt_rtk/rtk_openwrt_sdk/staging_dir/target-mips-rlx5281-linux/usr/include -I/home/svm/openwrt_rtk/rtk_openwrt_sdk/staging_dir/target-mips-rlx5281-linux/include -I/home/svm/openwrt_rtk/rtk_openwrt_sdk/staging_dir/rsdk-4.6.4-5281-EB-3.10-0.9.33-m32ub-20141001//include  -L/home/svm/openwrt_rtk/rtk_openwrt_sdk/staging_dir/target-mips-rlx5281-linux/usr/lib -L/home/svm/openwrt_rtk/rtk_openwrt_sdk/staging_dir/target-mips-rlx5281-linux/lib -L/home/svm/openwrt_rtk/rtk_openwrt_sdk/staging_dir/rsdk-4.6.4-5281-EB-3.10-0.9.33-m32ub-20141001//lib  conftest.c  >&5
configure:3670: $? = 0
configure:3692: result: 
configure:3714: checking whether we are cross compiling
configure:3752: result: yes
configure:3757: checking for suffix of object files
configure:3779: rsdk-linux-gcc -c -Os -pipe -march=5281 -fno-caller-saves  -I/home/svm/openwrt_rtk/rtk_openwrt_sdk/staging_dir/target-mips-rlx5281-linux/usr/include -I/home/svm/openwrt_rtk/rtk_openwrt_sdk/staging_dir/target-mips-rlx5281-linux/include -I/home/svm/openwrt_rtk/rtk_openwrt_sdk/staging_dir/rsdk-4.6.4-5281-EB-3.10-0.9.33-m32ub-20141001//include  conftest.c >&5
configure:3783: $? = 0
configure:3804: result: o
configure:3808: checking whether we are using the GNU C compiler
configure:3827: rsdk-linux-gcc -c -Os -pipe -march=5281 -fno-caller-saves  -I/home/svm/openwrt_rtk/rtk_openwrt_sdk/staging_dir/target-mips-rlx5281-linux/usr/include -I/home/svm/openwrt_rtk/rtk_openwrt_sdk/staging_dir/target-mips-rlx5281-linux/include -I/home/svm/openwrt_rtk/rtk_openwrt_sdk/staging_dir/rsdk-4.6.4-5281-EB-3.10-0.9.33-m32ub-20141001//include  conftest.c >&5
configure:3827: $? = 0
configure:3836: result: yes
configure:3845: checking whether rsdk-linux-gcc accepts -g
configure:3865: rsdk-linux-gcc -c -g -I/home/svm/openwrt_rtk/rtk_openwrt_sdk/staging_dir/target-mips-rlx5281-linux/usr/include -I/home/svm/openwrt_rtk/rtk_openwrt_sdk/staging_dir/target-mips-rlx5281-linux/include -I/home/svm/openwrt_rtk/rtk_openwrt_sdk/staging_dir/rsdk-4.6.4-5281-EB-3.10-0.9.33-m32ub-20141001//include  conftest.c >&5
configure:3865: $? = 0
configure:3906: result: yes
configure:3923: checking for rsdk-linux-gcc option to accept ISO C89
configure:3986: rsdk-linux-gcc  -c -Os -pipe -march=5281 -fno-caller-saves  -I/home/svm/openwrt_rtk/rtk_openwrt_sdk/staging_dir/target-mips-rlx5281-linux/usr/include -I/home/svm/openwrt_rtk/rtk_openwrt_sdk/staging_dir/target-mips-rlx5281-linux/include -I/home/svm/openwrt_rtk/rtk_openwrt_sdk/staging_dir/rsdk-4.6.4-5281-EB-3.10-0.9.33-m32ub-20141001//include  conftest.c >&5
configure:3986: $? = 0
configure:3999: result: none needed
configure:4021: checking dependency style of rsdk-linux-gcc
configure:4132: result: gcc3
configure:4151: checking build system type
configure:4165: result: x86_64-pc-linux-gnu
configure:4185: checking host system type
configure:4198: result: mips-rlx5281-linux-gnu
configure:4242: checking for ld used by GCC
configure:4306: result: rsdk-linux-ld
configure:4313: checking if the linker (rsdk-linux-ld) is GNU ld
configure:4326: result: yes
configure:4333: checking for shared library run path origin
configure:4346: result: done
configure:4371: checking how to run the C preprocessor
configure:4402: rsdk-linux-gcc -E -I/home/svm/openwrt_rtk/rtk_openwrt_sdk/staging_dir/target-mips-rlx5281-linux/usr/include -I/home/svm/openwrt_rtk/rtk_openwrt_sdk/staging_dir/target-mips-rlx5281-linux/include -I/home/svm/openwrt_rtk/rtk_openwrt_sdk/staging_dir/rsdk-4.6.4-5281-EB-3.10-0.9.33-m32ub-20141001//include  conftest.c
configure:4402: $? = 0
configure:4416: rsdk-linux-gcc -E -I/home/svm/openwrt_rtk/rtk_openwrt_sdk/staging_dir/target-mips-rlx5281-linux/usr/include -I/home/svm/openwrt_rtk/rtk_openwrt_sdk/staging_dir/target-mips-rlx5281-linux/include -I/home/svm/openwrt_rtk/rtk_openwrt_sdk/staging_dir/rsdk-4.6.4-5281-EB-3.10-0.9.33-m32ub-20141001//include  conftest.c
conftest.c:11:28: fatal error: ac_nonexistent.h: No such file or directory
compilation terminated.
configure:4416: $? = 1
configure: failed program was:
| /* confdefs.h */
| #define PACKAGE_NAME "alsa-utils"
| #define PACKAGE_TARNAME "alsa-utils"
| #define PACKAGE_VERSION "1.0.28"
| #define PACKAGE_STRING "alsa-utils 1.0.28"
| #define PACKAGE_BUGREPORT ""
| #define PACKAGE_URL ""
| #define PACKAGE "alsa-utils"
| #define VERSION "1.0.28"
| /* end confdefs.h.  */
| #include <ac_nonexistent.h>
configure:4441: result: rsdk-linux-gcc -E
configure:4461: rsdk-linux-gcc -E -I/home/svm/openwrt_rtk/rtk_openwrt_sdk/staging_dir/target-mips-rlx5281-linux/usr/include -I/home/svm/openwrt_rtk/rtk_openwrt_sdk/staging_dir/target-mips-rlx5281-linux/include -I/home/svm/openwrt_rtk/rtk_openwrt_sdk/staging_dir/rsdk-4.6.4-5281-EB-3.10-0.9.33-m32ub-20141001//include  conftest.c
configure:4461: $? = 0
configure:4475: rsdk-linux-gcc -E -I/home/svm/openwrt_rtk/rtk_openwrt_sdk/staging_dir/target-mips-rlx5281-linux/usr/include -I/home/svm/openwrt_rtk/rtk_openwrt_sdk/staging_dir/target-mips-rlx5281-linux/include -I/home/svm/openwrt_rtk/rtk_openwrt_sdk/staging_dir/rsdk-4.6.4-5281-EB-3.10-0.9.33-m32ub-20141001//include  conftest.c
conftest.c:11:28: fatal error: ac_nonexistent.h: No such file or directory
compilation terminated.
configure:4475: $? = 1
configure: failed program was:
| /* confdefs.h */
| #define PACKAGE_NAME "alsa-utils"
| #define PACKAGE_TARNAME "alsa-utils"
| #define PACKAGE_VERSION "1.0.28"
| #define PACKAGE_STRING "alsa-utils 1.0.28"
| #define PACKAGE_BUGREPORT ""
| #define PACKAGE_URL ""
| #define PACKAGE "alsa-utils"
| #define VERSION "1.0.28"
| /* end confdefs.h.  */
| #include <ac_nonexistent.h>
configure:4504: checking for grep that handles long lines and -e
configure:4562: result: /home/svm/openwrt_rtk/rtk_openwrt_sdk/staging_dir/host/bin/grep
configure:4567: checking for egrep
configure:4629: result: /home/svm/openwrt_rtk/rtk_openwrt_sdk/staging_dir/host/bin/grep -E
configure:5187: checking for CFPreferencesCopyAppValue
configure:5205: rsdk-linux-gcc -o conftest -Os -pipe -march=5281 -fno-caller-saves  -I/home/svm/openwrt_rtk/rtk_openwrt_sdk/staging_dir/target-mips-rlx5281-linux/usr/include -I/home/svm/openwrt_rtk/rtk_openwrt_sdk/staging_dir/target-mips-rlx5281-linux/include -I/home/svm/openwrt_rtk/rtk_openwrt_sdk/staging_dir/rsdk-4.6.4-5281-EB-3.10-0.9.33-m32ub-20141001//include  -L/home/svm/openwrt_rtk/rtk_openwrt_sdk/staging_dir/target-mips-rlx5281-linux/usr/lib -L/home/svm/openwrt_rtk/rtk_openwrt_sdk/staging_dir/target-mips-rlx5281-linux/lib -L/home/svm/openwrt_rtk/rtk_openwrt_sdk/staging_dir/rsdk-4.6.4-5281-EB-3.10-0.9.33-m32ub-20141001//lib  conftest.c  -Wl,-framework -Wl,CoreFoundation >&5
conftest.c:11:42: fatal error: CoreFoundation/CFPreferences.h: No such file or directory
compilation terminated.
configure:5205: $? = 1
configure: failed program was:
| /* confdefs.h */
| #define PACKAGE_NAME "alsa-utils"
| #define PACKAGE_TARNAME "alsa-utils"
| #define PACKAGE_VERSION "1.0.28"
| #define PACKAGE_STRING "alsa-utils 1.0.28"
| #define PACKAGE_BUGREPORT ""
| #define PACKAGE_URL ""
| #define PACKAGE "alsa-utils"
| #define VERSION "1.0.28"
| /* end confdefs.h.  */
| #include <CoreFoundation/CFPreferences.h>
| int
| main ()
| {
| CFPreferencesCopyAppValue(NULL, NULL)
|   ;
|   return 0;
| }
configure:5214: result: no
configure:5221: checking for CFLocaleCopyCurrent
configure:5239: rsdk-linux-gcc -o conftest -Os -pipe -march=5281 -fno-caller-saves  -I/home/svm/openwrt_rtk/rtk_openwrt_sdk/staging_dir/target-mips-rlx5281-linux/usr/include -I/home/svm/openwrt_rtk/rtk_openwrt_sdk/staging_dir/target-mips-rlx5281-linux/include -I/home/svm/openwrt_rtk/rtk_openwrt_sdk/staging_dir/rsdk-4.6.4-5281-EB-3.10-0.9.33-m32ub-20141001//include  -L/home/svm/openwrt_rtk/rtk_openwrt_sdk/staging_dir/target-mips-rlx5281-linux/usr/lib -L/home/svm/openwrt_rtk/rtk_openwrt_sdk/staging_dir/target-mips-rlx5281-linux/lib -L/home/svm/openwrt_rtk/rtk_openwrt_sdk/staging_dir/rsdk-4.6.4-5281-EB-3.10-0.9.33-m32ub-20141001//lib  conftest.c  -Wl,-framework -Wl,CoreFoundation >&5
conftest.c:11:37: fatal error: CoreFoundation/CFLocale.h: No such file or directory
compilation terminated.
configure:5239: $? = 1
configure: failed program was:
| /* confdefs.h */
| #define PACKAGE_NAME "alsa-utils"
| #define PACKAGE_TARNAME "alsa-utils"
| #define PACKAGE_VERSION "1.0.28"
| #define PACKAGE_STRING "alsa-utils 1.0.28"
| #define PACKAGE_BUGREPORT ""
| #define PACKAGE_URL ""
| #define PACKAGE "alsa-utils"
| #define VERSION "1.0.28"
| /* end confdefs.h.  */
| #include <CoreFoundation/CFLocale.h>
| int
| main ()
| {
| CFLocaleCopyCurrent();
|   ;
|   return 0;
| }
configure:5248: result: no
configure:6117: checking whether to use NLS
configure:6119: result: no
configure:6216: checking for mips-rlx5281-linux-gcc
configure:6243: result: rsdk-linux-gcc
configure:6512: checking for C compiler version
configure:6521: rsdk-linux-gcc --version >&5
mips-linux-xgcc (Realtek RSDK-4.6.4 Build 2002) 4.6.4
Copyright (C) 2011 Free Software Foundation, Inc.
This is free software; see the source for copying conditions.  There is NO
warranty; not even for MERCHANTABILITY or FITNESS FOR A PARTICULAR PURPOSE.

configure:6532: $? = 0
configure:6521: rsdk-linux-gcc -v >&5
Reading specs from /home/svm/openwrt_rtk/rtk_openwrt_sdk/staging_dir/rsdk-4.6.4-5281-EB-3.10-0.9.33-m32ub-20141001/bin/../lib/gcc/mips-linux-uclibc/4.6.4/specs
COLLECT_GCC=/home/svm/openwrt_rtk/rtk_openwrt_sdk/staging_dir/rsdk-4.6.4-5281-EB-3.10-0.9.33-m32ub-20141001/bin/mips-linux-xgcc
COLLECT_LTO_WRAPPER=/home/svm/openwrt_rtk/rtk_openwrt_sdk/staging_dir/rsdk-4.6.4-5281-EB-3.10-0.9.33-m32ub-20141001/bin/../libexec/gcc/mips-linux-uclibc/4.6.4/lto-wrapper
Target: mips-linux-uclibc
Configured with: Realtek SDK Builder release 4.6
Thread model: posix
gcc version 4.6.4 (Realtek RSDK-4.6.4 Build 2002) 
configure:6532: $? = 0
configure:6521: rsdk-linux-gcc -V >&5
mips-linux-xgcc: fatal error: no input files
compilation terminated.
configure:6532: $? = 1
configure:6521: rsdk-linux-gcc -qversion >&5
mips-linux-xgcc: fatal error: no input files
compilation terminated.
configure:6532: $? = 1
configure:6536: checking whether we are using the GNU C compiler
configure:6564: result: yes
configure:6573: checking whether rsdk-linux-gcc accepts -g
configure:6634: result: yes
configure:6651: checking for rsdk-linux-gcc option to accept ISO C89
configure:6727: result: none needed
configure:6749: checking dependency style of rsdk-linux-gcc
configure:6860: result: gcc3
configure:6877: checking whether ln -s works
configure:6881: result: yes
configure:6888: checking for a sed that does not truncate output
configure:6952: result: /home/svm/openwrt_rtk/rtk_openwrt_sdk/staging_dir/host/bin/sed
configure:7065: checking pkg-config is at least version 0.9.0
configure:7068: result: yes
configure:7107: checking for ALSA CFLAGS
configure:7113: result: 
configure:7116: checking for ALSA LDFLAGS
configure:7125: result:  -lasound -lm -ldl -lpthread
configure:7293: checking for alsa/pcm.h
configure:7293: rsdk-linux-gcc -c -Os -pipe -march=5281 -fno-caller-saves  -I/home/svm/openwrt_rtk/rtk_openwrt_sdk/staging_dir/target-mips-rlx5281-linux/usr/include -I/home/svm/openwrt_rtk/rtk_openwrt_sdk/staging_dir/target-mips-rlx5281-linux/include -I/home/svm/openwrt_rtk/rtk_openwrt_sdk/staging_dir/rsdk-4.6.4-5281-EB-3.10-0.9.33-m32ub-20141001//include  conftest.c >&5
configure:7293: $? = 0
configure:7293: result: yes
configure:7308: checking for alsa/mixer.h
configure:7308: rsdk-linux-gcc -c -Os -pipe -march=5281 -fno-caller-saves  -I/home/svm/openwrt_rtk/rtk_openwrt_sdk/staging_dir/target-mips-rlx5281-linux/usr/include -I/home/svm/openwrt_rtk/rtk_openwrt_sdk/staging_dir/target-mips-rlx5281-linux/include -I/home/svm/openwrt_rtk/rtk_openwrt_sdk/staging_dir/rsdk-4.6.4-5281-EB-3.10-0.9.33-m32ub-20141001//include  conftest.c >&5
configure:7308: $? = 0
configure:7308: result: yes
configure:7323: checking for alsa/rawmidi.h
configure:7323: rsdk-linux-gcc -c -Os -pipe -march=5281 -fno-caller-saves  -I/home/svm/openwrt_rtk/rtk_openwrt_sdk/staging_dir/target-mips-rlx5281-linux/usr/include -I/home/svm/openwrt_rtk/rtk_openwrt_sdk/staging_dir/target-mips-rlx5281-linux/include -I/home/svm/openwrt_rtk/rtk_openwrt_sdk/staging_dir/rsdk-4.6.4-5281-EB-3.10-0.9.33-m32ub-20141001//include  conftest.c >&5
configure:7323: $? = 0
configure:7323: result: yes
configure:7338: checking for alsa/seq.h
configure:7338: rsdk-linux-gcc -c -Os -pipe -march=5281 -fno-caller-saves  -I/home/svm/openwrt_rtk/rtk_openwrt_sdk/staging_dir/target-mips-rlx5281-linux/usr/include -I/home/svm/openwrt_rtk/rtk_openwrt_sdk/staging_dir/target-mips-rlx5281-linux/include -I/home/svm/openwrt_rtk/rtk_openwrt_sdk/staging_dir/rsdk-4.6.4-5281-EB-3.10-0.9.33-m32ub-20141001//include  conftest.c >&5
configure:7338: $? = 0
configure:7338: result: yes
configure:7353: checking for samplerate.h
configure:7353: rsdk-linux-gcc -c -Os -pipe -march=5281 -fno-caller-saves  -I/home/svm/openwrt_rtk/rtk_openwrt_sdk/staging_dir/target-mips-rlx5281-linux/usr/include -I/home/svm/openwrt_rtk/rtk_openwrt_sdk/staging_dir/target-mips-rlx5281-linux/include -I/home/svm/openwrt_rtk/rtk_openwrt_sdk/staging_dir/rsdk-4.6.4-5281-EB-3.10-0.9.33-m32ub-20141001//include  conftest.c >&5
conftest.c:15:24: fatal error: samplerate.h: No such file or directory
compilation terminated.
configure:7353: $? = 1
configure: failed program was:
| /* confdefs.h */
| #define PACKAGE_NAME "alsa-utils"
| #define PACKAGE_TARNAME "alsa-utils"
| #define PACKAGE_VERSION "1.0.28"
| #define PACKAGE_STRING "alsa-utils 1.0.28"
| #define PACKAGE_BUGREPORT ""
| #define PACKAGE_URL ""
| #define PACKAGE "alsa-utils"
| #define VERSION "1.0.28"
| #define HAVE_ALSA_PCM_H 1
| #define HAVE_ALSA_MIXER_H 1
| #define HAVE_ALSA_RAWMIDI_H 1
| #define HAVE_ALSA_SEQ_H 1
| /* end confdefs.h.  */
| #include <samplerate.h>
| 
| #include <samplerate.h>
configure:7353: result: no
configure:7409: checking for librt
configure:7420: checking for clock_gettime in -lrt
configure:7445: rsdk-linux-gcc -o conftest -Os -pipe -march=5281 -fno-caller-saves  -I/home/svm/openwrt_rtk/rtk_openwrt_sdk/staging_dir/target-mips-rlx5281-linux/usr/include -I/home/svm/openwrt_rtk/rtk_openwrt_sdk/staging_dir/target-mips-rlx5281-linux/include -I/home/svm/openwrt_rtk/rtk_openwrt_sdk/staging_dir/rsdk-4.6.4-5281-EB-3.10-0.9.33-m32ub-20141001//include  -L/home/svm/openwrt_rtk/rtk_openwrt_sdk/staging_dir/target-mips-rlx5281-linux/usr/lib -L/home/svm/openwrt_rtk/rtk_openwrt_sdk/staging_dir/target-mips-rlx5281-linux/lib -L/home/svm/openwrt_rtk/rtk_openwrt_sdk/staging_dir/rsdk-4.6.4-5281-EB-3.10-0.9.33-m32ub-20141001//lib  conftest.c -lrt  -lasound -lm -ldl -lpthread >&5
configure:7445: $? = 0
configure:7454: result: yes
configure:7611: checking for ANSI C header files
configure:7631: rsdk-linux-gcc -c -Os -pipe -march=5281 -fno-caller-saves  -I/home/svm/openwrt_rtk/rtk_openwrt_sdk/staging_dir/target-mips-rlx5281-linux/usr/include -I/home/svm/openwrt_rtk/rtk_openwrt_sdk/staging_dir/target-mips-rlx5281-linux/include -I/home/svm/openwrt_rtk/rtk_openwrt_sdk/staging_dir/rsdk-4.6.4-5281-EB-3.10-0.9.33-m32ub-20141001//include  conftest.c >&5
configure:7631: $? = 0
configure:7715: result: yes
configure:7991: checking for NCURSES
configure:7998: $PKG_CONFIG --exists --print-errors "ncurses"
Package ncurses was not found in the pkg-config search path.
Perhaps you should add the directory containing `ncurses.pc'
to the PKG_CONFIG_PATH environment variable
No package 'ncurses' found
configure:8001: $? = 1
configure:8014: $PKG_CONFIG --exists --print-errors "ncurses"
Package ncurses was not found in the pkg-config search path.
Perhaps you should add the directory containing `ncurses.pc'
to the PKG_CONFIG_PATH environment variable
No package 'ncurses' found
configure:8017: $? = 1
configure:8030: result: no
No package 'ncurses' found
configure:8049: checking for ncurses5-config
configure:8076: result: no
configure:8091: checking for initscr in -lncurses
configure:8116: rsdk-linux-gcc -o conftest -Os -pipe -march=5281 -fno-caller-saves  -I/home/svm/openwrt_rtk/rtk_openwrt_sdk/staging_dir/target-mips-rlx5281-linux/usr/include -I/home/svm/openwrt_rtk/rtk_openwrt_sdk/staging_dir/target-mips-rlx5281-linux/include -I/home/svm/openwrt_rtk/rtk_openwrt_sdk/staging_dir/rsdk-4.6.4-5281-EB-3.10-0.9.33-m32ub-20141001//include  -L/home/svm/openwrt_rtk/rtk_openwrt_sdk/staging_dir/target-mips-rlx5281-linux/usr/lib -L/home/svm/openwrt_rtk/rtk_openwrt_sdk/staging_dir/target-mips-rlx5281-linux/lib -L/home/svm/openwrt_rtk/rtk_openwrt_sdk/staging_dir/rsdk-4.6.4-5281-EB-3.10-0.9.33-m32ub-20141001//lib  conftest.c -lncurses  -lasound -lm -ldl -lpthread >&5
configure:8116: $? = 0
configure:8125: result: yes
configure:8283: checking for curses library
configure:8285: result: ncurses
configure:8287: checking for curses header name
configure:8289: result: <ncurses.h>
configure:8291: checking for curses compiler flags
configure:8293: result: 
configure:8322: rsdk-linux-gcc -o conftest -Os -pipe -march=5281 -fno-caller-saves   -I/home/svm/openwrt_rtk/rtk_openwrt_sdk/staging_dir/target-mips-rlx5281-linux/usr/include -I/home/svm/openwrt_rtk/rtk_openwrt_sdk/staging_dir/target-mips-rlx5281-linux/include -I/home/svm/openwrt_rtk/rtk_openwrt_sdk/staging_dir/rsdk-4.6.4-5281-EB-3.10-0.9.33-m32ub-20141001//include  -L/home/svm/openwrt_rtk/rtk_openwrt_sdk/staging_dir/target-mips-rlx5281-linux/usr/lib -L/home/svm/openwrt_rtk/rtk_openwrt_sdk/staging_dir/target-mips-rlx5281-linux/lib -L/home/svm/openwrt_rtk/rtk_openwrt_sdk/staging_dir/rsdk-4.6.4-5281-EB-3.10-0.9.33-m32ub-20141001//lib  conftest.c -lncurses -lasound -lm -ldl -lpthread >&5
configure:8322: $? = 0
configure:8375: checking for sys/types.h
configure:8375: rsdk-linux-gcc -c -Os -pipe -march=5281 -fno-caller-saves   -I/home/svm/openwrt_rtk/rtk_openwrt_sdk/staging_dir/target-mips-rlx5281-linux/usr/include -I/home/svm/openwrt_rtk/rtk_openwrt_sdk/staging_dir/target-mips-rlx5281-linux/include -I/home/svm/openwrt_rtk/rtk_openwrt_sdk/staging_dir/rsdk-4.6.4-5281-EB-3.10-0.9.33-m32ub-20141001//include  conftest.c >&5
configure:8375: $? = 0
configure:8375: result: yes
configure:8375: checking for sys/stat.h
configure:8375: rsdk-linux-gcc -c -Os -pipe -march=5281 -fno-caller-saves   -I/home/svm/openwrt_rtk/rtk_openwrt_sdk/staging_dir/target-mips-rlx5281-linux/usr/include -I/home/svm/openwrt_rtk/rtk_openwrt_sdk/staging_dir/target-mips-rlx5281-linux/include -I/home/svm/openwrt_rtk/rtk_openwrt_sdk/staging_dir/rsdk-4.6.4-5281-EB-3.10-0.9.33-m32ub-20141001//include  conftest.c >&5
configure:8375: $? = 0
configure:8375: result: yes
configure:8375: checking for stdlib.h
configure:8375: rsdk-linux-gcc -c -Os -pipe -march=5281 -fno-caller-saves   -I/home/svm/openwrt_rtk/rtk_openwrt_sdk/staging_dir/target-mips-rlx5281-linux/usr/include -I/home/svm/openwrt_rtk/rtk_openwrt_sdk/staging_dir/target-mips-rlx5281-linux/include -I/home/svm/openwrt_rtk/rtk_openwrt_sdk/staging_dir/rsdk-4.6.4-5281-EB-3.10-0.9.33-m32ub-20141001//include  conftest.c >&5
configure:8375: $? = 0
configure:8375: result: yes
configure:8375: checking for string.h
configure:8375: rsdk-linux-gcc -c -Os -pipe -march=5281 -fno-caller-saves   -I/home/svm/openwrt_rtk/rtk_openwrt_sdk/staging_dir/target-mips-rlx5281-linux/usr/include -I/home/svm/openwrt_rtk/rtk_openwrt_sdk/staging_dir/target-mips-rlx5281-linux/include -I/home/svm/openwrt_rtk/rtk_openwrt_sdk/staging_dir/rsdk-4.6.4-5281-EB-3.10-0.9.33-m32ub-20141001//include  conftest.c >&5
configure:8375: $? = 0
configure:8375: result: yes
configure:8375: checking for memory.h
configure:8375: rsdk-linux-gcc -c -Os -pipe -march=5281 -fno-caller-saves   -I/home/svm/openwrt_rtk/rtk_openwrt_sdk/staging_dir/target-mips-rlx5281-linux/usr/include -I/home/svm/openwrt_rtk/rtk_openwrt_sdk/staging_dir/target-mips-rlx5281-linux/include -I/home/svm/openwrt_rtk/rtk_openwrt_sdk/staging_dir/rsdk-4.6.4-5281-EB-3.10-0.9.33-m32ub-20141001//include  conftest.c >&5
configure:8375: $? = 0
configure:8375: result: yes
configure:8375: checking for strings.h
configure:8375: rsdk-linux-gcc -c -Os -pipe -march=5281 -fno-caller-saves   -I/home/svm/openwrt_rtk/rtk_openwrt_sdk/staging_dir/target-mips-rlx5281-linux/usr/include -I/home/svm/openwrt_rtk/rtk_openwrt_sdk/staging_dir/target-mips-rlx5281-linux/include -I/home/svm/openwrt_rtk/rtk_openwrt_sdk/staging_dir/rsdk-4.6.4-5281-EB-3.10-0.9.33-m32ub-20141001//include  conftest.c >&5
configure:8375: $? = 0
configure:8375: result: yes
configure:8375: checking for inttypes.h
configure:8375: rsdk-linux-gcc -c -Os -pipe -march=5281 -fno-caller-saves   -I/home/svm/openwrt_rtk/rtk_openwrt_sdk/staging_dir/target-mips-rlx5281-linux/usr/include -I/home/svm/openwrt_rtk/rtk_openwrt_sdk/staging_dir/target-mips-rlx5281-linux/include -I/home/svm/openwrt_rtk/rtk_openwrt_sdk/staging_dir/rsdk-4.6.4-5281-EB-3.10-0.9.33-m32ub-20141001//include  conftest.c >&5
configure:8375: $? = 0
configure:8375: result: yes
configure:8375: checking for stdint.h
configure:8375: rsdk-linux-gcc -c -Os -pipe -march=5281 -fno-caller-saves   -I/home/svm/openwrt_rtk/rtk_openwrt_sdk/staging_dir/target-mips-rlx5281-linux/usr/include -I/home/svm/openwrt_rtk/rtk_openwrt_sdk/staging_dir/target-mips-rlx5281-linux/include -I/home/svm/openwrt_rtk/rtk_openwrt_sdk/staging_dir/rsdk-4.6.4-5281-EB-3.10-0.9.33-m32ub-20141001//include  conftest.c >&5
configure:8375: $? = 0
configure:8375: result: yes
configure:8375: checking for unistd.h
configure:8375: rsdk-linux-gcc -c -Os -pipe -march=5281 -fno-caller-saves   -I/home/svm/openwrt_rtk/rtk_openwrt_sdk/staging_dir/target-mips-rlx5281-linux/usr/include -I/home/svm/openwrt_rtk/rtk_openwrt_sdk/staging_dir/target-mips-rlx5281-linux/include -I/home/svm/openwrt_rtk/rtk_openwrt_sdk/staging_dir/rsdk-4.6.4-5281-EB-3.10-0.9.33-m32ub-20141001//include  conftest.c >&5
configure:8375: $? = 0
configure:8375: result: yes
configure:8390: checking panel.h usability
configure:8390: rsdk-linux-gcc -c -Os -pipe -march=5281 -fno-caller-saves   -I/home/svm/openwrt_rtk/rtk_openwrt_sdk/staging_dir/target-mips-rlx5281-linux/usr/include -I/home/svm/openwrt_rtk/rtk_openwrt_sdk/staging_dir/target-mips-rlx5281-linux/include -I/home/svm/openwrt_rtk/rtk_openwrt_sdk/staging_dir/rsdk-4.6.4-5281-EB-3.10-0.9.33-m32ub-20141001//include  conftest.c >&5
configure:8390: $? = 0
configure:8390: result: yes
configure:8390: checking panel.h presence
configure:8390: rsdk-linux-gcc -E -I/home/svm/openwrt_rtk/rtk_openwrt_sdk/staging_dir/target-mips-rlx5281-linux/usr/include -I/home/svm/openwrt_rtk/rtk_openwrt_sdk/staging_dir/target-mips-rlx5281-linux/include -I/home/svm/openwrt_rtk/rtk_openwrt_sdk/staging_dir/rsdk-4.6.4-5281-EB-3.10-0.9.33-m32ub-20141001//include  conftest.c
configure:8390: $? = 0
configure:8390: result: yes
configure:8390: checking for panel.h
configure:8390: result: yes
configure:8390: checking menu.h usability
configure:8390: rsdk-linux-gcc -c -Os -pipe -march=5281 -fno-caller-saves   -I/home/svm/openwrt_rtk/rtk_openwrt_sdk/staging_dir/target-mips-rlx5281-linux/usr/include -I/home/svm/openwrt_rtk/rtk_openwrt_sdk/staging_dir/target-mips-rlx5281-linux/include -I/home/svm/openwrt_rtk/rtk_openwrt_sdk/staging_dir/rsdk-4.6.4-5281-EB-3.10-0.9.33-m32ub-20141001//include  conftest.c >&5
configure:8390: $? = 0
configure:8390: result: yes
configure:8390: checking menu.h presence
configure:8390: rsdk-linux-gcc -E -I/home/svm/openwrt_rtk/rtk_openwrt_sdk/staging_dir/target-mips-rlx5281-linux/usr/include -I/home/svm/openwrt_rtk/rtk_openwrt_sdk/staging_dir/target-mips-rlx5281-linux/include -I/home/svm/openwrt_rtk/rtk_openwrt_sdk/staging_dir/rsdk-4.6.4-5281-EB-3.10-0.9.33-m32ub-20141001//include  conftest.c
configure:8390: $? = 0
configure:8390: result: yes
configure:8390: checking for menu.h
configure:8390: result: yes
configure:8390: checking form.h usability
configure:8390: rsdk-linux-gcc -c -Os -pipe -march=5281 -fno-caller-saves   -I/home/svm/openwrt_rtk/rtk_openwrt_sdk/staging_dir/target-mips-rlx5281-linux/usr/include -I/home/svm/openwrt_rtk/rtk_openwrt_sdk/staging_dir/target-mips-rlx5281-linux/include -I/home/svm/openwrt_rtk/rtk_openwrt_sdk/staging_dir/rsdk-4.6.4-5281-EB-3.10-0.9.33-m32ub-20141001//include  conftest.c >&5
configure:8390: $? = 0
configure:8390: result: yes
configure:8390: checking form.h presence
configure:8390: rsdk-linux-gcc -E -I/home/svm/openwrt_rtk/rtk_openwrt_sdk/staging_dir/target-mips-rlx5281-linux/usr/include -I/home/svm/openwrt_rtk/rtk_openwrt_sdk/staging_dir/target-mips-rlx5281-linux/include -I/home/svm/openwrt_rtk/rtk_openwrt_sdk/staging_dir/rsdk-4.6.4-5281-EB-3.10-0.9.33-m32ub-20141001//include  conftest.c
configure:8390: $? = 0
configure:8390: result: yes
configure:8390: checking for form.h
configure:8390: result: yes
configure:8403: checking for new_panel in -lpanel
configure:8428: rsdk-linux-gcc -o conftest -Os -pipe -march=5281 -fno-caller-saves   -I/home/svm/openwrt_rtk/rtk_openwrt_sdk/staging_dir/target-mips-rlx5281-linux/usr/include -I/home/svm/openwrt_rtk/rtk_openwrt_sdk/staging_dir/target-mips-rlx5281-linux/include -I/home/svm/openwrt_rtk/rtk_openwrt_sdk/staging_dir/rsdk-4.6.4-5281-EB-3.10-0.9.33-m32ub-20141001//include  -L/home/svm/openwrt_rtk/rtk_openwrt_sdk/staging_dir/target-mips-rlx5281-linux/usr/lib -L/home/svm/openwrt_rtk/rtk_openwrt_sdk/staging_dir/target-mips-rlx5281-linux/lib -L/home/svm/openwrt_rtk/rtk_openwrt_sdk/staging_dir/rsdk-4.6.4-5281-EB-3.10-0.9.33-m32ub-20141001//lib  conftest.c -lpanel  -lncurses -lasound -lm -ldl -lpthread >&5
configure:8428: $? = 0
configure:8438: result: yes
configure:8447: checking for new_menu in -lmenu
configure:8472: rsdk-linux-gcc -o conftest -Os -pipe -march=5281 -fno-caller-saves   -I/home/svm/openwrt_rtk/rtk_openwrt_sdk/staging_dir/target-mips-rlx5281-linux/usr/include -I/home/svm/openwrt_rtk/rtk_openwrt_sdk/staging_dir/target-mips-rlx5281-linux/include -I/home/svm/openwrt_rtk/rtk_openwrt_sdk/staging_dir/rsdk-4.6.4-5281-EB-3.10-0.9.33-m32ub-20141001//include  -L/home/svm/openwrt_rtk/rtk_openwrt_sdk/staging_dir/target-mips-rlx5281-linux/usr/lib -L/home/svm/openwrt_rtk/rtk_openwrt_sdk/staging_dir/target-mips-rlx5281-linux/lib -L/home/svm/openwrt_rtk/rtk_openwrt_sdk/staging_dir/rsdk-4.6.4-5281-EB-3.10-0.9.33-m32ub-20141001//lib  conftest.c -lmenu  -lncurses -lasound -lm -ldl -lpthread >&5
configure:8472: $? = 0
configure:8482: result: yes
configure:8491: checking for new_form in -lform
configure:8516: rsdk-linux-gcc -o conftest -Os -pipe -march=5281 -fno-caller-saves   -I/home/svm/openwrt_rtk/rtk_openwrt_sdk/staging_dir/target-mips-rlx5281-linux/usr/include -I/home/svm/openwrt_rtk/rtk_openwrt_sdk/staging_dir/target-mips-rlx5281-linux/include -I/home/svm/openwrt_rtk/rtk_openwrt_sdk/staging_dir/rsdk-4.6.4-5281-EB-3.10-0.9.33-m32ub-20141001//include  -L/home/svm/openwrt_rtk/rtk_openwrt_sdk/staging_dir/target-mips-rlx5281-linux/usr/lib -L/home/svm/openwrt_rtk/rtk_openwrt_sdk/staging_dir/target-mips-rlx5281-linux/lib -L/home/svm/openwrt_rtk/rtk_openwrt_sdk/staging_dir/rsdk-4.6.4-5281-EB-3.10-0.9.33-m32ub-20141001//lib  conftest.c -lform  -lncurses -lasound -lm -ldl -lpthread >&5
configure:8516: $? = 0
configure:8526: result: yes
configure:8543: checking for curses linker flags
configure:8545: result: -lform -lmenu -lpanel -lncurses
configure:8589: checking for an ANSI C-conforming const
configure:8655: rsdk-linux-gcc -c -Os -pipe -march=5281 -fno-caller-saves  -I/home/svm/openwrt_rtk/rtk_openwrt_sdk/staging_dir/target-mips-rlx5281-linux/usr/include -I/home/svm/openwrt_rtk/rtk_openwrt_sdk/staging_dir/target-mips-rlx5281-linux/include -I/home/svm/openwrt_rtk/rtk_openwrt_sdk/staging_dir/rsdk-4.6.4-5281-EB-3.10-0.9.33-m32ub-20141001//include  conftest.c >&5
configure:8655: $? = 0
configure:8662: result: yes
configure:8670: checking for inline
configure:8686: rsdk-linux-gcc -c -Os -pipe -march=5281 -fno-caller-saves  -I/home/svm/openwrt_rtk/rtk_openwrt_sdk/staging_dir/target-mips-rlx5281-linux/usr/include -I/home/svm/openwrt_rtk/rtk_openwrt_sdk/staging_dir/target-mips-rlx5281-linux/include -I/home/svm/openwrt_rtk/rtk_openwrt_sdk/staging_dir/rsdk-4.6.4-5281-EB-3.10-0.9.33-m32ub-20141001//include  conftest.c >&5
configure:8686: $? = 0
configure:8694: result: inline
configure:8712: checking whether time.h and sys/time.h may both be included
configure:8732: rsdk-linux-gcc -c -Os -pipe -march=5281 -fno-caller-saves  -I/home/svm/openwrt_rtk/rtk_openwrt_sdk/staging_dir/target-mips-rlx5281-linux/usr/include -I/home/svm/openwrt_rtk/rtk_openwrt_sdk/staging_dir/target-mips-rlx5281-linux/include -I/home/svm/openwrt_rtk/rtk_openwrt_sdk/staging_dir/rsdk-4.6.4-5281-EB-3.10-0.9.33-m32ub-20141001//include  conftest.c >&5
configure:8732: $? = 0
configure:8739: result: yes
configure:8749: checking whether rsdk-linux-gcc needs -traditional
In file included from conftest.c:34:0:
/home/svm/openwrt_rtk/rtk_openwrt_sdk/staging_dir/rsdk-4.6.4-5281-EB-3.10-0.9.33-m32ub-20141001/bin/../lib/gcc/mips-linux-uclibc/4.6.4/../../../../mips-linux-uclibc/include/sgtty.h:21:2: warning: #warning useless header on uClibc [-Wcpp]
configure:8783: result: no
configure:8798: checking for special C compiler options needed for large files
configure:8843: result: no
configure:8849: checking for _FILE_OFFSET_BITS value needed for large files
configure:8874: rsdk-linux-gcc -c -Os -pipe -march=5281 -fno-caller-saves  -I/home/svm/openwrt_rtk/rtk_openwrt_sdk/staging_dir/target-mips-rlx5281-linux/usr/include -I/home/svm/openwrt_rtk/rtk_openwrt_sdk/staging_dir/target-mips-rlx5281-linux/include -I/home/svm/openwrt_rtk/rtk_openwrt_sdk/staging_dir/rsdk-4.6.4-5281-EB-3.10-0.9.33-m32ub-20141001//include  conftest.c >&5
conftest.c:40:3: warning: left shift count >= width of type [enabled by default]
conftest.c:40:3: warning: left shift count >= width of type [enabled by default]
conftest.c:41:10: warning: left shift count >= width of type [enabled by default]
conftest.c:41:10: warning: left shift count >= width of type [enabled by default]
conftest.c:40:7: error: variably modified 'off_t_is_large' at file scope
configure:8874: $? = 1
configure: failed program was:
| /* confdefs.h */
| #define PACKAGE_NAME "alsa-utils"
| #define PACKAGE_TARNAME "alsa-utils"
| #define PACKAGE_VERSION "1.0.28"
| #define PACKAGE_STRING "alsa-utils 1.0.28"
| #define PACKAGE_BUGREPORT ""
| #define PACKAGE_URL ""
| #define PACKAGE "alsa-utils"
| #define VERSION "1.0.28"
| #define HAVE_ALSA_PCM_H 1
| #define HAVE_ALSA_MIXER_H 1
| #define HAVE_ALSA_RAWMIDI_H 1
| #define HAVE_ALSA_SEQ_H 1
| #define HAVE_LIBRT 1
| #define HAVE_CLOCK_GETTIME 1
| #define STDC_HEADERS 1
| #define HAVE_CURSES_ESCDELAY 1
| #define HAVE_SYS_TYPES_H 1
| #define HAVE_SYS_STAT_H 1
| #define HAVE_STDLIB_H 1
| #define HAVE_STRING_H 1
| #define HAVE_MEMORY_H 1
| #define HAVE_STRINGS_H 1
| #define HAVE_INTTYPES_H 1
| #define HAVE_STDINT_H 1
| #define HAVE_UNISTD_H 1
| #define HAVE_PANEL_H 1
| #define HAVE_MENU_H 1
| #define HAVE_FORM_H 1
| #define SOUNDSDIR "/usr/share/sounds/alsa"
| #define DATADIR "/usr/share/alsa"
| #define TIME_WITH_SYS_TIME 1
| /* end confdefs.h.  */
| #include <sys/types.h>
|  /* Check that off_t can represent 2**63 - 1 correctly.
|     We can't simply define LARGE_OFF_T to be 9223372036854775807,
|     since some C++ compilers masquerading as C compilers
|     incorrectly reject 9223372036854775807.  */
| #define LARGE_OFF_T (((off_t) 1 << 62) - 1 + ((off_t) 1 << 62))
|   int off_t_is_large[(LARGE_OFF_T % 2147483629 == 721
| 		       && LARGE_OFF_T % 2147483647 == 1)
| 		      ? 1 : -1];
| int
| main ()
| {
| 
|   ;
|   return 0;
| }
configure:8898: rsdk-linux-gcc -c -Os -pipe -march=5281 -fno-caller-saves  -I/home/svm/openwrt_rtk/rtk_openwrt_sdk/staging_dir/target-mips-rlx5281-linux/usr/include -I/home/svm/openwrt_rtk/rtk_openwrt_sdk/staging_dir/target-mips-rlx5281-linux/include -I/home/svm/openwrt_rtk/rtk_openwrt_sdk/staging_dir/rsdk-4.6.4-5281-EB-3.10-0.9.33-m32ub-20141001//include  conftest.c >&5
configure:8898: $? = 0
configure:8906: result: 64
configure:9183: checking that generated files are newer than configure
configure:9189: result: done
configure:9260: creating ./config.status

## ---------------------- ##
## Running config.status. ##
## ---------------------- ##

This file was extended by alsa-utils config.status 1.0.28, which was
generated by GNU Autoconf 2.69.  Invocation command line was

  CONFIG_FILES    = 
  CONFIG_HEADERS  = 
  CONFIG_LINKS    = 
  CONFIG_COMMANDS = 
  $ ./config.status 

on ubuntu

config.status:977: creating Makefile
config.status:977: creating alsactl/Makefile
config.status:977: creating alsactl/init/Makefile
config.status:977: creating alsamixer/Makefile
config.status:977: creating amidi/Makefile
config.status:977: creating amixer/Makefile
config.status:977: creating m4/Makefile
config.status:977: creating po/Makefile.in
config.status:977: creating alsaconf/alsaconf
config.status:977: creating alsaconf/Makefile
config.status:977: creating alsaconf/po/Makefile
config.status:1085: WARNING:  'alsaconf/po/Makefile.in' seems to ignore the --datarootdir setting
config.status:977: creating alsaucm/Makefile
config.status:977: creating aplay/Makefile
config.status:977: creating include/Makefile
config.status:977: creating iecset/Makefile
config.status:977: creating utils/Makefile
config.status:977: creating utils/alsa-utils.spec
config.status:977: creating seq/Makefile
config.status:977: creating seq/aconnect/Makefile
config.status:977: creating seq/aplaymidi/Makefile
config.status:977: creating seq/aseqdump/Makefile
config.status:977: creating seq/aseqnet/Makefile
config.status:977: creating speaker-test/Makefile
config.status:977: creating speaker-test/samples/Makefile
config.status:977: creating alsaloop/Makefile
config.status:977: creating include/aconfig.h
config.status:1206: executing po-directories commands
config.status:1206: executing depfiles commands
configure:10717: WARNING: unrecognized options: --disable-ipv6

## ---------------- ##
## Cache variables. ##
## ---------------- ##

ac_cv_build=x86_64-pc-linux-gnu
ac_cv_c_bigendian=yes
ac_cv_c_compiler_gnu=yes
ac_cv_c_const=yes
ac_cv_c_gettext_without_libintl=yes
ac_cv_c_inline=inline
ac_cv_c_littleendian=no
ac_cv_c_long_double=no
ac_cv_conv_longlong_to_float=yes
ac_cv_env_CC_set=set
ac_cv_env_CC_value=rsdk-linux-gcc
ac_cv_env_CFLAGS_set=set
ac_cv_env_CFLAGS_value='-Os -pipe -march=5281 -fno-caller-saves '
ac_cv_env_CPPFLAGS_set=set
ac_cv_env_CPPFLAGS_value='-I/home/svm/openwrt_rtk/rtk_openwrt_sdk/staging_dir/target-mips-rlx5281-linux/usr/include -I/home/svm/openwrt_rtk/rtk_openwrt_sdk/staging_dir/target-mips-rlx5281-linux/include -I/home/svm/openwrt_rtk/rtk_openwrt_sdk/staging_dir/rsdk-4.6.4-5281-EB-3.10-0.9.33-m32ub-20141001//include '
ac_cv_env_CPP_set=
ac_cv_env_CPP_value=
ac_cv_env_LDFLAGS_set=set
ac_cv_env_LDFLAGS_value='-L/home/svm/openwrt_rtk/rtk_openwrt_sdk/staging_dir/target-mips-rlx5281-linux/usr/lib -L/home/svm/openwrt_rtk/rtk_openwrt_sdk/staging_dir/target-mips-rlx5281-linux/lib -L/home/svm/openwrt_rtk/rtk_openwrt_sdk/staging_dir/rsdk-4.6.4-5281-EB-3.10-0.9.33-m32ub-20141001//lib '
ac_cv_env_LIBS_set=
ac_cv_env_LIBS_value=
ac_cv_env_NCURSESW_CFLAGS_set=
ac_cv_env_NCURSESW_CFLAGS_value=
ac_cv_env_NCURSESW_LIBS_set=
ac_cv_env_NCURSESW_LIBS_value=
ac_cv_env_NCURSES_CFLAGS_set=
ac_cv_env_NCURSES_CFLAGS_value=
ac_cv_env_NCURSES_LIBS_set=
ac_cv_env_NCURSES_LIBS_value=
ac_cv_env_PKG_CONFIG_LIBDIR_set=set
ac_cv_env_PKG_CONFIG_LIBDIR_value=/home/svm/openwrt_rtk/rtk_openwrt_sdk/staging_dir/target-mips-rlx5281-linux/usr/lib/pkgconfig:/home/svm/openwrt_rtk/rtk_openwrt_sdk/staging_dir/target-mips-rlx5281-linux/usr/share/pkgconfig
ac_cv_env_PKG_CONFIG_PATH_set=set
ac_cv_env_PKG_CONFIG_PATH_value=/home/svm/openwrt_rtk/rtk_openwrt_sdk/staging_dir/target-mips-rlx5281-linux/usr/lib/pkgconfig:/home/svm/openwrt_rtk/rtk_openwrt_sdk/staging_dir/target-mips-rlx5281-linux/usr/share/pkgconfig
ac_cv_env_PKG_CONFIG_set=set
ac_cv_env_PKG_CONFIG_value=/home/svm/openwrt_rtk/rtk_openwrt_sdk/staging_dir/host/bin/pkg-config
ac_cv_env_build_alias_set=set
ac_cv_env_build_alias_value=x86_64-linux-gnu
ac_cv_env_host_alias_set=set
ac_cv_env_host_alias_value=mips-rlx5281-linux
ac_cv_env_target_alias_set=set
ac_cv_env_target_alias_value=mips-rlx5281-linux
ac_cv_file__dev_zero=yes
ac_cv_func___adjtimex=yes
ac_cv_func___va_copy=no
ac_cv_func__exit=yes
ac_cv_func_bcmp=yes
ac_cv_func_bcopy=yes
ac_cv_func_bzero=yes
ac_cv_func_cimag=yes
ac_cv_func_creal=yes
ac_cv_func_fchmod=yes
ac_cv_func_getaddrinfo=yes
ac_cv_func_getcwd=yes
ac_cv_func_getdomainname=yes
ac_cv_func_getpgrp_void=yes
ac_cv_func_getpwuid_r=yes
ac_cv_func_gettimeofday=yes
ac_cv_func_index=yes
ac_cv_func_lstat=yes
ac_cv_func_lstat_dereferences_slashed_symlink=yes
ac_cv_func_lstat_empty_string_bug=no
ac_cv_func_malloc_0_nonnull=yes
ac_cv_func_malloc_works=yes
ac_cv_func_memcmp_clean=yes
ac_cv_func_memcmp_working=yes
ac_cv_func_posix_getgrgid_r=yes
ac_cv_func_posix_getpwuid_r=yes
ac_cv_func_psignal=yes
ac_cv_func_pthread_key_delete=yes
ac_cv_func_realloc_0_nonnull=yes
ac_cv_func_realloc_works=yes
ac_cv_func_rename=yes
ac_cv_func_rindex=yes
ac_cv_func_setgrent_void=yes
ac_cv_func_setlocale=yes
ac_cv_func_setpgrp_void=yes
ac_cv_func_setresuid=no
ac_cv_func_setvbuf_reversed=no
ac_cv_func_stat_empty_string_bug=no
ac_cv_func_stat_ignores_trailing_slash=no
ac_cv_func_strerror=yes
ac_cv_func_strftime=yes
ac_cv_func_utimes=yes
ac_cv_func_va_copy=no
ac_cv_func_vsnprintf=yes
ac_cv_have_accrights_in_msghdr=no
ac_cv_have_broken_snprintf=no
ac_cv_have_control_in_msghdr=yes
ac_cv_have_decl_sys_siglist=no
ac_cv_have_openpty_ctty_bug=yes
ac_cv_have_space_d_name_in_struct_dirent=yes
ac_cv_header_alsa_mixer_h=yes
ac_cv_header_alsa_pcm_h=yes
ac_cv_header_alsa_rawmidi_h=yes
ac_cv_header_alsa_seq_h=yes
ac_cv_header_form_h=yes
ac_cv_header_inttypes_h=yes
ac_cv_header_memory_h=yes
ac_cv_header_menu_h=yes
ac_cv_header_netinet_sctp_h=no
ac_cv_header_netinet_sctp_uio_h=no
ac_cv_header_panel_h=yes
ac_cv_header_samplerate_h=no
ac_cv_header_stdc=yes
ac_cv_header_stdint_h=yes
ac_cv_header_stdlib_h=yes
ac_cv_header_string_h=yes
ac_cv_header_strings_h=yes
ac_cv_header_sys_stat_h=yes
ac_cv_header_sys_types_h=yes
ac_cv_header_time=yes
ac_cv_header_unistd_h=yes
ac_cv_host=mips-rlx5281-linux-gnu
ac_cv_int64_t=yes
ac_cv_lbl_unaligned_fail=no
ac_cv_lib_form___new_form=yes
ac_cv_lib_menu___new_menu=yes
ac_cv_lib_ncurses_initscr=yes
ac_cv_lib_panel___new_panel=yes
ac_cv_lib_rt_clock_gettime=yes
ac_cv_linux_kernel_pppoe=yes
ac_cv_linux_vers=2
ac_cv_objext=o
ac_cv_pack_bitfields_reversed=yes
ac_cv_path_EGREP='/home/svm/openwrt_rtk/rtk_openwrt_sdk/staging_dir/host/bin/grep -E'
ac_cv_path_GMSGFMT=/usr/bin/msgfmt
ac_cv_path_GREP=/home/svm/openwrt_rtk/rtk_openwrt_sdk/staging_dir/host/bin/grep
ac_cv_path_LDCONFIG=
ac_cv_path_MSGFMT=/usr/bin/msgfmt
ac_cv_path_MSGMERGE=/usr/bin/msgmerge
ac_cv_path_SED=/home/svm/openwrt_rtk/rtk_openwrt_sdk/staging_dir/host/bin/sed
ac_cv_path_XGETTEXT=/usr/bin/xgettext
ac_cv_path_install='/usr/bin/install -c'
ac_cv_path_mkdir=/bin/mkdir
ac_cv_prog_AWK=gawk
ac_cv_prog_CC=rsdk-linux-gcc
ac_cv_prog_CPP='rsdk-linux-gcc -E'
ac_cv_prog_STRIP=rsdk-linux-strip
ac_cv_prog_cc_c89=
ac_cv_prog_cc_g=yes
ac_cv_prog_gcc_traditional=no
ac_cv_prog_make_make_set=yes
ac_cv_prog_ncurses5_config=no
ac_cv_prog_ncursesw5_config=no
ac_cv_regexec_segfault_emptystr=no
ac_cv_sctp=no
ac_cv_sizeof___int64=0
ac_cv_sizeof_char=1
ac_cv_sizeof_int16_t=2
ac_cv_sizeof_int32_t=4
ac_cv_sizeof_int64_t=8
ac_cv_sizeof_int=4
ac_cv_sizeof_long=4
ac_cv_sizeof_long_int=4
ac_cv_sizeof_long_long=8
ac_cv_sizeof_off_t=8
ac_cv_sizeof_short=2
ac_cv_sizeof_short_int=2
ac_cv_sizeof_size_t=4
ac_cv_sizeof_ssize_t=4
ac_cv_sizeof_u_int16_t=2
ac_cv_sizeof_u_int32_t=4
ac_cv_sizeof_u_int64_t=8
ac_cv_sizeof_uint16_t=2
ac_cv_sizeof_uint32_t=4
ac_cv_sizeof_uint64_t=8
ac_cv_sizeof_unsigned_int=4
ac_cv_sizeof_unsigned_long=4
ac_cv_sizeof_unsigned_long_long=8
ac_cv_sizeof_unsigned_short=2
ac_cv_sizeof_void_p=4
ac_cv_sys_file_offset_bits=64
ac_cv_sys_largefile_CC=no
ac_cv_sys_restartable_syscalls=yes
ac_cv_time_r_type=POSIX
ac_cv_type_suseconds_t=yes
ac_cv_uchar=no
ac_cv_uint64_t=yes
ac_cv_uint=yes
ac_cv_ulong=yes
ac_cv_ushort=yes
ac_cv_va_copy=C99
ac_cv_va_val_copy=yes
acl_cv_hardcode_direct=no
acl_cv_hardcode_libdir_flag_spec='${wl}-rpath ${wl}$libdir'
acl_cv_hardcode_libdir_separator=
acl_cv_hardcode_minus_L=no
acl_cv_libext=a
acl_cv_libname_spec='lib$name'
acl_cv_library_names_spec='$libname$shrext'
acl_cv_path_LD=rsdk-linux-ld
acl_cv_prog_gnu_ld=yes
acl_cv_rpath=done
acl_cv_shlibext=so
acl_cv_wl=-Wl,
am_cv_CC_dependencies_compiler_type=gcc3
as_cv_unaligned_access=yes
gt_cv_func_CFLocaleCopyCurrent=no
gt_cv_func_CFPreferencesCopyAppValue=no

## ----------------- ##
## Output variables. ##
## ----------------- ##

ACLOCAL='${SHELL} /home/svm/openwrt_rtk/rtk_openwrt_sdk/build_dir/target-mips-rlx5281-linux/alsa-utils-1.0.28/missing --run aclocal-1.12'
ALSACONF_FALSE='#'
ALSACONF_TRUE=''
ALSACTL_DAEMONSWITCH='/etc/alsa/state-daemon.conf'
ALSACTL_PIDFILE_DIR='/var/run'
ALSALOOP_FALSE='#'
ALSALOOP_TRUE=''
ALSAMIXER_FALSE='#'
ALSAMIXER_TRUE=''
ALSA_CFLAGS=''
ALSA_LIBS=' -lasound -lm -ldl -lpthread'
AMDEPBACKSLASH='\'
AMDEP_FALSE='#'
AMDEP_TRUE=''
AMTAR='$${TAR-tar}'
ASOUND_LOCK_DIR='/var/lock'
ASOUND_STATE_DIR='/var/lib/alsa'
AUTOCONF='${SHELL} /home/svm/openwrt_rtk/rtk_openwrt_sdk/build_dir/target-mips-rlx5281-linux/alsa-utils-1.0.28/missing --run autoconf'
AUTOHEADER='${SHELL} /home/svm/openwrt_rtk/rtk_openwrt_sdk/build_dir/target-mips-rlx5281-linux/alsa-utils-1.0.28/missing --run autoheader'
AUTOMAKE='${SHELL} /home/svm/openwrt_rtk/rtk_openwrt_sdk/build_dir/target-mips-rlx5281-linux/alsa-utils-1.0.28/missing --run automake-1.12'
AWK='gawk'
CC='rsdk-linux-gcc'
CCDEPMODE='depmode=gcc3'
CFLAGS='-Os -pipe -march=5281 -fno-caller-saves '
CPP='rsdk-linux-gcc -E'
CPPFLAGS='-I/home/svm/openwrt_rtk/rtk_openwrt_sdk/staging_dir/target-mips-rlx5281-linux/usr/include -I/home/svm/openwrt_rtk/rtk_openwrt_sdk/staging_dir/target-mips-rlx5281-linux/include -I/home/svm/openwrt_rtk/rtk_openwrt_sdk/staging_dir/rsdk-4.6.4-5281-EB-3.10-0.9.33-m32ub-20141001//include '
CURSESINC='<ncurses.h>'
CURSESLIB='-lform -lmenu -lpanel -lncurses'
CURSES_CFLAGS=''
CYGPATH_W='echo'
DEFS='-DHAVE_CONFIG_H'
DEPDIR='.deps'
ECHO_C=''
ECHO_N='-n'
ECHO_T=''
EGREP='/home/svm/openwrt_rtk/rtk_openwrt_sdk/staging_dir/host/bin/grep -E'
EXEEXT=''
GETTEXT_MACRO_VERSION='0.18'
GMSGFMT='/usr/bin/msgfmt'
GMSGFMT_015='/usr/bin/msgfmt'
GREP='/home/svm/openwrt_rtk/rtk_openwrt_sdk/staging_dir/host/bin/grep'
HAVE_MIXER_FALSE='#'
HAVE_MIXER_TRUE=''
HAVE_PCM_FALSE='#'
HAVE_PCM_TRUE=''
HAVE_RAWMIDI_FALSE='#'
HAVE_RAWMIDI_TRUE=''
HAVE_SAMPLERATE_FALSE=''
HAVE_SAMPLERATE_TRUE='#'
HAVE_SEQ_FALSE='#'
HAVE_SEQ_TRUE=''
HAVE_SYSTEMD_FALSE=''
HAVE_SYSTEMD_TRUE='#'
INSTALL_DATA='${INSTALL} -m 644'
INSTALL_PROGRAM='${INSTALL}'
INSTALL_SCRIPT='${INSTALL}'
INSTALL_STRIP_PROGRAM='$(install_sh) -c -s'
INTLLIBS=''
INTL_MACOSX_LIBS=''
LDFLAGS='-L/home/svm/openwrt_rtk/rtk_openwrt_sdk/staging_dir/target-mips-rlx5281-linux/usr/lib -L/home/svm/openwrt_rtk/rtk_openwrt_sdk/staging_dir/target-mips-rlx5281-linux/lib -L/home/svm/openwrt_rtk/rtk_openwrt_sdk/staging_dir/rsdk-4.6.4-5281-EB-3.10-0.9.33-m32ub-20141001//lib '
LIBICONV='-liconv'
LIBINTL=''
LIBOBJS=''
LIBRT='-lrt'
LIBS='-lasound -lm -ldl -lpthread'
LN_S='ln -s'
LTLIBICONV='-liconv'
LTLIBINTL=''
LTLIBOBJS=''
MAINT=''
MAINTAINER_MODE_FALSE='#'
MAINTAINER_MODE_TRUE=''
MAKEINFO='${SHELL} /home/svm/openwrt_rtk/rtk_openwrt_sdk/build_dir/target-mips-rlx5281-linux/alsa-utils-1.0.28/missing --run makeinfo'
MKDIR_P='/bin/mkdir -p'
MSGFMT='/usr/bin/msgfmt'
MSGFMT_015='/usr/bin/msgfmt'
MSGMERGE='/usr/bin/msgmerge'
NCURSESW_CFLAGS=''
NCURSESW_LIBS=''
NCURSES_CFLAGS=''
NCURSES_LIBS=''
OBJEXT='o'
PACKAGE='alsa-utils'
PACKAGE_BUGREPORT=''
PACKAGE_NAME='alsa-utils'
PACKAGE_STRING='alsa-utils 1.0.28'
PACKAGE_TARNAME='alsa-utils'
PACKAGE_URL=''
PACKAGE_VERSION='1.0.28'
PATH_SEPARATOR=':'
PKG_CONFIG='/home/svm/openwrt_rtk/rtk_openwrt_sdk/staging_dir/host/bin/pkg-config'
PKG_CONFIG_LIBDIR='/home/svm/openwrt_rtk/rtk_openwrt_sdk/staging_dir/target-mips-rlx5281-linux/usr/lib/pkgconfig:/home/svm/openwrt_rtk/rtk_openwrt_sdk/staging_dir/target-mips-rlx5281-linux/usr/share/pkgconfig'
PKG_CONFIG_PATH='/home/svm/openwrt_rtk/rtk_openwrt_sdk/staging_dir/target-mips-rlx5281-linux/usr/lib/pkgconfig:/home/svm/openwrt_rtk/rtk_openwrt_sdk/staging_dir/target-mips-rlx5281-linux/usr/share/pkgconfig'
POSUB=''
SED='/home/svm/openwrt_rtk/rtk_openwrt_sdk/staging_dir/host/bin/sed'
SET_MAKE=''
SHELL='/bin/bash'
SND_UTIL_MAJOR='1'
SND_UTIL_MINOR='0'
SND_UTIL_SUBMINOR='28'
SND_UTIL_VERSION='1.0.28'
STRIP='rsdk-linux-strip'
TESTSOUND='/usr/share/test.wav'
USE_NLS='no'
USE_XMLTO_FALSE=''
USE_XMLTO_TRUE='#'
VERSION='1.0.28'
XGETTEXT='/usr/bin/xgettext'
XGETTEXT_015='/usr/bin/xgettext'
XGETTEXT_EXTRA_OPTIONS=''
ac_ct_CC=''
am__EXEEXT_FALSE=''
am__EXEEXT_TRUE='#'
am__fastdepCC_FALSE='#'
am__fastdepCC_TRUE=''
am__include='include'
am__isrc=''
am__leading_dot='.'
am__nodep='_no'
am__quote=''
am__tar='$${TAR-tar} chof - "$$tardir"'
am__untar='$${TAR-tar} xf -'
bindir='/usr/bin'
build='x86_64-pc-linux-gnu'
build_alias='x86_64-linux-gnu'
build_cpu='x86_64'
build_os='linux-gnu'
build_vendor='pc'
datadir='/usr/share'
datarootdir='${prefix}/share'
docdir='${datarootdir}/doc/${PACKAGE_TARNAME}'
dvidir='${docdir}'
exec_prefix='/usr'
host='mips-rlx5281-linux-gnu'
host_alias='mips-rlx5281-linux'
host_cpu='mips'
host_os='linux-gnu'
host_vendor='rlx5281'
htmldir='${docdir}'
includedir='${prefix}/include'
infodir='/usr/info'
install_sh='${SHELL} /home/svm/openwrt_rtk/rtk_openwrt_sdk/build_dir/target-mips-rlx5281-linux/alsa-utils-1.0.28/install-sh'
libdir='${exec_prefix}/lib'
libexecdir='/usr/lib'
localedir='${datarootdir}/locale'
localstatedir='/var'
mandir='/usr/man'
mkdir_p='/bin/mkdir -p'
mydatadir='/usr/share/alsa'
ncurses5_config='no'
ncursesw5_config=''
oldincludedir='/usr/include'
pdfdir='${docdir}'
prefix='/usr'
program_transform_name='s&$$&&;s&^&&'
psdir='${docdir}'
sbindir='/usr/sbin'
sharedstatedir='${prefix}/com'
sysconfdir='/etc'
systemdsystemunitdir=''
target_alias='mips-rlx5281-linux'
udevrulesdir='/lib/udev/rules.d'
xmlto='no'

## ----------- ##
## confdefs.h. ##
## ----------- ##

/* confdefs.h */
#define PACKAGE_NAME "alsa-utils"
#define PACKAGE_TARNAME "alsa-utils"
#define PACKAGE_VERSION "1.0.28"
#define PACKAGE_STRING "alsa-utils 1.0.28"
#define PACKAGE_BUGREPORT ""
#define PACKAGE_URL ""
#define PACKAGE "alsa-utils"
#define VERSION "1.0.28"
#define HAVE_ALSA_PCM_H 1
#define HAVE_ALSA_MIXER_H 1
#define HAVE_ALSA_RAWMIDI_H 1
#define HAVE_ALSA_SEQ_H 1
#define HAVE_LIBRT 1
#define HAVE_CLOCK_GETTIME 1
#define STDC_HEADERS 1
#define HAVE_CURSES_ESCDELAY 1
#define HAVE_SYS_TYPES_H 1
#define HAVE_SYS_STAT_H 1
#define HAVE_STDLIB_H 1
#define HAVE_STRING_H 1
#define HAVE_MEMORY_H 1
#define HAVE_STRINGS_H 1
#define HAVE_INTTYPES_H 1
#define HAVE_STDINT_H 1
#define HAVE_UNISTD_H 1
#define HAVE_PANEL_H 1
#define HAVE_MENU_H 1
#define HAVE_FORM_H 1
#define SOUNDSDIR "/usr/share/sounds/alsa"
#define DATADIR "/usr/share/alsa"
#define TIME_WITH_SYS_TIME 1
#define _FILE_OFFSET_BITS 64
#define VERSION "1.0.28"

configure: exit 0
