This file contains any messages produced by compilers while
running configure, to aid debugging if configure makes a mistake.

It was created by libffi configure 3.0.13, which was
generated by GNU Autoconf 2.69.  Invocation command line was

  $ ../configure --target=mips-rlx5281-linux --host=mips-rlx5281-linux --build=x86_64-linux-gnu --program-prefix= --program-suffix= --prefix=/usr --exec-prefix=/usr --bindir=/usr/bin --sbindir=/usr/sbin --libexecdir=/usr/lib --sysconfdir=/etc --datadir=/usr/share --localstatedir=/var --mandir=/usr/man --infodir=/usr/info --disable-nls --disable-ipv6 libffi

## --------- ##
## Platform. ##
## --------- ##

hostname = ubuntu
uname -m = x86_64
uname -r = 4.15.0-208-generic
uname -s = Linux
uname -v = #220-Ubuntu SMP Mon Mar 20 14:27:01 UTC 2023

/usr/bin/uname -p = unknown
/bin/uname -X     = unknown

/bin/arch              = unknown
/usr/bin/arch -k       = unknown
/usr/convex/getsysinfo = unknown
/usr/bin/hostinfo      = unknown
/bin/machine           = unknown
/usr/bin/oslevel       = unknown
/bin/universe          = unknown

PATH: /home/svm/openwrt_rtk/rtk_openwrt_sdk/staging_dir/target-mips-rlx5281-linux/host/bin
PATH: /home/svm/openwrt_rtk/rtk_openwrt_sdk/staging_dir/toolchain-mips-rlx5281-linux/bin
PATH: /home/svm/openwrt_rtk/rtk_openwrt_sdk/staging_dir/rsdk-4.6.4-5281-EB-3.10-0.9.33-m32ub-20141001//bin
PATH: /home/svm/openwrt_rtk/rtk_openwrt_sdk/staging_dir/host/bin
PATH: /home/svm/openwrt_rtk/rtk_openwrt_sdk/staging_dir/toolchain-mips-rlx5281-linux/bin
PATH: /home/svm/openwrt_rtk/rtk_openwrt_sdk/staging_dir/rsdk-4.6.4-5281-EB-3.10-0.9.33-m32ub-20141001//bin
PATH: /home/svm/openwrt_rtk/rtk_openwrt_sdk/staging_dir/host/bin
PATH: /usr/local/sbin
PATH: /usr/local/bin
PATH: /usr/sbin
PATH: /usr/bin
PATH: /sbin
PATH: /bin
PATH: /usr/games
PATH: /usr/local/games
PATH: /snap/bin


## ----------- ##
## Core tests. ##
## ----------- ##

configure:2459: loading site script /home/svm/openwrt_rtk/rtk_openwrt_sdk/include/site/mips-rlx5281-linux
| #!/bin/sh
| 
| . $TOPDIR/include/site/mips-linux
| . $TOPDIR/include/site/linux-uclibc
| 
configure:2591: checking build system type
configure:2605: result: x86_64-pc-linux-gnu
configure:2625: checking host system type
configure:2638: result: mips-rlx5281-linux-gnu
configure:2658: checking target system type
configure:2671: result: mips-rlx5281-linux-gnu
configure:2763: checking for gsed
configure:2794: result: sed
configure:2822: checking for a BSD-compatible install
configure:2890: result: /usr/bin/install -c
configure:2901: checking whether build environment is sane
configure:2956: result: yes
configure:3012: checking for mips-rlx5281-linux-strip
configure:3039: result: rsdk-linux-strip
configure:3104: checking for a thread-safe mkdir -p
configure:3143: result: /bin/mkdir -p
configure:3150: checking for gawk
configure:3166: found /usr/bin/gawk
configure:3177: result: gawk
configure:3188: checking whether make sets $(MAKE)
configure:3210: result: yes
configure:3315: checking for mips-rlx5281-linux-gcc
configure:3342: result: rsdk-linux-gcc
configure:3611: checking for C compiler version
configure:3620: rsdk-linux-gcc --version >&5
mips-linux-xgcc (Realtek RSDK-4.6.4 Build 2002) 4.6.4
Copyright (C) 2011 Free Software Foundation, Inc.
This is free software; see the source for copying conditions.  There is NO
warranty; not even for MERCHANTABILITY or FITNESS FOR A PARTICULAR PURPOSE.

configure:3631: $? = 0
configure:3620: rsdk-linux-gcc -v >&5
Reading specs from /home/svm/openwrt_rtk/rtk_openwrt_sdk/staging_dir/rsdk-4.6.4-5281-EB-3.10-0.9.33-m32ub-20141001/bin/../lib/gcc/mips-linux-uclibc/4.6.4/specs
COLLECT_GCC=/home/svm/openwrt_rtk/rtk_openwrt_sdk/staging_dir/rsdk-4.6.4-5281-EB-3.10-0.9.33-m32ub-20141001/bin/mips-linux-xgcc
COLLECT_LTO_WRAPPER=/home/svm/openwrt_rtk/rtk_openwrt_sdk/staging_dir/rsdk-4.6.4-5281-EB-3.10-0.9.33-m32ub-20141001/bin/../libexec/gcc/mips-linux-uclibc/4.6.4/lto-wrapper
Target: mips-linux-uclibc
Configured with: Realtek SDK Builder release 4.6
Thread model: posix
gcc version 4.6.4 (Realtek RSDK-4.6.4 Build 2002) 
configure:3631: $? = 0
configure:3620: rsdk-linux-gcc -V >&5
mips-linux-xgcc: fatal error: no input files
compilation terminated.
configure:3631: $? = 1
configure:3620: rsdk-linux-gcc -qversion >&5
mips-linux-xgcc: fatal error: no input files
compilation terminated.
configure:3631: $? = 1
configure:3651: checking whether the C compiler works
configure:3673: rsdk-linux-gcc -Os -pipe -march=5281 -fno-caller-saves  -I/home/svm/openwrt_rtk/rtk_openwrt_sdk/staging_dir/target-mips-rlx5281-linux/usr/include -I/home/svm/openwrt_rtk/rtk_openwrt_sdk/staging_dir/target-mips-rlx5281-linux/include -I/home/svm/openwrt_rtk/rtk_openwrt_sdk/staging_dir/rsdk-4.6.4-5281-EB-3.10-0.9.33-m32ub-20141001//include  -L/home/svm/openwrt_rtk/rtk_openwrt_sdk/staging_dir/target-mips-rlx5281-linux/usr/lib -L/home/svm/openwrt_rtk/rtk_openwrt_sdk/staging_dir/target-mips-rlx5281-linux/lib -L/home/svm/openwrt_rtk/rtk_openwrt_sdk/staging_dir/rsdk-4.6.4-5281-EB-3.10-0.9.33-m32ub-20141001//lib  conftest.c  >&5
configure:3677: $? = 0
configure:3725: result: yes
configure:3728: checking for C compiler default output file name
configure:3730: result: a.out
configure:3736: checking for suffix of executables
configure:3743: rsdk-linux-gcc -o conftest -Os -pipe -march=5281 -fno-caller-saves  -I/home/svm/openwrt_rtk/rtk_openwrt_sdk/staging_dir/target-mips-rlx5281-linux/usr/include -I/home/svm/openwrt_rtk/rtk_openwrt_sdk/staging_dir/target-mips-rlx5281-linux/include -I/home/svm/openwrt_rtk/rtk_openwrt_sdk/staging_dir/rsdk-4.6.4-5281-EB-3.10-0.9.33-m32ub-20141001//include  -L/home/svm/openwrt_rtk/rtk_openwrt_sdk/staging_dir/target-mips-rlx5281-linux/usr/lib -L/home/svm/openwrt_rtk/rtk_openwrt_sdk/staging_dir/target-mips-rlx5281-linux/lib -L/home/svm/openwrt_rtk/rtk_openwrt_sdk/staging_dir/rsdk-4.6.4-5281-EB-3.10-0.9.33-m32ub-20141001//lib  conftest.c  >&5
configure:3747: $? = 0
configure:3769: result: 
configure:3791: checking whether we are cross compiling
configure:3829: result: yes
configure:3834: checking for suffix of object files
configure:3856: rsdk-linux-gcc -c -Os -pipe -march=5281 -fno-caller-saves  -I/home/svm/openwrt_rtk/rtk_openwrt_sdk/staging_dir/target-mips-rlx5281-linux/usr/include -I/home/svm/openwrt_rtk/rtk_openwrt_sdk/staging_dir/target-mips-rlx5281-linux/include -I/home/svm/openwrt_rtk/rtk_openwrt_sdk/staging_dir/rsdk-4.6.4-5281-EB-3.10-0.9.33-m32ub-20141001//include  conftest.c >&5
configure:3860: $? = 0
configure:3881: result: o
configure:3885: checking whether we are using the GNU C compiler
configure:3904: rsdk-linux-gcc -c -Os -pipe -march=5281 -fno-caller-saves  -I/home/svm/openwrt_rtk/rtk_openwrt_sdk/staging_dir/target-mips-rlx5281-linux/usr/include -I/home/svm/openwrt_rtk/rtk_openwrt_sdk/staging_dir/target-mips-rlx5281-linux/include -I/home/svm/openwrt_rtk/rtk_openwrt_sdk/staging_dir/rsdk-4.6.4-5281-EB-3.10-0.9.33-m32ub-20141001//include  conftest.c >&5
configure:3904: $? = 0
configure:3913: result: yes
configure:3922: checking whether rsdk-linux-gcc accepts -g
configure:3942: rsdk-linux-gcc -c -g -I/home/svm/openwrt_rtk/rtk_openwrt_sdk/staging_dir/target-mips-rlx5281-linux/usr/include -I/home/svm/openwrt_rtk/rtk_openwrt_sdk/staging_dir/target-mips-rlx5281-linux/include -I/home/svm/openwrt_rtk/rtk_openwrt_sdk/staging_dir/rsdk-4.6.4-5281-EB-3.10-0.9.33-m32ub-20141001//include  conftest.c >&5
configure:3942: $? = 0
configure:3983: result: yes
configure:4000: checking for rsdk-linux-gcc option to accept ISO C89
configure:4063: rsdk-linux-gcc  -c -Os -pipe -march=5281 -fno-caller-saves  -I/home/svm/openwrt_rtk/rtk_openwrt_sdk/staging_dir/target-mips-rlx5281-linux/usr/include -I/home/svm/openwrt_rtk/rtk_openwrt_sdk/staging_dir/target-mips-rlx5281-linux/include -I/home/svm/openwrt_rtk/rtk_openwrt_sdk/staging_dir/rsdk-4.6.4-5281-EB-3.10-0.9.33-m32ub-20141001//include  conftest.c >&5
configure:4063: $? = 0
configure:4076: result: none needed
configure:4107: checking for style of include used by make
configure:4135: result: GNU
configure:4161: checking dependency style of rsdk-linux-gcc
configure:4272: result: gcc3
configure:4302: checking dependency style of rsdk-linux-gcc
configure:4411: result: gcc3
configure:4427: checking whether rsdk-linux-gcc and cc understand -c and -o together
configure:4458: rsdk-linux-gcc -c conftest.c -o conftest2.o >&5
configure:4462: $? = 0
configure:4468: rsdk-linux-gcc -c conftest.c -o conftest2.o >&5
configure:4472: $? = 0
configure:4483: cc -c conftest.c >&5
configure:4487: $? = 0
configure:4495: cc -c conftest.c -o conftest2.o >&5
configure:4499: $? = 0
configure:4505: cc -c conftest.c -o conftest2.o >&5
configure:4509: $? = 0
configure:4527: result: yes
configure:4598: checking how to print strings
configure:4625: result: printf
configure:4646: checking for a sed that does not truncate output
configure:4710: result: /home/svm/openwrt_rtk/rtk_openwrt_sdk/staging_dir/host/bin/sed
configure:4728: checking for grep that handles long lines and -e
configure:4786: result: /home/svm/openwrt_rtk/rtk_openwrt_sdk/staging_dir/host/bin/grep
configure:4791: checking for egrep
configure:4853: result: /home/svm/openwrt_rtk/rtk_openwrt_sdk/staging_dir/host/bin/grep -E
configure:4858: checking for fgrep
configure:4920: result: /home/svm/openwrt_rtk/rtk_openwrt_sdk/staging_dir/host/bin/grep -F
configure:4955: checking for ld used by rsdk-linux-gcc
configure:5022: result: rsdk-linux-ld
configure:5029: checking if the linker (rsdk-linux-ld) is GNU ld
configure:5044: result: yes
configure:5056: checking for BSD- or MS-compatible name lister (nm)
configure:5105: result: rsdk-linux-nm
configure:5235: checking the name lister (rsdk-linux-nm) interface
configure:5242: rsdk-linux-gcc -c -Os -pipe -march=5281 -fno-caller-saves  -I/home/svm/openwrt_rtk/rtk_openwrt_sdk/staging_dir/target-mips-rlx5281-linux/usr/include -I/home/svm/openwrt_rtk/rtk_openwrt_sdk/staging_dir/target-mips-rlx5281-linux/include -I/home/svm/openwrt_rtk/rtk_openwrt_sdk/staging_dir/rsdk-4.6.4-5281-EB-3.10-0.9.33-m32ub-20141001//include  conftest.c >&5
configure:5245: rsdk-linux-nm "conftest.o"
configure:5248: output
00000000 B some_variable
configure:5255: result: BSD nm
configure:5258: checking whether ln -s works
configure:5262: result: yes
configure:5270: checking the maximum length of command line arguments
configure:5401: result: 1572864
configure:5418: checking whether the shell understands some XSI constructs
configure:5428: result: yes
configure:5432: checking whether the shell understands "+="
configure:5438: result: yes
configure:5473: checking how to convert x86_64-pc-linux-gnu file names to mips-rlx5281-linux-gnu format
configure:5513: result: func_convert_file_noop
configure:5520: checking how to convert x86_64-pc-linux-gnu file names to toolchain format
configure:5540: result: func_convert_file_noop
configure:5547: checking for rsdk-linux-ld option to reload object files
configure:5554: result: -r
configure:5588: checking for mips-rlx5281-linux-objdump
configure:5615: result: rsdk-linux-objdump
configure:5687: checking how to recognize dependent libraries
configure:5889: result: pass_all
configure:5934: checking for mips-rlx5281-linux-dlltool
configure:5964: result: no
configure:5974: checking for dlltool
configure:6004: result: no
configure:6034: checking how to associate runtime and link libraries
configure:6061: result: printf %s\n
configure:6078: checking for mips-rlx5281-linux-ar
configure:6105: result: rsdk-linux-ar
configure:6186: checking for archiver @FILE support
configure:6203: rsdk-linux-gcc -c -Os -pipe -march=5281 -fno-caller-saves  -I/home/svm/openwrt_rtk/rtk_openwrt_sdk/staging_dir/target-mips-rlx5281-linux/usr/include -I/home/svm/openwrt_rtk/rtk_openwrt_sdk/staging_dir/target-mips-rlx5281-linux/include -I/home/svm/openwrt_rtk/rtk_openwrt_sdk/staging_dir/rsdk-4.6.4-5281-EB-3.10-0.9.33-m32ub-20141001//include  conftest.c >&5
configure:6203: $? = 0
configure:6206: rsdk-linux-ar cru libconftest.a @conftest.lst >&5
configure:6209: $? = 0
configure:6214: rsdk-linux-ar cru libconftest.a @conftest.lst >&5
rsdk-linux-ar: conftest.o: No such file or directory
configure:6217: $? = 1
configure:6229: result: @
configure:6247: checking for mips-rlx5281-linux-strip
configure:6274: result: rsdk-linux-strip
configure:6346: checking for mips-rlx5281-linux-ranlib
configure:6373: result: rsdk-linux-ranlib
configure:6515: checking command to parse rsdk-linux-nm output from rsdk-linux-gcc object
configure:6635: rsdk-linux-gcc -c -Os -pipe -march=5281 -fno-caller-saves  -I/home/svm/openwrt_rtk/rtk_openwrt_sdk/staging_dir/target-mips-rlx5281-linux/usr/include -I/home/svm/openwrt_rtk/rtk_openwrt_sdk/staging_dir/target-mips-rlx5281-linux/include -I/home/svm/openwrt_rtk/rtk_openwrt_sdk/staging_dir/rsdk-4.6.4-5281-EB-3.10-0.9.33-m32ub-20141001//include  conftest.c >&5
configure:6638: $? = 0
configure:6642: rsdk-linux-nm conftest.o \| sed -n -e 's/^.*[ ]\([ABCDGIRSTW][ABCDGIRSTW]*\)[ ][ ]*\([_A-Za-z][_A-Za-z0-9]*\)$/\1 \2 \2/p' | sed '/ __gnu_lto/d' \> conftest.nm
configure:6645: $? = 0
configure:6711: rsdk-linux-gcc -o conftest -Os -pipe -march=5281 -fno-caller-saves  -I/home/svm/openwrt_rtk/rtk_openwrt_sdk/staging_dir/target-mips-rlx5281-linux/usr/include -I/home/svm/openwrt_rtk/rtk_openwrt_sdk/staging_dir/target-mips-rlx5281-linux/include -I/home/svm/openwrt_rtk/rtk_openwrt_sdk/staging_dir/rsdk-4.6.4-5281-EB-3.10-0.9.33-m32ub-20141001//include  -L/home/svm/openwrt_rtk/rtk_openwrt_sdk/staging_dir/target-mips-rlx5281-linux/usr/lib -L/home/svm/openwrt_rtk/rtk_openwrt_sdk/staging_dir/target-mips-rlx5281-linux/lib -L/home/svm/openwrt_rtk/rtk_openwrt_sdk/staging_dir/rsdk-4.6.4-5281-EB-3.10-0.9.33-m32ub-20141001//lib  conftest.c conftstm.o >&5
configure:6714: $? = 0
configure:6752: result: ok
configure:6789: checking for sysroot
configure:6819: result: no
configure:7042: checking for mips-rlx5281-linux-mt
configure:7072: result: no
configure:7082: checking for mt
configure:7098: found /bin/mt
configure:7109: result: mt
configure:7121: WARNING: using cross tools not prefixed with host triplet
configure:7132: checking if mt is a manifest tool
configure:7138: mt '-?'
configure:7146: result: no
configure:7788: checking how to run the C preprocessor
configure:7819: rsdk-linux-gcc -E -I/home/svm/openwrt_rtk/rtk_openwrt_sdk/staging_dir/target-mips-rlx5281-linux/usr/include -I/home/svm/openwrt_rtk/rtk_openwrt_sdk/staging_dir/target-mips-rlx5281-linux/include -I/home/svm/openwrt_rtk/rtk_openwrt_sdk/staging_dir/rsdk-4.6.4-5281-EB-3.10-0.9.33-m32ub-20141001//include  conftest.c
configure:7819: $? = 0
configure:7833: rsdk-linux-gcc -E -I/home/svm/openwrt_rtk/rtk_openwrt_sdk/staging_dir/target-mips-rlx5281-linux/usr/include -I/home/svm/openwrt_rtk/rtk_openwrt_sdk/staging_dir/target-mips-rlx5281-linux/include -I/home/svm/openwrt_rtk/rtk_openwrt_sdk/staging_dir/rsdk-4.6.4-5281-EB-3.10-0.9.33-m32ub-20141001//include  conftest.c
conftest.c:11:28: fatal error: ac_nonexistent.h: No such file or directory
compilation terminated.
configure:7833: $? = 1
configure: failed program was:
| /* confdefs.h */
| #define PACKAGE_NAME "libffi"
| #define PACKAGE_TARNAME "libffi"
| #define PACKAGE_VERSION "3.0.13"
| #define PACKAGE_STRING "libffi 3.0.13"
| #define PACKAGE_BUGREPORT "http://github.com/atgreen/libffi/issues"
| #define PACKAGE_URL ""
| #define PACKAGE "libffi"
| #define VERSION "3.0.13"
| /* end confdefs.h.  */
| #include <ac_nonexistent.h>
configure:7858: result: rsdk-linux-gcc -E
configure:7878: rsdk-linux-gcc -E -I/home/svm/openwrt_rtk/rtk_openwrt_sdk/staging_dir/target-mips-rlx5281-linux/usr/include -I/home/svm/openwrt_rtk/rtk_openwrt_sdk/staging_dir/target-mips-rlx5281-linux/include -I/home/svm/openwrt_rtk/rtk_openwrt_sdk/staging_dir/rsdk-4.6.4-5281-EB-3.10-0.9.33-m32ub-20141001//include  conftest.c
configure:7878: $? = 0
configure:7892: rsdk-linux-gcc -E -I/home/svm/openwrt_rtk/rtk_openwrt_sdk/staging_dir/target-mips-rlx5281-linux/usr/include -I/home/svm/openwrt_rtk/rtk_openwrt_sdk/staging_dir/target-mips-rlx5281-linux/include -I/home/svm/openwrt_rtk/rtk_openwrt_sdk/staging_dir/rsdk-4.6.4-5281-EB-3.10-0.9.33-m32ub-20141001//include  conftest.c
conftest.c:11:28: fatal error: ac_nonexistent.h: No such file or directory
compilation terminated.
configure:7892: $? = 1
configure: failed program was:
| /* confdefs.h */
| #define PACKAGE_NAME "libffi"
| #define PACKAGE_TARNAME "libffi"
| #define PACKAGE_VERSION "3.0.13"
| #define PACKAGE_STRING "libffi 3.0.13"
| #define PACKAGE_BUGREPORT "http://github.com/atgreen/libffi/issues"
| #define PACKAGE_URL ""
| #define PACKAGE "libffi"
| #define VERSION "3.0.13"
| /* end confdefs.h.  */
| #include <ac_nonexistent.h>
configure:7921: checking for ANSI C header files
configure:7941: rsdk-linux-gcc -c -Os -pipe -march=5281 -fno-caller-saves  -I/home/svm/openwrt_rtk/rtk_openwrt_sdk/staging_dir/target-mips-rlx5281-linux/usr/include -I/home/svm/openwrt_rtk/rtk_openwrt_sdk/staging_dir/target-mips-rlx5281-linux/include -I/home/svm/openwrt_rtk/rtk_openwrt_sdk/staging_dir/rsdk-4.6.4-5281-EB-3.10-0.9.33-m32ub-20141001//include  conftest.c >&5
configure:7941: $? = 0
configure:8025: result: yes
configure:8038: checking for sys/types.h
configure:8038: rsdk-linux-gcc -c -Os -pipe -march=5281 -fno-caller-saves  -I/home/svm/openwrt_rtk/rtk_openwrt_sdk/staging_dir/target-mips-rlx5281-linux/usr/include -I/home/svm/openwrt_rtk/rtk_openwrt_sdk/staging_dir/target-mips-rlx5281-linux/include -I/home/svm/openwrt_rtk/rtk_openwrt_sdk/staging_dir/rsdk-4.6.4-5281-EB-3.10-0.9.33-m32ub-20141001//include  conftest.c >&5
configure:8038: $? = 0
configure:8038: result: yes
configure:8038: checking for sys/stat.h
configure:8038: rsdk-linux-gcc -c -Os -pipe -march=5281 -fno-caller-saves  -I/home/svm/openwrt_rtk/rtk_openwrt_sdk/staging_dir/target-mips-rlx5281-linux/usr/include -I/home/svm/openwrt_rtk/rtk_openwrt_sdk/staging_dir/target-mips-rlx5281-linux/include -I/home/svm/openwrt_rtk/rtk_openwrt_sdk/staging_dir/rsdk-4.6.4-5281-EB-3.10-0.9.33-m32ub-20141001//include  conftest.c >&5
configure:8038: $? = 0
configure:8038: result: yes
configure:8038: checking for stdlib.h
configure:8038: rsdk-linux-gcc -c -Os -pipe -march=5281 -fno-caller-saves  -I/home/svm/openwrt_rtk/rtk_openwrt_sdk/staging_dir/target-mips-rlx5281-linux/usr/include -I/home/svm/openwrt_rtk/rtk_openwrt_sdk/staging_dir/target-mips-rlx5281-linux/include -I/home/svm/openwrt_rtk/rtk_openwrt_sdk/staging_dir/rsdk-4.6.4-5281-EB-3.10-0.9.33-m32ub-20141001//include  conftest.c >&5
configure:8038: $? = 0
configure:8038: result: yes
configure:8038: checking for string.h
configure:8038: rsdk-linux-gcc -c -Os -pipe -march=5281 -fno-caller-saves  -I/home/svm/openwrt_rtk/rtk_openwrt_sdk/staging_dir/target-mips-rlx5281-linux/usr/include -I/home/svm/openwrt_rtk/rtk_openwrt_sdk/staging_dir/target-mips-rlx5281-linux/include -I/home/svm/openwrt_rtk/rtk_openwrt_sdk/staging_dir/rsdk-4.6.4-5281-EB-3.10-0.9.33-m32ub-20141001//include  conftest.c >&5
configure:8038: $? = 0
configure:8038: result: yes
configure:8038: checking for memory.h
configure:8038: rsdk-linux-gcc -c -Os -pipe -march=5281 -fno-caller-saves  -I/home/svm/openwrt_rtk/rtk_openwrt_sdk/staging_dir/target-mips-rlx5281-linux/usr/include -I/home/svm/openwrt_rtk/rtk_openwrt_sdk/staging_dir/target-mips-rlx5281-linux/include -I/home/svm/openwrt_rtk/rtk_openwrt_sdk/staging_dir/rsdk-4.6.4-5281-EB-3.10-0.9.33-m32ub-20141001//include  conftest.c >&5
configure:8038: $? = 0
configure:8038: result: yes
configure:8038: checking for strings.h
configure:8038: rsdk-linux-gcc -c -Os -pipe -march=5281 -fno-caller-saves  -I/home/svm/openwrt_rtk/rtk_openwrt_sdk/staging_dir/target-mips-rlx5281-linux/usr/include -I/home/svm/openwrt_rtk/rtk_openwrt_sdk/staging_dir/target-mips-rlx5281-linux/include -I/home/svm/openwrt_rtk/rtk_openwrt_sdk/staging_dir/rsdk-4.6.4-5281-EB-3.10-0.9.33-m32ub-20141001//include  conftest.c >&5
configure:8038: $? = 0
configure:8038: result: yes
configure:8038: checking for inttypes.h
configure:8038: rsdk-linux-gcc -c -Os -pipe -march=5281 -fno-caller-saves  -I/home/svm/openwrt_rtk/rtk_openwrt_sdk/staging_dir/target-mips-rlx5281-linux/usr/include -I/home/svm/openwrt_rtk/rtk_openwrt_sdk/staging_dir/target-mips-rlx5281-linux/include -I/home/svm/openwrt_rtk/rtk_openwrt_sdk/staging_dir/rsdk-4.6.4-5281-EB-3.10-0.9.33-m32ub-20141001//include  conftest.c >&5
configure:8038: $? = 0
configure:8038: result: yes
configure:8038: checking for stdint.h
configure:8038: rsdk-linux-gcc -c -Os -pipe -march=5281 -fno-caller-saves  -I/home/svm/openwrt_rtk/rtk_openwrt_sdk/staging_dir/target-mips-rlx5281-linux/usr/include -I/home/svm/openwrt_rtk/rtk_openwrt_sdk/staging_dir/target-mips-rlx5281-linux/include -I/home/svm/openwrt_rtk/rtk_openwrt_sdk/staging_dir/rsdk-4.6.4-5281-EB-3.10-0.9.33-m32ub-20141001//include  conftest.c >&5
configure:8038: $? = 0
configure:8038: result: yes
configure:8038: checking for unistd.h
configure:8038: rsdk-linux-gcc -c -Os -pipe -march=5281 -fno-caller-saves  -I/home/svm/openwrt_rtk/rtk_openwrt_sdk/staging_dir/target-mips-rlx5281-linux/usr/include -I/home/svm/openwrt_rtk/rtk_openwrt_sdk/staging_dir/target-mips-rlx5281-linux/include -I/home/svm/openwrt_rtk/rtk_openwrt_sdk/staging_dir/rsdk-4.6.4-5281-EB-3.10-0.9.33-m32ub-20141001//include  conftest.c >&5
configure:8038: $? = 0
configure:8038: result: yes
configure:8052: checking for dlfcn.h
configure:8052: rsdk-linux-gcc -c -Os -pipe -march=5281 -fno-caller-saves  -I/home/svm/openwrt_rtk/rtk_openwrt_sdk/staging_dir/target-mips-rlx5281-linux/usr/include -I/home/svm/openwrt_rtk/rtk_openwrt_sdk/staging_dir/target-mips-rlx5281-linux/include -I/home/svm/openwrt_rtk/rtk_openwrt_sdk/staging_dir/rsdk-4.6.4-5281-EB-3.10-0.9.33-m32ub-20141001//include  conftest.c >&5
configure:8052: $? = 0
configure:8052: result: yes
configure:8258: checking for objdir
configure:8273: result: .libs
configure:8544: checking if rsdk-linux-gcc supports -fno-rtti -fno-exceptions
configure:8562: rsdk-linux-gcc -c -Os -pipe -march=5281 -fno-caller-saves  -I/home/svm/openwrt_rtk/rtk_openwrt_sdk/staging_dir/target-mips-rlx5281-linux/usr/include -I/home/svm/openwrt_rtk/rtk_openwrt_sdk/staging_dir/target-mips-rlx5281-linux/include -I/home/svm/openwrt_rtk/rtk_openwrt_sdk/staging_dir/rsdk-4.6.4-5281-EB-3.10-0.9.33-m32ub-20141001//include  -fno-rtti -fno-exceptions conftest.c >&5
cc1: warning: command line option '-fno-rtti' is valid for C++/ObjC++ but not for C [enabled by default]
configure:8566: $? = 0
configure:8579: result: no
configure:8906: checking for rsdk-linux-gcc option to produce PIC
configure:8913: result: -fPIC -DPIC
configure:8921: checking if rsdk-linux-gcc PIC flag -fPIC -DPIC works
configure:8939: rsdk-linux-gcc -c -Os -pipe -march=5281 -fno-caller-saves  -I/home/svm/openwrt_rtk/rtk_openwrt_sdk/staging_dir/target-mips-rlx5281-linux/usr/include -I/home/svm/openwrt_rtk/rtk_openwrt_sdk/staging_dir/target-mips-rlx5281-linux/include -I/home/svm/openwrt_rtk/rtk_openwrt_sdk/staging_dir/rsdk-4.6.4-5281-EB-3.10-0.9.33-m32ub-20141001//include  -fPIC -DPIC -DPIC conftest.c >&5
configure:8943: $? = 0
configure:8956: result: yes
configure:8985: checking if rsdk-linux-gcc static flag -static works
configure:9013: result: yes
configure:9028: checking if rsdk-linux-gcc supports -c -o file.o
configure:9049: rsdk-linux-gcc -c -Os -pipe -march=5281 -fno-caller-saves  -I/home/svm/openwrt_rtk/rtk_openwrt_sdk/staging_dir/target-mips-rlx5281-linux/usr/include -I/home/svm/openwrt_rtk/rtk_openwrt_sdk/staging_dir/target-mips-rlx5281-linux/include -I/home/svm/openwrt_rtk/rtk_openwrt_sdk/staging_dir/rsdk-4.6.4-5281-EB-3.10-0.9.33-m32ub-20141001//include  -o out/conftest2.o conftest.c >&5
configure:9053: $? = 0
configure:9075: result: yes
configure:9083: checking if rsdk-linux-gcc supports -c -o file.o
configure:9130: result: yes
configure:9163: checking whether the rsdk-linux-gcc linker (rsdk-linux-ld) supports shared libraries
configure:10316: result: yes
configure:10353: checking whether -lc should be explicitly linked in
configure:10361: rsdk-linux-gcc -c -Os -pipe -march=5281 -fno-caller-saves  -I/home/svm/openwrt_rtk/rtk_openwrt_sdk/staging_dir/target-mips-rlx5281-linux/usr/include -I/home/svm/openwrt_rtk/rtk_openwrt_sdk/staging_dir/target-mips-rlx5281-linux/include -I/home/svm/openwrt_rtk/rtk_openwrt_sdk/staging_dir/rsdk-4.6.4-5281-EB-3.10-0.9.33-m32ub-20141001//include  conftest.c >&5
configure:10364: $? = 0
configure:10379: rsdk-linux-gcc -shared  -fPIC -DPIC conftest.o  -v -Wl,-soname -Wl,conftest -o conftest 2\>\&1 \| /home/svm/openwrt_rtk/rtk_openwrt_sdk/staging_dir/host/bin/grep  -lc  \>/dev/null 2\>\&1
configure:10382: $? = 0
configure:10396: result: no
configure:10556: checking dynamic linker characteristics
configure:11067: rsdk-linux-gcc -o conftest -Os -pipe -march=5281 -fno-caller-saves  -I/home/svm/openwrt_rtk/rtk_openwrt_sdk/staging_dir/target-mips-rlx5281-linux/usr/include -I/home/svm/openwrt_rtk/rtk_openwrt_sdk/staging_dir/target-mips-rlx5281-linux/include -I/home/svm/openwrt_rtk/rtk_openwrt_sdk/staging_dir/rsdk-4.6.4-5281-EB-3.10-0.9.33-m32ub-20141001//include  -L/home/svm/openwrt_rtk/rtk_openwrt_sdk/staging_dir/target-mips-rlx5281-linux/usr/lib -L/home/svm/openwrt_rtk/rtk_openwrt_sdk/staging_dir/target-mips-rlx5281-linux/lib -L/home/svm/openwrt_rtk/rtk_openwrt_sdk/staging_dir/rsdk-4.6.4-5281-EB-3.10-0.9.33-m32ub-20141001//lib  -Wl,-rpath -Wl,/foo conftest.c  >&5
configure:11067: $? = 0
configure:11293: result: GNU/Linux ld.so
configure:11400: checking how to hardcode library paths into programs
configure:11425: result: immediate
configure:11965: checking whether stripping libraries is possible
configure:11970: result: yes
configure:12005: checking if libtool supports shared libraries
configure:12007: result: yes
configure:12010: checking whether to build shared libraries
configure:12031: result: yes
configure:12034: checking whether to build static libraries
configure:12038: result: yes
configure:12082: checking size of size_t
configure:12101: result: 4
configure:12112: checking for C compiler vendor
configure:12157: rsdk-linux-gcc -c -Os -pipe -march=5281 -fno-caller-saves  -I/home/svm/openwrt_rtk/rtk_openwrt_sdk/staging_dir/target-mips-rlx5281-linux/usr/include -I/home/svm/openwrt_rtk/rtk_openwrt_sdk/staging_dir/target-mips-rlx5281-linux/include -I/home/svm/openwrt_rtk/rtk_openwrt_sdk/staging_dir/rsdk-4.6.4-5281-EB-3.10-0.9.33-m32ub-20141001//include  conftest.c >&5
conftest.c: In function 'main':
conftest.c:30:9: error: 'thisisanerror' undeclared (first use in this function)
conftest.c:30:9: note: each undeclared identifier is reported only once for each function it appears in
configure:12157: $? = 1
configure: failed program was:
| /* confdefs.h */
| #define PACKAGE_NAME "libffi"
| #define PACKAGE_TARNAME "libffi"
| #define PACKAGE_VERSION "3.0.13"
| #define PACKAGE_STRING "libffi 3.0.13"
| #define PACKAGE_BUGREPORT "http://github.com/atgreen/libffi/issues"
| #define PACKAGE_URL ""
| #define PACKAGE "libffi"
| #define VERSION "3.0.13"
| #define STDC_HEADERS 1
| #define HAVE_SYS_TYPES_H 1
| #define HAVE_SYS_STAT_H 1
| #define HAVE_STDLIB_H 1
| #define HAVE_STRING_H 1
| #define HAVE_MEMORY_H 1
| #define HAVE_STRINGS_H 1
| #define HAVE_INTTYPES_H 1
| #define HAVE_STDINT_H 1
| #define HAVE_UNISTD_H 1
| #define HAVE_DLFCN_H 1
| #define LT_OBJDIR ".libs/"
| #define SIZEOF_SIZE_T 4
| /* end confdefs.h.  */
| 
| int
| main ()
| {
| 
|       #if !(defined(__ICC) || defined(__ECC) || defined(__INTEL_COMPILER))
|         thisisanerror;
|       #endif
| 
|   ;
|   return 0;
| }
configure:12157: rsdk-linux-gcc -c -Os -pipe -march=5281 -fno-caller-saves  -I/home/svm/openwrt_rtk/rtk_openwrt_sdk/staging_dir/target-mips-rlx5281-linux/usr/include -I/home/svm/openwrt_rtk/rtk_openwrt_sdk/staging_dir/target-mips-rlx5281-linux/include -I/home/svm/openwrt_rtk/rtk_openwrt_sdk/staging_dir/rsdk-4.6.4-5281-EB-3.10-0.9.33-m32ub-20141001//include  conftest.c >&5
conftest.c: In function 'main':
conftest.c:30:9: error: 'thisisanerror' undeclared (first use in this function)
conftest.c:30:9: note: each undeclared identifier is reported only once for each function it appears in
configure:12157: $? = 1
configure: failed program was:
| /* confdefs.h */
| #define PACKAGE_NAME "libffi"
| #define PACKAGE_TARNAME "libffi"
| #define PACKAGE_VERSION "3.0.13"
| #define PACKAGE_STRING "libffi 3.0.13"
| #define PACKAGE_BUGREPORT "http://github.com/atgreen/libffi/issues"
| #define PACKAGE_URL ""
| #define PACKAGE "libffi"
| #define VERSION "3.0.13"
| #define STDC_HEADERS 1
| #define HAVE_SYS_TYPES_H 1
| #define HAVE_SYS_STAT_H 1
| #define HAVE_STDLIB_H 1
| #define HAVE_STRING_H 1
| #define HAVE_MEMORY_H 1
| #define HAVE_STRINGS_H 1
| #define HAVE_INTTYPES_H 1
| #define HAVE_STDINT_H 1
| #define HAVE_UNISTD_H 1
| #define HAVE_DLFCN_H 1
| #define LT_OBJDIR ".libs/"
| #define SIZEOF_SIZE_T 4
| /* end confdefs.h.  */
| 
| int
| main ()
| {
| 
|       #if !(defined(__xlc__) || defined(__xlC__) || defined(__IBMC__) || defined(__IBMCPP__))
|         thisisanerror;
|       #endif
| 
|   ;
|   return 0;
| }
configure:12157: rsdk-linux-gcc -c -Os -pipe -march=5281 -fno-caller-saves  -I/home/svm/openwrt_rtk/rtk_openwrt_sdk/staging_dir/target-mips-rlx5281-linux/usr/include -I/home/svm/openwrt_rtk/rtk_openwrt_sdk/staging_dir/target-mips-rlx5281-linux/include -I/home/svm/openwrt_rtk/rtk_openwrt_sdk/staging_dir/rsdk-4.6.4-5281-EB-3.10-0.9.33-m32ub-20141001//include  conftest.c >&5
conftest.c: In function 'main':
conftest.c:30:9: error: 'thisisanerror' undeclared (first use in this function)
conftest.c:30:9: note: each undeclared identifier is reported only once for each function it appears in
configure:12157: $? = 1
configure: failed program was:
| /* confdefs.h */
| #define PACKAGE_NAME "libffi"
| #define PACKAGE_TARNAME "libffi"
| #define PACKAGE_VERSION "3.0.13"
| #define PACKAGE_STRING "libffi 3.0.13"
| #define PACKAGE_BUGREPORT "http://github.com/atgreen/libffi/issues"
| #define PACKAGE_URL ""
| #define PACKAGE "libffi"
| #define VERSION "3.0.13"
| #define STDC_HEADERS 1
| #define HAVE_SYS_TYPES_H 1
| #define HAVE_SYS_STAT_H 1
| #define HAVE_STDLIB_H 1
| #define HAVE_STRING_H 1
| #define HAVE_MEMORY_H 1
| #define HAVE_STRINGS_H 1
| #define HAVE_INTTYPES_H 1
| #define HAVE_STDINT_H 1
| #define HAVE_UNISTD_H 1
| #define HAVE_DLFCN_H 1
| #define LT_OBJDIR ".libs/"
| #define SIZEOF_SIZE_T 4
| /* end confdefs.h.  */
| 
| int
| main ()
| {
| 
|       #if !(defined(__PATHCC__) || defined(__PATHSCALE__))
|         thisisanerror;
|       #endif
| 
|   ;
|   return 0;
| }
configure:12157: rsdk-linux-gcc -c -Os -pipe -march=5281 -fno-caller-saves  -I/home/svm/openwrt_rtk/rtk_openwrt_sdk/staging_dir/target-mips-rlx5281-linux/usr/include -I/home/svm/openwrt_rtk/rtk_openwrt_sdk/staging_dir/target-mips-rlx5281-linux/include -I/home/svm/openwrt_rtk/rtk_openwrt_sdk/staging_dir/rsdk-4.6.4-5281-EB-3.10-0.9.33-m32ub-20141001//include  conftest.c >&5
conftest.c: In function 'main':
conftest.c:30:9: error: 'thisisanerror' undeclared (first use in this function)
conftest.c:30:9: note: each undeclared identifier is reported only once for each function it appears in
configure:12157: $? = 1
configure: failed program was:
| /* confdefs.h */
| #define PACKAGE_NAME "libffi"
| #define PACKAGE_TARNAME "libffi"
| #define PACKAGE_VERSION "3.0.13"
| #define PACKAGE_STRING "libffi 3.0.13"
| #define PACKAGE_BUGREPORT "http://github.com/atgreen/libffi/issues"
| #define PACKAGE_URL ""
| #define PACKAGE "libffi"
| #define VERSION "3.0.13"
| #define STDC_HEADERS 1
| #define HAVE_SYS_TYPES_H 1
| #define HAVE_SYS_STAT_H 1
| #define HAVE_STDLIB_H 1
| #define HAVE_STRING_H 1
| #define HAVE_MEMORY_H 1
| #define HAVE_STRINGS_H 1
| #define HAVE_INTTYPES_H 1
| #define HAVE_STDINT_H 1
| #define HAVE_UNISTD_H 1
| #define HAVE_DLFCN_H 1
| #define LT_OBJDIR ".libs/"
| #define SIZEOF_SIZE_T 4
| /* end confdefs.h.  */
| 
| int
| main ()
| {
| 
|       #if !(defined(__clang__))
|         thisisanerror;
|       #endif
| 
|   ;
|   return 0;
| }
configure:12157: rsdk-linux-gcc -c -Os -pipe -march=5281 -fno-caller-saves  -I/home/svm/openwrt_rtk/rtk_openwrt_sdk/staging_dir/target-mips-rlx5281-linux/usr/include -I/home/svm/openwrt_rtk/rtk_openwrt_sdk/staging_dir/target-mips-rlx5281-linux/include -I/home/svm/openwrt_rtk/rtk_openwrt_sdk/staging_dir/rsdk-4.6.4-5281-EB-3.10-0.9.33-m32ub-20141001//include  conftest.c >&5
configure:12157: $? = 0
configure:12165: result: gnu
configure:12991: : CFLAGS already contains 
configure:12994: $? = 0
configure:13016: checking CFLAGS for maximum warnings
configure:13036: rsdk-linux-gcc -c -Os -pipe -march=5281 -fno-caller-saves  -warn all  -warn all -I/home/svm/openwrt_rtk/rtk_openwrt_sdk/staging_dir/target-mips-rlx5281-linux/usr/include -I/home/svm/openwrt_rtk/rtk_openwrt_sdk/staging_dir/target-mips-rlx5281-linux/include -I/home/svm/openwrt_rtk/rtk_openwrt_sdk/staging_dir/rsdk-4.6.4-5281-EB-3.10-0.9.33-m32ub-20141001//include  conftest.c >&5
mips-linux-xgcc: error: all: No such file or directory
mips-linux-xgcc: error: all: No such file or directory
configure:13036: $? = 1
configure: failed program was:
| /* confdefs.h */
| #define PACKAGE_NAME "libffi"
| #define PACKAGE_TARNAME "libffi"
| #define PACKAGE_VERSION "3.0.13"
| #define PACKAGE_STRING "libffi 3.0.13"
| #define PACKAGE_BUGREPORT "http://github.com/atgreen/libffi/issues"
| #define PACKAGE_URL ""
| #define PACKAGE "libffi"
| #define VERSION "3.0.13"
| #define STDC_HEADERS 1
| #define HAVE_SYS_TYPES_H 1
| #define HAVE_SYS_STAT_H 1
| #define HAVE_STDLIB_H 1
| #define HAVE_STRING_H 1
| #define HAVE_MEMORY_H 1
| #define HAVE_STRINGS_H 1
| #define HAVE_INTTYPES_H 1
| #define HAVE_STDINT_H 1
| #define HAVE_UNISTD_H 1
| #define HAVE_DLFCN_H 1
| #define LT_OBJDIR ".libs/"
| #define SIZEOF_SIZE_T 4
| /* end confdefs.h.  */
| 
| int
| main ()
| {
| 
|   ;
|   return 0;
| }
configure:13036: rsdk-linux-gcc -c -Os -pipe -march=5281 -fno-caller-saves  -pedantic  -Wall -I/home/svm/openwrt_rtk/rtk_openwrt_sdk/staging_dir/target-mips-rlx5281-linux/usr/include -I/home/svm/openwrt_rtk/rtk_openwrt_sdk/staging_dir/target-mips-rlx5281-linux/include -I/home/svm/openwrt_rtk/rtk_openwrt_sdk/staging_dir/rsdk-4.6.4-5281-EB-3.10-0.9.33-m32ub-20141001//include  conftest.c >&5
configure:13036: $? = 0
configure:13044: result: -Wall
configure:13060: : CFLAGS="$CFLAGS $ac_cv_cflags_warn_all"
configure:13063: $? = 0
configure:13093: checking whether to enable maintainer-specific portions of Makefiles
configure:13102: result: no
configure:13118: checking sys/mman.h usability
configure:13118: rsdk-linux-gcc -c -Os -pipe -march=5281 -fno-caller-saves  -Wall -fexceptions -I/home/svm/openwrt_rtk/rtk_openwrt_sdk/staging_dir/target-mips-rlx5281-linux/usr/include -I/home/svm/openwrt_rtk/rtk_openwrt_sdk/staging_dir/target-mips-rlx5281-linux/include -I/home/svm/openwrt_rtk/rtk_openwrt_sdk/staging_dir/rsdk-4.6.4-5281-EB-3.10-0.9.33-m32ub-20141001//include  conftest.c >&5
configure:13118: $? = 0
configure:13118: result: yes
configure:13118: checking sys/mman.h presence
configure:13118: rsdk-linux-gcc -E -I/home/svm/openwrt_rtk/rtk_openwrt_sdk/staging_dir/target-mips-rlx5281-linux/usr/include -I/home/svm/openwrt_rtk/rtk_openwrt_sdk/staging_dir/target-mips-rlx5281-linux/include -I/home/svm/openwrt_rtk/rtk_openwrt_sdk/staging_dir/rsdk-4.6.4-5281-EB-3.10-0.9.33-m32ub-20141001//include  conftest.c
configure:13118: $? = 0
configure:13118: result: yes
configure:13118: checking for sys/mman.h
configure:13118: result: yes
configure:13130: checking for mmap
configure:13130: rsdk-linux-gcc -o conftest -Os -pipe -march=5281 -fno-caller-saves  -Wall -fexceptions -I/home/svm/openwrt_rtk/rtk_openwrt_sdk/staging_dir/target-mips-rlx5281-linux/usr/include -I/home/svm/openwrt_rtk/rtk_openwrt_sdk/staging_dir/target-mips-rlx5281-linux/include -I/home/svm/openwrt_rtk/rtk_openwrt_sdk/staging_dir/rsdk-4.6.4-5281-EB-3.10-0.9.33-m32ub-20141001//include  -L/home/svm/openwrt_rtk/rtk_openwrt_sdk/staging_dir/target-mips-rlx5281-linux/usr/lib -L/home/svm/openwrt_rtk/rtk_openwrt_sdk/staging_dir/target-mips-rlx5281-linux/lib -L/home/svm/openwrt_rtk/rtk_openwrt_sdk/staging_dir/rsdk-4.6.4-5281-EB-3.10-0.9.33-m32ub-20141001//lib  conftest.c  >&5
configure:13130: $? = 0
configure:13130: result: yes
configure:13140: checking for sys/mman.h
configure:13140: result: yes
configure:13148: checking for mmap
configure:13148: result: yes
configure:13161: checking whether read-only mmap of a plain file works
configure:13178: result: yes
configure:13180: checking whether mmap from /dev/zero works
configure:13202: result: yes
configure:13206: checking for MAP_ANON(YMOUS)
configure:13229: rsdk-linux-gcc -c -Os -pipe -march=5281 -fno-caller-saves  -Wall -fexceptions -I/home/svm/openwrt_rtk/rtk_openwrt_sdk/staging_dir/target-mips-rlx5281-linux/usr/include -I/home/svm/openwrt_rtk/rtk_openwrt_sdk/staging_dir/target-mips-rlx5281-linux/include -I/home/svm/openwrt_rtk/rtk_openwrt_sdk/staging_dir/rsdk-4.6.4-5281-EB-3.10-0.9.33-m32ub-20141001//include  conftest.c >&5
conftest.c: In function 'main':
conftest.c:37:5: warning: unused variable 'n' [-Wunused-variable]
configure:13229: $? = 0
configure:13236: result: yes
configure:13242: checking whether mmap with MAP_ANON(YMOUS) works
configure:13259: result: yes
configure:13759: checking for ANSI C header files
configure:13863: result: yes
configure:13873: checking for memcpy
configure:13873: rsdk-linux-gcc -o conftest -Os -pipe -march=5281 -fno-caller-saves  -Wall -fexceptions -I/home/svm/openwrt_rtk/rtk_openwrt_sdk/staging_dir/target-mips-rlx5281-linux/usr/include -I/home/svm/openwrt_rtk/rtk_openwrt_sdk/staging_dir/target-mips-rlx5281-linux/include -I/home/svm/openwrt_rtk/rtk_openwrt_sdk/staging_dir/rsdk-4.6.4-5281-EB-3.10-0.9.33-m32ub-20141001//include  -L/home/svm/openwrt_rtk/rtk_openwrt_sdk/staging_dir/target-mips-rlx5281-linux/usr/lib -L/home/svm/openwrt_rtk/rtk_openwrt_sdk/staging_dir/target-mips-rlx5281-linux/lib -L/home/svm/openwrt_rtk/rtk_openwrt_sdk/staging_dir/rsdk-4.6.4-5281-EB-3.10-0.9.33-m32ub-20141001//lib  conftest.c  >&5
conftest.c:53:6: warning: conflicting types for built-in function 'memcpy' [enabled by default]
configure:13873: $? = 0
configure:13873: result: yes
configure:13882: checking for size_t
configure:13882: rsdk-linux-gcc -c -Os -pipe -march=5281 -fno-caller-saves  -Wall -fexceptions -I/home/svm/openwrt_rtk/rtk_openwrt_sdk/staging_dir/target-mips-rlx5281-linux/usr/include -I/home/svm/openwrt_rtk/rtk_openwrt_sdk/staging_dir/target-mips-rlx5281-linux/include -I/home/svm/openwrt_rtk/rtk_openwrt_sdk/staging_dir/rsdk-4.6.4-5281-EB-3.10-0.9.33-m32ub-20141001//include  conftest.c >&5
configure:13882: $? = 0
configure:13882: rsdk-linux-gcc -c -Os -pipe -march=5281 -fno-caller-saves  -Wall -fexceptions -I/home/svm/openwrt_rtk/rtk_openwrt_sdk/staging_dir/target-mips-rlx5281-linux/usr/include -I/home/svm/openwrt_rtk/rtk_openwrt_sdk/staging_dir/target-mips-rlx5281-linux/include -I/home/svm/openwrt_rtk/rtk_openwrt_sdk/staging_dir/rsdk-4.6.4-5281-EB-3.10-0.9.33-m32ub-20141001//include  conftest.c >&5
conftest.c: In function 'main':
conftest.c:67:21: error: expected expression before ')' token
configure:13882: $? = 1
configure: failed program was:
| /* confdefs.h */
| #define PACKAGE_NAME "libffi"
| #define PACKAGE_TARNAME "libffi"
| #define PACKAGE_VERSION "3.0.13"
| #define PACKAGE_STRING "libffi 3.0.13"
| #define PACKAGE_BUGREPORT "http://github.com/atgreen/libffi/issues"
| #define PACKAGE_URL ""
| #define PACKAGE "libffi"
| #define VERSION "3.0.13"
| #define STDC_HEADERS 1
| #define HAVE_SYS_TYPES_H 1
| #define HAVE_SYS_STAT_H 1
| #define HAVE_STDLIB_H 1
| #define HAVE_STRING_H 1
| #define HAVE_MEMORY_H 1
| #define HAVE_STRINGS_H 1
| #define HAVE_INTTYPES_H 1
| #define HAVE_STDINT_H 1
| #define HAVE_UNISTD_H 1
| #define HAVE_DLFCN_H 1
| #define LT_OBJDIR ".libs/"
| #define SIZEOF_SIZE_T 4
| #define HAVE_SYS_MMAN_H 1
| #define HAVE_MMAP 1
| #define HAVE_MMAP_FILE 1
| #define HAVE_MMAP_DEV_ZERO 1
| #define HAVE_MMAP_ANON 1
| #define STDC_HEADERS 1
| #define HAVE_MEMCPY 1
| /* end confdefs.h.  */
| #include <stdio.h>
| #ifdef HAVE_SYS_TYPES_H
| # include <sys/types.h>
| #endif
| #ifdef HAVE_SYS_STAT_H
| # include <sys/stat.h>
| #endif
| #ifdef STDC_HEADERS
| # include <stdlib.h>
| # include <stddef.h>
| #else
| # ifdef HAVE_STDLIB_H
| #  include <stdlib.h>
| # endif
| #endif
| #ifdef HAVE_STRING_H
| # if !defined STDC_HEADERS && defined HAVE_MEMORY_H
| #  include <memory.h>
| # endif
| # include <string.h>
| #endif
| #ifdef HAVE_STRINGS_H
| # include <strings.h>
| #endif
| #ifdef HAVE_INTTYPES_H
| # include <inttypes.h>
| #endif
| #ifdef HAVE_STDINT_H
| # include <stdint.h>
| #endif
| #ifdef HAVE_UNISTD_H
| # include <unistd.h>
| #endif
| int
| main ()
| {
| if (sizeof ((size_t)))
| 	    return 0;
|   ;
|   return 0;
| }
configure:13882: result: yes
configure:13895: checking for working alloca.h
configure:13912: rsdk-linux-gcc -o conftest -Os -pipe -march=5281 -fno-caller-saves  -Wall -fexceptions -I/home/svm/openwrt_rtk/rtk_openwrt_sdk/staging_dir/target-mips-rlx5281-linux/usr/include -I/home/svm/openwrt_rtk/rtk_openwrt_sdk/staging_dir/target-mips-rlx5281-linux/include -I/home/svm/openwrt_rtk/rtk_openwrt_sdk/staging_dir/rsdk-4.6.4-5281-EB-3.10-0.9.33-m32ub-20141001//include  -L/home/svm/openwrt_rtk/rtk_openwrt_sdk/staging_dir/target-mips-rlx5281-linux/usr/lib -L/home/svm/openwrt_rtk/rtk_openwrt_sdk/staging_dir/target-mips-rlx5281-linux/lib -L/home/svm/openwrt_rtk/rtk_openwrt_sdk/staging_dir/rsdk-4.6.4-5281-EB-3.10-0.9.33-m32ub-20141001//lib  conftest.c  >&5
configure:13912: $? = 0
configure:13920: result: yes
configure:13928: checking for alloca
configure:13965: rsdk-linux-gcc -o conftest -Os -pipe -march=5281 -fno-caller-saves  -Wall -fexceptions -I/home/svm/openwrt_rtk/rtk_openwrt_sdk/staging_dir/target-mips-rlx5281-linux/usr/include -I/home/svm/openwrt_rtk/rtk_openwrt_sdk/staging_dir/target-mips-rlx5281-linux/include -I/home/svm/openwrt_rtk/rtk_openwrt_sdk/staging_dir/rsdk-4.6.4-5281-EB-3.10-0.9.33-m32ub-20141001//include  -L/home/svm/openwrt_rtk/rtk_openwrt_sdk/staging_dir/target-mips-rlx5281-linux/usr/lib -L/home/svm/openwrt_rtk/rtk_openwrt_sdk/staging_dir/target-mips-rlx5281-linux/lib -L/home/svm/openwrt_rtk/rtk_openwrt_sdk/staging_dir/rsdk-4.6.4-5281-EB-3.10-0.9.33-m32ub-20141001//lib  conftest.c  >&5
configure:13965: $? = 0
configure:13973: result: yes
configure:14084: checking size of double
configure:14089: rsdk-linux-gcc -c -Os -pipe -march=5281 -fno-caller-saves  -Wall -fexceptions -I/home/svm/openwrt_rtk/rtk_openwrt_sdk/staging_dir/target-mips-rlx5281-linux/usr/include -I/home/svm/openwrt_rtk/rtk_openwrt_sdk/staging_dir/target-mips-rlx5281-linux/include -I/home/svm/openwrt_rtk/rtk_openwrt_sdk/staging_dir/rsdk-4.6.4-5281-EB-3.10-0.9.33-m32ub-20141001//include  conftest.c >&5
configure:14089: $? = 0
configure:14089: rsdk-linux-gcc -c -Os -pipe -march=5281 -fno-caller-saves  -Wall -fexceptions -I/home/svm/openwrt_rtk/rtk_openwrt_sdk/staging_dir/target-mips-rlx5281-linux/usr/include -I/home/svm/openwrt_rtk/rtk_openwrt_sdk/staging_dir/target-mips-rlx5281-linux/include -I/home/svm/openwrt_rtk/rtk_openwrt_sdk/staging_dir/rsdk-4.6.4-5281-EB-3.10-0.9.33-m32ub-20141001//include  conftest.c >&5
conftest.c: In function 'main':
conftest.c:69:12: error: size of array 'test_array' is negative
configure:14089: $? = 1
configure: failed program was:
| /* confdefs.h */
| #define PACKAGE_NAME "libffi"
| #define PACKAGE_TARNAME "libffi"
| #define PACKAGE_VERSION "3.0.13"
| #define PACKAGE_STRING "libffi 3.0.13"
| #define PACKAGE_BUGREPORT "http://github.com/atgreen/libffi/issues"
| #define PACKAGE_URL ""
| #define PACKAGE "libffi"
| #define VERSION "3.0.13"
| #define STDC_HEADERS 1
| #define HAVE_SYS_TYPES_H 1
| #define HAVE_SYS_STAT_H 1
| #define HAVE_STDLIB_H 1
| #define HAVE_STRING_H 1
| #define HAVE_MEMORY_H 1
| #define HAVE_STRINGS_H 1
| #define HAVE_INTTYPES_H 1
| #define HAVE_STDINT_H 1
| #define HAVE_UNISTD_H 1
| #define HAVE_DLFCN_H 1
| #define LT_OBJDIR ".libs/"
| #define SIZEOF_SIZE_T 4
| #define HAVE_SYS_MMAN_H 1
| #define HAVE_MMAP 1
| #define HAVE_MMAP_FILE 1
| #define HAVE_MMAP_DEV_ZERO 1
| #define HAVE_MMAP_ANON 1
| #define STDC_HEADERS 1
| #define HAVE_MEMCPY 1
| #define HAVE_ALLOCA_H 1
| #define HAVE_ALLOCA 1
| /* end confdefs.h.  */
| #include <stdio.h>
| #ifdef HAVE_SYS_TYPES_H
| # include <sys/types.h>
| #endif
| #ifdef HAVE_SYS_STAT_H
| # include <sys/stat.h>
| #endif
| #ifdef STDC_HEADERS
| # include <stdlib.h>
| # include <stddef.h>
| #else
| # ifdef HAVE_STDLIB_H
| #  include <stdlib.h>
| # endif
| #endif
| #ifdef HAVE_STRING_H
| # if !defined STDC_HEADERS && defined HAVE_MEMORY_H
| #  include <memory.h>
| # endif
| # include <string.h>
| #endif
| #ifdef HAVE_STRINGS_H
| # include <strings.h>
| #endif
| #ifdef HAVE_INTTYPES_H
| # include <inttypes.h>
| #endif
| #ifdef HAVE_STDINT_H
| # include <stdint.h>
| #endif
| #ifdef HAVE_UNISTD_H
| # include <unistd.h>
| #endif
| int
| main ()
| {
| static int test_array [1 - 2 * !(((long int) (sizeof (double))) <= 0)];
| test_array [0] = 0;
| return test_array [0];
| 
|   ;
|   return 0;
| }
configure:14089: rsdk-linux-gcc -c -Os -pipe -march=5281 -fno-caller-saves  -Wall -fexceptions -I/home/svm/openwrt_rtk/rtk_openwrt_sdk/staging_dir/target-mips-rlx5281-linux/usr/include -I/home/svm/openwrt_rtk/rtk_openwrt_sdk/staging_dir/target-mips-rlx5281-linux/include -I/home/svm/openwrt_rtk/rtk_openwrt_sdk/staging_dir/rsdk-4.6.4-5281-EB-3.10-0.9.33-m32ub-20141001//include  conftest.c >&5
conftest.c: In function 'main':
conftest.c:69:12: error: size of array 'test_array' is negative
configure:14089: $? = 1
configure: failed program was:
| /* confdefs.h */
| #define PACKAGE_NAME "libffi"
| #define PACKAGE_TARNAME "libffi"
| #define PACKAGE_VERSION "3.0.13"
| #define PACKAGE_STRING "libffi 3.0.13"
| #define PACKAGE_BUGREPORT "http://github.com/atgreen/libffi/issues"
| #define PACKAGE_URL ""
| #define PACKAGE "libffi"
| #define VERSION "3.0.13"
| #define STDC_HEADERS 1
| #define HAVE_SYS_TYPES_H 1
| #define HAVE_SYS_STAT_H 1
| #define HAVE_STDLIB_H 1
| #define HAVE_STRING_H 1
| #define HAVE_MEMORY_H 1
| #define HAVE_STRINGS_H 1
| #define HAVE_INTTYPES_H 1
| #define HAVE_STDINT_H 1
| #define HAVE_UNISTD_H 1
| #define HAVE_DLFCN_H 1
| #define LT_OBJDIR ".libs/"
| #define SIZEOF_SIZE_T 4
| #define HAVE_SYS_MMAN_H 1
| #define HAVE_MMAP 1
| #define HAVE_MMAP_FILE 1
| #define HAVE_MMAP_DEV_ZERO 1
| #define HAVE_MMAP_ANON 1
| #define STDC_HEADERS 1
| #define HAVE_MEMCPY 1
| #define HAVE_ALLOCA_H 1
| #define HAVE_ALLOCA 1
| /* end confdefs.h.  */
| #include <stdio.h>
| #ifdef HAVE_SYS_TYPES_H
| # include <sys/types.h>
| #endif
| #ifdef HAVE_SYS_STAT_H
| # include <sys/stat.h>
| #endif
| #ifdef STDC_HEADERS
| # include <stdlib.h>
| # include <stddef.h>
| #else
| # ifdef HAVE_STDLIB_H
| #  include <stdlib.h>
| # endif
| #endif
| #ifdef HAVE_STRING_H
| # if !defined STDC_HEADERS && defined HAVE_MEMORY_H
| #  include <memory.h>
| # endif
| # include <string.h>
| #endif
| #ifdef HAVE_STRINGS_H
| # include <strings.h>
| #endif
| #ifdef HAVE_INTTYPES_H
| # include <inttypes.h>
| #endif
| #ifdef HAVE_STDINT_H
| # include <stdint.h>
| #endif
| #ifdef HAVE_UNISTD_H
| # include <unistd.h>
| #endif
| int
| main ()
| {
| static int test_array [1 - 2 * !(((long int) (sizeof (double))) <= 1)];
| test_array [0] = 0;
| return test_array [0];
| 
|   ;
|   return 0;
| }
configure:14089: rsdk-linux-gcc -c -Os -pipe -march=5281 -fno-caller-saves  -Wall -fexceptions -I/home/svm/openwrt_rtk/rtk_openwrt_sdk/staging_dir/target-mips-rlx5281-linux/usr/include -I/home/svm/openwrt_rtk/rtk_openwrt_sdk/staging_dir/target-mips-rlx5281-linux/include -I/home/svm/openwrt_rtk/rtk_openwrt_sdk/staging_dir/rsdk-4.6.4-5281-EB-3.10-0.9.33-m32ub-20141001//include  conftest.c >&5
conftest.c: In function 'main':
conftest.c:69:12: error: size of array 'test_array' is negative
configure:14089: $? = 1
configure: failed program was:
| /* confdefs.h */
| #define PACKAGE_NAME "libffi"
| #define PACKAGE_TARNAME "libffi"
| #define PACKAGE_VERSION "3.0.13"
| #define PACKAGE_STRING "libffi 3.0.13"
| #define PACKAGE_BUGREPORT "http://github.com/atgreen/libffi/issues"
| #define PACKAGE_URL ""
| #define PACKAGE "libffi"
| #define VERSION "3.0.13"
| #define STDC_HEADERS 1
| #define HAVE_SYS_TYPES_H 1
| #define HAVE_SYS_STAT_H 1
| #define HAVE_STDLIB_H 1
| #define HAVE_STRING_H 1
| #define HAVE_MEMORY_H 1
| #define HAVE_STRINGS_H 1
| #define HAVE_INTTYPES_H 1
| #define HAVE_STDINT_H 1
| #define HAVE_UNISTD_H 1
| #define HAVE_DLFCN_H 1
| #define LT_OBJDIR ".libs/"
| #define SIZEOF_SIZE_T 4
| #define HAVE_SYS_MMAN_H 1
| #define HAVE_MMAP 1
| #define HAVE_MMAP_FILE 1
| #define HAVE_MMAP_DEV_ZERO 1
| #define HAVE_MMAP_ANON 1
| #define STDC_HEADERS 1
| #define HAVE_MEMCPY 1
| #define HAVE_ALLOCA_H 1
| #define HAVE_ALLOCA 1
| /* end confdefs.h.  */
| #include <stdio.h>
| #ifdef HAVE_SYS_TYPES_H
| # include <sys/types.h>
| #endif
| #ifdef HAVE_SYS_STAT_H
| # include <sys/stat.h>
| #endif
| #ifdef STDC_HEADERS
| # include <stdlib.h>
| # include <stddef.h>
| #else
| # ifdef HAVE_STDLIB_H
| #  include <stdlib.h>
| # endif
| #endif
| #ifdef HAVE_STRING_H
| # if !defined STDC_HEADERS && defined HAVE_MEMORY_H
| #  include <memory.h>
| # endif
| # include <string.h>
| #endif
| #ifdef HAVE_STRINGS_H
| # include <strings.h>
| #endif
| #ifdef HAVE_INTTYPES_H
| # include <inttypes.h>
| #endif
| #ifdef HAVE_STDINT_H
| # include <stdint.h>
| #endif
| #ifdef HAVE_UNISTD_H
| # include <unistd.h>
| #endif
| int
| main ()
| {
| static int test_array [1 - 2 * !(((long int) (sizeof (double))) <= 3)];
| test_array [0] = 0;
| return test_array [0];
| 
|   ;
|   return 0;
| }
configure:14089: rsdk-linux-gcc -c -Os -pipe -march=5281 -fno-caller-saves  -Wall -fexceptions -I/home/svm/openwrt_rtk/rtk_openwrt_sdk/staging_dir/target-mips-rlx5281-linux/usr/include -I/home/svm/openwrt_rtk/rtk_openwrt_sdk/staging_dir/target-mips-rlx5281-linux/include -I/home/svm/openwrt_rtk/rtk_openwrt_sdk/staging_dir/rsdk-4.6.4-5281-EB-3.10-0.9.33-m32ub-20141001//include  conftest.c >&5
conftest.c: In function 'main':
conftest.c:69:12: error: size of array 'test_array' is negative
configure:14089: $? = 1
configure: failed program was:
| /* confdefs.h */
| #define PACKAGE_NAME "libffi"
| #define PACKAGE_TARNAME "libffi"
| #define PACKAGE_VERSION "3.0.13"
| #define PACKAGE_STRING "libffi 3.0.13"
| #define PACKAGE_BUGREPORT "http://github.com/atgreen/libffi/issues"
| #define PACKAGE_URL ""
| #define PACKAGE "libffi"
| #define VERSION "3.0.13"
| #define STDC_HEADERS 1
| #define HAVE_SYS_TYPES_H 1
| #define HAVE_SYS_STAT_H 1
| #define HAVE_STDLIB_H 1
| #define HAVE_STRING_H 1
| #define HAVE_MEMORY_H 1
| #define HAVE_STRINGS_H 1
| #define HAVE_INTTYPES_H 1
| #define HAVE_STDINT_H 1
| #define HAVE_UNISTD_H 1
| #define HAVE_DLFCN_H 1
| #define LT_OBJDIR ".libs/"
| #define SIZEOF_SIZE_T 4
| #define HAVE_SYS_MMAN_H 1
| #define HAVE_MMAP 1
| #define HAVE_MMAP_FILE 1
| #define HAVE_MMAP_DEV_ZERO 1
| #define HAVE_MMAP_ANON 1
| #define STDC_HEADERS 1
| #define HAVE_MEMCPY 1
| #define HAVE_ALLOCA_H 1
| #define HAVE_ALLOCA 1
| /* end confdefs.h.  */
| #include <stdio.h>
| #ifdef HAVE_SYS_TYPES_H
| # include <sys/types.h>
| #endif
| #ifdef HAVE_SYS_STAT_H
| # include <sys/stat.h>
| #endif
| #ifdef STDC_HEADERS
| # include <stdlib.h>
| # include <stddef.h>
| #else
| # ifdef HAVE_STDLIB_H
| #  include <stdlib.h>
| # endif
| #endif
| #ifdef HAVE_STRING_H
| # if !defined STDC_HEADERS && defined HAVE_MEMORY_H
| #  include <memory.h>
| # endif
| # include <string.h>
| #endif
| #ifdef HAVE_STRINGS_H
| # include <strings.h>
| #endif
| #ifdef HAVE_INTTYPES_H
| # include <inttypes.h>
| #endif
| #ifdef HAVE_STDINT_H
| # include <stdint.h>
| #endif
| #ifdef HAVE_UNISTD_H
| # include <unistd.h>
| #endif
| int
| main ()
| {
| static int test_array [1 - 2 * !(((long int) (sizeof (double))) <= 7)];
| test_array [0] = 0;
| return test_array [0];
| 
|   ;
|   return 0;
| }
configure:14089: rsdk-linux-gcc -c -Os -pipe -march=5281 -fno-caller-saves  -Wall -fexceptions -I/home/svm/openwrt_rtk/rtk_openwrt_sdk/staging_dir/target-mips-rlx5281-linux/usr/include -I/home/svm/openwrt_rtk/rtk_openwrt_sdk/staging_dir/target-mips-rlx5281-linux/include -I/home/svm/openwrt_rtk/rtk_openwrt_sdk/staging_dir/rsdk-4.6.4-5281-EB-3.10-0.9.33-m32ub-20141001//include  conftest.c >&5
configure:14089: $? = 0
configure:14089: rsdk-linux-gcc -c -Os -pipe -march=5281 -fno-caller-saves  -Wall -fexceptions -I/home/svm/openwrt_rtk/rtk_openwrt_sdk/staging_dir/target-mips-rlx5281-linux/usr/include -I/home/svm/openwrt_rtk/rtk_openwrt_sdk/staging_dir/target-mips-rlx5281-linux/include -I/home/svm/openwrt_rtk/rtk_openwrt_sdk/staging_dir/rsdk-4.6.4-5281-EB-3.10-0.9.33-m32ub-20141001//include  conftest.c >&5
configure:14089: $? = 0
configure:14089: rsdk-linux-gcc -c -Os -pipe -march=5281 -fno-caller-saves  -Wall -fexceptions -I/home/svm/openwrt_rtk/rtk_openwrt_sdk/staging_dir/target-mips-rlx5281-linux/usr/include -I/home/svm/openwrt_rtk/rtk_openwrt_sdk/staging_dir/target-mips-rlx5281-linux/include -I/home/svm/openwrt_rtk/rtk_openwrt_sdk/staging_dir/rsdk-4.6.4-5281-EB-3.10-0.9.33-m32ub-20141001//include  conftest.c >&5
configure:14089: $? = 0
configure:14089: rsdk-linux-gcc -c -Os -pipe -march=5281 -fno-caller-saves  -Wall -fexceptions -I/home/svm/openwrt_rtk/rtk_openwrt_sdk/staging_dir/target-mips-rlx5281-linux/usr/include -I/home/svm/openwrt_rtk/rtk_openwrt_sdk/staging_dir/target-mips-rlx5281-linux/include -I/home/svm/openwrt_rtk/rtk_openwrt_sdk/staging_dir/rsdk-4.6.4-5281-EB-3.10-0.9.33-m32ub-20141001//include  conftest.c >&5
configure:14089: $? = 0
configure:14103: result: 8
configure:14117: checking size of long double
configure:14122: rsdk-linux-gcc -c -Os -pipe -march=5281 -fno-caller-saves  -Wall -fexceptions -I/home/svm/openwrt_rtk/rtk_openwrt_sdk/staging_dir/target-mips-rlx5281-linux/usr/include -I/home/svm/openwrt_rtk/rtk_openwrt_sdk/staging_dir/target-mips-rlx5281-linux/include -I/home/svm/openwrt_rtk/rtk_openwrt_sdk/staging_dir/rsdk-4.6.4-5281-EB-3.10-0.9.33-m32ub-20141001//include  conftest.c >&5
configure:14122: $? = 0
configure:14122: rsdk-linux-gcc -c -Os -pipe -march=5281 -fno-caller-saves  -Wall -fexceptions -I/home/svm/openwrt_rtk/rtk_openwrt_sdk/staging_dir/target-mips-rlx5281-linux/usr/include -I/home/svm/openwrt_rtk/rtk_openwrt_sdk/staging_dir/target-mips-rlx5281-linux/include -I/home/svm/openwrt_rtk/rtk_openwrt_sdk/staging_dir/rsdk-4.6.4-5281-EB-3.10-0.9.33-m32ub-20141001//include  conftest.c >&5
conftest.c: In function 'main':
conftest.c:70:12: error: size of array 'test_array' is negative
configure:14122: $? = 1
configure: failed program was:
| /* confdefs.h */
| #define PACKAGE_NAME "libffi"
| #define PACKAGE_TARNAME "libffi"
| #define PACKAGE_VERSION "3.0.13"
| #define PACKAGE_STRING "libffi 3.0.13"
| #define PACKAGE_BUGREPORT "http://github.com/atgreen/libffi/issues"
| #define PACKAGE_URL ""
| #define PACKAGE "libffi"
| #define VERSION "3.0.13"
| #define STDC_HEADERS 1
| #define HAVE_SYS_TYPES_H 1
| #define HAVE_SYS_STAT_H 1
| #define HAVE_STDLIB_H 1
| #define HAVE_STRING_H 1
| #define HAVE_MEMORY_H 1
| #define HAVE_STRINGS_H 1
| #define HAVE_INTTYPES_H 1
| #define HAVE_STDINT_H 1
| #define HAVE_UNISTD_H 1
| #define HAVE_DLFCN_H 1
| #define LT_OBJDIR ".libs/"
| #define SIZEOF_SIZE_T 4
| #define HAVE_SYS_MMAN_H 1
| #define HAVE_MMAP 1
| #define HAVE_MMAP_FILE 1
| #define HAVE_MMAP_DEV_ZERO 1
| #define HAVE_MMAP_ANON 1
| #define STDC_HEADERS 1
| #define HAVE_MEMCPY 1
| #define HAVE_ALLOCA_H 1
| #define HAVE_ALLOCA 1
| #define SIZEOF_DOUBLE 8
| /* end confdefs.h.  */
| #include <stdio.h>
| #ifdef HAVE_SYS_TYPES_H
| # include <sys/types.h>
| #endif
| #ifdef HAVE_SYS_STAT_H
| # include <sys/stat.h>
| #endif
| #ifdef STDC_HEADERS
| # include <stdlib.h>
| # include <stddef.h>
| #else
| # ifdef HAVE_STDLIB_H
| #  include <stdlib.h>
| # endif
| #endif
| #ifdef HAVE_STRING_H
| # if !defined STDC_HEADERS && defined HAVE_MEMORY_H
| #  include <memory.h>
| # endif
| # include <string.h>
| #endif
| #ifdef HAVE_STRINGS_H
| # include <strings.h>
| #endif
| #ifdef HAVE_INTTYPES_H
| # include <inttypes.h>
| #endif
| #ifdef HAVE_STDINT_H
| # include <stdint.h>
| #endif
| #ifdef HAVE_UNISTD_H
| # include <unistd.h>
| #endif
| int
| main ()
| {
| static int test_array [1 - 2 * !(((long int) (sizeof (long double))) <= 0)];
| test_array [0] = 0;
| return test_array [0];
| 
|   ;
|   return 0;
| }
configure:14122: rsdk-linux-gcc -c -Os -pipe -march=5281 -fno-caller-saves  -Wall -fexceptions -I/home/svm/openwrt_rtk/rtk_openwrt_sdk/staging_dir/target-mips-rlx5281-linux/usr/include -I/home/svm/openwrt_rtk/rtk_openwrt_sdk/staging_dir/target-mips-rlx5281-linux/include -I/home/svm/openwrt_rtk/rtk_openwrt_sdk/staging_dir/rsdk-4.6.4-5281-EB-3.10-0.9.33-m32ub-20141001//include  conftest.c >&5
conftest.c: In function 'main':
conftest.c:70:12: error: size of array 'test_array' is negative
configure:14122: $? = 1
configure: failed program was:
| /* confdefs.h */
| #define PACKAGE_NAME "libffi"
| #define PACKAGE_TARNAME "libffi"
| #define PACKAGE_VERSION "3.0.13"
| #define PACKAGE_STRING "libffi 3.0.13"
| #define PACKAGE_BUGREPORT "http://github.com/atgreen/libffi/issues"
| #define PACKAGE_URL ""
| #define PACKAGE "libffi"
| #define VERSION "3.0.13"
| #define STDC_HEADERS 1
| #define HAVE_SYS_TYPES_H 1
| #define HAVE_SYS_STAT_H 1
| #define HAVE_STDLIB_H 1
| #define HAVE_STRING_H 1
| #define HAVE_MEMORY_H 1
| #define HAVE_STRINGS_H 1
| #define HAVE_INTTYPES_H 1
| #define HAVE_STDINT_H 1
| #define HAVE_UNISTD_H 1
| #define HAVE_DLFCN_H 1
| #define LT_OBJDIR ".libs/"
| #define SIZEOF_SIZE_T 4
| #define HAVE_SYS_MMAN_H 1
| #define HAVE_MMAP 1
| #define HAVE_MMAP_FILE 1
| #define HAVE_MMAP_DEV_ZERO 1
| #define HAVE_MMAP_ANON 1
| #define STDC_HEADERS 1
| #define HAVE_MEMCPY 1
| #define HAVE_ALLOCA_H 1
| #define HAVE_ALLOCA 1
| #define SIZEOF_DOUBLE 8
| /* end confdefs.h.  */
| #include <stdio.h>
| #ifdef HAVE_SYS_TYPES_H
| # include <sys/types.h>
| #endif
| #ifdef HAVE_SYS_STAT_H
| # include <sys/stat.h>
| #endif
| #ifdef STDC_HEADERS
| # include <stdlib.h>
| # include <stddef.h>
| #else
| # ifdef HAVE_STDLIB_H
| #  include <stdlib.h>
| # endif
| #endif
| #ifdef HAVE_STRING_H
| # if !defined STDC_HEADERS && defined HAVE_MEMORY_H
| #  include <memory.h>
| # endif
| # include <string.h>
| #endif
| #ifdef HAVE_STRINGS_H
| # include <strings.h>
| #endif
| #ifdef HAVE_INTTYPES_H
| # include <inttypes.h>
| #endif
| #ifdef HAVE_STDINT_H
| # include <stdint.h>
| #endif
| #ifdef HAVE_UNISTD_H
| # include <unistd.h>
| #endif
| int
| main ()
| {
| static int test_array [1 - 2 * !(((long int) (sizeof (long double))) <= 1)];
| test_array [0] = 0;
| return test_array [0];
| 
|   ;
|   return 0;
| }
configure:14122: rsdk-linux-gcc -c -Os -pipe -march=5281 -fno-caller-saves  -Wall -fexceptions -I/home/svm/openwrt_rtk/rtk_openwrt_sdk/staging_dir/target-mips-rlx5281-linux/usr/include -I/home/svm/openwrt_rtk/rtk_openwrt_sdk/staging_dir/target-mips-rlx5281-linux/include -I/home/svm/openwrt_rtk/rtk_openwrt_sdk/staging_dir/rsdk-4.6.4-5281-EB-3.10-0.9.33-m32ub-20141001//include  conftest.c >&5
conftest.c: In function 'main':
conftest.c:70:12: error: size of array 'test_array' is negative
configure:14122: $? = 1
configure: failed program was:
| /* confdefs.h */
| #define PACKAGE_NAME "libffi"
| #define PACKAGE_TARNAME "libffi"
| #define PACKAGE_VERSION "3.0.13"
| #define PACKAGE_STRING "libffi 3.0.13"
| #define PACKAGE_BUGREPORT "http://github.com/atgreen/libffi/issues"
| #define PACKAGE_URL ""
| #define PACKAGE "libffi"
| #define VERSION "3.0.13"
| #define STDC_HEADERS 1
| #define HAVE_SYS_TYPES_H 1
| #define HAVE_SYS_STAT_H 1
| #define HAVE_STDLIB_H 1
| #define HAVE_STRING_H 1
| #define HAVE_MEMORY_H 1
| #define HAVE_STRINGS_H 1
| #define HAVE_INTTYPES_H 1
| #define HAVE_STDINT_H 1
| #define HAVE_UNISTD_H 1
| #define HAVE_DLFCN_H 1
| #define LT_OBJDIR ".libs/"
| #define SIZEOF_SIZE_T 4
| #define HAVE_SYS_MMAN_H 1
| #define HAVE_MMAP 1
| #define HAVE_MMAP_FILE 1
| #define HAVE_MMAP_DEV_ZERO 1
| #define HAVE_MMAP_ANON 1
| #define STDC_HEADERS 1
| #define HAVE_MEMCPY 1
| #define HAVE_ALLOCA_H 1
| #define HAVE_ALLOCA 1
| #define SIZEOF_DOUBLE 8
| /* end confdefs.h.  */
| #include <stdio.h>
| #ifdef HAVE_SYS_TYPES_H
| # include <sys/types.h>
| #endif
| #ifdef HAVE_SYS_STAT_H
| # include <sys/stat.h>
| #endif
| #ifdef STDC_HEADERS
| # include <stdlib.h>
| # include <stddef.h>
| #else
| # ifdef HAVE_STDLIB_H
| #  include <stdlib.h>
| # endif
| #endif
| #ifdef HAVE_STRING_H
| # if !defined STDC_HEADERS && defined HAVE_MEMORY_H
| #  include <memory.h>
| # endif
| # include <string.h>
| #endif
| #ifdef HAVE_STRINGS_H
| # include <strings.h>
| #endif
| #ifdef HAVE_INTTYPES_H
| # include <inttypes.h>
| #endif
| #ifdef HAVE_STDINT_H
| # include <stdint.h>
| #endif
| #ifdef HAVE_UNISTD_H
| # include <unistd.h>
| #endif
| int
| main ()
| {
| static int test_array [1 - 2 * !(((long int) (sizeof (long double))) <= 3)];
| test_array [0] = 0;
| return test_array [0];
| 
|   ;
|   return 0;
| }
configure:14122: rsdk-linux-gcc -c -Os -pipe -march=5281 -fno-caller-saves  -Wall -fexceptions -I/home/svm/openwrt_rtk/rtk_openwrt_sdk/staging_dir/target-mips-rlx5281-linux/usr/include -I/home/svm/openwrt_rtk/rtk_openwrt_sdk/staging_dir/target-mips-rlx5281-linux/include -I/home/svm/openwrt_rtk/rtk_openwrt_sdk/staging_dir/rsdk-4.6.4-5281-EB-3.10-0.9.33-m32ub-20141001//include  conftest.c >&5
conftest.c: In function 'main':
conftest.c:70:12: error: size of array 'test_array' is negative
configure:14122: $? = 1
configure: failed program was:
| /* confdefs.h */
| #define PACKAGE_NAME "libffi"
| #define PACKAGE_TARNAME "libffi"
| #define PACKAGE_VERSION "3.0.13"
| #define PACKAGE_STRING "libffi 3.0.13"
| #define PACKAGE_BUGREPORT "http://github.com/atgreen/libffi/issues"
| #define PACKAGE_URL ""
| #define PACKAGE "libffi"
| #define VERSION "3.0.13"
| #define STDC_HEADERS 1
| #define HAVE_SYS_TYPES_H 1
| #define HAVE_SYS_STAT_H 1
| #define HAVE_STDLIB_H 1
| #define HAVE_STRING_H 1
| #define HAVE_MEMORY_H 1
| #define HAVE_STRINGS_H 1
| #define HAVE_INTTYPES_H 1
| #define HAVE_STDINT_H 1
| #define HAVE_UNISTD_H 1
| #define HAVE_DLFCN_H 1
| #define LT_OBJDIR ".libs/"
| #define SIZEOF_SIZE_T 4
| #define HAVE_SYS_MMAN_H 1
| #define HAVE_MMAP 1
| #define HAVE_MMAP_FILE 1
| #define HAVE_MMAP_DEV_ZERO 1
| #define HAVE_MMAP_ANON 1
| #define STDC_HEADERS 1
| #define HAVE_MEMCPY 1
| #define HAVE_ALLOCA_H 1
| #define HAVE_ALLOCA 1
| #define SIZEOF_DOUBLE 8
| /* end confdefs.h.  */
| #include <stdio.h>
| #ifdef HAVE_SYS_TYPES_H
| # include <sys/types.h>
| #endif
| #ifdef HAVE_SYS_STAT_H
| # include <sys/stat.h>
| #endif
| #ifdef STDC_HEADERS
| # include <stdlib.h>
| # include <stddef.h>
| #else
| # ifdef HAVE_STDLIB_H
| #  include <stdlib.h>
| # endif
| #endif
| #ifdef HAVE_STRING_H
| # if !defined STDC_HEADERS && defined HAVE_MEMORY_H
| #  include <memory.h>
| # endif
| # include <string.h>
| #endif
| #ifdef HAVE_STRINGS_H
| # include <strings.h>
| #endif
| #ifdef HAVE_INTTYPES_H
| # include <inttypes.h>
| #endif
| #ifdef HAVE_STDINT_H
| # include <stdint.h>
| #endif
| #ifdef HAVE_UNISTD_H
| # include <unistd.h>
| #endif
| int
| main ()
| {
| static int test_array [1 - 2 * !(((long int) (sizeof (long double))) <= 7)];
| test_array [0] = 0;
| return test_array [0];
| 
|   ;
|   return 0;
| }
configure:14122: rsdk-linux-gcc -c -Os -pipe -march=5281 -fno-caller-saves  -Wall -fexceptions -I/home/svm/openwrt_rtk/rtk_openwrt_sdk/staging_dir/target-mips-rlx5281-linux/usr/include -I/home/svm/openwrt_rtk/rtk_openwrt_sdk/staging_dir/target-mips-rlx5281-linux/include -I/home/svm/openwrt_rtk/rtk_openwrt_sdk/staging_dir/rsdk-4.6.4-5281-EB-3.10-0.9.33-m32ub-20141001//include  conftest.c >&5
configure:14122: $? = 0
configure:14122: rsdk-linux-gcc -c -Os -pipe -march=5281 -fno-caller-saves  -Wall -fexceptions -I/home/svm/openwrt_rtk/rtk_openwrt_sdk/staging_dir/target-mips-rlx5281-linux/usr/include -I/home/svm/openwrt_rtk/rtk_openwrt_sdk/staging_dir/target-mips-rlx5281-linux/include -I/home/svm/openwrt_rtk/rtk_openwrt_sdk/staging_dir/rsdk-4.6.4-5281-EB-3.10-0.9.33-m32ub-20141001//include  conftest.c >&5
configure:14122: $? = 0
configure:14122: rsdk-linux-gcc -c -Os -pipe -march=5281 -fno-caller-saves  -Wall -fexceptions -I/home/svm/openwrt_rtk/rtk_openwrt_sdk/staging_dir/target-mips-rlx5281-linux/usr/include -I/home/svm/openwrt_rtk/rtk_openwrt_sdk/staging_dir/target-mips-rlx5281-linux/include -I/home/svm/openwrt_rtk/rtk_openwrt_sdk/staging_dir/rsdk-4.6.4-5281-EB-3.10-0.9.33-m32ub-20141001//include  conftest.c >&5
configure:14122: $? = 0
configure:14122: rsdk-linux-gcc -c -Os -pipe -march=5281 -fno-caller-saves  -Wall -fexceptions -I/home/svm/openwrt_rtk/rtk_openwrt_sdk/staging_dir/target-mips-rlx5281-linux/usr/include -I/home/svm/openwrt_rtk/rtk_openwrt_sdk/staging_dir/target-mips-rlx5281-linux/include -I/home/svm/openwrt_rtk/rtk_openwrt_sdk/staging_dir/rsdk-4.6.4-5281-EB-3.10-0.9.33-m32ub-20141001//include  conftest.c >&5
configure:14122: $? = 0
configure:14136: result: 8
configure:14161: checking whether byte ordering is bigendian
configure:14367: result: yes
configure:14386: checking assembler .cfi pseudo-op support
configure:14404: rsdk-linux-gcc -c -Os -pipe -march=5281 -fno-caller-saves  -Wall -fexceptions -I/home/svm/openwrt_rtk/rtk_openwrt_sdk/staging_dir/target-mips-rlx5281-linux/usr/include -I/home/svm/openwrt_rtk/rtk_openwrt_sdk/staging_dir/target-mips-rlx5281-linux/include -I/home/svm/openwrt_rtk/rtk_openwrt_sdk/staging_dir/rsdk-4.6.4-5281-EB-3.10-0.9.33-m32ub-20141001//include  conftest.c >&5
configure:14404: $? = 0
configure:14412: result: yes
configure:14704: checking whether .eh_frame section should be read-only
configure:14724: result: yes
configure:14739: checking for __attribute__((visibility("hidden")))
configure:14748: rsdk-linux-gcc -Werror -S conftest.c -o conftest.s 1>&5
configure:14751: $? = 0
configure:14760: result: yes
configure:14974: checking that generated files are newer than configure
configure:14980: result: done
configure:15160: creating ./config.status

## ---------------------- ##
## Running config.status. ##
## ---------------------- ##

This file was extended by libffi config.status 3.0.13, which was
generated by GNU Autoconf 2.69.  Invocation command line was

  CONFIG_FILES    = 
  CONFIG_HEADERS  = 
  CONFIG_LINKS    = 
  CONFIG_COMMANDS = 
  $ ./config.status 

on ubuntu

config.status:1214: creating include/Makefile
config.status:1214: creating include/ffi.h
config.status:1214: creating Makefile
config.status:1214: creating testsuite/Makefile
config.status:1214: creating man/Makefile
config.status:1214: creating libffi.pc
config.status:1214: creating fficonfig.h
config.status:1440: linking ../src/mips/ffitarget.h to include/ffitarget.h
config.status:1459: executing buildir commands
config.status:1472: skipping top_srcdir/Makefile - not created
config.status:1459: executing depfiles commands
config.status:1459: executing libtool commands
config.status:1459: executing include commands
config.status:1459: executing src commands
configure:17583: WARNING: unrecognized options: --disable-nls, --disable-ipv6

## ---------------- ##
## Cache variables. ##
## ---------------- ##

ac_cv_build=x86_64-pc-linux-gnu
ac_cv_c_bigendian=yes
ac_cv_c_compiler_gnu=yes
ac_cv_c_gettext_without_libintl=yes
ac_cv_c_littleendian=no
ac_cv_c_long_double=no
ac_cv_cflags_warn_all=-Wall
ac_cv_conv_longlong_to_float=yes
ac_cv_decl_map_anon=yes
ac_cv_env_CCASFLAGS_set=
ac_cv_env_CCASFLAGS_value=
ac_cv_env_CCAS_set=
ac_cv_env_CCAS_value=
ac_cv_env_CPPFLAGS_set=set
ac_cv_env_CPPFLAGS_value='-I/home/svm/openwrt_rtk/rtk_openwrt_sdk/staging_dir/target-mips-rlx5281-linux/usr/include -I/home/svm/openwrt_rtk/rtk_openwrt_sdk/staging_dir/target-mips-rlx5281-linux/include -I/home/svm/openwrt_rtk/rtk_openwrt_sdk/staging_dir/rsdk-4.6.4-5281-EB-3.10-0.9.33-m32ub-20141001//include '
ac_cv_env_CPP_set=
ac_cv_env_CPP_value=
ac_cv_env_build_alias_set=set
ac_cv_env_build_alias_value=x86_64-linux-gnu
ac_cv_env_host_alias_set=set
ac_cv_env_host_alias_value=mips-rlx5281-linux
ac_cv_env_target_alias_set=set
ac_cv_env_target_alias_value=mips-rlx5281-linux
ac_cv_file__dev_zero=yes
ac_cv_func___adjtimex=yes
ac_cv_func___va_copy=no
ac_cv_func__exit=yes
ac_cv_func_alloca_works=yes
ac_cv_func_bcmp=yes
ac_cv_func_bcopy=yes
ac_cv_func_bzero=yes
ac_cv_func_cimag=yes
ac_cv_func_creal=yes
ac_cv_func_fchmod=yes
ac_cv_func_getaddrinfo=yes
ac_cv_func_getcwd=yes
ac_cv_func_getdomainname=yes
ac_cv_func_getpgrp_void=yes
ac_cv_func_getpwuid_r=yes
ac_cv_func_gettimeofday=yes
ac_cv_func_index=yes
ac_cv_func_lstat=yes
ac_cv_func_lstat_dereferences_slashed_symlink=yes
ac_cv_func_lstat_empty_string_bug=no
ac_cv_func_malloc_0_nonnull=yes
ac_cv_func_malloc_works=yes
ac_cv_func_memcmp_clean=yes
ac_cv_func_memcmp_working=yes
ac_cv_func_memcpy=yes
ac_cv_func_mmap=yes
ac_cv_func_mmap_anon=yes
ac_cv_func_mmap_dev_zero=yes
ac_cv_func_mmap_file=yes
ac_cv_func_posix_getgrgid_r=yes
ac_cv_func_posix_getpwuid_r=yes
ac_cv_func_psignal=yes
ac_cv_func_pthread_key_delete=yes
ac_cv_func_realloc_0_nonnull=yes
ac_cv_func_realloc_works=yes
ac_cv_func_rename=yes
ac_cv_func_rindex=yes
ac_cv_func_setgrent_void=yes
ac_cv_func_setlocale=yes
ac_cv_func_setpgrp_void=yes
ac_cv_func_setresuid=no
ac_cv_func_setvbuf_reversed=no
ac_cv_func_stat_empty_string_bug=no
ac_cv_func_stat_ignores_trailing_slash=no
ac_cv_func_strerror=yes
ac_cv_func_strftime=yes
ac_cv_func_utimes=yes
ac_cv_func_va_copy=no
ac_cv_func_vsnprintf=yes
ac_cv_have_accrights_in_msghdr=no
ac_cv_have_broken_snprintf=no
ac_cv_have_control_in_msghdr=yes
ac_cv_have_decl_sys_siglist=no
ac_cv_have_openpty_ctty_bug=yes
ac_cv_have_space_d_name_in_struct_dirent=yes
ac_cv_header_dlfcn_h=yes
ac_cv_header_inttypes_h=yes
ac_cv_header_memory_h=yes
ac_cv_header_netinet_sctp_h=no
ac_cv_header_netinet_sctp_uio_h=no
ac_cv_header_stdc=yes
ac_cv_header_stdint_h=yes
ac_cv_header_stdlib_h=yes
ac_cv_header_string_h=yes
ac_cv_header_strings_h=yes
ac_cv_header_sys_mman_h=yes
ac_cv_header_sys_stat_h=yes
ac_cv_header_sys_types_h=yes
ac_cv_header_unistd_h=yes
ac_cv_host=mips-rlx5281-linux-gnu
ac_cv_int64_t=yes
ac_cv_lbl_unaligned_fail=no
ac_cv_linux_kernel_pppoe=yes
ac_cv_linux_vers=2
ac_cv_objext=o
ac_cv_pack_bitfields_reversed=yes
ac_cv_path_EGREP='/home/svm/openwrt_rtk/rtk_openwrt_sdk/staging_dir/host/bin/grep -E'
ac_cv_path_FGREP='/home/svm/openwrt_rtk/rtk_openwrt_sdk/staging_dir/host/bin/grep -F'
ac_cv_path_GREP=/home/svm/openwrt_rtk/rtk_openwrt_sdk/staging_dir/host/bin/grep
ac_cv_path_LDCONFIG=
ac_cv_path_SED=/home/svm/openwrt_rtk/rtk_openwrt_sdk/staging_dir/host/bin/sed
ac_cv_path_ax_enable_builddir_sed=sed
ac_cv_path_install='/usr/bin/install -c'
ac_cv_path_mkdir=/bin/mkdir
ac_cv_prog_AR=rsdk-linux-ar
ac_cv_prog_AWK=gawk
ac_cv_prog_CC=rsdk-linux-gcc
ac_cv_prog_CPP='rsdk-linux-gcc -E'
ac_cv_prog_OBJDUMP=rsdk-linux-objdump
ac_cv_prog_RANLIB=rsdk-linux-ranlib
ac_cv_prog_STRIP=rsdk-linux-strip
ac_cv_prog_ac_ct_MANIFEST_TOOL=mt
ac_cv_prog_cc_c89=
ac_cv_prog_cc_g=yes
ac_cv_prog_cc_rsdk_linux_gcc_c_o=yes
ac_cv_prog_make_make_set=yes
ac_cv_regexec_segfault_emptystr=no
ac_cv_sctp=no
ac_cv_sizeof___int64=0
ac_cv_sizeof_char=1
ac_cv_sizeof_double=8
ac_cv_sizeof_int16_t=2
ac_cv_sizeof_int32_t=4
ac_cv_sizeof_int64_t=8
ac_cv_sizeof_int=4
ac_cv_sizeof_long=4
ac_cv_sizeof_long_double=8
ac_cv_sizeof_long_int=4
ac_cv_sizeof_long_long=8
ac_cv_sizeof_off_t=8
ac_cv_sizeof_short=2
ac_cv_sizeof_short_int=2
ac_cv_sizeof_size_t=4
ac_cv_sizeof_ssize_t=4
ac_cv_sizeof_u_int16_t=2
ac_cv_sizeof_u_int32_t=4
ac_cv_sizeof_u_int64_t=8
ac_cv_sizeof_uint16_t=2
ac_cv_sizeof_uint32_t=4
ac_cv_sizeof_uint64_t=8
ac_cv_sizeof_unsigned_int=4
ac_cv_sizeof_unsigned_long=4
ac_cv_sizeof_unsigned_long_long=8
ac_cv_sizeof_unsigned_short=2
ac_cv_sizeof_void_p=4
ac_cv_sys_restartable_syscalls=yes
ac_cv_target=mips-rlx5281-linux-gnu
ac_cv_time_r_type=POSIX
ac_cv_type_size_t=yes
ac_cv_type_suseconds_t=yes
ac_cv_uchar=no
ac_cv_uint64_t=yes
ac_cv_uint=yes
ac_cv_ulong=yes
ac_cv_ushort=yes
ac_cv_va_copy=C99
ac_cv_va_val_copy=yes
ac_cv_working_alloca_h=yes
am_cv_CCAS_dependencies_compiler_type=gcc3
am_cv_CC_dependencies_compiler_type=gcc3
as_cv_unaligned_access=yes
ax_cv_c_compiler_vendor=gnu
gcc_cv_as_cfi_pseudo_op=yes
libffi_cv_hidden_visibility_attribute=yes
libffi_cv_ro_eh_frame=yes
lt_cv_ar_at_file=@
lt_cv_archive_cmds_need_lc=no
lt_cv_deplibs_check_method=pass_all
lt_cv_file_magic_cmd='$MAGIC_CMD'
lt_cv_file_magic_test_file=
lt_cv_ld_reload_flag=-r
lt_cv_nm_interface='BSD nm'
lt_cv_objdir=.libs
lt_cv_path_LD=rsdk-linux-ld
lt_cv_path_NM=rsdk-linux-nm
lt_cv_path_mainfest_tool=no
lt_cv_prog_compiler_c_o=yes
lt_cv_prog_compiler_pic='-fPIC -DPIC'
lt_cv_prog_compiler_pic_works=yes
lt_cv_prog_compiler_rtti_exceptions=no
lt_cv_prog_compiler_static_works=yes
lt_cv_prog_gnu_ld=yes
lt_cv_sharedlib_from_linklib_cmd='printf %s\n'
lt_cv_shlibpath_overrides_runpath=no
lt_cv_sys_global_symbol_pipe='sed -n -e '\''s/^.*[	 ]\([ABCDGIRSTW][ABCDGIRSTW]*\)[	 ][	 ]*\([_A-Za-z][_A-Za-z0-9]*\)$/\1 \2 \2/p'\'' | sed '\''/ __gnu_lto/d'\'''
lt_cv_sys_global_symbol_to_c_name_address='sed -n -e '\''s/^: \([^ ]*\)[ ]*$/  {\"\1\", (void *) 0},/p'\'' -e '\''s/^[ABCDGIRSTW]* \([^ ]*\) \([^ ]*\)$/  {"\2", (void *) \&\2},/p'\'''
lt_cv_sys_global_symbol_to_c_name_address_lib_prefix='sed -n -e '\''s/^: \([^ ]*\)[ ]*$/  {\"\1\", (void *) 0},/p'\'' -e '\''s/^[ABCDGIRSTW]* \([^ ]*\) \(lib[^ ]*\)$/  {"\2", (void *) \&\2},/p'\'' -e '\''s/^[ABCDGIRSTW]* \([^ ]*\) \([^ ]*\)$/  {"lib\2", (void *) \&\2},/p'\'''
lt_cv_sys_global_symbol_to_cdecl='sed -n -e '\''s/^T .* \(.*\)$/extern int \1();/p'\'' -e '\''s/^[ABCDGIRSTW]* .* \(.*\)$/extern char \1;/p'\'''
lt_cv_sys_max_cmd_len=1572864
lt_cv_to_host_file_cmd=func_convert_file_noop
lt_cv_to_tool_file_cmd=func_convert_file_noop

## ----------------- ##
## Output variables. ##
## ----------------- ##

AARCH64_FALSE=''
AARCH64_TRUE='#'
ACLOCAL='${SHELL} /home/svm/openwrt_rtk/rtk_openwrt_sdk/build_dir/target-mips-rlx5281-linux/libffi-3.0.13/missing --run aclocal-1.12'
ALLOCA=''
ALPHA_FALSE=''
ALPHA_TRUE='#'
AMDEPBACKSLASH='\'
AMDEP_FALSE='#'
AMDEP_TRUE=''
AMTAR='$${TAR-tar}'
AM_LTLDFLAGS=''
AM_RUNTESTFLAGS=''
AR='rsdk-linux-ar'
ARM_FALSE=''
ARM_TRUE='#'
AUTOCONF='${SHELL} /home/svm/openwrt_rtk/rtk_openwrt_sdk/build_dir/target-mips-rlx5281-linux/libffi-3.0.13/missing --run autoconf'
AUTOHEADER='${SHELL} /home/svm/openwrt_rtk/rtk_openwrt_sdk/build_dir/target-mips-rlx5281-linux/libffi-3.0.13/missing --run autoheader'
AUTOMAKE='${SHELL} /home/svm/openwrt_rtk/rtk_openwrt_sdk/build_dir/target-mips-rlx5281-linux/libffi-3.0.13/missing --run automake-1.12'
AVR32_FALSE=''
AVR32_TRUE='#'
AWK='gawk'
BFIN_FALSE=''
BFIN_TRUE='#'
CC='rsdk-linux-gcc'
CCAS='rsdk-linux-gcc'
CCASDEPMODE='depmode=gcc3'
CCASFLAGS='-Os -pipe -march=5281 -fno-caller-saves '
CCDEPMODE='depmode=gcc3'
CFLAGS='-Os -pipe -march=5281 -fno-caller-saves  -Wall -fexceptions'
CPP='rsdk-linux-gcc -E'
CPPFLAGS='-I/home/svm/openwrt_rtk/rtk_openwrt_sdk/staging_dir/target-mips-rlx5281-linux/usr/include -I/home/svm/openwrt_rtk/rtk_openwrt_sdk/staging_dir/target-mips-rlx5281-linux/include -I/home/svm/openwrt_rtk/rtk_openwrt_sdk/staging_dir/rsdk-4.6.4-5281-EB-3.10-0.9.33-m32ub-20141001//include '
CYGPATH_W='echo'
DEFS='-DHAVE_CONFIG_H'
DEPDIR='.deps'
DLLTOOL='false'
DSYMUTIL=''
DUMPBIN=''
ECHO_C=''
ECHO_N='-n'
ECHO_T=''
EGREP='/home/svm/openwrt_rtk/rtk_openwrt_sdk/staging_dir/host/bin/grep -E'
EXEEXT=''
FFI_DEBUG_FALSE=''
FFI_DEBUG_TRUE='#'
FFI_EXEC_TRAMPOLINE_TABLE='0'
FFI_EXEC_TRAMPOLINE_TABLE_FALSE=''
FFI_EXEC_TRAMPOLINE_TABLE_TRUE='#'
FGREP='/home/svm/openwrt_rtk/rtk_openwrt_sdk/staging_dir/host/bin/grep -F'
FRV_FALSE=''
FRV_TRUE='#'
GREP='/home/svm/openwrt_rtk/rtk_openwrt_sdk/staging_dir/host/bin/grep'
HAVE_LONG_DOUBLE='defined(__mips64)'
IA64_FALSE=''
IA64_TRUE='#'
INSTALL_DATA='${INSTALL} -m 644'
INSTALL_PROGRAM='${INSTALL}'
INSTALL_SCRIPT='${INSTALL}'
INSTALL_STRIP_PROGRAM='$(install_sh) -c -s'
LD='rsdk-linux-ld'
LDFLAGS='-L/home/svm/openwrt_rtk/rtk_openwrt_sdk/staging_dir/target-mips-rlx5281-linux/usr/lib -L/home/svm/openwrt_rtk/rtk_openwrt_sdk/staging_dir/target-mips-rlx5281-linux/lib -L/home/svm/openwrt_rtk/rtk_openwrt_sdk/staging_dir/rsdk-4.6.4-5281-EB-3.10-0.9.33-m32ub-20141001//lib '
LIBFFI_CRIS_FALSE=''
LIBFFI_CRIS_TRUE='#'
LIBOBJS=''
LIBS=''
LIBTOOL='$(SHELL) $(top_builddir)/libtool'
LIPO=''
LN_S='ln -s'
LTLIBOBJS=''
M32R_FALSE=''
M32R_TRUE='#'
M68K_FALSE=''
M68K_TRUE='#'
MAINT='#'
MAINTAINER_MODE_FALSE=''
MAINTAINER_MODE_TRUE='#'
MAKEINFO='${SHELL} /home/svm/openwrt_rtk/rtk_openwrt_sdk/build_dir/target-mips-rlx5281-linux/libffi-3.0.13/missing --run makeinfo'
MANIFEST_TOOL=':'
METAG_FALSE=''
METAG_TRUE='#'
MICROBLAZE_FALSE=''
MICROBLAZE_TRUE='#'
MIPS_FALSE='#'
MIPS_TRUE=''
MKDIR_P='/bin/mkdir -p'
MOXIE_FALSE=''
MOXIE_TRUE='#'
NM='rsdk-linux-nm'
NMEDIT=''
OBJDUMP='rsdk-linux-objdump'
OBJEXT='o'
OTOOL64=''
OTOOL=''
PA64_HPUX_FALSE=''
PA64_HPUX_TRUE='#'
PACKAGE='libffi'
PACKAGE_BUGREPORT='http://github.com/atgreen/libffi/issues'
PACKAGE_NAME='libffi'
PACKAGE_STRING='libffi 3.0.13'
PACKAGE_TARNAME='libffi'
PACKAGE_URL=''
PACKAGE_VERSION='3.0.13'
PATH_SEPARATOR=':'
PA_HPUX_FALSE=''
PA_HPUX_TRUE='#'
PA_LINUX_FALSE=''
PA_LINUX_TRUE='#'
POWERPC_AIX_FALSE=''
POWERPC_AIX_TRUE='#'
POWERPC_DARWIN_FALSE=''
POWERPC_DARWIN_TRUE='#'
POWERPC_FALSE=''
POWERPC_FREEBSD_FALSE=''
POWERPC_FREEBSD_TRUE='#'
POWERPC_TRUE='#'
PRTDIAG=''
RANLIB='rsdk-linux-ranlib'
S390_FALSE=''
S390_TRUE='#'
SED='/home/svm/openwrt_rtk/rtk_openwrt_sdk/staging_dir/host/bin/sed'
SET_MAKE=''
SH64_FALSE=''
SH64_TRUE='#'
SHELL='/bin/bash'
SH_FALSE=''
SH_TRUE='#'
SPARC_FALSE=''
SPARC_TRUE='#'
STRIP='rsdk-linux-strip'
TARGET='MIPS'
TARGETDIR='mips'
TESTSUBDIR_FALSE='#'
TESTSUBDIR_TRUE=''
TILE_FALSE=''
TILE_TRUE='#'
VERSION='3.0.13'
X86_64_FALSE=''
X86_64_TRUE='#'
X86_DARWIN_FALSE=''
X86_DARWIN_TRUE='#'
X86_FALSE=''
X86_FREEBSD_FALSE=''
X86_FREEBSD_TRUE='#'
X86_TRUE='#'
X86_WIN32_FALSE=''
X86_WIN32_TRUE='#'
X86_WIN64_FALSE=''
X86_WIN64_TRUE='#'
XTENSA_FALSE=''
XTENSA_TRUE='#'
ac_ct_AR=''
ac_ct_CC=''
ac_ct_DUMPBIN=''
am__EXEEXT_FALSE=''
am__EXEEXT_TRUE='#'
am__fastdepCCAS_FALSE='#'
am__fastdepCCAS_TRUE=''
am__fastdepCC_FALSE='#'
am__fastdepCC_TRUE=''
am__include='include'
am__isrc=' -I$(srcdir)'
am__leading_dot='.'
am__nodep='_no'
am__quote=''
am__tar='$${TAR-tar} chof - "$$tardir"'
am__untar='$${TAR-tar} xf -'
ax_enable_builddir_sed='sed'
bindir='/usr/bin'
build='x86_64-pc-linux-gnu'
build_alias='x86_64-linux-gnu'
build_cpu='x86_64'
build_os='linux-gnu'
build_vendor='pc'
datadir='/usr/share'
datarootdir='${prefix}/share'
docdir='${datarootdir}/doc/${PACKAGE_TARNAME}'
dvidir='${docdir}'
exec_prefix='/usr'
host='mips-rlx5281-linux-gnu'
host_alias='mips-rlx5281-linux'
host_cpu='mips'
host_os='linux-gnu'
host_vendor='rlx5281'
htmldir='${docdir}'
includedir='${prefix}/include'
infodir='/usr/info'
install_sh='${SHELL} /home/svm/openwrt_rtk/rtk_openwrt_sdk/build_dir/target-mips-rlx5281-linux/libffi-3.0.13/install-sh'
libdir='${exec_prefix}/lib'
libexecdir='/usr/lib'
localedir='${datarootdir}/locale'
localstatedir='/var'
mandir='/usr/man'
mkdir_p='$(MKDIR_P)'
oldincludedir='/usr/include'
pdfdir='${docdir}'
prefix='/usr'
program_transform_name='s&$$&&;s&^&&'
psdir='${docdir}'
sbindir='/usr/sbin'
sharedstatedir='${prefix}/com'
sys_symbol_underscore=''
sysconfdir='/etc'
target='mips-rlx5281-linux-gnu'
target_alias='mips-rlx5281-linux'
target_cpu='mips'
target_os='linux-gnu'
target_vendor='rlx5281'
toolexecdir='$(libdir)/gcc-lib/$(target_alias)'
toolexeclibdir='$(libdir)'

## ----------- ##
## confdefs.h. ##
## ----------- ##

/* confdefs.h */
#define PACKAGE_NAME "libffi"
#define PACKAGE_TARNAME "libffi"
#define PACKAGE_VERSION "3.0.13"
#define PACKAGE_STRING "libffi 3.0.13"
#define PACKAGE_BUGREPORT "http://github.com/atgreen/libffi/issues"
#define PACKAGE_URL ""
#define PACKAGE "libffi"
#define VERSION "3.0.13"
#define STDC_HEADERS 1
#define HAVE_SYS_TYPES_H 1
#define HAVE_SYS_STAT_H 1
#define HAVE_STDLIB_H 1
#define HAVE_STRING_H 1
#define HAVE_MEMORY_H 1
#define HAVE_STRINGS_H 1
#define HAVE_INTTYPES_H 1
#define HAVE_STDINT_H 1
#define HAVE_UNISTD_H 1
#define HAVE_DLFCN_H 1
#define LT_OBJDIR ".libs/"
#define SIZEOF_SIZE_T 4
#define HAVE_SYS_MMAN_H 1
#define HAVE_MMAP 1
#define HAVE_MMAP_FILE 1
#define HAVE_MMAP_DEV_ZERO 1
#define HAVE_MMAP_ANON 1
#define STDC_HEADERS 1
#define HAVE_MEMCPY 1
#define HAVE_ALLOCA_H 1
#define HAVE_ALLOCA 1
#define SIZEOF_DOUBLE 8
#define SIZEOF_LONG_DOUBLE 8
#define WORDS_BIGENDIAN 1
#define HAVE_AS_CFI_PSEUDO_OP 1
#define HAVE_RO_EH_FRAME 1
#define EH_FRAME_FLAGS "a"
#define HAVE_HIDDEN_VISIBILITY_ATTRIBUTE 1

configure: exit 0
